[1.771s] DEBUG:colcon:Command line arguments: ['/usr/bin/colcon', 'build', '--symlink-install']
[1.771s] DEBUG:colcon:Parsed command line arguments: Namespace(log_base=None, log_level=None, verb_name='build', build_base='build', install_base='install', merge_install=False, symlink_install=True, test_result_base=None, continue_on_error=False, executor='parallel', parallel_workers=12, event_handlers=None, ignore_user_meta=False, metas=['./colcon.meta'], base_paths=['.'], packages_ignore=None, packages_ignore_regex=None, paths=None, packages_up_to=None, packages_up_to_regex=None, packages_above=None, packages_above_and_dependencies=None, packages_above_depth=None, packages_select_by_dep=None, packages_skip_by_dep=None, packages_skip_up_to=None, packages_select_build_failed=False, packages_skip_build_finished=False, packages_select_test_failures=False, packages_skip_test_passed=False, packages_select=None, packages_skip=None, packages_select_regex=None, packages_skip_regex=None, packages_start=None, packages_end=None, allow_overriding=[], cmake_args=None, cmake_target=None, cmake_target_skip_unavailable=False, cmake_clean_cache=False, cmake_clean_first=False, cmake_force_configure=False, ament_cmake_args=None, catkin_cmake_args=None, catkin_skip_building_tests=False, verb_parser=<colcon_defaults.argument_parser.defaults.DefaultArgumentsDecorator object at 0x7f4bb628f310>, verb_extension=<colcon_core.verb.build.BuildVerb object at 0x7f4bb628cc70>, main=<bound method BuildVerb.main of <colcon_core.verb.build.BuildVerb object at 0x7f4bb628cc70>>)
[1.855s] Level 1:colcon.colcon_core.package_discovery:discover_packages(colcon_meta) check parameters
[1.855s] Level 1:colcon.colcon_core.package_discovery:discover_packages(recursive) check parameters
[1.855s] Level 1:colcon.colcon_core.package_discovery:discover_packages(ignore) check parameters
[1.855s] Level 1:colcon.colcon_core.package_discovery:discover_packages(path) check parameters
[1.855s] Level 1:colcon.colcon_core.package_discovery:discover_packages(colcon_meta) discover
[1.856s] Level 1:colcon.colcon_core.package_discovery:discover_packages(recursive) discover
[1.856s] INFO:colcon.colcon_core.package_discovery:Crawling recursively for packages in '/home/orientpine/robot_ws'
[1.856s] Level 1:colcon.colcon_core.package_identification:_identify(.) by extensions ['ignore', 'ignore_ament_install']
[1.856s] Level 1:colcon.colcon_core.package_identification:_identify(.) by extension 'ignore'
[1.856s] Level 1:colcon.colcon_core.package_identification:_identify(.) by extension 'ignore_ament_install'
[1.856s] Level 1:colcon.colcon_core.package_identification:_identify(.) by extensions ['colcon_pkg']
[1.856s] Level 1:colcon.colcon_core.package_identification:_identify(.) by extension 'colcon_pkg'
[1.857s] Level 1:colcon.colcon_core.package_identification:_identify(.) by extensions ['colcon_meta']
[1.857s] Level 1:colcon.colcon_core.package_identification:_identify(.) by extension 'colcon_meta'
[1.857s] Level 1:colcon.colcon_core.package_identification:_identify(.) by extensions ['ros']
[1.857s] Level 1:colcon.colcon_core.package_identification:_identify(.) by extension 'ros'
[1.878s] Level 1:colcon.colcon_core.package_identification:_identify(.) by extensions ['cmake', 'python']
[1.878s] Level 1:colcon.colcon_core.package_identification:_identify(.) by extension 'cmake'
[1.878s] Level 1:colcon.colcon_core.package_identification:_identify(.) by extension 'python'
[1.878s] Level 1:colcon.colcon_core.package_identification:_identify(.) by extensions ['python_setup_py']
[1.878s] Level 1:colcon.colcon_core.package_identification:_identify(.) by extension 'python_setup_py'
[1.878s] Level 1:colcon.colcon_core.package_identification:_identify(build) by extensions ['ignore', 'ignore_ament_install']
[1.879s] Level 1:colcon.colcon_core.package_identification:_identify(build) by extension 'ignore'
[1.879s] Level 1:colcon.colcon_core.package_identification:_identify(build) ignored
[1.879s] Level 1:colcon.colcon_core.package_identification:_identify(install) by extensions ['ignore', 'ignore_ament_install']
[1.879s] Level 1:colcon.colcon_core.package_identification:_identify(install) by extension 'ignore'
[1.879s] Level 1:colcon.colcon_core.package_identification:_identify(install) ignored
[1.879s] Level 1:colcon.colcon_core.package_identification:_identify(log) by extensions ['ignore', 'ignore_ament_install']
[1.879s] Level 1:colcon.colcon_core.package_identification:_identify(log) by extension 'ignore'
[1.880s] Level 1:colcon.colcon_core.package_identification:_identify(log) ignored
[1.880s] Level 1:colcon.colcon_core.package_identification:_identify(src) by extensions ['ignore', 'ignore_ament_install']
[1.880s] Level 1:colcon.colcon_core.package_identification:_identify(src) by extension 'ignore'
[1.880s] Level 1:colcon.colcon_core.package_identification:_identify(src) by extension 'ignore_ament_install'
[1.880s] Level 1:colcon.colcon_core.package_identification:_identify(src) by extensions ['colcon_pkg']
[1.880s] Level 1:colcon.colcon_core.package_identification:_identify(src) by extension 'colcon_pkg'
[1.880s] Level 1:colcon.colcon_core.package_identification:_identify(src) by extensions ['colcon_meta']
[1.880s] Level 1:colcon.colcon_core.package_identification:_identify(src) by extension 'colcon_meta'
[1.881s] Level 1:colcon.colcon_core.package_identification:_identify(src) by extensions ['ros']
[1.881s] Level 1:colcon.colcon_core.package_identification:_identify(src) by extension 'ros'
[1.881s] Level 1:colcon.colcon_core.package_identification:_identify(src) by extensions ['cmake', 'python']
[1.881s] Level 1:colcon.colcon_core.package_identification:_identify(src) by extension 'cmake'
[1.881s] Level 1:colcon.colcon_core.package_identification:_identify(src) by extension 'python'
[1.881s] Level 1:colcon.colcon_core.package_identification:_identify(src) by extensions ['python_setup_py']
[1.881s] Level 1:colcon.colcon_core.package_identification:_identify(src) by extension 'python_setup_py'
[1.881s] Level 1:colcon.colcon_core.package_identification:_identify(src/interface_rb10_apple) by extensions ['ignore', 'ignore_ament_install']
[1.881s] Level 1:colcon.colcon_core.package_identification:_identify(src/interface_rb10_apple) by extension 'ignore'
[1.882s] Level 1:colcon.colcon_core.package_identification:_identify(src/interface_rb10_apple) by extension 'ignore_ament_install'
[1.882s] Level 1:colcon.colcon_core.package_identification:_identify(src/interface_rb10_apple) by extensions ['colcon_pkg']
[1.882s] Level 1:colcon.colcon_core.package_identification:_identify(src/interface_rb10_apple) by extension 'colcon_pkg'
[1.882s] Level 1:colcon.colcon_core.package_identification:_identify(src/interface_rb10_apple) by extensions ['colcon_meta']
[1.882s] Level 1:colcon.colcon_core.package_identification:_identify(src/interface_rb10_apple) by extension 'colcon_meta'
[1.882s] Level 1:colcon.colcon_core.package_identification:_identify(src/interface_rb10_apple) by extensions ['ros']
[1.882s] Level 1:colcon.colcon_core.package_identification:_identify(src/interface_rb10_apple) by extension 'ros'
[1.887s] DEBUG:colcon.colcon_core.package_identification:Package 'src/interface_rb10_apple' with type 'ros.ament_cmake' and name 'interface_rb10_apple'
[1.887s] Level 1:colcon.colcon_core.package_identification:_identify(src/pkg_rb10_apple) by extensions ['ignore', 'ignore_ament_install']
[1.887s] Level 1:colcon.colcon_core.package_identification:_identify(src/pkg_rb10_apple) by extension 'ignore'
[1.887s] Level 1:colcon.colcon_core.package_identification:_identify(src/pkg_rb10_apple) by extension 'ignore_ament_install'
[1.887s] Level 1:colcon.colcon_core.package_identification:_identify(src/pkg_rb10_apple) by extensions ['colcon_pkg']
[1.888s] Level 1:colcon.colcon_core.package_identification:_identify(src/pkg_rb10_apple) by extension 'colcon_pkg'
[1.888s] Level 1:colcon.colcon_core.package_identification:_identify(src/pkg_rb10_apple) by extensions ['colcon_meta']
[1.888s] Level 1:colcon.colcon_core.package_identification:_identify(src/pkg_rb10_apple) by extension 'colcon_meta'
[1.888s] Level 1:colcon.colcon_core.package_identification:_identify(src/pkg_rb10_apple) by extensions ['ros']
[1.888s] Level 1:colcon.colcon_core.package_identification:_identify(src/pkg_rb10_apple) by extension 'ros'
[1.889s] DEBUG:colcon.colcon_core.package_identification:Package 'src/pkg_rb10_apple' with type 'ros.ament_python' and name 'pkg_rb10_apple'
[1.889s] Level 1:colcon.colcon_core.package_discovery:discover_packages(recursive) using defaults
[1.889s] Level 1:colcon.colcon_core.package_discovery:discover_packages(ignore) discover
[1.889s] Level 1:colcon.colcon_core.package_discovery:discover_packages(ignore) using defaults
[1.889s] Level 1:colcon.colcon_core.package_discovery:discover_packages(path) discover
[1.890s] Level 1:colcon.colcon_core.package_discovery:discover_packages(path) using defaults
[2.054s] Level 1:colcon.colcon_core.package_discovery:discover_packages(prefix_path) check parameters
[2.054s] Level 1:colcon.colcon_core.package_discovery:discover_packages(prefix_path) discover
[2.105s] DEBUG:colcon.colcon_installed_package_information.package_discovery:Found 2 installed packages in /home/orientpine/robot_ws/install
[2.135s] DEBUG:colcon.colcon_installed_package_information.package_discovery:Found 284 installed packages in /opt/ros/humble
[2.137s] Level 1:colcon.colcon_core.package_discovery:discover_packages(prefix_path) using defaults
[2.311s] Level 5:colcon.colcon_core.verb:set package 'interface_rb10_apple' build argument 'cmake_args' from command line to 'None'
[2.311s] Level 5:colcon.colcon_core.verb:set package 'interface_rb10_apple' build argument 'cmake_target' from command line to 'None'
[2.311s] Level 5:colcon.colcon_core.verb:set package 'interface_rb10_apple' build argument 'cmake_target_skip_unavailable' from command line to 'False'
[2.311s] Level 5:colcon.colcon_core.verb:set package 'interface_rb10_apple' build argument 'cmake_clean_cache' from command line to 'False'
[2.311s] Level 5:colcon.colcon_core.verb:set package 'interface_rb10_apple' build argument 'cmake_clean_first' from command line to 'False'
[2.311s] Level 5:colcon.colcon_core.verb:set package 'interface_rb10_apple' build argument 'cmake_force_configure' from command line to 'False'
[2.311s] Level 5:colcon.colcon_core.verb:set package 'interface_rb10_apple' build argument 'ament_cmake_args' from command line to 'None'
[2.311s] Level 5:colcon.colcon_core.verb:set package 'interface_rb10_apple' build argument 'catkin_cmake_args' from command line to 'None'
[2.311s] Level 5:colcon.colcon_core.verb:set package 'interface_rb10_apple' build argument 'catkin_skip_building_tests' from command line to 'False'
[2.311s] DEBUG:colcon.colcon_core.verb:Building package 'interface_rb10_apple' with the following arguments: {'ament_cmake_args': None, 'build_base': '/home/orientpine/robot_ws/build/interface_rb10_apple', 'catkin_cmake_args': None, 'catkin_skip_building_tests': False, 'cmake_args': None, 'cmake_clean_cache': False, 'cmake_clean_first': False, 'cmake_force_configure': False, 'cmake_target': None, 'cmake_target_skip_unavailable': False, 'install_base': '/home/orientpine/robot_ws/install/interface_rb10_apple', 'merge_install': False, 'path': '/home/orientpine/robot_ws/src/interface_rb10_apple', 'symlink_install': True, 'test_result_base': None}
[2.341s] Level 5:colcon.colcon_core.verb:set package 'pkg_rb10_apple' build argument 'cmake_args' from command line to 'None'
[2.341s] Level 5:colcon.colcon_core.verb:set package 'pkg_rb10_apple' build argument 'cmake_target' from command line to 'None'
[2.341s] Level 5:colcon.colcon_core.verb:set package 'pkg_rb10_apple' build argument 'cmake_target_skip_unavailable' from command line to 'False'
[2.341s] Level 5:colcon.colcon_core.verb:set package 'pkg_rb10_apple' build argument 'cmake_clean_cache' from command line to 'False'
[2.342s] Level 5:colcon.colcon_core.verb:set package 'pkg_rb10_apple' build argument 'cmake_clean_first' from command line to 'False'
[2.342s] Level 5:colcon.colcon_core.verb:set package 'pkg_rb10_apple' build argument 'cmake_force_configure' from command line to 'False'
[2.342s] Level 5:colcon.colcon_core.verb:set package 'pkg_rb10_apple' build argument 'ament_cmake_args' from command line to 'None'
[2.342s] Level 5:colcon.colcon_core.verb:set package 'pkg_rb10_apple' build argument 'catkin_cmake_args' from command line to 'None'
[2.342s] Level 5:colcon.colcon_core.verb:set package 'pkg_rb10_apple' build argument 'catkin_skip_building_tests' from command line to 'False'
[2.342s] DEBUG:colcon.colcon_core.verb:Building package 'pkg_rb10_apple' with the following arguments: {'ament_cmake_args': None, 'build_base': '/home/orientpine/robot_ws/build/pkg_rb10_apple', 'catkin_cmake_args': None, 'catkin_skip_building_tests': False, 'cmake_args': None, 'cmake_clean_cache': False, 'cmake_clean_first': False, 'cmake_force_configure': False, 'cmake_target': None, 'cmake_target_skip_unavailable': False, 'install_base': '/home/orientpine/robot_ws/install/pkg_rb10_apple', 'merge_install': False, 'path': '/home/orientpine/robot_ws/src/pkg_rb10_apple', 'symlink_install': True, 'test_result_base': None}
[2.369s] INFO:colcon.colcon_core.executor:Executing jobs using 'parallel' executor
[2.400s] DEBUG:colcon.colcon_parallel_executor.executor.parallel:run_until_complete
[2.401s] INFO:colcon.colcon_ros.task.ament_cmake.build:Building ROS package in '/home/orientpine/robot_ws/src/interface_rb10_apple' with build type 'ament_cmake'
[2.401s] INFO:colcon.colcon_cmake.task.cmake.build:Building CMake package in '/home/orientpine/robot_ws/src/interface_rb10_apple'
[2.429s] INFO:colcon.colcon_core.plugin_system:Skipping extension 'colcon_core.shell.bat': Not used on non-Windows systems
[2.429s] INFO:colcon.colcon_core.shell:Skip shell extension 'powershell' for command environment: Not usable outside of PowerShell
[2.429s] DEBUG:colcon.colcon_core.shell:Skip shell extension 'dsv' for command environment
[2.520s] DEBUG:colcon.colcon_core.event_handler.log_command:Invoking command in '/home/orientpine/robot_ws/build/interface_rb10_apple': CMAKE_PREFIX_PATH=${CMAKE_PREFIX_PATH}:/home/orientpine/robot_ws/install/pkg_rb10_apple:/opt/ros/humble CONDA_PROMPT_MODIFIER=(rb) /usr/bin/cmake --build /home/orientpine/robot_ws/build/interface_rb10_apple -- -j12 -l12
[20.855s] DEBUG:colcon.colcon_core.event_handler.log_command:Invoked command in '/home/orientpine/robot_ws/build/interface_rb10_apple' returned '0': CMAKE_PREFIX_PATH=${CMAKE_PREFIX_PATH}:/home/orientpine/robot_ws/install/pkg_rb10_apple:/opt/ros/humble CONDA_PROMPT_MODIFIER=(rb) /usr/bin/cmake --build /home/orientpine/robot_ws/build/interface_rb10_apple -- -j12 -l12
[21.214s] DEBUG:colcon.colcon_core.event_handler.log_command:Invoking command in '/home/orientpine/robot_ws/build/interface_rb10_apple': CMAKE_PREFIX_PATH=${CMAKE_PREFIX_PATH}:/home/orientpine/robot_ws/install/pkg_rb10_apple:/opt/ros/humble CONDA_PROMPT_MODIFIER=(rb) /usr/bin/cmake --install /home/orientpine/robot_ws/build/interface_rb10_apple
[21.637s] Level 1:colcon.colcon_core.environment:create_environment_scripts_only(interface_rb10_apple)
[21.638s] DEBUG:colcon.colcon_core.event_handler.log_command:Invoked command in '/home/orientpine/robot_ws/build/interface_rb10_apple' returned '0': CMAKE_PREFIX_PATH=${CMAKE_PREFIX_PATH}:/home/orientpine/robot_ws/install/pkg_rb10_apple:/opt/ros/humble CONDA_PROMPT_MODIFIER=(rb) /usr/bin/cmake --install /home/orientpine/robot_ws/build/interface_rb10_apple
[21.666s] Level 1:colcon.colcon_core.environment:checking '/home/orientpine/robot_ws/install/interface_rb10_apple' for CMake module files
[21.668s] Level 1:colcon.colcon_core.environment:checking '/home/orientpine/robot_ws/install/interface_rb10_apple' for CMake config files
[21.669s] Level 1:colcon.colcon_core.shell:create_environment_hook('interface_rb10_apple', 'cmake_prefix_path')
[21.693s] INFO:colcon.colcon_core.shell:Creating environment hook '/home/orientpine/robot_ws/install/interface_rb10_apple/share/interface_rb10_apple/hook/cmake_prefix_path.ps1'
[21.694s] INFO:colcon.colcon_core.shell:Creating environment descriptor '/home/orientpine/robot_ws/install/interface_rb10_apple/share/interface_rb10_apple/hook/cmake_prefix_path.dsv'
[21.695s] INFO:colcon.colcon_core.shell:Creating environment hook '/home/orientpine/robot_ws/install/interface_rb10_apple/share/interface_rb10_apple/hook/cmake_prefix_path.sh'
[21.696s] Level 1:colcon.colcon_core.environment:checking '/home/orientpine/robot_ws/install/interface_rb10_apple/lib'
[21.696s] Level 1:colcon.colcon_core.shell:create_environment_hook('interface_rb10_apple', 'ld_library_path_lib')
[21.721s] INFO:colcon.colcon_core.shell:Creating environment hook '/home/orientpine/robot_ws/install/interface_rb10_apple/share/interface_rb10_apple/hook/ld_library_path_lib.ps1'
[21.722s] INFO:colcon.colcon_core.shell:Creating environment descriptor '/home/orientpine/robot_ws/install/interface_rb10_apple/share/interface_rb10_apple/hook/ld_library_path_lib.dsv'
[21.722s] INFO:colcon.colcon_core.shell:Creating environment hook '/home/orientpine/robot_ws/install/interface_rb10_apple/share/interface_rb10_apple/hook/ld_library_path_lib.sh'
[21.723s] Level 1:colcon.colcon_core.environment:checking '/home/orientpine/robot_ws/install/interface_rb10_apple/bin'
[21.723s] Level 1:colcon.colcon_core.environment:checking '/home/orientpine/robot_ws/install/interface_rb10_apple/lib/pkgconfig/interface_rb10_apple.pc'
[21.723s] Level 1:colcon.colcon_core.environment:checking '/home/orientpine/robot_ws/install/interface_rb10_apple/lib/python3.10/site-packages'
[21.723s] Level 1:colcon.colcon_core.shell:create_environment_hook('interface_rb10_apple', 'pythonpath')
[21.748s] INFO:colcon.colcon_core.shell:Creating environment hook '/home/orientpine/robot_ws/install/interface_rb10_apple/share/interface_rb10_apple/hook/pythonpath.ps1'
[21.748s] INFO:colcon.colcon_core.shell:Creating environment descriptor '/home/orientpine/robot_ws/install/interface_rb10_apple/share/interface_rb10_apple/hook/pythonpath.dsv'
[21.749s] INFO:colcon.colcon_core.shell:Creating environment hook '/home/orientpine/robot_ws/install/interface_rb10_apple/share/interface_rb10_apple/hook/pythonpath.sh'
[21.750s] Level 1:colcon.colcon_core.environment:checking '/home/orientpine/robot_ws/install/interface_rb10_apple/bin'
[21.776s] INFO:colcon.colcon_core.shell:Creating package script '/home/orientpine/robot_ws/install/interface_rb10_apple/share/interface_rb10_apple/package.ps1'
[21.778s] INFO:colcon.colcon_core.shell:Creating package descriptor '/home/orientpine/robot_ws/install/interface_rb10_apple/share/interface_rb10_apple/package.dsv'
[21.779s] INFO:colcon.colcon_core.shell:Creating package script '/home/orientpine/robot_ws/install/interface_rb10_apple/share/interface_rb10_apple/package.sh'
[21.780s] INFO:colcon.colcon_core.shell:Creating package script '/home/orientpine/robot_ws/install/interface_rb10_apple/share/interface_rb10_apple/package.bash'
[21.781s] INFO:colcon.colcon_core.shell:Creating package script '/home/orientpine/robot_ws/install/interface_rb10_apple/share/interface_rb10_apple/package.zsh'
[21.782s] Level 1:colcon.colcon_core.environment:create_file_with_runtime_dependencies(/home/orientpine/robot_ws/install/interface_rb10_apple/share/colcon-core/packages/interface_rb10_apple)
[22.139s] Level 1:colcon.colcon_core.environment:create_environment_scripts_only(interface_rb10_apple)
[22.166s] Level 1:colcon.colcon_core.environment:checking '/home/orientpine/robot_ws/install/interface_rb10_apple' for CMake module files
[22.168s] Level 1:colcon.colcon_core.environment:checking '/home/orientpine/robot_ws/install/interface_rb10_apple' for CMake config files
[22.169s] Level 1:colcon.colcon_core.shell:create_environment_hook('interface_rb10_apple', 'cmake_prefix_path')
[22.209s] INFO:colcon.colcon_core.shell:Creating environment hook '/home/orientpine/robot_ws/install/interface_rb10_apple/share/interface_rb10_apple/hook/cmake_prefix_path.ps1'
[22.210s] INFO:colcon.colcon_core.shell:Creating environment descriptor '/home/orientpine/robot_ws/install/interface_rb10_apple/share/interface_rb10_apple/hook/cmake_prefix_path.dsv'
[22.210s] INFO:colcon.colcon_core.shell:Creating environment hook '/home/orientpine/robot_ws/install/interface_rb10_apple/share/interface_rb10_apple/hook/cmake_prefix_path.sh'
[22.211s] Level 1:colcon.colcon_core.environment:checking '/home/orientpine/robot_ws/install/interface_rb10_apple/lib'
[22.211s] Level 1:colcon.colcon_core.shell:create_environment_hook('interface_rb10_apple', 'ld_library_path_lib')
[22.237s] INFO:colcon.colcon_core.shell:Creating environment hook '/home/orientpine/robot_ws/install/interface_rb10_apple/share/interface_rb10_apple/hook/ld_library_path_lib.ps1'
[22.237s] INFO:colcon.colcon_core.shell:Creating environment descriptor '/home/orientpine/robot_ws/install/interface_rb10_apple/share/interface_rb10_apple/hook/ld_library_path_lib.dsv'
[22.238s] INFO:colcon.colcon_core.shell:Creating environment hook '/home/orientpine/robot_ws/install/interface_rb10_apple/share/interface_rb10_apple/hook/ld_library_path_lib.sh'
[22.238s] Level 1:colcon.colcon_core.environment:checking '/home/orientpine/robot_ws/install/interface_rb10_apple/bin'
[22.238s] Level 1:colcon.colcon_core.environment:checking '/home/orientpine/robot_ws/install/interface_rb10_apple/lib/pkgconfig/interface_rb10_apple.pc'
[22.239s] Level 1:colcon.colcon_core.environment:checking '/home/orientpine/robot_ws/install/interface_rb10_apple/lib/python3.10/site-packages'
[22.239s] Level 1:colcon.colcon_core.shell:create_environment_hook('interface_rb10_apple', 'pythonpath')
[22.264s] INFO:colcon.colcon_core.shell:Creating environment hook '/home/orientpine/robot_ws/install/interface_rb10_apple/share/interface_rb10_apple/hook/pythonpath.ps1'
[22.265s] INFO:colcon.colcon_core.shell:Creating environment descriptor '/home/orientpine/robot_ws/install/interface_rb10_apple/share/interface_rb10_apple/hook/pythonpath.dsv'
[22.265s] INFO:colcon.colcon_core.shell:Creating environment hook '/home/orientpine/robot_ws/install/interface_rb10_apple/share/interface_rb10_apple/hook/pythonpath.sh'
[22.266s] Level 1:colcon.colcon_core.environment:checking '/home/orientpine/robot_ws/install/interface_rb10_apple/bin'
[22.294s] INFO:colcon.colcon_core.shell:Creating package script '/home/orientpine/robot_ws/install/interface_rb10_apple/share/interface_rb10_apple/package.ps1'
[22.295s] INFO:colcon.colcon_core.shell:Creating package descriptor '/home/orientpine/robot_ws/install/interface_rb10_apple/share/interface_rb10_apple/package.dsv'
[22.296s] INFO:colcon.colcon_core.shell:Creating package script '/home/orientpine/robot_ws/install/interface_rb10_apple/share/interface_rb10_apple/package.sh'
[22.297s] INFO:colcon.colcon_core.shell:Creating package script '/home/orientpine/robot_ws/install/interface_rb10_apple/share/interface_rb10_apple/package.bash'
[22.297s] INFO:colcon.colcon_core.shell:Creating package script '/home/orientpine/robot_ws/install/interface_rb10_apple/share/interface_rb10_apple/package.zsh'
[22.298s] Level 1:colcon.colcon_core.environment:create_file_with_runtime_dependencies(/home/orientpine/robot_ws/install/interface_rb10_apple/share/colcon-core/packages/interface_rb10_apple)
[22.299s] INFO:colcon.colcon_ros.task.ament_python.build:Building ROS package in '/home/orientpine/robot_ws/src/pkg_rb10_apple' with build type 'ament_python'
[22.299s] Level 1:colcon.colcon_core.shell:create_environment_hook('pkg_rb10_apple', 'ament_prefix_path')
[22.342s] INFO:colcon.colcon_core.shell:Creating environment hook '/home/orientpine/robot_ws/install/pkg_rb10_apple/share/pkg_rb10_apple/hook/ament_prefix_path.ps1'
[22.343s] INFO:colcon.colcon_core.shell:Creating environment descriptor '/home/orientpine/robot_ws/install/pkg_rb10_apple/share/pkg_rb10_apple/hook/ament_prefix_path.dsv'
[22.344s] INFO:colcon.colcon_core.shell:Creating environment hook '/home/orientpine/robot_ws/install/pkg_rb10_apple/share/pkg_rb10_apple/hook/ament_prefix_path.sh'
[22.374s] INFO:colcon.colcon_core.shell:Skip shell extension 'powershell' for command environment: Not usable outside of PowerShell
[22.375s] DEBUG:colcon.colcon_core.shell:Skip shell extension 'dsv' for command environment
[22.913s] INFO:colcon.colcon_core.task.python.build:Building Python package in '/home/orientpine/robot_ws/src/pkg_rb10_apple'
[22.938s] INFO:colcon.colcon_core.shell:Skip shell extension 'powershell' for command environment: Not usable outside of PowerShell
[22.938s] DEBUG:colcon.colcon_core.shell:Skip shell extension 'dsv' for command environment
[23.602s] DEBUG:colcon.colcon_core.event_handler.log_command:Invoking command in '/home/orientpine/robot_ws/build/pkg_rb10_apple': CONDA_PROMPT_MODIFIER=(rb) PYTHONPATH=/home/orientpine/robot_ws/build/pkg_rb10_apple/prefix_override:/home/orientpine/robot_ws/install/pkg_rb10_apple/lib/python3.10/site-packages:/home/orientpine/robot_ws/install/interface_rb10_apple/lib/python3.10/site-packages:/home/orientpine/robot_ws/build/pkg_rb10_apple:/home/orientpine/robot_ws/install/pkg_rb10_apple/lib/python3.10/site-packages:/opt/ros/humble/lib/python3.10/site-packages:/opt/ros/humble/local/lib/python3.10/dist-packages /usr/bin/python3 setup.py develop --editable --build-directory /home/orientpine/robot_ws/build/pkg_rb10_apple/build --no-deps install_data
[24.401s] Level 1:colcon.colcon_core.shell:create_environment_hook('pkg_rb10_apple', 'pythonpath_develop')
[24.402s] DEBUG:colcon.colcon_core.event_handler.log_command:Invoked command in '/home/orientpine/robot_ws/build/pkg_rb10_apple' returned '0': CONDA_PROMPT_MODIFIER=(rb) PYTHONPATH=/home/orientpine/robot_ws/build/pkg_rb10_apple/prefix_override:/home/orientpine/robot_ws/install/pkg_rb10_apple/lib/python3.10/site-packages:/home/orientpine/robot_ws/install/interface_rb10_apple/lib/python3.10/site-packages:/home/orientpine/robot_ws/build/pkg_rb10_apple:/home/orientpine/robot_ws/install/pkg_rb10_apple/lib/python3.10/site-packages:/opt/ros/humble/lib/python3.10/site-packages:/opt/ros/humble/local/lib/python3.10/dist-packages /usr/bin/python3 setup.py develop --editable --build-directory /home/orientpine/robot_ws/build/pkg_rb10_apple/build --no-deps install_data
[24.427s] INFO:colcon.colcon_core.shell:Creating environment hook '/home/orientpine/robot_ws/build/pkg_rb10_apple/share/pkg_rb10_apple/hook/pythonpath_develop.ps1'
[24.428s] INFO:colcon.colcon_core.shell:Creating environment descriptor '/home/orientpine/robot_ws/build/pkg_rb10_apple/share/pkg_rb10_apple/hook/pythonpath_develop.dsv'
[24.428s] INFO:colcon.colcon_core.shell:Creating environment hook '/home/orientpine/robot_ws/build/pkg_rb10_apple/share/pkg_rb10_apple/hook/pythonpath_develop.sh'
[24.454s] Level 1:colcon.colcon_core.environment:checking '/home/orientpine/robot_ws/install/pkg_rb10_apple' for CMake module files
[24.454s] Level 1:colcon.colcon_core.environment:checking '/home/orientpine/robot_ws/install/pkg_rb10_apple' for CMake config files
[24.455s] Level 1:colcon.colcon_core.environment:checking '/home/orientpine/robot_ws/install/pkg_rb10_apple/lib'
[24.455s] Level 1:colcon.colcon_core.environment:checking '/home/orientpine/robot_ws/install/pkg_rb10_apple/bin'
[24.455s] Level 1:colcon.colcon_core.environment:checking '/home/orientpine/robot_ws/install/pkg_rb10_apple/lib/pkgconfig/pkg_rb10_apple.pc'
[24.456s] Level 1:colcon.colcon_core.environment:checking '/home/orientpine/robot_ws/install/pkg_rb10_apple/lib/python3.10/site-packages'
[24.456s] Level 1:colcon.colcon_core.shell:create_environment_hook('pkg_rb10_apple', 'pythonpath')
[24.483s] INFO:colcon.colcon_core.shell:Creating environment hook '/home/orientpine/robot_ws/install/pkg_rb10_apple/share/pkg_rb10_apple/hook/pythonpath.ps1'
[24.484s] INFO:colcon.colcon_core.shell:Creating environment descriptor '/home/orientpine/robot_ws/install/pkg_rb10_apple/share/pkg_rb10_apple/hook/pythonpath.dsv'
[24.485s] INFO:colcon.colcon_core.shell:Creating environment hook '/home/orientpine/robot_ws/install/pkg_rb10_apple/share/pkg_rb10_apple/hook/pythonpath.sh'
[24.485s] Level 1:colcon.colcon_core.environment:checking '/home/orientpine/robot_ws/install/pkg_rb10_apple/bin'
[24.486s] Level 1:colcon.colcon_core.environment:create_environment_scripts_only(pkg_rb10_apple)
[24.510s] INFO:colcon.colcon_core.shell:Creating package script '/home/orientpine/robot_ws/install/pkg_rb10_apple/share/pkg_rb10_apple/package.ps1'
[24.511s] INFO:colcon.colcon_core.shell:Creating package descriptor '/home/orientpine/robot_ws/install/pkg_rb10_apple/share/pkg_rb10_apple/package.dsv'
[24.512s] INFO:colcon.colcon_core.shell:Creating package script '/home/orientpine/robot_ws/install/pkg_rb10_apple/share/pkg_rb10_apple/package.sh'
[24.513s] INFO:colcon.colcon_core.shell:Creating package script '/home/orientpine/robot_ws/install/pkg_rb10_apple/share/pkg_rb10_apple/package.bash'
[24.513s] INFO:colcon.colcon_core.shell:Creating package script '/home/orientpine/robot_ws/install/pkg_rb10_apple/share/pkg_rb10_apple/package.zsh'
[24.514s] Level 1:colcon.colcon_core.environment:create_file_with_runtime_dependencies(/home/orientpine/robot_ws/install/pkg_rb10_apple/share/colcon-core/packages/pkg_rb10_apple)
[24.514s] DEBUG:colcon.colcon_parallel_executor.executor.parallel:closing loop
[24.515s] DEBUG:colcon.colcon_parallel_executor.executor.parallel:loop closed
[24.515s] DEBUG:colcon.colcon_parallel_executor.executor.parallel:run_until_complete finished with '0'
[24.515s] DEBUG:colcon.colcon_core.event_reactor:joining thread
[24.549s] INFO:colcon.colcon_core.plugin_system:Skipping extension 'colcon_notification.desktop_notification.terminal_notifier': Not used on non-Darwin systems
[24.549s] INFO:colcon.colcon_core.plugin_system:Skipping extension 'colcon_notification.desktop_notification.win32': Not used on non-Windows systems
[24.549s] INFO:colcon.colcon_notification.desktop_notification:Sending desktop notification using 'notify2'
[24.567s] DEBUG:colcon.colcon_core.event_reactor:joined thread
[24.592s] INFO:colcon.colcon_core.shell:Creating prefix script '/home/orientpine/robot_ws/install/local_setup.ps1'
[24.594s] INFO:colcon.colcon_core.shell:Creating prefix util module '/home/orientpine/robot_ws/install/_local_setup_util_ps1.py'
[24.595s] INFO:colcon.colcon_core.shell:Creating prefix chain script '/home/orientpine/robot_ws/install/setup.ps1'
[24.621s] INFO:colcon.colcon_core.shell:Creating prefix script '/home/orientpine/robot_ws/install/local_setup.sh'
[24.622s] INFO:colcon.colcon_core.shell:Creating prefix util module '/home/orientpine/robot_ws/install/_local_setup_util_sh.py'
[24.623s] INFO:colcon.colcon_core.shell:Creating prefix chain script '/home/orientpine/robot_ws/install/setup.sh'
[24.651s] INFO:colcon.colcon_core.shell:Creating prefix script '/home/orientpine/robot_ws/install/local_setup.bash'
[24.652s] INFO:colcon.colcon_core.shell:Creating prefix chain script '/home/orientpine/robot_ws/install/setup.bash'
[24.678s] INFO:colcon.colcon_core.shell:Creating prefix script '/home/orientpine/robot_ws/install/local_setup.zsh'
[24.678s] INFO:colcon.colcon_core.shell:Creating prefix chain script '/home/orientpine/robot_ws/install/setup.zsh'
