[0.000000] (-) TimerEvent: {}
[0.000108] (-) JobUnselected: {'identifier': 'interface_rb10_apple'}
[0.000160] (-) JobUnselected: {'identifier': 'ros2_aruco'}
[0.000197] (-) JobUnselected: {'identifier': 'ros2_aruco_interfaces'}
[0.000233] (pkg_rb10_apple) JobQueued: {'identifier': 'pkg_rb10_apple', 'dependencies': OrderedDict([('interface_rb10_apple', '/home/orientpine/robot_ws/install/interface_rb10_apple')])}
[0.000276] (pkg_rb10_apple) JobStarted: {'identifier': 'pkg_rb10_apple'}
[0.095858] (-) TimerEvent: {}
[0.196030] (-) TimerEvent: {}
[0.296189] (-) TimerEvent: {}
[0.397831] (-) TimerEvent: {}
[0.498040] (-) TimerEvent: {}
[0.598216] (-) TimerEvent: {}
[0.698405] (-) TimerEvent: {}
[0.743326] (pkg_rb10_apple) Command: {'cmd': ['/usr/bin/python3', '-W', 'ignore:setup.py install is deprecated', '-W', 'ignore:easy_install command is deprecated', 'setup.py', 'egg_info', '--egg-base', '../../build/pkg_rb10_apple', 'build', '--build-base', '/home/orientpine/robot_ws/build/pkg_rb10_apple/build', 'install', '--record', '/home/orientpine/robot_ws/build/pkg_rb10_apple/install.log', '--single-version-externally-managed', 'install_data'], 'cwd': '/home/orientpine/robot_ws/src/pkg_rb10_apple', 'env': {'RCUTILS_LOGGING_BUFFERED_STREAM': '0', 'VSCODE_CWD': '/home/orientpine/Downloads', 'VSCODE_ESM_ENTRYPOINT': 'vs/workbench/api/node/extensionHostProcess', 'LANGUAGE': 'en', 'LC_TIME': 'ko_KR.UTF-8', 'USER': 'orientpine', 'VSCODE_NLS_CONFIG': '{"userLocale":"en-us","osLocale":"en","resolvedLanguage":"en","defaultMessagesFile":"/tmp/.mount_CursorLc4Pys/usr/share/cursor/resources/app/out/nls.messages.json","locale":"en-us","availableLanguages":{}}', 'ROS_NAMESPACE': 'robot1', 'VSCODE_HANDLES_UNCAUGHT_ERRORS': 'true', 'XDG_SESSION_TYPE': 'wayland', 'LD_LIBRARY_PATH': '/home/orientpine/robot_ws/install/interface_rb10_apple/lib:/tmp/.mount_CursorLc4Pys/usr/lib/:/tmp/.mount_CursorLc4Pys/usr/lib32/:/tmp/.mount_CursorLc4Pys/usr/lib64/:/tmp/.mount_CursorLc4Pys/lib/:/tmp/.mount_CursorLc4Pys/lib/i386-linux-gnu/:/tmp/.mount_CursorLc4Pys/lib/x86_64-linux-gnu/:/tmp/.mount_CursorLc4Pys/lib/aarch64-linux-gnu/:/tmp/.mount_CursorLc4Pys/lib32/:/tmp/.mount_CursorLc4Pys/lib64/', 'RCUTILS_CONSOLE_OUTPUT_FORMAT': '[{severity}]: {message}', 'SHLVL': '1', 'APPDIR': '/tmp/.mount_CursorLc4Pys', 'CHROME_DESKTOP': 'cursor.desktop', 'HOME': '/home/orientpine', 'LESS': '-R', 'OLDPWD': '/home/orientpine/robot_ws/src/pkg_rb10_apple/resource', 'DESKTOP_SESSION': 'ubuntu', 'NVM_BIN': '/home/orientpine/.nvm/versions/node/v22.18.0/bin', 'LSCOLORS': 'Gxfxcxdxbxegedabagacad', 'NVM_INC': '/home/orientpine/.nvm/versions/node/v22.18.0/include/node', 'PERLLIB': '/tmp/.mount_CursorLc4Pys/usr/share/perl5/:/tmp/.mount_CursorLc4Pys/usr/lib/perl5/:', 'VSCODE_IPC_HOOK': '/run/user/1000/vscode-f478cc12-1.6.-main.sock', 'ZSH': '/home/orientpine/.oh-my-zsh', 'GNOME_SHELL_SESSION_MODE': 'ubuntu', 'GTK_MODULES': 'gail:atk-bridge', 'PAGER': 'less', 'LC_MONETARY': 'ko_KR.UTF-8', 'MANAGERPID': '1663', 'DBUS_SESSION_BUS_ADDRESS': 'unix:path=/run/user/1000/bus,guid=9ff178d869f5127e3505266168d5e3b0', 'DBUS_STARTER_BUS_TYPE': 'session', 'SYSTEMD_EXEC_PID': '1773', 'NO_COLOR': '1', 'GIO_LAUNCHED_DESKTOP_FILE_PID': '21178', 'NVM_DIR': '/home/orientpine/.nvm', 'VSCODE_CRASH_REPORTER_PROCESS_TYPE': 'extensionHost', '_colcon_cd_root': '/home/orientpine/robot_ws', 'COLCON_PREFIX_PATH': '/home/orientpine/Downloads', 'WAYLAND_DISPLAY': 'wayland-0', 'LOGNAME': 'orientpine', 'FORCE_COLOR': '0', 'JOURNAL_STREAM': '8:15628', 'OWD': '/home/orientpine/Downloads', '_': '/usr/bin/colcon', 'XDG_SESSION_CLASS': 'user', 'USERNAME': 'orientpine', 'TERM': 'dumb', 'GNOME_DESKTOP_SESSION_ID': 'this-is-deprecated', 'COMPOSER_NO_INTERACTION': '1', 'PATH': '/home/orientpine/.nvm/versions/node/v22.18.0/bin:/tmp/.mount_CursorLc4Pys/usr/bin/:/tmp/.mount_CursorLc4Pys/usr/sbin/:/tmp/.mount_CursorLc4Pys/usr/games/:/tmp/.mount_CursorLc4Pys/bin/:/tmp/.mount_CursorLc4Pys/sbin/:/usr/local/sbin:/usr/local/bin:/usr/sbin:/usr/bin:/sbin:/bin:/usr/games:/usr/local/games:/snap/bin:/snap/bin', 'APPIMAGE': '/home/orientpine/Downloads/Cursor-1.3.9-x86_64.AppImage', 'INVOCATION_ID': '0ed90b9dc9744300943982f6295c90d8', 'PAPERSIZE': 'a4', 'SESSION_MANAGER': 'local/orientpine-850XAC:@/tmp/.ICE-unix/1773,unix/orientpine-850XAC:/tmp/.ICE-unix/1773', 'GDK_BACKEND': 'x11', 'GNOME_SETUP_DISPLAY': ':1', 'LC_ADDRESS': 'ko_KR.UTF-8', 'VSCODE_PROCESS_TITLE': 'extension-host  [1-1]', 'XDG_MENU_PREFIX': 'gnome-', 'XDG_RUNTIME_DIR': '/run/user/1000', 'DISPLAY': ':0', 'CURSOR_AGENT': '1', 'LANG': 'en_US.UTF-8', 'LC_TELEPHONE': 'ko_KR.UTF-8', 'RMW_IMPLEMENTATION': 'rmw_fastrtps_cpp', 'XDG_CURRENT_DESKTOP': 'Unity', 'CURSOR_TRACE_ID': 'c959b6cda37d4625b9987584f1195f4f', 'XAUTHORITY': '/run/user/1000/.mutter-Xwaylandauth.YS2OD3', 'XDG_SESSION_DESKTOP': 'ubuntu', 'XMODIFIERS': '@im=ibus', 'LS_COLORS': '', 'GSETTINGS_SCHEMA_DIR': '/tmp/.mount_CursorLc4Pys/usr/share/glib-2.0/schemas/:', 'ORIGINAL_XDG_CURRENT_DESKTOP': 'ubuntu:GNOME', 'ROS_DOMAIN_ID': '7', 'SSH_AGENT_LAUNCHER': 'gnome-keyring', 'SSH_AUTH_SOCK': '/run/user/1000/keyring/ssh', 'AMENT_PREFIX_PATH': '/home/orientpine/robot_ws/install/interface_rb10_apple', 'LC_NAME': 'ko_KR.UTF-8', 'SHELL': '/usr/bin/zsh', 'GDMSESSION': 'ubuntu', 'QT_ACCESSIBILITY': '1', 'ELECTRON_RUN_AS_NODE': '1', 'LC_MEASUREMENT': 'ko_KR.UTF-8', 'LC_IDENTIFICATION': 'ko_KR.UTF-8', 'QT_IM_MODULE': 'ibus', 'RCUTILS_LOGGING_USE_STDOUT': '0', 'LC_ALL': 'en_US.UTF-8', 'PWD': '/home/orientpine/robot_ws/build/pkg_rb10_apple', 'DBUS_STARTER_ADDRESS': 'unix:path=/run/user/1000/bus,guid=9ff178d869f5127e3505266168d5e3b0', 'NVM_CD_FLAGS': '-q', 'RCUTILS_COLORIZED_OUTPUT': '1', 'VSCODE_CODE_CACHE_PATH': '/home/orientpine/.config/Cursor/CachedData/3ccce8f55d8cca49f6d28b491a844c699b8719a0', 'XDG_DATA_DIRS': '/tmp/.mount_CursorLc4Pys/usr/share/:/usr/local/share:/usr/share:/usr/local/share/:/usr/share/:/var/lib/snapd/desktop', 'LC_NUMERIC': 'ko_KR.UTF-8', 'PYTHONPATH': '/home/orientpine/robot_ws/build/pkg_rb10_apple/prefix_override:/usr/lib/python3/dist-packages/colcon_core/task/python/colcon_distutils_commands:/home/orientpine/robot_ws/install/pkg_rb10_apple/lib/python3.10/site-packages:/home/orientpine/robot_ws/install/interface_rb10_apple/local/lib/python3.10/dist-packages', 'LC_PAPER': 'ko_KR.UTF-8', 'QT_PLUGIN_PATH': '/tmp/.mount_CursorLc4Pys/usr/lib/qt4/plugins/:/tmp/.mount_CursorLc4Pys/usr/lib/i386-linux-gnu/qt4/plugins/:/tmp/.mount_CursorLc4Pys/usr/lib/x86_64-linux-gnu/qt4/plugins/:/tmp/.mount_CursorLc4Pys/usr/lib/aarch64-linux-gnu/qt4/plugins/:/tmp/.mount_CursorLc4Pys/usr/lib32/qt4/plugins/:/tmp/.mount_CursorLc4Pys/usr/lib64/qt4/plugins/:/tmp/.mount_CursorLc4Pys/usr/lib/qt5/plugins/:/tmp/.mount_CursorLc4Pys/usr/lib/i386-linux-gnu/qt5/plugins/:/tmp/.mount_CursorLc4Pys/usr/lib/x86_64-linux-gnu/qt5/plugins/:/tmp/.mount_CursorLc4Pys/usr/lib/aarch64-linux-gnu/qt5/plugins/:/tmp/.mount_CursorLc4Pys/usr/lib32/qt5/plugins/:/tmp/.mount_CursorLc4Pys/usr/lib64/qt5/plugins/:', 'COLCON': '1', 'VSCODE_PID': '21178', 'CMAKE_PREFIX_PATH': '/home/orientpine/robot_ws/install/interface_rb10_apple'}, 'shell': False}
[0.798511] (-) TimerEvent: {}
[0.898718] (-) TimerEvent: {}
[0.998934] (-) TimerEvent: {}
[1.032001] (pkg_rb10_apple) StdoutLine: {'line': b'running egg_info\n'}
[1.032375] (pkg_rb10_apple) StdoutLine: {'line': b'writing ../../build/pkg_rb10_apple/pkg_rb10_apple.egg-info/PKG-INFO\n'}
[1.032969] (pkg_rb10_apple) StdoutLine: {'line': b'writing dependency_links to ../../build/pkg_rb10_apple/pkg_rb10_apple.egg-info/dependency_links.txt\n'}
[1.033351] (pkg_rb10_apple) StdoutLine: {'line': b'writing entry points to ../../build/pkg_rb10_apple/pkg_rb10_apple.egg-info/entry_points.txt\n'}
[1.033533] (pkg_rb10_apple) StdoutLine: {'line': b'writing requirements to ../../build/pkg_rb10_apple/pkg_rb10_apple.egg-info/requires.txt\n'}
[1.033711] (pkg_rb10_apple) StdoutLine: {'line': b'writing top-level names to ../../build/pkg_rb10_apple/pkg_rb10_apple.egg-info/top_level.txt\n'}
[1.044839] (pkg_rb10_apple) StdoutLine: {'line': b"reading manifest file '../../build/pkg_rb10_apple/pkg_rb10_apple.egg-info/SOURCES.txt'\n"}
[1.045155] (pkg_rb10_apple) StdoutLine: {'line': b"writing manifest file '../../build/pkg_rb10_apple/pkg_rb10_apple.egg-info/SOURCES.txt'\n"}
[1.045386] (pkg_rb10_apple) StdoutLine: {'line': b'running build\n'}
[1.045590] (pkg_rb10_apple) StdoutLine: {'line': b'running build_py\n'}
[1.045798] (pkg_rb10_apple) StdoutLine: {'line': b'running install\n'}
[1.046003] (pkg_rb10_apple) StdoutLine: {'line': b'running install_lib\n'}
[1.047285] (pkg_rb10_apple) StdoutLine: {'line': b'running install_data\n'}
[1.047693] (pkg_rb10_apple) StdoutLine: {'line': b'copying resource/pkg-rb10-apple -> /home/orientpine/robot_ws/install/pkg_rb10_apple/share/ament_index/resource_index/packages\n'}
[1.048113] (pkg_rb10_apple) StdoutLine: {'line': b'creating /home/orientpine/robot_ws/install/pkg_rb10_apple/share/pkg-rb10-apple\n'}
[1.048556] (pkg_rb10_apple) StdoutLine: {'line': b'copying package.xml -> /home/orientpine/robot_ws/install/pkg_rb10_apple/share/pkg-rb10-apple\n'}
[1.048759] (pkg_rb10_apple) StdoutLine: {'line': b'creating /home/orientpine/robot_ws/install/pkg_rb10_apple/share/pkg-rb10-apple/launch\n'}
[1.048973] (pkg_rb10_apple) StdoutLine: {'line': b'copying launch/rb10_roas.launch.py -> /home/orientpine/robot_ws/install/pkg_rb10_apple/share/pkg-rb10-apple/launch\n'}
[1.049177] (pkg_rb10_apple) StdoutLine: {'line': b'running install_egg_info\n'}
[1.052920] (pkg_rb10_apple) StdoutLine: {'line': b'Copying ../../build/pkg_rb10_apple/pkg_rb10_apple.egg-info to /home/orientpine/robot_ws/install/pkg_rb10_apple/lib/python3.10/site-packages/pkg_rb10_apple-0.0.0-py3.10.egg-info\n'}
[1.054484] (pkg_rb10_apple) StdoutLine: {'line': b'running install_scripts\n'}
[1.087199] (pkg_rb10_apple) StdoutLine: {'line': b'Installing robot_connect_control_server script to /home/orientpine/robot_ws/install/pkg_rb10_apple/lib/pkg_rb10_apple\n'}
[1.087800] (pkg_rb10_apple) StdoutLine: {'line': b'Installing robot_info_publisher script to /home/orientpine/robot_ws/install/pkg_rb10_apple/lib/pkg_rb10_apple\n'}
[1.088241] (pkg_rb10_apple) StdoutLine: {'line': b'Installing robot_joint_control_server script to /home/orientpine/robot_ws/install/pkg_rb10_apple/lib/pkg_rb10_apple\n'}
[1.088707] (pkg_rb10_apple) StdoutLine: {'line': b'Installing robot_mode_control_client script to /home/orientpine/robot_ws/install/pkg_rb10_apple/lib/pkg_rb10_apple\n'}
[1.089047] (pkg_rb10_apple) StdoutLine: {'line': b'Installing robot_mode_control_server script to /home/orientpine/robot_ws/install/pkg_rb10_apple/lib/pkg_rb10_apple\n'}
[1.089255] (pkg_rb10_apple) StdoutLine: {'line': b'Installing robot_tcp_control_server script to /home/orientpine/robot_ws/install/pkg_rb10_apple/lib/pkg_rb10_apple\n'}
[1.089459] (pkg_rb10_apple) StdoutLine: {'line': b'Installing robot_tracking_aruco_server script to /home/orientpine/robot_ws/install/pkg_rb10_apple/lib/pkg_rb10_apple\n'}
[1.090327] (pkg_rb10_apple) StdoutLine: {'line': b"writing list of installed files to '/home/orientpine/robot_ws/build/pkg_rb10_apple/install.log'\n"}
[1.099058] (-) TimerEvent: {}
[1.128507] (pkg_rb10_apple) CommandEnded: {'returncode': 0}
[1.151979] (pkg_rb10_apple) JobEnded: {'identifier': 'pkg_rb10_apple', 'rc': 0}
[1.154124] (-) EventReactorShutdown: {}
