[0.090s] Invoking command in '/home/orientpine/robot_ws/build/interface_rb10_apple': CMAKE_PREFIX_PATH=${CMAKE_PREFIX_PATH}:/home/orientpine/robot_ws/install/pkg_rb10_apple:/opt/ros/humble CONDA_PROMPT_MODIFIER=(rb) /usr/bin/cmake --build /home/orientpine/robot_ws/build/interface_rb10_apple -- -j12 -l12
[0.126s] [35m[1mConsolidate compiler generated dependencies of target interface_rb10_apple__rosidl_generator_c[0m
[0.135s] [  2%] Built target interface_rb10_apple__cpp
[0.137s] [ 12%] Built target interface_rb10_apple__rosidl_generator_c
[0.145s] [ 12%] Built target ament_cmake_python_symlink_interface_rb10_apple
[0.146s] [35m[1mConsolidate compiler generated dependencies of target interface_rb10_apple__rosidl_typesupport_fastrtps_cpp[0m
[0.147s] [35m[1mConsolidate compiler generated dependencies of target interface_rb10_apple__rosidl_typesupport_cpp[0m
[0.148s] [35m[1mConsolidate compiler generated dependencies of target interface_rb10_apple__rosidl_typesupport_introspection_c[0m
[0.148s] [35m[1mConsolidate compiler generated dependencies of target interface_rb10_apple__rosidl_typesupport_introspection_cpp[0m
[0.149s] [35m[1mConsolidate compiler generated dependencies of target interface_rb10_apple__rosidl_typesupport_c[0m
[0.153s] [35m[1mConsolidate compiler generated dependencies of target interface_rb10_apple__rosidl_typesupport_fastrtps_c[0m
[0.165s] [ 23%] Built target interface_rb10_apple__rosidl_typesupport_c
[0.165s] [ 33%] Built target interface_rb10_apple__rosidl_typesupport_introspection_c
[0.171s] [ 43%] Built target interface_rb10_apple__rosidl_typesupport_fastrtps_cpp
[0.172s] [ 53%] Built target interface_rb10_apple__rosidl_typesupport_cpp
[0.173s] [ 64%] Built target interface_rb10_apple__rosidl_typesupport_introspection_cpp
[0.176s] [ 74%] Built target interface_rb10_apple__rosidl_typesupport_fastrtps_c
[0.195s] [ 74%] Built target interface_rb10_apple
[0.215s] [ 76%] Built target interface_rb10_apple__py
[0.225s] [35m[1mConsolidate compiler generated dependencies of target interface_rb10_apple__rosidl_generator_py[0m
[0.240s] [ 84%] Built target interface_rb10_apple__rosidl_generator_py
[0.250s] [35m[1mConsolidate compiler generated dependencies of target interface_rb10_apple__rosidl_typesupport_fastrtps_c__pyext[0m
[0.250s] [35m[1mConsolidate compiler generated dependencies of target interface_rb10_apple__rosidl_typesupport_c__pyext[0m
[0.250s] [35m[1mConsolidate compiler generated dependencies of target interface_rb10_apple__rosidl_typesupport_introspection_c__pyext[0m
[0.264s] [ 94%] Built target interface_rb10_apple__rosidl_typesupport_fastrtps_c__pyext
[0.264s] [ 94%] Built target interface_rb10_apple__rosidl_typesupport_introspection_c__pyext
[0.264s] [100%] Built target interface_rb10_apple__rosidl_typesupport_c__pyext
[0.366s] running egg_info
[0.367s] writing interface_rb10_apple.egg-info/PKG-INFO
[0.367s] writing dependency_links to interface_rb10_apple.egg-info/dependency_links.txt
[0.367s] writing top-level names to interface_rb10_apple.egg-info/top_level.txt
[0.369s] reading manifest file 'interface_rb10_apple.egg-info/SOURCES.txt'
[0.369s] writing manifest file 'interface_rb10_apple.egg-info/SOURCES.txt'
[0.392s] [100%] Built target ament_cmake_python_build_interface_rb10_apple_egg
[0.402s] Invoked command in '/home/orientpine/robot_ws/build/interface_rb10_apple' returned '0': CMAKE_PREFIX_PATH=${CMAKE_PREFIX_PATH}:/home/orientpine/robot_ws/install/pkg_rb10_apple:/opt/ros/humble CONDA_PROMPT_MODIFIER=(rb) /usr/bin/cmake --build /home/orientpine/robot_ws/build/interface_rb10_apple -- -j12 -l12
[0.487s] Invoking command in '/home/orientpine/robot_ws/build/interface_rb10_apple': CMAKE_PREFIX_PATH=${CMAKE_PREFIX_PATH}:/home/orientpine/robot_ws/install/pkg_rb10_apple:/opt/ros/humble CONDA_PROMPT_MODIFIER=(rb) /usr/bin/cmake --install /home/orientpine/robot_ws/build/interface_rb10_apple
[0.494s] -- Install configuration: ""
[0.494s] -- Execute custom install script
[0.494s] -- Up-to-date symlink: /home/orientpine/robot_ws/install/interface_rb10_apple/share/ament_index/resource_index/rosidl_interfaces/interface_rb10_apple
[0.495s] -- Up-to-date symlink: /home/orientpine/robot_ws/install/interface_rb10_apple/include/interface_rb10_apple/interface_rb10_apple/action/detail/robot_mode_control__functions.h
[0.495s] -- Up-to-date symlink: /home/orientpine/robot_ws/install/interface_rb10_apple/include/interface_rb10_apple/interface_rb10_apple/action/detail/robot_mode_control__struct.h
[0.495s] -- Up-to-date symlink: /home/orientpine/robot_ws/install/interface_rb10_apple/include/interface_rb10_apple/interface_rb10_apple/action/detail/robot_mode_control__type_support.h
[0.495s] -- Up-to-date symlink: /home/orientpine/robot_ws/install/interface_rb10_apple/include/interface_rb10_apple/interface_rb10_apple/action/robot_mode_control.h
[0.496s] -- Up-to-date symlink: /home/orientpine/robot_ws/install/interface_rb10_apple/include/interface_rb10_apple/interface_rb10_apple/msg/rosidl_generator_c__visibility_control.h
[0.496s] -- Up-to-date symlink: /home/orientpine/robot_ws/install/interface_rb10_apple/include/interface_rb10_apple/interface_rb10_apple/srv/detail/robot_connect_control__functions.h
[0.496s] -- Up-to-date symlink: /home/orientpine/robot_ws/install/interface_rb10_apple/include/interface_rb10_apple/interface_rb10_apple/srv/detail/robot_connect_control__struct.h
[0.496s] -- Up-to-date symlink: /home/orientpine/robot_ws/install/interface_rb10_apple/include/interface_rb10_apple/interface_rb10_apple/srv/detail/robot_connect_control__type_support.h
[0.496s] -- Up-to-date symlink: /home/orientpine/robot_ws/install/interface_rb10_apple/include/interface_rb10_apple/interface_rb10_apple/srv/robot_connect_control.h
[0.496s] -- Up-to-date symlink: /home/orientpine/robot_ws/install/interface_rb10_apple/share/interface_rb10_apple/environment/library_path.sh
[0.496s] -- Up-to-date symlink: /home/orientpine/robot_ws/install/interface_rb10_apple/share/interface_rb10_apple/environment/library_path.dsv
[0.497s] -- Up-to-date symlink: /home/orientpine/robot_ws/install/interface_rb10_apple/include/interface_rb10_apple/interface_rb10_apple/action/detail/robot_mode_control__rosidl_typesupport_fastrtps_c.h
[0.497s] -- Up-to-date symlink: /home/orientpine/robot_ws/install/interface_rb10_apple/include/interface_rb10_apple/interface_rb10_apple/msg/rosidl_typesupport_fastrtps_c__visibility_control.h
[0.497s] -- Up-to-date symlink: /home/orientpine/robot_ws/install/interface_rb10_apple/include/interface_rb10_apple/interface_rb10_apple/srv/detail/robot_connect_control__rosidl_typesupport_fastrtps_c.h
[0.498s] -- Up-to-date symlink: /home/orientpine/robot_ws/install/interface_rb10_apple/include/interface_rb10_apple/interface_rb10_apple/action/detail/robot_mode_control__builder.hpp
[0.498s] -- Up-to-date symlink: /home/orientpine/robot_ws/install/interface_rb10_apple/include/interface_rb10_apple/interface_rb10_apple/action/detail/robot_mode_control__struct.hpp
[0.498s] -- Up-to-date symlink: /home/orientpine/robot_ws/install/interface_rb10_apple/include/interface_rb10_apple/interface_rb10_apple/action/detail/robot_mode_control__traits.hpp
[0.498s] -- Up-to-date symlink: /home/orientpine/robot_ws/install/interface_rb10_apple/include/interface_rb10_apple/interface_rb10_apple/action/robot_mode_control.hpp
[0.498s] -- Up-to-date symlink: /home/orientpine/robot_ws/install/interface_rb10_apple/include/interface_rb10_apple/interface_rb10_apple/srv/detail/robot_connect_control__builder.hpp
[0.498s] -- Up-to-date symlink: /home/orientpine/robot_ws/install/interface_rb10_apple/include/interface_rb10_apple/interface_rb10_apple/srv/detail/robot_connect_control__struct.hpp
[0.498s] -- Up-to-date symlink: /home/orientpine/robot_ws/install/interface_rb10_apple/include/interface_rb10_apple/interface_rb10_apple/srv/detail/robot_connect_control__traits.hpp
[0.498s] -- Up-to-date symlink: /home/orientpine/robot_ws/install/interface_rb10_apple/include/interface_rb10_apple/interface_rb10_apple/srv/robot_connect_control.hpp
[0.499s] -- Up-to-date symlink: /home/orientpine/robot_ws/install/interface_rb10_apple/include/interface_rb10_apple/interface_rb10_apple/action/detail/robot_mode_control__rosidl_typesupport_fastrtps_cpp.hpp
[0.499s] -- Up-to-date symlink: /home/orientpine/robot_ws/install/interface_rb10_apple/include/interface_rb10_apple/interface_rb10_apple/msg/rosidl_typesupport_fastrtps_cpp__visibility_control.h
[0.499s] -- Up-to-date symlink: /home/orientpine/robot_ws/install/interface_rb10_apple/include/interface_rb10_apple/interface_rb10_apple/srv/detail/robot_connect_control__rosidl_typesupport_fastrtps_cpp.hpp
[0.499s] -- Up-to-date symlink: /home/orientpine/robot_ws/install/interface_rb10_apple/include/interface_rb10_apple/interface_rb10_apple/action/detail/robot_mode_control__rosidl_typesupport_introspection_c.h
[0.500s] -- Up-to-date symlink: /home/orientpine/robot_ws/install/interface_rb10_apple/include/interface_rb10_apple/interface_rb10_apple/msg/rosidl_typesupport_introspection_c__visibility_control.h
[0.500s] -- Up-to-date symlink: /home/orientpine/robot_ws/install/interface_rb10_apple/include/interface_rb10_apple/interface_rb10_apple/srv/detail/robot_connect_control__rosidl_typesupport_introspection_c.h
[0.500s] -- Up-to-date symlink: /home/orientpine/robot_ws/install/interface_rb10_apple/include/interface_rb10_apple/interface_rb10_apple/action/detail/robot_mode_control__rosidl_typesupport_introspection_cpp.hpp
[0.500s] -- Up-to-date symlink: /home/orientpine/robot_ws/install/interface_rb10_apple/include/interface_rb10_apple/interface_rb10_apple/srv/detail/robot_connect_control__rosidl_typesupport_introspection_cpp.hpp
[0.500s] -- Up-to-date symlink: /home/orientpine/robot_ws/install/interface_rb10_apple/share/interface_rb10_apple/environment/pythonpath.sh
[0.501s] -- Up-to-date symlink: /home/orientpine/robot_ws/install/interface_rb10_apple/share/interface_rb10_apple/environment/pythonpath.dsv
[0.501s] -- Up-to-date symlink: /home/orientpine/robot_ws/install/interface_rb10_apple/lib/python3.10/site-packages/interface_rb10_apple-0.0.0-py3.10.egg-info/PKG-INFO
[0.501s] -- Up-to-date symlink: /home/orientpine/robot_ws/install/interface_rb10_apple/lib/python3.10/site-packages/interface_rb10_apple-0.0.0-py3.10.egg-info/SOURCES.txt
[0.501s] -- Up-to-date symlink: /home/orientpine/robot_ws/install/interface_rb10_apple/lib/python3.10/site-packages/interface_rb10_apple-0.0.0-py3.10.egg-info/dependency_links.txt
[0.501s] -- Up-to-date symlink: /home/orientpine/robot_ws/install/interface_rb10_apple/lib/python3.10/site-packages/interface_rb10_apple-0.0.0-py3.10.egg-info/top_level.txt
[0.502s] -- Up-to-date symlink: /home/orientpine/robot_ws/install/interface_rb10_apple/lib/python3.10/site-packages/interface_rb10_apple/__init__.py
[0.502s] -- Up-to-date symlink: /home/orientpine/robot_ws/install/interface_rb10_apple/lib/python3.10/site-packages/interface_rb10_apple/_interface_rb10_apple_s.ep.rosidl_typesupport_c.c
[0.502s] -- Up-to-date symlink: /home/orientpine/robot_ws/install/interface_rb10_apple/lib/python3.10/site-packages/interface_rb10_apple/_interface_rb10_apple_s.ep.rosidl_typesupport_fastrtps_c.c
[0.502s] -- Up-to-date symlink: /home/orientpine/robot_ws/install/interface_rb10_apple/lib/python3.10/site-packages/interface_rb10_apple/_interface_rb10_apple_s.ep.rosidl_typesupport_introspection_c.c
[0.502s] -- Up-to-date symlink: /home/orientpine/robot_ws/install/interface_rb10_apple/lib/python3.10/site-packages/interface_rb10_apple/action/__init__.py
[0.503s] -- Up-to-date symlink: /home/orientpine/robot_ws/install/interface_rb10_apple/lib/python3.10/site-packages/interface_rb10_apple/action/_robot_mode_control.py
[0.503s] -- Up-to-date symlink: /home/orientpine/robot_ws/install/interface_rb10_apple/lib/python3.10/site-packages/interface_rb10_apple/action/_robot_mode_control_s.c
[0.503s] -- Up-to-date symlink: /home/orientpine/robot_ws/install/interface_rb10_apple/lib/python3.10/site-packages/interface_rb10_apple/interface_rb10_apple_s__rosidl_typesupport_c.cpython-310-x86_64-linux-gnu.so
[0.503s] -- Up-to-date symlink: /home/orientpine/robot_ws/install/interface_rb10_apple/lib/python3.10/site-packages/interface_rb10_apple/interface_rb10_apple_s__rosidl_typesupport_fastrtps_c.cpython-310-x86_64-linux-gnu.so
[0.503s] -- Up-to-date symlink: /home/orientpine/robot_ws/install/interface_rb10_apple/lib/python3.10/site-packages/interface_rb10_apple/interface_rb10_apple_s__rosidl_typesupport_introspection_c.cpython-310-x86_64-linux-gnu.so
[0.503s] -- Up-to-date symlink: /home/orientpine/robot_ws/install/interface_rb10_apple/lib/python3.10/site-packages/interface_rb10_apple/libinterface_rb10_apple__rosidl_generator_py.so
[0.503s] -- Up-to-date symlink: /home/orientpine/robot_ws/install/interface_rb10_apple/lib/python3.10/site-packages/interface_rb10_apple/srv/__init__.py
[0.503s] -- Up-to-date symlink: /home/orientpine/robot_ws/install/interface_rb10_apple/lib/python3.10/site-packages/interface_rb10_apple/srv/_robot_connect_control.py
[0.503s] -- Up-to-date symlink: /home/orientpine/robot_ws/install/interface_rb10_apple/lib/python3.10/site-packages/interface_rb10_apple/srv/_robot_connect_control_s.c
[0.504s] -- Up-to-date symlink: /home/orientpine/robot_ws/install/interface_rb10_apple/lib/python3.10/site-packages/interface_rb10_apple/interface_rb10_apple_s__rosidl_typesupport_fastrtps_c.cpython-310-x86_64-linux-gnu.so
[0.504s] -- Up-to-date symlink: /home/orientpine/robot_ws/install/interface_rb10_apple/lib/python3.10/site-packages/interface_rb10_apple/interface_rb10_apple_s__rosidl_typesupport_introspection_c.cpython-310-x86_64-linux-gnu.so
[0.504s] -- Up-to-date symlink: /home/orientpine/robot_ws/install/interface_rb10_apple/lib/python3.10/site-packages/interface_rb10_apple/interface_rb10_apple_s__rosidl_typesupport_c.cpython-310-x86_64-linux-gnu.so
[0.504s] -- Up-to-date symlink: /home/orientpine/robot_ws/install/interface_rb10_apple/share/interface_rb10_apple/srv/RobotConnectControl.idl
[0.505s] -- Up-to-date symlink: /home/orientpine/robot_ws/install/interface_rb10_apple/share/interface_rb10_apple/action/RobotModeControl.idl
[0.505s] -- Up-to-date symlink: /home/orientpine/robot_ws/install/interface_rb10_apple/share/interface_rb10_apple/srv/RobotConnectControl.srv
[0.505s] -- Up-to-date symlink: /home/orientpine/robot_ws/install/interface_rb10_apple/share/interface_rb10_apple/srv/RobotConnectControl_Request.msg
[0.505s] -- Up-to-date symlink: /home/orientpine/robot_ws/install/interface_rb10_apple/share/interface_rb10_apple/srv/RobotConnectControl_Response.msg
[0.505s] -- Up-to-date symlink: /home/orientpine/robot_ws/install/interface_rb10_apple/share/interface_rb10_apple/action/RobotModeControl.action
[0.505s] -- Up-to-date symlink: /home/orientpine/robot_ws/install/interface_rb10_apple/share/ament_index/resource_index/package_run_dependencies/interface_rb10_apple
[0.505s] -- Up-to-date symlink: /home/orientpine/robot_ws/install/interface_rb10_apple/share/ament_index/resource_index/parent_prefix_path/interface_rb10_apple
[0.506s] -- Up-to-date symlink: /home/orientpine/robot_ws/install/interface_rb10_apple/share/interface_rb10_apple/environment/ament_prefix_path.sh
[0.506s] -- Up-to-date symlink: /home/orientpine/robot_ws/install/interface_rb10_apple/share/interface_rb10_apple/environment/ament_prefix_path.dsv
[0.506s] -- Up-to-date symlink: /home/orientpine/robot_ws/install/interface_rb10_apple/share/interface_rb10_apple/environment/path.sh
[0.506s] -- Up-to-date symlink: /home/orientpine/robot_ws/install/interface_rb10_apple/share/interface_rb10_apple/environment/path.dsv
[0.506s] -- Up-to-date symlink: /home/orientpine/robot_ws/install/interface_rb10_apple/share/interface_rb10_apple/local_setup.bash
[0.506s] -- Up-to-date symlink: /home/orientpine/robot_ws/install/interface_rb10_apple/share/interface_rb10_apple/local_setup.sh
[0.507s] -- Up-to-date symlink: /home/orientpine/robot_ws/install/interface_rb10_apple/share/interface_rb10_apple/local_setup.zsh
[0.507s] -- Up-to-date symlink: /home/orientpine/robot_ws/install/interface_rb10_apple/share/interface_rb10_apple/local_setup.dsv
[0.507s] -- Symlinking: /home/orientpine/robot_ws/install/interface_rb10_apple/share/interface_rb10_apple/package.dsv
[0.516s] -- Up-to-date symlink: /home/orientpine/robot_ws/install/interface_rb10_apple/share/ament_index/resource_index/packages/interface_rb10_apple
[0.516s] -- Up-to-date symlink: /home/orientpine/robot_ws/install/interface_rb10_apple/share/interface_rb10_apple/cmake/rosidl_cmake-extras.cmake
[0.516s] -- Up-to-date symlink: /home/orientpine/robot_ws/install/interface_rb10_apple/share/interface_rb10_apple/cmake/ament_cmake_export_dependencies-extras.cmake
[0.517s] -- Up-to-date symlink: /home/orientpine/robot_ws/install/interface_rb10_apple/share/interface_rb10_apple/cmake/ament_cmake_export_include_directories-extras.cmake
[0.517s] -- Up-to-date symlink: /home/orientpine/robot_ws/install/interface_rb10_apple/share/interface_rb10_apple/cmake/ament_cmake_export_libraries-extras.cmake
[0.517s] -- Up-to-date symlink: /home/orientpine/robot_ws/install/interface_rb10_apple/share/interface_rb10_apple/cmake/ament_cmake_export_targets-extras.cmake
[0.517s] -- Up-to-date symlink: /home/orientpine/robot_ws/install/interface_rb10_apple/share/interface_rb10_apple/cmake/rosidl_cmake_export_typesupport_targets-extras.cmake
[0.517s] -- Up-to-date symlink: /home/orientpine/robot_ws/install/interface_rb10_apple/share/interface_rb10_apple/cmake/rosidl_cmake_export_typesupport_libraries-extras.cmake
[0.518s] -- Up-to-date symlink: /home/orientpine/robot_ws/install/interface_rb10_apple/share/interface_rb10_apple/cmake/interface_rb10_appleConfig.cmake
[0.518s] -- Up-to-date symlink: /home/orientpine/robot_ws/install/interface_rb10_apple/share/interface_rb10_apple/cmake/interface_rb10_appleConfig-version.cmake
[0.518s] -- Up-to-date symlink: /home/orientpine/robot_ws/install/interface_rb10_apple/share/interface_rb10_apple/package.xml
[0.518s] -- Up-to-date: /home/orientpine/robot_ws/install/interface_rb10_apple/lib/libinterface_rb10_apple__rosidl_generator_c.so
[0.519s] -- Up-to-date: /home/orientpine/robot_ws/install/interface_rb10_apple/lib/libinterface_rb10_apple__rosidl_typesupport_fastrtps_c.so
[0.519s] -- Up-to-date: /home/orientpine/robot_ws/install/interface_rb10_apple/lib/libinterface_rb10_apple__rosidl_typesupport_fastrtps_cpp.so
[0.520s] -- Up-to-date: /home/orientpine/robot_ws/install/interface_rb10_apple/lib/libinterface_rb10_apple__rosidl_typesupport_introspection_c.so
[0.520s] -- Up-to-date: /home/orientpine/robot_ws/install/interface_rb10_apple/lib/libinterface_rb10_apple__rosidl_typesupport_c.so
[0.520s] -- Up-to-date: /home/orientpine/robot_ws/install/interface_rb10_apple/lib/libinterface_rb10_apple__rosidl_typesupport_introspection_cpp.so
[0.521s] -- Up-to-date: /home/orientpine/robot_ws/install/interface_rb10_apple/lib/libinterface_rb10_apple__rosidl_typesupport_cpp.so
[0.551s] Listing '/home/orientpine/robot_ws/install/interface_rb10_apple/lib/python3.10/site-packages/interface_rb10_apple'...
[0.551s] Listing '/home/orientpine/robot_ws/install/interface_rb10_apple/lib/python3.10/site-packages/interface_rb10_apple/action'...
[0.551s] Listing '/home/orientpine/robot_ws/install/interface_rb10_apple/lib/python3.10/site-packages/interface_rb10_apple/srv'...
[0.555s] -- Up-to-date: /home/orientpine/robot_ws/install/interface_rb10_apple/lib/libinterface_rb10_apple__rosidl_generator_py.so
[0.555s] -- Up-to-date: /home/orientpine/robot_ws/install/interface_rb10_apple/share/interface_rb10_apple/cmake/export_interface_rb10_apple__rosidl_generator_cExport.cmake
[0.556s] -- Up-to-date: /home/orientpine/robot_ws/install/interface_rb10_apple/share/interface_rb10_apple/cmake/export_interface_rb10_apple__rosidl_generator_cExport-noconfig.cmake
[0.556s] -- Up-to-date: /home/orientpine/robot_ws/install/interface_rb10_apple/share/interface_rb10_apple/cmake/export_interface_rb10_apple__rosidl_typesupport_fastrtps_cExport.cmake
[0.556s] -- Up-to-date: /home/orientpine/robot_ws/install/interface_rb10_apple/share/interface_rb10_apple/cmake/export_interface_rb10_apple__rosidl_typesupport_fastrtps_cExport-noconfig.cmake
[0.556s] -- Up-to-date: /home/orientpine/robot_ws/install/interface_rb10_apple/share/interface_rb10_apple/cmake/export_interface_rb10_apple__rosidl_generator_cppExport.cmake
[0.556s] -- Up-to-date: /home/orientpine/robot_ws/install/interface_rb10_apple/share/interface_rb10_apple/cmake/export_interface_rb10_apple__rosidl_typesupport_fastrtps_cppExport.cmake
[0.556s] -- Up-to-date: /home/orientpine/robot_ws/install/interface_rb10_apple/share/interface_rb10_apple/cmake/export_interface_rb10_apple__rosidl_typesupport_fastrtps_cppExport-noconfig.cmake
[0.556s] -- Up-to-date: /home/orientpine/robot_ws/install/interface_rb10_apple/share/interface_rb10_apple/cmake/interface_rb10_apple__rosidl_typesupport_introspection_cExport.cmake
[0.557s] -- Up-to-date: /home/orientpine/robot_ws/install/interface_rb10_apple/share/interface_rb10_apple/cmake/interface_rb10_apple__rosidl_typesupport_introspection_cExport-noconfig.cmake
[0.557s] -- Up-to-date: /home/orientpine/robot_ws/install/interface_rb10_apple/share/interface_rb10_apple/cmake/interface_rb10_apple__rosidl_typesupport_cExport.cmake
[0.557s] -- Up-to-date: /home/orientpine/robot_ws/install/interface_rb10_apple/share/interface_rb10_apple/cmake/interface_rb10_apple__rosidl_typesupport_cExport-noconfig.cmake
[0.557s] -- Up-to-date: /home/orientpine/robot_ws/install/interface_rb10_apple/share/interface_rb10_apple/cmake/interface_rb10_apple__rosidl_typesupport_introspection_cppExport.cmake
[0.557s] -- Up-to-date: /home/orientpine/robot_ws/install/interface_rb10_apple/share/interface_rb10_apple/cmake/interface_rb10_apple__rosidl_typesupport_introspection_cppExport-noconfig.cmake
[0.557s] -- Up-to-date: /home/orientpine/robot_ws/install/interface_rb10_apple/share/interface_rb10_apple/cmake/interface_rb10_apple__rosidl_typesupport_cppExport.cmake
[0.557s] -- Up-to-date: /home/orientpine/robot_ws/install/interface_rb10_apple/share/interface_rb10_apple/cmake/interface_rb10_apple__rosidl_typesupport_cppExport-noconfig.cmake
[0.557s] -- Up-to-date: /home/orientpine/robot_ws/install/interface_rb10_apple/share/interface_rb10_apple/cmake/export_interface_rb10_apple__rosidl_generator_pyExport.cmake
[0.557s] -- Up-to-date: /home/orientpine/robot_ws/install/interface_rb10_apple/share/interface_rb10_apple/cmake/export_interface_rb10_apple__rosidl_generator_pyExport-noconfig.cmake
[0.559s] Invoked command in '/home/orientpine/robot_ws/build/interface_rb10_apple' returned '0': CMAKE_PREFIX_PATH=${CMAKE_PREFIX_PATH}:/home/orientpine/robot_ws/install/pkg_rb10_apple:/opt/ros/humble CONDA_PROMPT_MODIFIER=(rb) /usr/bin/cmake --install /home/orientpine/robot_ws/build/interface_rb10_apple
