[1.748s] DEBUG:colcon:Command line arguments: ['/usr/bin/colcon', 'build', '--symlink-install']
[1.748s] DEBUG:colcon:Parsed command line arguments: Namespace(log_base=None, log_level=None, verb_name='build', build_base='build', install_base='install', merge_install=False, symlink_install=True, test_result_base=None, continue_on_error=False, executor='parallel', parallel_workers=12, event_handlers=None, ignore_user_meta=False, metas=['./colcon.meta'], base_paths=['.'], packages_ignore=None, packages_ignore_regex=None, paths=None, packages_up_to=None, packages_up_to_regex=None, packages_above=None, packages_above_and_dependencies=None, packages_above_depth=None, packages_select_by_dep=None, packages_skip_by_dep=None, packages_skip_up_to=None, packages_select_build_failed=False, packages_skip_build_finished=False, packages_select_test_failures=False, packages_skip_test_passed=False, packages_select=None, packages_skip=None, packages_select_regex=None, packages_skip_regex=None, packages_start=None, packages_end=None, allow_overriding=[], cmake_args=None, cmake_target=None, cmake_target_skip_unavailable=False, cmake_clean_cache=False, cmake_clean_first=False, cmake_force_configure=False, ament_cmake_args=None, catkin_cmake_args=None, catkin_skip_building_tests=False, verb_parser=<colcon_defaults.argument_parser.defaults.DefaultArgumentsDecorator object at 0x7f3a4fb8cbb0>, verb_extension=<colcon_core.verb.build.BuildVerb object at 0x7f3a4fb8d360>, main=<bound method BuildVerb.main of <colcon_core.verb.build.BuildVerb object at 0x7f3a4fb8d360>>)
[1.827s] Level 1:colcon.colcon_core.package_discovery:discover_packages(colcon_meta) check parameters
[1.827s] Level 1:colcon.colcon_core.package_discovery:discover_packages(recursive) check parameters
[1.827s] Level 1:colcon.colcon_core.package_discovery:discover_packages(ignore) check parameters
[1.827s] Level 1:colcon.colcon_core.package_discovery:discover_packages(path) check parameters
[1.827s] Level 1:colcon.colcon_core.package_discovery:discover_packages(colcon_meta) discover
[1.827s] Level 1:colcon.colcon_core.package_discovery:discover_packages(recursive) discover
[1.827s] INFO:colcon.colcon_core.package_discovery:Crawling recursively for packages in '/home/orientpine/robot_ws'
[1.827s] Level 1:colcon.colcon_core.package_identification:_identify(.) by extensions ['ignore', 'ignore_ament_install']
[1.828s] Level 1:colcon.colcon_core.package_identification:_identify(.) by extension 'ignore'
[1.828s] Level 1:colcon.colcon_core.package_identification:_identify(.) by extension 'ignore_ament_install'
[1.828s] Level 1:colcon.colcon_core.package_identification:_identify(.) by extensions ['colcon_pkg']
[1.828s] Level 1:colcon.colcon_core.package_identification:_identify(.) by extension 'colcon_pkg'
[1.828s] Level 1:colcon.colcon_core.package_identification:_identify(.) by extensions ['colcon_meta']
[1.828s] Level 1:colcon.colcon_core.package_identification:_identify(.) by extension 'colcon_meta'
[1.828s] Level 1:colcon.colcon_core.package_identification:_identify(.) by extensions ['ros']
[1.828s] Level 1:colcon.colcon_core.package_identification:_identify(.) by extension 'ros'
[1.846s] Level 1:colcon.colcon_core.package_identification:_identify(.) by extensions ['cmake', 'python']
[1.846s] Level 1:colcon.colcon_core.package_identification:_identify(.) by extension 'cmake'
[1.846s] Level 1:colcon.colcon_core.package_identification:_identify(.) by extension 'python'
[1.846s] Level 1:colcon.colcon_core.package_identification:_identify(.) by extensions ['python_setup_py']
[1.847s] Level 1:colcon.colcon_core.package_identification:_identify(.) by extension 'python_setup_py'
[1.847s] Level 1:colcon.colcon_core.package_identification:_identify(build) by extensions ['ignore', 'ignore_ament_install']
[1.847s] Level 1:colcon.colcon_core.package_identification:_identify(build) by extension 'ignore'
[1.847s] Level 1:colcon.colcon_core.package_identification:_identify(build) ignored
[1.847s] Level 1:colcon.colcon_core.package_identification:_identify(install) by extensions ['ignore', 'ignore_ament_install']
[1.847s] Level 1:colcon.colcon_core.package_identification:_identify(install) by extension 'ignore'
[1.847s] Level 1:colcon.colcon_core.package_identification:_identify(install) ignored
[1.848s] Level 1:colcon.colcon_core.package_identification:_identify(log) by extensions ['ignore', 'ignore_ament_install']
[1.848s] Level 1:colcon.colcon_core.package_identification:_identify(log) by extension 'ignore'
[1.848s] Level 1:colcon.colcon_core.package_identification:_identify(log) ignored
[1.848s] Level 1:colcon.colcon_core.package_identification:_identify(src) by extensions ['ignore', 'ignore_ament_install']
[1.848s] Level 1:colcon.colcon_core.package_identification:_identify(src) by extension 'ignore'
[1.848s] Level 1:colcon.colcon_core.package_identification:_identify(src) by extension 'ignore_ament_install'
[1.848s] Level 1:colcon.colcon_core.package_identification:_identify(src) by extensions ['colcon_pkg']
[1.848s] Level 1:colcon.colcon_core.package_identification:_identify(src) by extension 'colcon_pkg'
[1.848s] Level 1:colcon.colcon_core.package_identification:_identify(src) by extensions ['colcon_meta']
[1.848s] Level 1:colcon.colcon_core.package_identification:_identify(src) by extension 'colcon_meta'
[1.849s] Level 1:colcon.colcon_core.package_identification:_identify(src) by extensions ['ros']
[1.849s] Level 1:colcon.colcon_core.package_identification:_identify(src) by extension 'ros'
[1.849s] Level 1:colcon.colcon_core.package_identification:_identify(src) by extensions ['cmake', 'python']
[1.849s] Level 1:colcon.colcon_core.package_identification:_identify(src) by extension 'cmake'
[1.849s] Level 1:colcon.colcon_core.package_identification:_identify(src) by extension 'python'
[1.849s] Level 1:colcon.colcon_core.package_identification:_identify(src) by extensions ['python_setup_py']
[1.849s] Level 1:colcon.colcon_core.package_identification:_identify(src) by extension 'python_setup_py'
[1.849s] Level 1:colcon.colcon_core.package_identification:_identify(src/interface_rb10_apple) by extensions ['ignore', 'ignore_ament_install']
[1.849s] Level 1:colcon.colcon_core.package_identification:_identify(src/interface_rb10_apple) by extension 'ignore'
[1.849s] Level 1:colcon.colcon_core.package_identification:_identify(src/interface_rb10_apple) by extension 'ignore_ament_install'
[1.850s] Level 1:colcon.colcon_core.package_identification:_identify(src/interface_rb10_apple) by extensions ['colcon_pkg']
[1.850s] Level 1:colcon.colcon_core.package_identification:_identify(src/interface_rb10_apple) by extension 'colcon_pkg'
[1.850s] Level 1:colcon.colcon_core.package_identification:_identify(src/interface_rb10_apple) by extensions ['colcon_meta']
[1.850s] Level 1:colcon.colcon_core.package_identification:_identify(src/interface_rb10_apple) by extension 'colcon_meta'
[1.850s] Level 1:colcon.colcon_core.package_identification:_identify(src/interface_rb10_apple) by extensions ['ros']
[1.850s] Level 1:colcon.colcon_core.package_identification:_identify(src/interface_rb10_apple) by extension 'ros'
[1.854s] DEBUG:colcon.colcon_core.package_identification:Package 'src/interface_rb10_apple' with type 'ros.ament_cmake' and name 'interface_rb10_apple'
[1.854s] Level 1:colcon.colcon_core.package_identification:_identify(src/pkg_rb10_apple) by extensions ['ignore', 'ignore_ament_install']
[1.854s] Level 1:colcon.colcon_core.package_identification:_identify(src/pkg_rb10_apple) by extension 'ignore'
[1.854s] Level 1:colcon.colcon_core.package_identification:_identify(src/pkg_rb10_apple) by extension 'ignore_ament_install'
[1.854s] Level 1:colcon.colcon_core.package_identification:_identify(src/pkg_rb10_apple) by extensions ['colcon_pkg']
[1.854s] Level 1:colcon.colcon_core.package_identification:_identify(src/pkg_rb10_apple) by extension 'colcon_pkg'
[1.855s] Level 1:colcon.colcon_core.package_identification:_identify(src/pkg_rb10_apple) by extensions ['colcon_meta']
[1.855s] Level 1:colcon.colcon_core.package_identification:_identify(src/pkg_rb10_apple) by extension 'colcon_meta'
[1.855s] Level 1:colcon.colcon_core.package_identification:_identify(src/pkg_rb10_apple) by extensions ['ros']
[1.855s] Level 1:colcon.colcon_core.package_identification:_identify(src/pkg_rb10_apple) by extension 'ros'
[1.856s] DEBUG:colcon.colcon_core.package_identification:Package 'src/pkg_rb10_apple' with type 'ros.ament_python' and name 'pkg_rb10_apple'
[1.856s] Level 1:colcon.colcon_core.package_discovery:discover_packages(recursive) using defaults
[1.856s] Level 1:colcon.colcon_core.package_discovery:discover_packages(ignore) discover
[1.856s] Level 1:colcon.colcon_core.package_discovery:discover_packages(ignore) using defaults
[1.856s] Level 1:colcon.colcon_core.package_discovery:discover_packages(path) discover
[1.856s] Level 1:colcon.colcon_core.package_discovery:discover_packages(path) using defaults
[2.012s] Level 1:colcon.colcon_core.package_discovery:discover_packages(prefix_path) check parameters
[2.012s] Level 1:colcon.colcon_core.package_discovery:discover_packages(prefix_path) discover
[2.065s] DEBUG:colcon.colcon_installed_package_information.package_discovery:Found 2 installed packages in /home/orientpine/robot_ws/install
[2.092s] DEBUG:colcon.colcon_installed_package_information.package_discovery:Found 284 installed packages in /opt/ros/humble
[2.094s] Level 1:colcon.colcon_core.package_discovery:discover_packages(prefix_path) using defaults
[2.255s] Level 5:colcon.colcon_core.verb:set package 'interface_rb10_apple' build argument 'cmake_args' from command line to 'None'
[2.256s] Level 5:colcon.colcon_core.verb:set package 'interface_rb10_apple' build argument 'cmake_target' from command line to 'None'
[2.256s] Level 5:colcon.colcon_core.verb:set package 'interface_rb10_apple' build argument 'cmake_target_skip_unavailable' from command line to 'False'
[2.256s] Level 5:colcon.colcon_core.verb:set package 'interface_rb10_apple' build argument 'cmake_clean_cache' from command line to 'False'
[2.256s] Level 5:colcon.colcon_core.verb:set package 'interface_rb10_apple' build argument 'cmake_clean_first' from command line to 'False'
[2.256s] Level 5:colcon.colcon_core.verb:set package 'interface_rb10_apple' build argument 'cmake_force_configure' from command line to 'False'
[2.256s] Level 5:colcon.colcon_core.verb:set package 'interface_rb10_apple' build argument 'ament_cmake_args' from command line to 'None'
[2.256s] Level 5:colcon.colcon_core.verb:set package 'interface_rb10_apple' build argument 'catkin_cmake_args' from command line to 'None'
[2.256s] Level 5:colcon.colcon_core.verb:set package 'interface_rb10_apple' build argument 'catkin_skip_building_tests' from command line to 'False'
[2.256s] DEBUG:colcon.colcon_core.verb:Building package 'interface_rb10_apple' with the following arguments: {'ament_cmake_args': None, 'build_base': '/home/orientpine/robot_ws/build/interface_rb10_apple', 'catkin_cmake_args': None, 'catkin_skip_building_tests': False, 'cmake_args': None, 'cmake_clean_cache': False, 'cmake_clean_first': False, 'cmake_force_configure': False, 'cmake_target': None, 'cmake_target_skip_unavailable': False, 'install_base': '/home/orientpine/robot_ws/install/interface_rb10_apple', 'merge_install': False, 'path': '/home/orientpine/robot_ws/src/interface_rb10_apple', 'symlink_install': True, 'test_result_base': None}
[2.281s] Level 5:colcon.colcon_core.verb:set package 'pkg_rb10_apple' build argument 'cmake_args' from command line to 'None'
[2.281s] Level 5:colcon.colcon_core.verb:set package 'pkg_rb10_apple' build argument 'cmake_target' from command line to 'None'
[2.281s] Level 5:colcon.colcon_core.verb:set package 'pkg_rb10_apple' build argument 'cmake_target_skip_unavailable' from command line to 'False'
[2.281s] Level 5:colcon.colcon_core.verb:set package 'pkg_rb10_apple' build argument 'cmake_clean_cache' from command line to 'False'
[2.281s] Level 5:colcon.colcon_core.verb:set package 'pkg_rb10_apple' build argument 'cmake_clean_first' from command line to 'False'
[2.281s] Level 5:colcon.colcon_core.verb:set package 'pkg_rb10_apple' build argument 'cmake_force_configure' from command line to 'False'
[2.281s] Level 5:colcon.colcon_core.verb:set package 'pkg_rb10_apple' build argument 'ament_cmake_args' from command line to 'None'
[2.281s] Level 5:colcon.colcon_core.verb:set package 'pkg_rb10_apple' build argument 'catkin_cmake_args' from command line to 'None'
[2.281s] Level 5:colcon.colcon_core.verb:set package 'pkg_rb10_apple' build argument 'catkin_skip_building_tests' from command line to 'False'
[2.281s] DEBUG:colcon.colcon_core.verb:Building package 'pkg_rb10_apple' with the following arguments: {'ament_cmake_args': None, 'build_base': '/home/orientpine/robot_ws/build/pkg_rb10_apple', 'catkin_cmake_args': None, 'catkin_skip_building_tests': False, 'cmake_args': None, 'cmake_clean_cache': False, 'cmake_clean_first': False, 'cmake_force_configure': False, 'cmake_target': None, 'cmake_target_skip_unavailable': False, 'install_base': '/home/orientpine/robot_ws/install/pkg_rb10_apple', 'merge_install': False, 'path': '/home/orientpine/robot_ws/src/pkg_rb10_apple', 'symlink_install': True, 'test_result_base': None}
[2.311s] INFO:colcon.colcon_core.executor:Executing jobs using 'parallel' executor
[2.340s] DEBUG:colcon.colcon_parallel_executor.executor.parallel:run_until_complete
[2.341s] INFO:colcon.colcon_ros.task.ament_cmake.build:Building ROS package in '/home/orientpine/robot_ws/src/interface_rb10_apple' with build type 'ament_cmake'
[2.341s] INFO:colcon.colcon_cmake.task.cmake.build:Building CMake package in '/home/orientpine/robot_ws/src/interface_rb10_apple'
[2.371s] INFO:colcon.colcon_core.plugin_system:Skipping extension 'colcon_core.shell.bat': Not used on non-Windows systems
[2.371s] INFO:colcon.colcon_core.shell:Skip shell extension 'powershell' for command environment: Not usable outside of PowerShell
[2.371s] DEBUG:colcon.colcon_core.shell:Skip shell extension 'dsv' for command environment
[2.467s] DEBUG:colcon.colcon_core.event_handler.log_command:Invoking command in '/home/orientpine/robot_ws/build/interface_rb10_apple': CMAKE_PREFIX_PATH=${CMAKE_PREFIX_PATH}:/home/orientpine/robot_ws/install/pkg_rb10_apple:/opt/ros/humble /usr/bin/cmake --build /home/orientpine/robot_ws/build/interface_rb10_apple -- -j12 -l12
[3.012s] DEBUG:colcon.colcon_core.event_handler.log_command:Invoked command in '/home/orientpine/robot_ws/build/interface_rb10_apple' returned '0': CMAKE_PREFIX_PATH=${CMAKE_PREFIX_PATH}:/home/orientpine/robot_ws/install/pkg_rb10_apple:/opt/ros/humble /usr/bin/cmake --build /home/orientpine/robot_ws/build/interface_rb10_apple -- -j12 -l12
[3.353s] DEBUG:colcon.colcon_core.event_handler.log_command:Invoking command in '/home/orientpine/robot_ws/build/interface_rb10_apple': CMAKE_PREFIX_PATH=${CMAKE_PREFIX_PATH}:/home/orientpine/robot_ws/install/pkg_rb10_apple:/opt/ros/humble /usr/bin/cmake --install /home/orientpine/robot_ws/build/interface_rb10_apple
[3.503s] Level 1:colcon.colcon_core.environment:create_environment_scripts_only(interface_rb10_apple)
[3.504s] DEBUG:colcon.colcon_core.event_handler.log_command:Invoked command in '/home/orientpine/robot_ws/build/interface_rb10_apple' returned '0': CMAKE_PREFIX_PATH=${CMAKE_PREFIX_PATH}:/home/orientpine/robot_ws/install/pkg_rb10_apple:/opt/ros/humble /usr/bin/cmake --install /home/orientpine/robot_ws/build/interface_rb10_apple
[3.534s] Level 1:colcon.colcon_core.environment:checking '/home/orientpine/robot_ws/install/interface_rb10_apple' for CMake module files
[3.535s] Level 1:colcon.colcon_core.environment:checking '/home/orientpine/robot_ws/install/interface_rb10_apple' for CMake config files
[3.536s] Level 1:colcon.colcon_core.shell:create_environment_hook('interface_rb10_apple', 'cmake_prefix_path')
[3.563s] INFO:colcon.colcon_core.shell:Creating environment hook '/home/orientpine/robot_ws/install/interface_rb10_apple/share/interface_rb10_apple/hook/cmake_prefix_path.ps1'
[3.563s] INFO:colcon.colcon_core.shell:Creating environment descriptor '/home/orientpine/robot_ws/install/interface_rb10_apple/share/interface_rb10_apple/hook/cmake_prefix_path.dsv'
[3.564s] INFO:colcon.colcon_core.shell:Creating environment hook '/home/orientpine/robot_ws/install/interface_rb10_apple/share/interface_rb10_apple/hook/cmake_prefix_path.sh'
[3.565s] Level 1:colcon.colcon_core.environment:checking '/home/orientpine/robot_ws/install/interface_rb10_apple/lib'
[3.566s] Level 1:colcon.colcon_core.shell:create_environment_hook('interface_rb10_apple', 'ld_library_path_lib')
[3.591s] INFO:colcon.colcon_core.shell:Creating environment hook '/home/orientpine/robot_ws/install/interface_rb10_apple/share/interface_rb10_apple/hook/ld_library_path_lib.ps1'
[3.592s] INFO:colcon.colcon_core.shell:Creating environment descriptor '/home/orientpine/robot_ws/install/interface_rb10_apple/share/interface_rb10_apple/hook/ld_library_path_lib.dsv'
[3.593s] INFO:colcon.colcon_core.shell:Creating environment hook '/home/orientpine/robot_ws/install/interface_rb10_apple/share/interface_rb10_apple/hook/ld_library_path_lib.sh'
[3.593s] Level 1:colcon.colcon_core.environment:checking '/home/orientpine/robot_ws/install/interface_rb10_apple/bin'
[3.593s] Level 1:colcon.colcon_core.environment:checking '/home/orientpine/robot_ws/install/interface_rb10_apple/lib/pkgconfig/interface_rb10_apple.pc'
[3.594s] Level 1:colcon.colcon_core.environment:checking '/home/orientpine/robot_ws/install/interface_rb10_apple/lib/python3.10/site-packages'
[3.594s] Level 1:colcon.colcon_core.shell:create_environment_hook('interface_rb10_apple', 'pythonpath')
[3.625s] INFO:colcon.colcon_core.shell:Creating environment hook '/home/orientpine/robot_ws/install/interface_rb10_apple/share/interface_rb10_apple/hook/pythonpath.ps1'
[3.625s] INFO:colcon.colcon_core.shell:Creating environment descriptor '/home/orientpine/robot_ws/install/interface_rb10_apple/share/interface_rb10_apple/hook/pythonpath.dsv'
[3.626s] INFO:colcon.colcon_core.shell:Creating environment hook '/home/orientpine/robot_ws/install/interface_rb10_apple/share/interface_rb10_apple/hook/pythonpath.sh'
[3.627s] Level 1:colcon.colcon_core.environment:checking '/home/orientpine/robot_ws/install/interface_rb10_apple/bin'
[3.652s] INFO:colcon.colcon_core.shell:Creating package script '/home/orientpine/robot_ws/install/interface_rb10_apple/share/interface_rb10_apple/package.ps1'
[3.654s] INFO:colcon.colcon_core.shell:Creating package descriptor '/home/orientpine/robot_ws/install/interface_rb10_apple/share/interface_rb10_apple/package.dsv'
[3.655s] INFO:colcon.colcon_core.shell:Creating package script '/home/orientpine/robot_ws/install/interface_rb10_apple/share/interface_rb10_apple/package.sh'
[3.656s] INFO:colcon.colcon_core.shell:Creating package script '/home/orientpine/robot_ws/install/interface_rb10_apple/share/interface_rb10_apple/package.bash'
[3.657s] INFO:colcon.colcon_core.shell:Creating package script '/home/orientpine/robot_ws/install/interface_rb10_apple/share/interface_rb10_apple/package.zsh'
[3.658s] Level 1:colcon.colcon_core.environment:create_file_with_runtime_dependencies(/home/orientpine/robot_ws/install/interface_rb10_apple/share/colcon-core/packages/interface_rb10_apple)
[4.011s] Level 1:colcon.colcon_core.environment:create_environment_scripts_only(interface_rb10_apple)
[4.036s] Level 1:colcon.colcon_core.environment:checking '/home/orientpine/robot_ws/install/interface_rb10_apple' for CMake module files
[4.037s] Level 1:colcon.colcon_core.environment:checking '/home/orientpine/robot_ws/install/interface_rb10_apple' for CMake config files
[4.038s] Level 1:colcon.colcon_core.shell:create_environment_hook('interface_rb10_apple', 'cmake_prefix_path')
[4.083s] INFO:colcon.colcon_core.shell:Creating environment hook '/home/orientpine/robot_ws/install/interface_rb10_apple/share/interface_rb10_apple/hook/cmake_prefix_path.ps1'
[4.084s] INFO:colcon.colcon_core.shell:Creating environment descriptor '/home/orientpine/robot_ws/install/interface_rb10_apple/share/interface_rb10_apple/hook/cmake_prefix_path.dsv'
[4.084s] INFO:colcon.colcon_core.shell:Creating environment hook '/home/orientpine/robot_ws/install/interface_rb10_apple/share/interface_rb10_apple/hook/cmake_prefix_path.sh'
[4.085s] Level 1:colcon.colcon_core.environment:checking '/home/orientpine/robot_ws/install/interface_rb10_apple/lib'
[4.085s] Level 1:colcon.colcon_core.shell:create_environment_hook('interface_rb10_apple', 'ld_library_path_lib')
[4.111s] INFO:colcon.colcon_core.shell:Creating environment hook '/home/orientpine/robot_ws/install/interface_rb10_apple/share/interface_rb10_apple/hook/ld_library_path_lib.ps1'
[4.111s] INFO:colcon.colcon_core.shell:Creating environment descriptor '/home/orientpine/robot_ws/install/interface_rb10_apple/share/interface_rb10_apple/hook/ld_library_path_lib.dsv'
[4.112s] INFO:colcon.colcon_core.shell:Creating environment hook '/home/orientpine/robot_ws/install/interface_rb10_apple/share/interface_rb10_apple/hook/ld_library_path_lib.sh'
[4.112s] Level 1:colcon.colcon_core.environment:checking '/home/orientpine/robot_ws/install/interface_rb10_apple/bin'
[4.113s] Level 1:colcon.colcon_core.environment:checking '/home/orientpine/robot_ws/install/interface_rb10_apple/lib/pkgconfig/interface_rb10_apple.pc'
[4.113s] Level 1:colcon.colcon_core.environment:checking '/home/orientpine/robot_ws/install/interface_rb10_apple/lib/python3.10/site-packages'
[4.113s] Level 1:colcon.colcon_core.shell:create_environment_hook('interface_rb10_apple', 'pythonpath')
[4.138s] INFO:colcon.colcon_core.shell:Creating environment hook '/home/orientpine/robot_ws/install/interface_rb10_apple/share/interface_rb10_apple/hook/pythonpath.ps1'
[4.138s] INFO:colcon.colcon_core.shell:Creating environment descriptor '/home/orientpine/robot_ws/install/interface_rb10_apple/share/interface_rb10_apple/hook/pythonpath.dsv'
[4.139s] INFO:colcon.colcon_core.shell:Creating environment hook '/home/orientpine/robot_ws/install/interface_rb10_apple/share/interface_rb10_apple/hook/pythonpath.sh'
[4.140s] Level 1:colcon.colcon_core.environment:checking '/home/orientpine/robot_ws/install/interface_rb10_apple/bin'
[4.173s] INFO:colcon.colcon_core.shell:Creating package script '/home/orientpine/robot_ws/install/interface_rb10_apple/share/interface_rb10_apple/package.ps1'
[4.174s] INFO:colcon.colcon_core.shell:Creating package descriptor '/home/orientpine/robot_ws/install/interface_rb10_apple/share/interface_rb10_apple/package.dsv'
[4.175s] INFO:colcon.colcon_core.shell:Creating package script '/home/orientpine/robot_ws/install/interface_rb10_apple/share/interface_rb10_apple/package.sh'
[4.175s] INFO:colcon.colcon_core.shell:Creating package script '/home/orientpine/robot_ws/install/interface_rb10_apple/share/interface_rb10_apple/package.bash'
[4.176s] INFO:colcon.colcon_core.shell:Creating package script '/home/orientpine/robot_ws/install/interface_rb10_apple/share/interface_rb10_apple/package.zsh'
[4.177s] Level 1:colcon.colcon_core.environment:create_file_with_runtime_dependencies(/home/orientpine/robot_ws/install/interface_rb10_apple/share/colcon-core/packages/interface_rb10_apple)
[4.177s] INFO:colcon.colcon_ros.task.ament_python.build:Building ROS package in '/home/orientpine/robot_ws/src/pkg_rb10_apple' with build type 'ament_python'
[4.178s] Level 1:colcon.colcon_core.shell:create_environment_hook('pkg_rb10_apple', 'ament_prefix_path')
[4.205s] INFO:colcon.colcon_core.shell:Creating environment hook '/home/orientpine/robot_ws/install/pkg_rb10_apple/share/pkg_rb10_apple/hook/ament_prefix_path.ps1'
[4.205s] INFO:colcon.colcon_core.shell:Creating environment descriptor '/home/orientpine/robot_ws/install/pkg_rb10_apple/share/pkg_rb10_apple/hook/ament_prefix_path.dsv'
[4.206s] INFO:colcon.colcon_core.shell:Creating environment hook '/home/orientpine/robot_ws/install/pkg_rb10_apple/share/pkg_rb10_apple/hook/ament_prefix_path.sh'
[4.232s] INFO:colcon.colcon_core.shell:Skip shell extension 'powershell' for command environment: Not usable outside of PowerShell
[4.232s] DEBUG:colcon.colcon_core.shell:Skip shell extension 'dsv' for command environment
[4.785s] INFO:colcon.colcon_core.task.python.build:Building Python package in '/home/orientpine/robot_ws/src/pkg_rb10_apple'
[4.811s] INFO:colcon.colcon_core.shell:Skip shell extension 'powershell' for command environment: Not usable outside of PowerShell
[4.811s] DEBUG:colcon.colcon_core.shell:Skip shell extension 'dsv' for command environment
[5.476s] DEBUG:colcon.colcon_core.event_handler.log_command:Invoking command in '/home/orientpine/robot_ws/build/pkg_rb10_apple': PYTHONPATH=/home/orientpine/robot_ws/build/pkg_rb10_apple/prefix_override:/home/orientpine/robot_ws/install/pkg_rb10_apple/lib/python3.10/site-packages:/home/orientpine/robot_ws/install/interface_rb10_apple/lib/python3.10/site-packages:/home/orientpine/robot_ws/build/pkg_rb10_apple:/home/orientpine/robot_ws/install/pkg_rb10_apple/lib/python3.10/site-packages:/opt/ros/humble/lib/python3.10/site-packages:/opt/ros/humble/local/lib/python3.10/dist-packages /usr/bin/python3 setup.py develop --editable --build-directory /home/orientpine/robot_ws/build/pkg_rb10_apple/build --no-deps install_data
[6.275s] Level 1:colcon.colcon_core.shell:create_environment_hook('pkg_rb10_apple', 'pythonpath_develop')
[6.276s] DEBUG:colcon.colcon_core.event_handler.log_command:Invoked command in '/home/orientpine/robot_ws/build/pkg_rb10_apple' returned '0': PYTHONPATH=/home/orientpine/robot_ws/build/pkg_rb10_apple/prefix_override:/home/orientpine/robot_ws/install/pkg_rb10_apple/lib/python3.10/site-packages:/home/orientpine/robot_ws/install/interface_rb10_apple/lib/python3.10/site-packages:/home/orientpine/robot_ws/build/pkg_rb10_apple:/home/orientpine/robot_ws/install/pkg_rb10_apple/lib/python3.10/site-packages:/opt/ros/humble/lib/python3.10/site-packages:/opt/ros/humble/local/lib/python3.10/dist-packages /usr/bin/python3 setup.py develop --editable --build-directory /home/orientpine/robot_ws/build/pkg_rb10_apple/build --no-deps install_data
[6.302s] INFO:colcon.colcon_core.shell:Creating environment hook '/home/orientpine/robot_ws/build/pkg_rb10_apple/share/pkg_rb10_apple/hook/pythonpath_develop.ps1'
[6.303s] INFO:colcon.colcon_core.shell:Creating environment descriptor '/home/orientpine/robot_ws/build/pkg_rb10_apple/share/pkg_rb10_apple/hook/pythonpath_develop.dsv'
[6.303s] INFO:colcon.colcon_core.shell:Creating environment hook '/home/orientpine/robot_ws/build/pkg_rb10_apple/share/pkg_rb10_apple/hook/pythonpath_develop.sh'
[6.330s] Level 1:colcon.colcon_core.environment:checking '/home/orientpine/robot_ws/install/pkg_rb10_apple' for CMake module files
[6.330s] Level 1:colcon.colcon_core.environment:checking '/home/orientpine/robot_ws/install/pkg_rb10_apple' for CMake config files
[6.331s] Level 1:colcon.colcon_core.environment:checking '/home/orientpine/robot_ws/install/pkg_rb10_apple/lib'
[6.331s] Level 1:colcon.colcon_core.environment:checking '/home/orientpine/robot_ws/install/pkg_rb10_apple/bin'
[6.331s] Level 1:colcon.colcon_core.environment:checking '/home/orientpine/robot_ws/install/pkg_rb10_apple/lib/pkgconfig/pkg_rb10_apple.pc'
[6.332s] Level 1:colcon.colcon_core.environment:checking '/home/orientpine/robot_ws/install/pkg_rb10_apple/lib/python3.10/site-packages'
[6.332s] Level 1:colcon.colcon_core.shell:create_environment_hook('pkg_rb10_apple', 'pythonpath')
[6.360s] INFO:colcon.colcon_core.shell:Creating environment hook '/home/orientpine/robot_ws/install/pkg_rb10_apple/share/pkg_rb10_apple/hook/pythonpath.ps1'
[6.361s] INFO:colcon.colcon_core.shell:Creating environment descriptor '/home/orientpine/robot_ws/install/pkg_rb10_apple/share/pkg_rb10_apple/hook/pythonpath.dsv'
[6.361s] INFO:colcon.colcon_core.shell:Creating environment hook '/home/orientpine/robot_ws/install/pkg_rb10_apple/share/pkg_rb10_apple/hook/pythonpath.sh'
[6.362s] Level 1:colcon.colcon_core.environment:checking '/home/orientpine/robot_ws/install/pkg_rb10_apple/bin'
[6.362s] Level 1:colcon.colcon_core.environment:create_environment_scripts_only(pkg_rb10_apple)
[6.388s] INFO:colcon.colcon_core.shell:Creating package script '/home/orientpine/robot_ws/install/pkg_rb10_apple/share/pkg_rb10_apple/package.ps1'
[6.389s] INFO:colcon.colcon_core.shell:Creating package descriptor '/home/orientpine/robot_ws/install/pkg_rb10_apple/share/pkg_rb10_apple/package.dsv'
[6.389s] INFO:colcon.colcon_core.shell:Creating package script '/home/orientpine/robot_ws/install/pkg_rb10_apple/share/pkg_rb10_apple/package.sh'
[6.390s] INFO:colcon.colcon_core.shell:Creating package script '/home/orientpine/robot_ws/install/pkg_rb10_apple/share/pkg_rb10_apple/package.bash'
[6.391s] INFO:colcon.colcon_core.shell:Creating package script '/home/orientpine/robot_ws/install/pkg_rb10_apple/share/pkg_rb10_apple/package.zsh'
[6.391s] Level 1:colcon.colcon_core.environment:create_file_with_runtime_dependencies(/home/orientpine/robot_ws/install/pkg_rb10_apple/share/colcon-core/packages/pkg_rb10_apple)
[6.392s] DEBUG:colcon.colcon_parallel_executor.executor.parallel:closing loop
[6.392s] DEBUG:colcon.colcon_parallel_executor.executor.parallel:loop closed
[6.392s] DEBUG:colcon.colcon_parallel_executor.executor.parallel:run_until_complete finished with '0'
[6.392s] DEBUG:colcon.colcon_core.event_reactor:joining thread
[6.435s] INFO:colcon.colcon_core.plugin_system:Skipping extension 'colcon_notification.desktop_notification.terminal_notifier': Not used on non-Darwin systems
[6.435s] INFO:colcon.colcon_core.plugin_system:Skipping extension 'colcon_notification.desktop_notification.win32': Not used on non-Windows systems
[6.435s] INFO:colcon.colcon_notification.desktop_notification:Sending desktop notification using 'notify2'
[6.453s] DEBUG:colcon.colcon_core.event_reactor:joined thread
[6.479s] INFO:colcon.colcon_core.shell:Creating prefix script '/home/orientpine/robot_ws/install/local_setup.ps1'
[6.481s] INFO:colcon.colcon_core.shell:Creating prefix util module '/home/orientpine/robot_ws/install/_local_setup_util_ps1.py'
[6.483s] INFO:colcon.colcon_core.shell:Creating prefix chain script '/home/orientpine/robot_ws/install/setup.ps1'
[6.510s] INFO:colcon.colcon_core.shell:Creating prefix script '/home/orientpine/robot_ws/install/local_setup.sh'
[6.511s] INFO:colcon.colcon_core.shell:Creating prefix util module '/home/orientpine/robot_ws/install/_local_setup_util_sh.py'
[6.512s] INFO:colcon.colcon_core.shell:Creating prefix chain script '/home/orientpine/robot_ws/install/setup.sh'
[6.539s] INFO:colcon.colcon_core.shell:Creating prefix script '/home/orientpine/robot_ws/install/local_setup.bash'
[6.540s] INFO:colcon.colcon_core.shell:Creating prefix chain script '/home/orientpine/robot_ws/install/setup.bash'
[6.569s] INFO:colcon.colcon_core.shell:Creating prefix script '/home/orientpine/robot_ws/install/local_setup.zsh'
[6.569s] INFO:colcon.colcon_core.shell:Creating prefix chain script '/home/orientpine/robot_ws/install/setup.zsh'
