-- The C compiler identification is GNU 11.4.0
-- The CXX compiler identification is GNU 11.4.0
-- Detecting C compiler ABI info
-- Detecting C compiler ABI info - done
-- Check for working C compiler: /usr/bin/cc - skipped
-- Detecting C compile features
-- Detecting C compile features - done
-- Detecting CXX compiler ABI info
-- Detecting CXX compiler ABI info - done
-- Check for working CXX compiler: /usr/bin/c++ - skipped
-- Detecting CXX compile features
-- Detecting CXX compile features - done
-- Found ament_cmake: 1.3.6 (/opt/ros/humble/share/ament_cmake/cmake)
-- Found Python3: /home/orientpine/miniconda3/envs/rb/bin/python3.10 (found version "3.10.0") found components: Interpreter 
-- Override CMake install command with custom implementation using symlinks instead of copying resources
-- Found builtin_interfaces: 1.2.1 (/opt/ros/humble/share/builtin_interfaces/cmake)
-- Found rosidl_generator_c: 3.1.5 (/opt/ros/humble/share/rosidl_generator_c/cmake)
-- Found rosidl_adapter: 3.1.5 (/opt/ros/humble/share/rosidl_adapter/cmake)
-- Found rosidl_generator_cpp: 3.1.5 (/opt/ros/humble/share/rosidl_generator_cpp/cmake)
-- Using all available rosidl_typesupport_c: rosidl_typesupport_fastrtps_c;rosidl_typesupport_introspection_c
-- Using all available rosidl_typesupport_cpp: rosidl_typesupport_fastrtps_cpp;rosidl_typesupport_introspection_cpp
-- Found rosidl_default_generators: 1.2.0 (/opt/ros/humble/share/rosidl_default_generators/cmake)
-- Found ament_cmake_ros: 0.10.0 (/opt/ros/humble/share/ament_cmake_ros/cmake)
-- Using all available rosidl_typesupport_c: rosidl_typesupport_fastrtps_c;rosidl_typesupport_introspection_c
-- Using all available rosidl_typesupport_cpp: rosidl_typesupport_fastrtps_cpp;rosidl_typesupport_introspection_cpp
-- Found PythonInterp: /home/orientpine/miniconda3/envs/rb/bin/python3 (found suitable version "3.10", minimum required is "3.6") 
-- Found python_cmake_module: 0.10.0 (/opt/ros/humble/share/python_cmake_module/cmake)
-- Found PythonLibs: /home/orientpine/miniconda3/envs/rb/lib/libpython3.10.so (found suitable version "3.10.0", minimum required is "3.5") 
-- Using PYTHON_EXECUTABLE: /home/orientpine/miniconda3/envs/rb/bin/python3
-- Using PYTHON_INCLUDE_DIRS: /home/orientpine/miniconda3/envs/rb/include/python3.10
-- Using PYTHON_LIBRARIES: /home/orientpine/miniconda3/envs/rb/lib/libpython3.10.so
-- Found PythonExtra: .so  
-- Using numpy include directory: /home/orientpine/miniconda3/envs/rb/lib/python3.10/site-packages/numpy/core/include
-- Configuring done
-- Generating done
-- Build files have been written to: /home/orientpine/robot_ws/build/interface_rb10_apple
[  1%] [34m[1mGenerating C code for ROS interfaces[0m
[  2%] [34m[1mGenerating C++ code for ROS interfaces[0m
[  2%] Built target ament_cmake_python_symlink_interface_rb10_apple
running egg_info
creating interface_rb10_apple.egg-info
writing interface_rb10_apple.egg-info/PKG-INFO
writing dependency_links to interface_rb10_apple.egg-info/dependency_links.txt
writing top-level names to interface_rb10_apple.egg-info/top_level.txt
writing manifest file 'interface_rb10_apple.egg-info/SOURCES.txt'
reading manifest file 'interface_rb10_apple.egg-info/SOURCES.txt'
writing manifest file 'interface_rb10_apple.egg-info/SOURCES.txt'
[  2%] Built target ament_cmake_python_build_interface_rb10_apple_egg
[  2%] Built target interface_rb10_apple__cpp
[  3%] [34m[1mGenerating C++ type support dispatch for ROS interfaces[0m
[  5%] [34m[1mGenerating C++ type support for eProsima Fast-RTPS[0m
[  6%] [34m[1mGenerating C++ introspection for ROS interfaces[0m
[  7%] [32mBuilding C object CMakeFiles/interface_rb10_apple__rosidl_generator_c.dir/rosidl_generator_c/interface_rb10_apple/msg/detail/robot_joint_position__functions.c.o[0m
[  8%] [32mBuilding C object CMakeFiles/interface_rb10_apple__rosidl_generator_c.dir/rosidl_generator_c/interface_rb10_apple/action/detail/robot_joint_control__functions.c.o[0m
[ 10%] [32mBuilding C object CMakeFiles/interface_rb10_apple__rosidl_generator_c.dir/rosidl_generator_c/interface_rb10_apple/action/detail/robot_mode_control__functions.c.o[0m
[ 11%] [32mBuilding C object CMakeFiles/interface_rb10_apple__rosidl_generator_c.dir/rosidl_generator_c/interface_rb10_apple/msg/detail/robot_tcp_pose__functions.c.o[0m
[ 12%] [32mBuilding C object CMakeFiles/interface_rb10_apple__rosidl_generator_c.dir/rosidl_generator_c/interface_rb10_apple/action/detail/robot_tracking_control__functions.c.o[0m
[ 15%] [32mBuilding C object CMakeFiles/interface_rb10_apple__rosidl_generator_c.dir/rosidl_generator_c/interface_rb10_apple/action/detail/robot_tcp_control__functions.c.o[0m
[ 15%] [32mBuilding C object CMakeFiles/interface_rb10_apple__rosidl_generator_c.dir/rosidl_generator_c/interface_rb10_apple/srv/detail/robot_connect_control__functions.c.o[0m
[ 16%] [32m[1mLinking C shared library libinterface_rb10_apple__rosidl_generator_c.so[0m
[ 16%] Built target interface_rb10_apple__rosidl_generator_c
[ 17%] [34m[1mGenerating C type support for eProsima Fast-RTPS[0m
[ 18%] [34m[1mGenerating C type support dispatch for ROS interfaces[0m
[ 20%] [34m[1mGenerating C introspection for ROS interfaces[0m
[ 21%] [32mBuilding CXX object CMakeFiles/interface_rb10_apple__rosidl_typesupport_cpp.dir/rosidl_typesupport_cpp/interface_rb10_apple/msg/robot_joint_position__type_support.cpp.o[0m
[ 22%] [32mBuilding CXX object CMakeFiles/interface_rb10_apple__rosidl_typesupport_cpp.dir/rosidl_typesupport_cpp/interface_rb10_apple/action/robot_tracking_control__type_support.cpp.o[0m
[ 24%] [32mBuilding CXX object CMakeFiles/interface_rb10_apple__rosidl_typesupport_cpp.dir/rosidl_typesupport_cpp/interface_rb10_apple/action/robot_joint_control__type_support.cpp.o[0m
[ 25%] [32mBuilding CXX object CMakeFiles/interface_rb10_apple__rosidl_typesupport_cpp.dir/rosidl_typesupport_cpp/interface_rb10_apple/srv/robot_connect_control__type_support.cpp.o[0m
[ 27%] [32mBuilding CXX object CMakeFiles/interface_rb10_apple__rosidl_typesupport_cpp.dir/rosidl_typesupport_cpp/interface_rb10_apple/action/robot_mode_control__type_support.cpp.o[0m
[ 27%] [32mBuilding CXX object CMakeFiles/interface_rb10_apple__rosidl_typesupport_cpp.dir/rosidl_typesupport_cpp/interface_rb10_apple/msg/robot_tcp_pose__type_support.cpp.o[0m
[ 29%] [32mBuilding CXX object CMakeFiles/interface_rb10_apple__rosidl_typesupport_cpp.dir/rosidl_typesupport_cpp/interface_rb10_apple/action/robot_tcp_control__type_support.cpp.o[0m
[ 30%] [32mBuilding CXX object CMakeFiles/interface_rb10_apple__rosidl_typesupport_c.dir/rosidl_typesupport_c/interface_rb10_apple/msg/robot_joint_position__type_support.cpp.o[0m
[ 31%] [32mBuilding CXX object CMakeFiles/interface_rb10_apple__rosidl_typesupport_c.dir/rosidl_typesupport_c/interface_rb10_apple/srv/robot_connect_control__type_support.cpp.o[0m
[ 32%] [32mBuilding CXX object CMakeFiles/interface_rb10_apple__rosidl_typesupport_c.dir/rosidl_typesupport_c/interface_rb10_apple/msg/robot_tcp_pose__type_support.cpp.o[0m
[ 34%] [32mBuilding CXX object CMakeFiles/interface_rb10_apple__rosidl_typesupport_c.dir/rosidl_typesupport_c/interface_rb10_apple/action/robot_joint_control__type_support.cpp.o[0m
[ 35%] [32mBuilding CXX object CMakeFiles/interface_rb10_apple__rosidl_typesupport_c.dir/rosidl_typesupport_c/interface_rb10_apple/action/robot_mode_control__type_support.cpp.o[0m
[ 36%] [32mBuilding CXX object CMakeFiles/interface_rb10_apple__rosidl_typesupport_c.dir/rosidl_typesupport_c/interface_rb10_apple/action/robot_tracking_control__type_support.cpp.o[0m
[ 37%] [32mBuilding CXX object CMakeFiles/interface_rb10_apple__rosidl_typesupport_c.dir/rosidl_typesupport_c/interface_rb10_apple/action/robot_tcp_control__type_support.cpp.o[0m
[ 39%] [32mBuilding CXX object CMakeFiles/interface_rb10_apple__rosidl_typesupport_introspection_cpp.dir/rosidl_typesupport_introspection_cpp/interface_rb10_apple/msg/detail/robot_joint_position__type_support.cpp.o[0m
[ 40%] [32mBuilding CXX object CMakeFiles/interface_rb10_apple__rosidl_typesupport_introspection_cpp.dir/rosidl_typesupport_introspection_cpp/interface_rb10_apple/msg/detail/robot_tcp_pose__type_support.cpp.o[0m
[ 41%] [32mBuilding CXX object CMakeFiles/interface_rb10_apple__rosidl_typesupport_introspection_cpp.dir/rosidl_typesupport_introspection_cpp/interface_rb10_apple/srv/detail/robot_connect_control__type_support.cpp.o[0m
[ 43%] [32mBuilding CXX object CMakeFiles/interface_rb10_apple__rosidl_typesupport_introspection_cpp.dir/rosidl_typesupport_introspection_cpp/interface_rb10_apple/action/detail/robot_tracking_control__type_support.cpp.o[0m
[ 44%] [32mBuilding CXX object CMakeFiles/interface_rb10_apple__rosidl_typesupport_introspection_cpp.dir/rosidl_typesupport_introspection_cpp/interface_rb10_apple/action/detail/robot_mode_control__type_support.cpp.o[0m
[ 45%] [32mBuilding CXX object CMakeFiles/interface_rb10_apple__rosidl_typesupport_introspection_cpp.dir/rosidl_typesupport_introspection_cpp/interface_rb10_apple/action/detail/robot_joint_control__type_support.cpp.o[0m
[ 46%] [32mBuilding CXX object CMakeFiles/interface_rb10_apple__rosidl_typesupport_introspection_cpp.dir/rosidl_typesupport_introspection_cpp/interface_rb10_apple/action/detail/robot_tcp_control__type_support.cpp.o[0m
[ 48%] [32m[1mLinking CXX shared library libinterface_rb10_apple__rosidl_typesupport_cpp.so[0m
[ 49%] [32m[1mLinking CXX shared library libinterface_rb10_apple__rosidl_typesupport_c.so[0m
[ 49%] Built target interface_rb10_apple__rosidl_typesupport_cpp
[ 49%] Built target interface_rb10_apple__rosidl_typesupport_c
[ 50%] [32mBuilding CXX object CMakeFiles/interface_rb10_apple__rosidl_typesupport_fastrtps_cpp.dir/rosidl_typesupport_fastrtps_cpp/interface_rb10_apple/msg/detail/dds_fastrtps/robot_joint_position__type_support.cpp.o[0m
[ 53%] [32mBuilding CXX object CMakeFiles/interface_rb10_apple__rosidl_typesupport_fastrtps_cpp.dir/rosidl_typesupport_fastrtps_cpp/interface_rb10_apple/msg/detail/dds_fastrtps/robot_tcp_pose__type_support.cpp.o[0m
[ 53%] [32mBuilding CXX object CMakeFiles/interface_rb10_apple__rosidl_typesupport_fastrtps_cpp.dir/rosidl_typesupport_fastrtps_cpp/interface_rb10_apple/srv/detail/dds_fastrtps/robot_connect_control__type_support.cpp.o[0m
[ 54%] [32mBuilding CXX object CMakeFiles/interface_rb10_apple__rosidl_typesupport_fastrtps_cpp.dir/rosidl_typesupport_fastrtps_cpp/interface_rb10_apple/action/detail/dds_fastrtps/robot_tracking_control__type_support.cpp.o[0m
[ 55%] [32mBuilding CXX object CMakeFiles/interface_rb10_apple__rosidl_typesupport_fastrtps_cpp.dir/rosidl_typesupport_fastrtps_cpp/interface_rb10_apple/action/detail/dds_fastrtps/robot_joint_control__type_support.cpp.o[0m
[ 56%] [32mBuilding CXX object CMakeFiles/interface_rb10_apple__rosidl_typesupport_fastrtps_cpp.dir/rosidl_typesupport_fastrtps_cpp/interface_rb10_apple/action/detail/dds_fastrtps/robot_mode_control__type_support.cpp.o[0m
[ 58%] [32mBuilding C object CMakeFiles/interface_rb10_apple__rosidl_typesupport_introspection_c.dir/rosidl_typesupport_introspection_c/interface_rb10_apple/msg/detail/robot_joint_position__type_support.c.o[0m
[ 59%] [32mBuilding C object CMakeFiles/interface_rb10_apple__rosidl_typesupport_introspection_c.dir/rosidl_typesupport_introspection_c/interface_rb10_apple/msg/detail/robot_tcp_pose__type_support.c.o[0m
[ 60%] [32mBuilding C object CMakeFiles/interface_rb10_apple__rosidl_typesupport_introspection_c.dir/rosidl_typesupport_introspection_c/interface_rb10_apple/srv/detail/robot_connect_control__type_support.c.o[0m
[ 62%] [32mBuilding CXX object CMakeFiles/interface_rb10_apple__rosidl_typesupport_fastrtps_cpp.dir/rosidl_typesupport_fastrtps_cpp/interface_rb10_apple/action/detail/dds_fastrtps/robot_tcp_control__type_support.cpp.o[0m
[ 63%] [32mBuilding C object CMakeFiles/interface_rb10_apple__rosidl_typesupport_introspection_c.dir/rosidl_typesupport_introspection_c/interface_rb10_apple/action/detail/robot_tracking_control__type_support.c.o[0m
[ 64%] [32mBuilding C object CMakeFiles/interface_rb10_apple__rosidl_typesupport_introspection_c.dir/rosidl_typesupport_introspection_c/interface_rb10_apple/action/detail/robot_joint_control__type_support.c.o[0m
[ 67%] [32m[1mLinking CXX shared library libinterface_rb10_apple__rosidl_typesupport_introspection_cpp.so[0m
[ 67%] [32mBuilding C object CMakeFiles/interface_rb10_apple__rosidl_typesupport_introspection_c.dir/rosidl_typesupport_introspection_c/interface_rb10_apple/action/detail/robot_mode_control__type_support.c.o[0m
[ 68%] [32mBuilding CXX object CMakeFiles/interface_rb10_apple__rosidl_typesupport_fastrtps_c.dir/rosidl_typesupport_fastrtps_c/interface_rb10_apple/msg/detail/robot_joint_position__type_support_c.cpp.o[0m
[ 69%] [32mBuilding C object CMakeFiles/interface_rb10_apple__rosidl_typesupport_introspection_c.dir/rosidl_typesupport_introspection_c/interface_rb10_apple/action/detail/robot_tcp_control__type_support.c.o[0m
[ 70%] [32mBuilding CXX object CMakeFiles/interface_rb10_apple__rosidl_typesupport_fastrtps_c.dir/rosidl_typesupport_fastrtps_c/interface_rb10_apple/srv/detail/robot_connect_control__type_support_c.cpp.o[0m
[ 72%] [32m[1mLinking C shared library libinterface_rb10_apple__rosidl_typesupport_introspection_c.so[0m
[ 73%] [32mBuilding CXX object CMakeFiles/interface_rb10_apple__rosidl_typesupport_fastrtps_c.dir/rosidl_typesupport_fastrtps_c/interface_rb10_apple/action/detail/robot_joint_control__type_support_c.cpp.o[0m
[ 74%] [32mBuilding CXX object CMakeFiles/interface_rb10_apple__rosidl_typesupport_fastrtps_c.dir/rosidl_typesupport_fastrtps_c/interface_rb10_apple/msg/detail/robot_tcp_pose__type_support_c.cpp.o[0m
[ 75%] [32mBuilding CXX object CMakeFiles/interface_rb10_apple__rosidl_typesupport_fastrtps_c.dir/rosidl_typesupport_fastrtps_c/interface_rb10_apple/action/detail/robot_tracking_control__type_support_c.cpp.o[0m
[ 75%] Built target interface_rb10_apple__rosidl_typesupport_introspection_c
[ 77%] [32mBuilding CXX object CMakeFiles/interface_rb10_apple__rosidl_typesupport_fastrtps_c.dir/rosidl_typesupport_fastrtps_c/interface_rb10_apple/action/detail/robot_mode_control__type_support_c.cpp.o[0m
[ 77%] Built target interface_rb10_apple__rosidl_typesupport_introspection_cpp
[ 78%] [32mBuilding CXX object CMakeFiles/interface_rb10_apple__rosidl_typesupport_fastrtps_c.dir/rosidl_typesupport_fastrtps_c/interface_rb10_apple/action/detail/robot_tcp_control__type_support_c.cpp.o[0m
[ 79%] [32m[1mLinking CXX shared library libinterface_rb10_apple__rosidl_typesupport_fastrtps_cpp.so[0m
[ 81%] [32m[1mLinking CXX shared library libinterface_rb10_apple__rosidl_typesupport_fastrtps_c.so[0m
[ 81%] Built target interface_rb10_apple__rosidl_typesupport_fastrtps_cpp
[ 81%] Built target interface_rb10_apple__rosidl_typesupport_fastrtps_c
[ 81%] Built target interface_rb10_apple
[ 82%] [34m[1mGenerating Python code for ROS interfaces[0m
[ 82%] Built target interface_rb10_apple__py
[ 83%] [32mBuilding C object CMakeFiles/interface_rb10_apple__rosidl_generator_py.dir/rosidl_generator_py/interface_rb10_apple/msg/_robot_tcp_pose_s.c.o[0m
[ 84%] [32mBuilding C object CMakeFiles/interface_rb10_apple__rosidl_generator_py.dir/rosidl_generator_py/interface_rb10_apple/srv/_robot_connect_control_s.c.o[0m
[ 86%] [32mBuilding C object CMakeFiles/interface_rb10_apple__rosidl_generator_py.dir/rosidl_generator_py/interface_rb10_apple/msg/_robot_joint_position_s.c.o[0m
[ 88%] [32mBuilding C object CMakeFiles/interface_rb10_apple__rosidl_generator_py.dir/rosidl_generator_py/interface_rb10_apple/action/_robot_tracking_control_s.c.o[0m
[ 88%] [32mBuilding C object CMakeFiles/interface_rb10_apple__rosidl_generator_py.dir/rosidl_generator_py/interface_rb10_apple/action/_robot_mode_control_s.c.o[0m
[ 89%] [32mBuilding C object CMakeFiles/interface_rb10_apple__rosidl_generator_py.dir/rosidl_generator_py/interface_rb10_apple/action/_robot_joint_control_s.c.o[0m
[ 91%] [32mBuilding C object CMakeFiles/interface_rb10_apple__rosidl_generator_py.dir/rosidl_generator_py/interface_rb10_apple/action/_robot_tcp_control_s.c.o[0m
[ 92%] [32m[1mLinking C shared library rosidl_generator_py/interface_rb10_apple/libinterface_rb10_apple__rosidl_generator_py.so[0m
[ 92%] Built target interface_rb10_apple__rosidl_generator_py
[ 93%] [32mBuilding C object CMakeFiles/interface_rb10_apple__rosidl_typesupport_introspection_c__pyext.dir/rosidl_generator_py/interface_rb10_apple/_interface_rb10_apple_s.ep.rosidl_typesupport_introspection_c.c.o[0m
[ 96%] [32mBuilding C object CMakeFiles/interface_rb10_apple__rosidl_typesupport_fastrtps_c__pyext.dir/rosidl_generator_py/interface_rb10_apple/_interface_rb10_apple_s.ep.rosidl_typesupport_fastrtps_c.c.o[0m
[ 96%] [32mBuilding C object CMakeFiles/interface_rb10_apple__rosidl_typesupport_c__pyext.dir/rosidl_generator_py/interface_rb10_apple/_interface_rb10_apple_s.ep.rosidl_typesupport_c.c.o[0m
[ 98%] [32m[1mLinking C shared library rosidl_generator_py/interface_rb10_apple/interface_rb10_apple_s__rosidl_typesupport_fastrtps_c.cpython-310-x86_64-linux-gnu.so[0m
[ 98%] [32m[1mLinking C shared library rosidl_generator_py/interface_rb10_apple/interface_rb10_apple_s__rosidl_typesupport_c.cpython-310-x86_64-linux-gnu.so[0m
[100%] [32m[1mLinking C shared library rosidl_generator_py/interface_rb10_apple/interface_rb10_apple_s__rosidl_typesupport_introspection_c.cpython-310-x86_64-linux-gnu.so[0m
[100%] Built target interface_rb10_apple__rosidl_typesupport_c__pyext
[100%] Built target interface_rb10_apple__rosidl_typesupport_fastrtps_c__pyext
[100%] Built target interface_rb10_apple__rosidl_typesupport_introspection_c__pyext
-- Install configuration: ""
-- Execute custom install script
-- Symlinking: /home/orientpine/robot_ws/install/interface_rb10_apple/share/ament_index/resource_index/rosidl_interfaces/interface_rb10_apple
-- Symlinking: /home/orientpine/robot_ws/install/interface_rb10_apple/include/interface_rb10_apple/interface_rb10_apple/action/detail/robot_joint_control__functions.h
-- Symlinking: /home/orientpine/robot_ws/install/interface_rb10_apple/include/interface_rb10_apple/interface_rb10_apple/action/detail/robot_joint_control__struct.h
-- Symlinking: /home/orientpine/robot_ws/install/interface_rb10_apple/include/interface_rb10_apple/interface_rb10_apple/action/detail/robot_joint_control__type_support.h
-- Symlinking: /home/orientpine/robot_ws/install/interface_rb10_apple/include/interface_rb10_apple/interface_rb10_apple/action/detail/robot_mode_control__functions.h
-- Symlinking: /home/orientpine/robot_ws/install/interface_rb10_apple/include/interface_rb10_apple/interface_rb10_apple/action/detail/robot_mode_control__struct.h
-- Symlinking: /home/orientpine/robot_ws/install/interface_rb10_apple/include/interface_rb10_apple/interface_rb10_apple/action/detail/robot_mode_control__type_support.h
-- Symlinking: /home/orientpine/robot_ws/install/interface_rb10_apple/include/interface_rb10_apple/interface_rb10_apple/action/detail/robot_tcp_control__functions.h
-- Symlinking: /home/orientpine/robot_ws/install/interface_rb10_apple/include/interface_rb10_apple/interface_rb10_apple/action/detail/robot_tcp_control__struct.h
-- Symlinking: /home/orientpine/robot_ws/install/interface_rb10_apple/include/interface_rb10_apple/interface_rb10_apple/action/detail/robot_tcp_control__type_support.h
-- Symlinking: /home/orientpine/robot_ws/install/interface_rb10_apple/include/interface_rb10_apple/interface_rb10_apple/action/detail/robot_tracking_control__functions.h
-- Symlinking: /home/orientpine/robot_ws/install/interface_rb10_apple/include/interface_rb10_apple/interface_rb10_apple/action/detail/robot_tracking_control__struct.h
-- Symlinking: /home/orientpine/robot_ws/install/interface_rb10_apple/include/interface_rb10_apple/interface_rb10_apple/action/detail/robot_tracking_control__type_support.h
-- Symlinking: /home/orientpine/robot_ws/install/interface_rb10_apple/include/interface_rb10_apple/interface_rb10_apple/action/robot_joint_control.h
-- Symlinking: /home/orientpine/robot_ws/install/interface_rb10_apple/include/interface_rb10_apple/interface_rb10_apple/action/robot_mode_control.h
-- Symlinking: /home/orientpine/robot_ws/install/interface_rb10_apple/include/interface_rb10_apple/interface_rb10_apple/action/robot_tcp_control.h
-- Symlinking: /home/orientpine/robot_ws/install/interface_rb10_apple/include/interface_rb10_apple/interface_rb10_apple/action/robot_tracking_control.h
-- Symlinking: /home/orientpine/robot_ws/install/interface_rb10_apple/include/interface_rb10_apple/interface_rb10_apple/msg/detail/robot_joint_position__functions.h
-- Symlinking: /home/orientpine/robot_ws/install/interface_rb10_apple/include/interface_rb10_apple/interface_rb10_apple/msg/detail/robot_joint_position__struct.h
-- Symlinking: /home/orientpine/robot_ws/install/interface_rb10_apple/include/interface_rb10_apple/interface_rb10_apple/msg/detail/robot_joint_position__type_support.h
-- Symlinking: /home/orientpine/robot_ws/install/interface_rb10_apple/include/interface_rb10_apple/interface_rb10_apple/msg/detail/robot_tcp_pose__functions.h
-- Symlinking: /home/orientpine/robot_ws/install/interface_rb10_apple/include/interface_rb10_apple/interface_rb10_apple/msg/detail/robot_tcp_pose__struct.h
-- Symlinking: /home/orientpine/robot_ws/install/interface_rb10_apple/include/interface_rb10_apple/interface_rb10_apple/msg/detail/robot_tcp_pose__type_support.h
-- Symlinking: /home/orientpine/robot_ws/install/interface_rb10_apple/include/interface_rb10_apple/interface_rb10_apple/msg/robot_joint_position.h
-- Symlinking: /home/orientpine/robot_ws/install/interface_rb10_apple/include/interface_rb10_apple/interface_rb10_apple/msg/robot_tcp_pose.h
-- Symlinking: /home/orientpine/robot_ws/install/interface_rb10_apple/include/interface_rb10_apple/interface_rb10_apple/msg/rosidl_generator_c__visibility_control.h
-- Symlinking: /home/orientpine/robot_ws/install/interface_rb10_apple/include/interface_rb10_apple/interface_rb10_apple/srv/detail/robot_connect_control__functions.h
-- Symlinking: /home/orientpine/robot_ws/install/interface_rb10_apple/include/interface_rb10_apple/interface_rb10_apple/srv/detail/robot_connect_control__struct.h
-- Symlinking: /home/orientpine/robot_ws/install/interface_rb10_apple/include/interface_rb10_apple/interface_rb10_apple/srv/detail/robot_connect_control__type_support.h
-- Symlinking: /home/orientpine/robot_ws/install/interface_rb10_apple/include/interface_rb10_apple/interface_rb10_apple/srv/robot_connect_control.h
-- Symlinking: /home/orientpine/robot_ws/install/interface_rb10_apple/share/interface_rb10_apple/environment/library_path.sh
-- Symlinking: /home/orientpine/robot_ws/install/interface_rb10_apple/share/interface_rb10_apple/environment/library_path.dsv
-- Symlinking: /home/orientpine/robot_ws/install/interface_rb10_apple/include/interface_rb10_apple/interface_rb10_apple/action/detail/robot_joint_control__rosidl_typesupport_fastrtps_c.h
-- Symlinking: /home/orientpine/robot_ws/install/interface_rb10_apple/include/interface_rb10_apple/interface_rb10_apple/action/detail/robot_mode_control__rosidl_typesupport_fastrtps_c.h
-- Symlinking: /home/orientpine/robot_ws/install/interface_rb10_apple/include/interface_rb10_apple/interface_rb10_apple/action/detail/robot_tcp_control__rosidl_typesupport_fastrtps_c.h
-- Symlinking: /home/orientpine/robot_ws/install/interface_rb10_apple/include/interface_rb10_apple/interface_rb10_apple/action/detail/robot_tracking_control__rosidl_typesupport_fastrtps_c.h
-- Symlinking: /home/orientpine/robot_ws/install/interface_rb10_apple/include/interface_rb10_apple/interface_rb10_apple/msg/detail/robot_joint_position__rosidl_typesupport_fastrtps_c.h
-- Symlinking: /home/orientpine/robot_ws/install/interface_rb10_apple/include/interface_rb10_apple/interface_rb10_apple/msg/detail/robot_tcp_pose__rosidl_typesupport_fastrtps_c.h
-- Symlinking: /home/orientpine/robot_ws/install/interface_rb10_apple/include/interface_rb10_apple/interface_rb10_apple/msg/rosidl_typesupport_fastrtps_c__visibility_control.h
-- Symlinking: /home/orientpine/robot_ws/install/interface_rb10_apple/include/interface_rb10_apple/interface_rb10_apple/srv/detail/robot_connect_control__rosidl_typesupport_fastrtps_c.h
-- Symlinking: /home/orientpine/robot_ws/install/interface_rb10_apple/include/interface_rb10_apple/interface_rb10_apple/action/detail/robot_joint_control__builder.hpp
-- Symlinking: /home/orientpine/robot_ws/install/interface_rb10_apple/include/interface_rb10_apple/interface_rb10_apple/action/detail/robot_joint_control__struct.hpp
-- Symlinking: /home/orientpine/robot_ws/install/interface_rb10_apple/include/interface_rb10_apple/interface_rb10_apple/action/detail/robot_joint_control__traits.hpp
-- Symlinking: /home/orientpine/robot_ws/install/interface_rb10_apple/include/interface_rb10_apple/interface_rb10_apple/action/detail/robot_mode_control__builder.hpp
-- Symlinking: /home/orientpine/robot_ws/install/interface_rb10_apple/include/interface_rb10_apple/interface_rb10_apple/action/detail/robot_mode_control__struct.hpp
-- Symlinking: /home/orientpine/robot_ws/install/interface_rb10_apple/include/interface_rb10_apple/interface_rb10_apple/action/detail/robot_mode_control__traits.hpp
-- Symlinking: /home/orientpine/robot_ws/install/interface_rb10_apple/include/interface_rb10_apple/interface_rb10_apple/action/detail/robot_tcp_control__builder.hpp
-- Symlinking: /home/orientpine/robot_ws/install/interface_rb10_apple/include/interface_rb10_apple/interface_rb10_apple/action/detail/robot_tcp_control__struct.hpp
-- Symlinking: /home/orientpine/robot_ws/install/interface_rb10_apple/include/interface_rb10_apple/interface_rb10_apple/action/detail/robot_tcp_control__traits.hpp
-- Symlinking: /home/orientpine/robot_ws/install/interface_rb10_apple/include/interface_rb10_apple/interface_rb10_apple/action/detail/robot_tracking_control__builder.hpp
-- Symlinking: /home/orientpine/robot_ws/install/interface_rb10_apple/include/interface_rb10_apple/interface_rb10_apple/action/detail/robot_tracking_control__struct.hpp
-- Symlinking: /home/orientpine/robot_ws/install/interface_rb10_apple/include/interface_rb10_apple/interface_rb10_apple/action/detail/robot_tracking_control__traits.hpp
-- Symlinking: /home/orientpine/robot_ws/install/interface_rb10_apple/include/interface_rb10_apple/interface_rb10_apple/action/robot_joint_control.hpp
-- Symlinking: /home/orientpine/robot_ws/install/interface_rb10_apple/include/interface_rb10_apple/interface_rb10_apple/action/robot_mode_control.hpp
-- Symlinking: /home/orientpine/robot_ws/install/interface_rb10_apple/include/interface_rb10_apple/interface_rb10_apple/action/robot_tcp_control.hpp
-- Symlinking: /home/orientpine/robot_ws/install/interface_rb10_apple/include/interface_rb10_apple/interface_rb10_apple/action/robot_tracking_control.hpp
-- Symlinking: /home/orientpine/robot_ws/install/interface_rb10_apple/include/interface_rb10_apple/interface_rb10_apple/msg/detail/robot_joint_position__builder.hpp
-- Symlinking: /home/orientpine/robot_ws/install/interface_rb10_apple/include/interface_rb10_apple/interface_rb10_apple/msg/detail/robot_joint_position__struct.hpp
-- Symlinking: /home/orientpine/robot_ws/install/interface_rb10_apple/include/interface_rb10_apple/interface_rb10_apple/msg/detail/robot_joint_position__traits.hpp
-- Symlinking: /home/orientpine/robot_ws/install/interface_rb10_apple/include/interface_rb10_apple/interface_rb10_apple/msg/detail/robot_tcp_pose__builder.hpp
-- Symlinking: /home/orientpine/robot_ws/install/interface_rb10_apple/include/interface_rb10_apple/interface_rb10_apple/msg/detail/robot_tcp_pose__struct.hpp
-- Symlinking: /home/orientpine/robot_ws/install/interface_rb10_apple/include/interface_rb10_apple/interface_rb10_apple/msg/detail/robot_tcp_pose__traits.hpp
-- Symlinking: /home/orientpine/robot_ws/install/interface_rb10_apple/include/interface_rb10_apple/interface_rb10_apple/msg/robot_joint_position.hpp
-- Symlinking: /home/orientpine/robot_ws/install/interface_rb10_apple/include/interface_rb10_apple/interface_rb10_apple/msg/robot_tcp_pose.hpp
-- Symlinking: /home/orientpine/robot_ws/install/interface_rb10_apple/include/interface_rb10_apple/interface_rb10_apple/srv/detail/robot_connect_control__builder.hpp
-- Symlinking: /home/orientpine/robot_ws/install/interface_rb10_apple/include/interface_rb10_apple/interface_rb10_apple/srv/detail/robot_connect_control__struct.hpp
-- Symlinking: /home/orientpine/robot_ws/install/interface_rb10_apple/include/interface_rb10_apple/interface_rb10_apple/srv/detail/robot_connect_control__traits.hpp
-- Symlinking: /home/orientpine/robot_ws/install/interface_rb10_apple/include/interface_rb10_apple/interface_rb10_apple/srv/robot_connect_control.hpp
-- Symlinking: /home/orientpine/robot_ws/install/interface_rb10_apple/include/interface_rb10_apple/interface_rb10_apple/action/detail/robot_joint_control__rosidl_typesupport_fastrtps_cpp.hpp
-- Symlinking: /home/orientpine/robot_ws/install/interface_rb10_apple/include/interface_rb10_apple/interface_rb10_apple/action/detail/robot_mode_control__rosidl_typesupport_fastrtps_cpp.hpp
-- Symlinking: /home/orientpine/robot_ws/install/interface_rb10_apple/include/interface_rb10_apple/interface_rb10_apple/action/detail/robot_tcp_control__rosidl_typesupport_fastrtps_cpp.hpp
-- Symlinking: /home/orientpine/robot_ws/install/interface_rb10_apple/include/interface_rb10_apple/interface_rb10_apple/action/detail/robot_tracking_control__rosidl_typesupport_fastrtps_cpp.hpp
-- Symlinking: /home/orientpine/robot_ws/install/interface_rb10_apple/include/interface_rb10_apple/interface_rb10_apple/msg/detail/robot_joint_position__rosidl_typesupport_fastrtps_cpp.hpp
-- Symlinking: /home/orientpine/robot_ws/install/interface_rb10_apple/include/interface_rb10_apple/interface_rb10_apple/msg/detail/robot_tcp_pose__rosidl_typesupport_fastrtps_cpp.hpp
-- Symlinking: /home/orientpine/robot_ws/install/interface_rb10_apple/include/interface_rb10_apple/interface_rb10_apple/msg/rosidl_typesupport_fastrtps_cpp__visibility_control.h
-- Symlinking: /home/orientpine/robot_ws/install/interface_rb10_apple/include/interface_rb10_apple/interface_rb10_apple/srv/detail/robot_connect_control__rosidl_typesupport_fastrtps_cpp.hpp
-- Symlinking: /home/orientpine/robot_ws/install/interface_rb10_apple/include/interface_rb10_apple/interface_rb10_apple/action/detail/robot_joint_control__rosidl_typesupport_introspection_c.h
-- Symlinking: /home/orientpine/robot_ws/install/interface_rb10_apple/include/interface_rb10_apple/interface_rb10_apple/action/detail/robot_mode_control__rosidl_typesupport_introspection_c.h
-- Symlinking: /home/orientpine/robot_ws/install/interface_rb10_apple/include/interface_rb10_apple/interface_rb10_apple/action/detail/robot_tcp_control__rosidl_typesupport_introspection_c.h
-- Symlinking: /home/orientpine/robot_ws/install/interface_rb10_apple/include/interface_rb10_apple/interface_rb10_apple/action/detail/robot_tracking_control__rosidl_typesupport_introspection_c.h
-- Symlinking: /home/orientpine/robot_ws/install/interface_rb10_apple/include/interface_rb10_apple/interface_rb10_apple/msg/detail/robot_joint_position__rosidl_typesupport_introspection_c.h
-- Symlinking: /home/orientpine/robot_ws/install/interface_rb10_apple/include/interface_rb10_apple/interface_rb10_apple/msg/detail/robot_tcp_pose__rosidl_typesupport_introspection_c.h
-- Symlinking: /home/orientpine/robot_ws/install/interface_rb10_apple/include/interface_rb10_apple/interface_rb10_apple/msg/rosidl_typesupport_introspection_c__visibility_control.h
-- Symlinking: /home/orientpine/robot_ws/install/interface_rb10_apple/include/interface_rb10_apple/interface_rb10_apple/srv/detail/robot_connect_control__rosidl_typesupport_introspection_c.h
-- Symlinking: /home/orientpine/robot_ws/install/interface_rb10_apple/include/interface_rb10_apple/interface_rb10_apple/action/detail/robot_joint_control__rosidl_typesupport_introspection_cpp.hpp
-- Symlinking: /home/orientpine/robot_ws/install/interface_rb10_apple/include/interface_rb10_apple/interface_rb10_apple/action/detail/robot_mode_control__rosidl_typesupport_introspection_cpp.hpp
-- Symlinking: /home/orientpine/robot_ws/install/interface_rb10_apple/include/interface_rb10_apple/interface_rb10_apple/action/detail/robot_tcp_control__rosidl_typesupport_introspection_cpp.hpp
-- Symlinking: /home/orientpine/robot_ws/install/interface_rb10_apple/include/interface_rb10_apple/interface_rb10_apple/action/detail/robot_tracking_control__rosidl_typesupport_introspection_cpp.hpp
-- Symlinking: /home/orientpine/robot_ws/install/interface_rb10_apple/include/interface_rb10_apple/interface_rb10_apple/msg/detail/robot_joint_position__rosidl_typesupport_introspection_cpp.hpp
-- Symlinking: /home/orientpine/robot_ws/install/interface_rb10_apple/include/interface_rb10_apple/interface_rb10_apple/msg/detail/robot_tcp_pose__rosidl_typesupport_introspection_cpp.hpp
-- Symlinking: /home/orientpine/robot_ws/install/interface_rb10_apple/include/interface_rb10_apple/interface_rb10_apple/srv/detail/robot_connect_control__rosidl_typesupport_introspection_cpp.hpp
-- Symlinking: /home/orientpine/robot_ws/install/interface_rb10_apple/share/interface_rb10_apple/environment/pythonpath.sh
-- Symlinking: /home/orientpine/robot_ws/install/interface_rb10_apple/share/interface_rb10_apple/environment/pythonpath.dsv
-- Symlinking: /home/orientpine/robot_ws/install/interface_rb10_apple/lib/python3.10/site-packages/interface_rb10_apple-0.0.0-py3.10.egg-info/PKG-INFO
-- Symlinking: /home/orientpine/robot_ws/install/interface_rb10_apple/lib/python3.10/site-packages/interface_rb10_apple-0.0.0-py3.10.egg-info/SOURCES.txt
-- Symlinking: /home/orientpine/robot_ws/install/interface_rb10_apple/lib/python3.10/site-packages/interface_rb10_apple-0.0.0-py3.10.egg-info/dependency_links.txt
-- Symlinking: /home/orientpine/robot_ws/install/interface_rb10_apple/lib/python3.10/site-packages/interface_rb10_apple-0.0.0-py3.10.egg-info/top_level.txt
-- Symlinking: /home/orientpine/robot_ws/install/interface_rb10_apple/lib/python3.10/site-packages/interface_rb10_apple/__init__.py
-- Symlinking: /home/orientpine/robot_ws/install/interface_rb10_apple/lib/python3.10/site-packages/interface_rb10_apple/_interface_rb10_apple_s.ep.rosidl_typesupport_c.c
-- Symlinking: /home/orientpine/robot_ws/install/interface_rb10_apple/lib/python3.10/site-packages/interface_rb10_apple/_interface_rb10_apple_s.ep.rosidl_typesupport_fastrtps_c.c
-- Symlinking: /home/orientpine/robot_ws/install/interface_rb10_apple/lib/python3.10/site-packages/interface_rb10_apple/_interface_rb10_apple_s.ep.rosidl_typesupport_introspection_c.c
-- Symlinking: /home/orientpine/robot_ws/install/interface_rb10_apple/lib/python3.10/site-packages/interface_rb10_apple/action/__init__.py
-- Symlinking: /home/orientpine/robot_ws/install/interface_rb10_apple/lib/python3.10/site-packages/interface_rb10_apple/action/_robot_joint_control.py
-- Symlinking: /home/orientpine/robot_ws/install/interface_rb10_apple/lib/python3.10/site-packages/interface_rb10_apple/action/_robot_joint_control_s.c
-- Symlinking: /home/orientpine/robot_ws/install/interface_rb10_apple/lib/python3.10/site-packages/interface_rb10_apple/action/_robot_mode_control.py
-- Symlinking: /home/orientpine/robot_ws/install/interface_rb10_apple/lib/python3.10/site-packages/interface_rb10_apple/action/_robot_mode_control_s.c
-- Symlinking: /home/orientpine/robot_ws/install/interface_rb10_apple/lib/python3.10/site-packages/interface_rb10_apple/action/_robot_tcp_control.py
-- Symlinking: /home/orientpine/robot_ws/install/interface_rb10_apple/lib/python3.10/site-packages/interface_rb10_apple/action/_robot_tcp_control_s.c
-- Symlinking: /home/orientpine/robot_ws/install/interface_rb10_apple/lib/python3.10/site-packages/interface_rb10_apple/action/_robot_tracking_control.py
-- Symlinking: /home/orientpine/robot_ws/install/interface_rb10_apple/lib/python3.10/site-packages/interface_rb10_apple/action/_robot_tracking_control_s.c
-- Symlinking: /home/orientpine/robot_ws/install/interface_rb10_apple/lib/python3.10/site-packages/interface_rb10_apple/interface_rb10_apple_s__rosidl_typesupport_c.cpython-310-x86_64-linux-gnu.so
-- Symlinking: /home/orientpine/robot_ws/install/interface_rb10_apple/lib/python3.10/site-packages/interface_rb10_apple/interface_rb10_apple_s__rosidl_typesupport_fastrtps_c.cpython-310-x86_64-linux-gnu.so
-- Symlinking: /home/orientpine/robot_ws/install/interface_rb10_apple/lib/python3.10/site-packages/interface_rb10_apple/interface_rb10_apple_s__rosidl_typesupport_introspection_c.cpython-310-x86_64-linux-gnu.so
-- Symlinking: /home/orientpine/robot_ws/install/interface_rb10_apple/lib/python3.10/site-packages/interface_rb10_apple/libinterface_rb10_apple__rosidl_generator_py.so
-- Symlinking: /home/orientpine/robot_ws/install/interface_rb10_apple/lib/python3.10/site-packages/interface_rb10_apple/msg/__init__.py
-- Symlinking: /home/orientpine/robot_ws/install/interface_rb10_apple/lib/python3.10/site-packages/interface_rb10_apple/msg/_robot_joint_position.py
-- Symlinking: /home/orientpine/robot_ws/install/interface_rb10_apple/lib/python3.10/site-packages/interface_rb10_apple/msg/_robot_joint_position_s.c
-- Symlinking: /home/orientpine/robot_ws/install/interface_rb10_apple/lib/python3.10/site-packages/interface_rb10_apple/msg/_robot_tcp_pose.py
-- Symlinking: /home/orientpine/robot_ws/install/interface_rb10_apple/lib/python3.10/site-packages/interface_rb10_apple/msg/_robot_tcp_pose_s.c
-- Symlinking: /home/orientpine/robot_ws/install/interface_rb10_apple/lib/python3.10/site-packages/interface_rb10_apple/srv/__init__.py
-- Symlinking: /home/orientpine/robot_ws/install/interface_rb10_apple/lib/python3.10/site-packages/interface_rb10_apple/srv/_robot_connect_control.py
-- Symlinking: /home/orientpine/robot_ws/install/interface_rb10_apple/lib/python3.10/site-packages/interface_rb10_apple/srv/_robot_connect_control_s.c
-- Up-to-date symlink: /home/orientpine/robot_ws/install/interface_rb10_apple/lib/python3.10/site-packages/interface_rb10_apple/interface_rb10_apple_s__rosidl_typesupport_fastrtps_c.cpython-310-x86_64-linux-gnu.so
-- Up-to-date symlink: /home/orientpine/robot_ws/install/interface_rb10_apple/lib/python3.10/site-packages/interface_rb10_apple/interface_rb10_apple_s__rosidl_typesupport_introspection_c.cpython-310-x86_64-linux-gnu.so
-- Up-to-date symlink: /home/orientpine/robot_ws/install/interface_rb10_apple/lib/python3.10/site-packages/interface_rb10_apple/interface_rb10_apple_s__rosidl_typesupport_c.cpython-310-x86_64-linux-gnu.so
-- Symlinking: /home/orientpine/robot_ws/install/interface_rb10_apple/share/interface_rb10_apple/msg/RobotJointPosition.idl
-- Symlinking: /home/orientpine/robot_ws/install/interface_rb10_apple/share/interface_rb10_apple/msg/RobotTcpPose.idl
-- Symlinking: /home/orientpine/robot_ws/install/interface_rb10_apple/share/interface_rb10_apple/srv/RobotConnectControl.idl
-- Symlinking: /home/orientpine/robot_ws/install/interface_rb10_apple/share/interface_rb10_apple/action/RobotTrackingControl.idl
-- Symlinking: /home/orientpine/robot_ws/install/interface_rb10_apple/share/interface_rb10_apple/action/RobotJointControl.idl
-- Symlinking: /home/orientpine/robot_ws/install/interface_rb10_apple/share/interface_rb10_apple/action/RobotModeControl.idl
-- Symlinking: /home/orientpine/robot_ws/install/interface_rb10_apple/share/interface_rb10_apple/action/RobotTcpControl.idl
-- Symlinking: /home/orientpine/robot_ws/install/interface_rb10_apple/share/interface_rb10_apple/msg/RobotJointPosition.msg
-- Symlinking: /home/orientpine/robot_ws/install/interface_rb10_apple/share/interface_rb10_apple/msg/RobotTcpPose.msg
-- Symlinking: /home/orientpine/robot_ws/install/interface_rb10_apple/share/interface_rb10_apple/srv/RobotConnectControl.srv
-- Symlinking: /home/orientpine/robot_ws/install/interface_rb10_apple/share/interface_rb10_apple/srv/RobotConnectControl_Request.msg
-- Symlinking: /home/orientpine/robot_ws/install/interface_rb10_apple/share/interface_rb10_apple/srv/RobotConnectControl_Response.msg
-- Symlinking: /home/orientpine/robot_ws/install/interface_rb10_apple/share/interface_rb10_apple/action/RobotTrackingControl.action
-- Symlinking: /home/orientpine/robot_ws/install/interface_rb10_apple/share/interface_rb10_apple/action/RobotJointControl.action
-- Symlinking: /home/orientpine/robot_ws/install/interface_rb10_apple/share/interface_rb10_apple/action/RobotModeControl.action
-- Symlinking: /home/orientpine/robot_ws/install/interface_rb10_apple/share/interface_rb10_apple/action/RobotTcpControl.action
-- Symlinking: /home/orientpine/robot_ws/install/interface_rb10_apple/share/ament_index/resource_index/package_run_dependencies/interface_rb10_apple
-- Symlinking: /home/orientpine/robot_ws/install/interface_rb10_apple/share/ament_index/resource_index/parent_prefix_path/interface_rb10_apple
-- Symlinking: /home/orientpine/robot_ws/install/interface_rb10_apple/share/interface_rb10_apple/environment/ament_prefix_path.sh
-- Symlinking: /home/orientpine/robot_ws/install/interface_rb10_apple/share/interface_rb10_apple/environment/ament_prefix_path.dsv
-- Symlinking: /home/orientpine/robot_ws/install/interface_rb10_apple/share/interface_rb10_apple/environment/path.sh
-- Symlinking: /home/orientpine/robot_ws/install/interface_rb10_apple/share/interface_rb10_apple/environment/path.dsv
-- Symlinking: /home/orientpine/robot_ws/install/interface_rb10_apple/share/interface_rb10_apple/local_setup.bash
-- Symlinking: /home/orientpine/robot_ws/install/interface_rb10_apple/share/interface_rb10_apple/local_setup.sh
-- Symlinking: /home/orientpine/robot_ws/install/interface_rb10_apple/share/interface_rb10_apple/local_setup.zsh
-- Symlinking: /home/orientpine/robot_ws/install/interface_rb10_apple/share/interface_rb10_apple/local_setup.dsv
-- Symlinking: /home/orientpine/robot_ws/install/interface_rb10_apple/share/interface_rb10_apple/package.dsv
-- Symlinking: /home/orientpine/robot_ws/install/interface_rb10_apple/share/ament_index/resource_index/packages/interface_rb10_apple
-- Symlinking: /home/orientpine/robot_ws/install/interface_rb10_apple/share/interface_rb10_apple/cmake/rosidl_cmake-extras.cmake
-- Symlinking: /home/orientpine/robot_ws/install/interface_rb10_apple/share/interface_rb10_apple/cmake/ament_cmake_export_dependencies-extras.cmake
-- Symlinking: /home/orientpine/robot_ws/install/interface_rb10_apple/share/interface_rb10_apple/cmake/ament_cmake_export_include_directories-extras.cmake
-- Symlinking: /home/orientpine/robot_ws/install/interface_rb10_apple/share/interface_rb10_apple/cmake/ament_cmake_export_libraries-extras.cmake
-- Symlinking: /home/orientpine/robot_ws/install/interface_rb10_apple/share/interface_rb10_apple/cmake/ament_cmake_export_targets-extras.cmake
-- Symlinking: /home/orientpine/robot_ws/install/interface_rb10_apple/share/interface_rb10_apple/cmake/rosidl_cmake_export_typesupport_targets-extras.cmake
-- Symlinking: /home/orientpine/robot_ws/install/interface_rb10_apple/share/interface_rb10_apple/cmake/rosidl_cmake_export_typesupport_libraries-extras.cmake
-- Symlinking: /home/orientpine/robot_ws/install/interface_rb10_apple/share/interface_rb10_apple/cmake/interface_rb10_appleConfig.cmake
-- Symlinking: /home/orientpine/robot_ws/install/interface_rb10_apple/share/interface_rb10_apple/cmake/interface_rb10_appleConfig-version.cmake
-- Symlinking: /home/orientpine/robot_ws/install/interface_rb10_apple/share/interface_rb10_apple/package.xml
-- Installing: /home/orientpine/robot_ws/install/interface_rb10_apple/lib/libinterface_rb10_apple__rosidl_generator_c.so
-- Set runtime path of "/home/orientpine/robot_ws/install/interface_rb10_apple/lib/libinterface_rb10_apple__rosidl_generator_c.so" to ""
-- Installing: /home/orientpine/robot_ws/install/interface_rb10_apple/lib/libinterface_rb10_apple__rosidl_typesupport_fastrtps_c.so
-- Set runtime path of "/home/orientpine/robot_ws/install/interface_rb10_apple/lib/libinterface_rb10_apple__rosidl_typesupport_fastrtps_c.so" to ""
-- Installing: /home/orientpine/robot_ws/install/interface_rb10_apple/lib/libinterface_rb10_apple__rosidl_typesupport_fastrtps_cpp.so
-- Set runtime path of "/home/orientpine/robot_ws/install/interface_rb10_apple/lib/libinterface_rb10_apple__rosidl_typesupport_fastrtps_cpp.so" to ""
-- Installing: /home/orientpine/robot_ws/install/interface_rb10_apple/lib/libinterface_rb10_apple__rosidl_typesupport_introspection_c.so
-- Set runtime path of "/home/orientpine/robot_ws/install/interface_rb10_apple/lib/libinterface_rb10_apple__rosidl_typesupport_introspection_c.so" to ""
-- Installing: /home/orientpine/robot_ws/install/interface_rb10_apple/lib/libinterface_rb10_apple__rosidl_typesupport_c.so
-- Set runtime path of "/home/orientpine/robot_ws/install/interface_rb10_apple/lib/libinterface_rb10_apple__rosidl_typesupport_c.so" to ""
-- Installing: /home/orientpine/robot_ws/install/interface_rb10_apple/lib/libinterface_rb10_apple__rosidl_typesupport_introspection_cpp.so
-- Set runtime path of "/home/orientpine/robot_ws/install/interface_rb10_apple/lib/libinterface_rb10_apple__rosidl_typesupport_introspection_cpp.so" to ""
-- Installing: /home/orientpine/robot_ws/install/interface_rb10_apple/lib/libinterface_rb10_apple__rosidl_typesupport_cpp.so
-- Set runtime path of "/home/orientpine/robot_ws/install/interface_rb10_apple/lib/libinterface_rb10_apple__rosidl_typesupport_cpp.so" to ""
Listing '/home/orientpine/robot_ws/install/interface_rb10_apple/lib/python3.10/site-packages/interface_rb10_apple'...
Compiling '/home/orientpine/robot_ws/install/interface_rb10_apple/lib/python3.10/site-packages/interface_rb10_apple/__init__.py'...
Listing '/home/orientpine/robot_ws/install/interface_rb10_apple/lib/python3.10/site-packages/interface_rb10_apple/action'...
Compiling '/home/orientpine/robot_ws/install/interface_rb10_apple/lib/python3.10/site-packages/interface_rb10_apple/action/__init__.py'...
Compiling '/home/orientpine/robot_ws/install/interface_rb10_apple/lib/python3.10/site-packages/interface_rb10_apple/action/_robot_joint_control.py'...
Compiling '/home/orientpine/robot_ws/install/interface_rb10_apple/lib/python3.10/site-packages/interface_rb10_apple/action/_robot_mode_control.py'...
Compiling '/home/orientpine/robot_ws/install/interface_rb10_apple/lib/python3.10/site-packages/interface_rb10_apple/action/_robot_tcp_control.py'...
Compiling '/home/orientpine/robot_ws/install/interface_rb10_apple/lib/python3.10/site-packages/interface_rb10_apple/action/_robot_tracking_control.py'...
Listing '/home/orientpine/robot_ws/install/interface_rb10_apple/lib/python3.10/site-packages/interface_rb10_apple/msg'...
Compiling '/home/orientpine/robot_ws/install/interface_rb10_apple/lib/python3.10/site-packages/interface_rb10_apple/msg/__init__.py'...
Compiling '/home/orientpine/robot_ws/install/interface_rb10_apple/lib/python3.10/site-packages/interface_rb10_apple/msg/_robot_joint_position.py'...
Compiling '/home/orientpine/robot_ws/install/interface_rb10_apple/lib/python3.10/site-packages/interface_rb10_apple/msg/_robot_tcp_pose.py'...
Listing '/home/orientpine/robot_ws/install/interface_rb10_apple/lib/python3.10/site-packages/interface_rb10_apple/srv'...
Compiling '/home/orientpine/robot_ws/install/interface_rb10_apple/lib/python3.10/site-packages/interface_rb10_apple/srv/__init__.py'...
Compiling '/home/orientpine/robot_ws/install/interface_rb10_apple/lib/python3.10/site-packages/interface_rb10_apple/srv/_robot_connect_control.py'...
-- Installing: /home/orientpine/robot_ws/install/interface_rb10_apple/lib/libinterface_rb10_apple__rosidl_generator_py.so
-- Set runtime path of "/home/orientpine/robot_ws/install/interface_rb10_apple/lib/libinterface_rb10_apple__rosidl_generator_py.so" to ""
-- Installing: /home/orientpine/robot_ws/install/interface_rb10_apple/share/interface_rb10_apple/cmake/export_interface_rb10_apple__rosidl_generator_cExport.cmake
-- Installing: /home/orientpine/robot_ws/install/interface_rb10_apple/share/interface_rb10_apple/cmake/export_interface_rb10_apple__rosidl_generator_cExport-noconfig.cmake
-- Installing: /home/orientpine/robot_ws/install/interface_rb10_apple/share/interface_rb10_apple/cmake/export_interface_rb10_apple__rosidl_typesupport_fastrtps_cExport.cmake
-- Installing: /home/orientpine/robot_ws/install/interface_rb10_apple/share/interface_rb10_apple/cmake/export_interface_rb10_apple__rosidl_typesupport_fastrtps_cExport-noconfig.cmake
-- Installing: /home/orientpine/robot_ws/install/interface_rb10_apple/share/interface_rb10_apple/cmake/export_interface_rb10_apple__rosidl_generator_cppExport.cmake
-- Installing: /home/orientpine/robot_ws/install/interface_rb10_apple/share/interface_rb10_apple/cmake/export_interface_rb10_apple__rosidl_typesupport_fastrtps_cppExport.cmake
-- Installing: /home/orientpine/robot_ws/install/interface_rb10_apple/share/interface_rb10_apple/cmake/export_interface_rb10_apple__rosidl_typesupport_fastrtps_cppExport-noconfig.cmake
-- Installing: /home/orientpine/robot_ws/install/interface_rb10_apple/share/interface_rb10_apple/cmake/interface_rb10_apple__rosidl_typesupport_introspection_cExport.cmake
-- Installing: /home/orientpine/robot_ws/install/interface_rb10_apple/share/interface_rb10_apple/cmake/interface_rb10_apple__rosidl_typesupport_introspection_cExport-noconfig.cmake
-- Installing: /home/orientpine/robot_ws/install/interface_rb10_apple/share/interface_rb10_apple/cmake/interface_rb10_apple__rosidl_typesupport_cExport.cmake
-- Installing: /home/orientpine/robot_ws/install/interface_rb10_apple/share/interface_rb10_apple/cmake/interface_rb10_apple__rosidl_typesupport_cExport-noconfig.cmake
-- Installing: /home/orientpine/robot_ws/install/interface_rb10_apple/share/interface_rb10_apple/cmake/interface_rb10_apple__rosidl_typesupport_introspection_cppExport.cmake
-- Installing: /home/orientpine/robot_ws/install/interface_rb10_apple/share/interface_rb10_apple/cmake/interface_rb10_apple__rosidl_typesupport_introspection_cppExport-noconfig.cmake
-- Installing: /home/orientpine/robot_ws/install/interface_rb10_apple/share/interface_rb10_apple/cmake/interface_rb10_apple__rosidl_typesupport_cppExport.cmake
-- Installing: /home/orientpine/robot_ws/install/interface_rb10_apple/share/interface_rb10_apple/cmake/interface_rb10_apple__rosidl_typesupport_cppExport-noconfig.cmake
-- Installing: /home/orientpine/robot_ws/install/interface_rb10_apple/share/interface_rb10_apple/cmake/export_interface_rb10_apple__rosidl_generator_pyExport.cmake
-- Installing: /home/orientpine/robot_ws/install/interface_rb10_apple/share/interface_rb10_apple/cmake/export_interface_rb10_apple__rosidl_generator_pyExport-noconfig.cmake
