[0.136s] Invoking command in '/home/orientpine/robot_ws/build/interface_rb10_apple': CMAKE_PREFIX_PATH=${CMAKE_PREFIX_PATH}:/home/orientpine/robot_ws/install/pkg_rb10_apple:/opt/ros/humble CONDA_PROMPT_MODIFIER=(rb) /usr/bin/cmake /home/orientpine/robot_ws/src/interface_rb10_apple -DAMENT_CMAKE_SYMLINK_INSTALL=1 -DCMAKE_INSTALL_PREFIX=/home/orientpine/robot_ws/install/interface_rb10_apple
[0.246s] -- The C compiler identification is GNU 11.4.0
[0.344s] -- The CXX compiler identification is GNU 11.4.0
[0.357s] -- Detecting C compiler ABI info
[0.471s] -- Detecting C compiler ABI info - done
[0.496s] -- Check for working C compiler: /usr/bin/cc - skipped
[0.497s] -- Detecting C compile features
[0.498s] -- Detecting C compile features - done
[0.506s] -- Detecting CXX compiler ABI info
[0.668s] -- Detecting CXX compiler ABI info - done
[0.693s] -- Check for working CXX compiler: /usr/bin/c++ - skipped
[0.694s] -- Detecting CXX compile features
[0.695s] -- Detecting CXX compile features - done
[0.716s] -- Found ament_cmake: 1.3.6 (/opt/ros/humble/share/ament_cmake/cmake)
[0.995s] -- Found Python3: /home/orientpine/miniconda3/envs/rb/bin/python3.10 (found version "3.10.0") found components: Interpreter 
[1.117s] -- Override CMake install command with custom implementation using symlinks instead of copying resources
[1.163s] -- Found builtin_interfaces: 1.2.1 (/opt/ros/humble/share/builtin_interfaces/cmake)
[1.218s] -- Found rosidl_generator_c: 3.1.5 (/opt/ros/humble/share/rosidl_generator_c/cmake)
[1.227s] -- Found rosidl_adapter: 3.1.5 (/opt/ros/humble/share/rosidl_adapter/cmake)
[1.241s] -- Found rosidl_generator_cpp: 3.1.5 (/opt/ros/humble/share/rosidl_generator_cpp/cmake)
[1.267s] -- Using all available rosidl_typesupport_c: rosidl_typesupport_fastrtps_c;rosidl_typesupport_introspection_c
[1.303s] -- Using all available rosidl_typesupport_cpp: rosidl_typesupport_fastrtps_cpp;rosidl_typesupport_introspection_cpp
[1.336s] -- Found rosidl_default_generators: 1.2.0 (/opt/ros/humble/share/rosidl_default_generators/cmake)
[2.034s] -- Found ament_cmake_ros: 0.10.0 (/opt/ros/humble/share/ament_cmake_ros/cmake)
[2.518s] -- Using all available rosidl_typesupport_c: rosidl_typesupport_fastrtps_c;rosidl_typesupport_introspection_c
[2.706s] -- Using all available rosidl_typesupport_cpp: rosidl_typesupport_fastrtps_cpp;rosidl_typesupport_introspection_cpp
[2.735s] -- Found PythonInterp: /home/orientpine/miniconda3/envs/rb/bin/python3 (found suitable version "3.10", minimum required is "3.6") 
[2.745s] -- Found python_cmake_module: 0.10.0 (/opt/ros/humble/share/python_cmake_module/cmake)
[2.776s] -- Found PythonLibs: /home/orientpine/miniconda3/envs/rb/lib/libpython3.10.so (found suitable version "3.10.0", minimum required is "3.5") 
[2.777s] -- Using PYTHON_EXECUTABLE: /home/orientpine/miniconda3/envs/rb/bin/python3
[2.777s] -- Using PYTHON_INCLUDE_DIRS: /home/orientpine/miniconda3/envs/rb/include/python3.10
[2.777s] -- Using PYTHON_LIBRARIES: /home/orientpine/miniconda3/envs/rb/lib/libpython3.10.so
[2.803s] -- Found PythonExtra: .so  
[3.120s] -- Using numpy include directory: /home/orientpine/miniconda3/envs/rb/lib/python3.10/site-packages/numpy/core/include
[3.160s] -- Configuring done
[3.216s] [33mCMake Warning at /opt/ros/humble/share/rosidl_generator_py/cmake/rosidl_generator_py_generate_interfaces.cmake:166 (add_library):
[3.216s]   Cannot generate a safe runtime search path for target
[3.216s]   interface_rb10_apple__rosidl_generator_py because files in some directories
[3.216s]   may conflict with libraries in implicit directories:
[3.216s] 
[3.217s]     runtime library [libpython3.10.so.1.0] in /usr/lib/x86_64-linux-gnu may be hidden by files in:
[3.217s]       /home/orientpine/miniconda3/envs/rb/lib
[3.217s] 
[3.217s]   Some of these libraries may not be found correctly.
[3.217s] Call Stack (most recent call first):
[3.218s]   /opt/ros/humble/share/ament_cmake_core/cmake/core/ament_execute_extensions.cmake:48 (include)
[3.218s]   /opt/ros/humble/share/rosidl_cmake/cmake/rosidl_generate_interfaces.cmake:286 (ament_execute_extensions)
[3.218s]   CMakeLists.txt:34 (rosidl_generate_interfaces)
[3.218s] 
[3.219s] [0m
[3.223s] [33mCMake Warning at /opt/ros/humble/share/rosidl_generator_py/cmake/rosidl_generator_py_generate_interfaces.cmake:226 (add_library):
[3.223s]   Cannot generate a safe runtime search path for target
[3.223s]   interface_rb10_apple__rosidl_typesupport_fastrtps_c__pyext because files in
[3.223s]   some directories may conflict with libraries in implicit directories:
[3.223s] 
[3.224s]     runtime library [libpython3.10.so.1.0] in /usr/lib/x86_64-linux-gnu may be hidden by files in:
[3.224s]       /home/orientpine/miniconda3/envs/rb/lib
[3.224s] 
[3.224s]   Some of these libraries may not be found correctly.
[3.224s] Call Stack (most recent call first):
[3.225s]   /opt/ros/humble/share/ament_cmake_core/cmake/core/ament_execute_extensions.cmake:48 (include)
[3.225s]   /opt/ros/humble/share/rosidl_cmake/cmake/rosidl_generate_interfaces.cmake:286 (ament_execute_extensions)
[3.225s]   CMakeLists.txt:34 (rosidl_generate_interfaces)
[3.225s] 
[3.225s] [0m
[3.228s] [33mCMake Warning at /opt/ros/humble/share/rosidl_generator_py/cmake/rosidl_generator_py_generate_interfaces.cmake:226 (add_library):
[3.228s]   Cannot generate a safe runtime search path for target
[3.228s]   interface_rb10_apple__rosidl_typesupport_introspection_c__pyext because
[3.228s]   files in some directories may conflict with libraries in implicit
[3.228s]   directories:
[3.229s] 
[3.229s]     runtime library [libpython3.10.so.1.0] in /usr/lib/x86_64-linux-gnu may be hidden by files in:
[3.229s]       /home/orientpine/miniconda3/envs/rb/lib
[3.229s] 
[3.229s]   Some of these libraries may not be found correctly.
[3.230s] Call Stack (most recent call first):
[3.230s]   /opt/ros/humble/share/ament_cmake_core/cmake/core/ament_execute_extensions.cmake:48 (include)
[3.230s]   /opt/ros/humble/share/rosidl_cmake/cmake/rosidl_generate_interfaces.cmake:286 (ament_execute_extensions)
[3.230s]   CMakeLists.txt:34 (rosidl_generate_interfaces)
[3.230s] 
[3.230s] [0m
[3.233s] [33mCMake Warning at /opt/ros/humble/share/rosidl_generator_py/cmake/rosidl_generator_py_generate_interfaces.cmake:226 (add_library):
[3.233s]   Cannot generate a safe runtime search path for target
[3.233s]   interface_rb10_apple__rosidl_typesupport_c__pyext because files in some
[3.233s]   directories may conflict with libraries in implicit directories:
[3.234s] 
[3.234s]     runtime library [libpython3.10.so.1.0] in /usr/lib/x86_64-linux-gnu may be hidden by files in:
[3.234s]       /home/orientpine/miniconda3/envs/rb/lib
[3.234s] 
[3.234s]   Some of these libraries may not be found correctly.
[3.235s] Call Stack (most recent call first):
[3.235s]   /opt/ros/humble/share/ament_cmake_core/cmake/core/ament_execute_extensions.cmake:48 (include)
[3.235s]   /opt/ros/humble/share/rosidl_cmake/cmake/rosidl_generate_interfaces.cmake:286 (ament_execute_extensions)
[3.235s]   CMakeLists.txt:34 (rosidl_generate_interfaces)
[3.235s] 
[3.236s] [0m
[3.244s] -- Generating done
[3.248s] -- Build files have been written to: /home/orientpine/robot_ws/build/interface_rb10_apple
[3.259s] Invoked command in '/home/orientpine/robot_ws/build/interface_rb10_apple' returned '0': CMAKE_PREFIX_PATH=${CMAKE_PREFIX_PATH}:/home/orientpine/robot_ws/install/pkg_rb10_apple:/opt/ros/humble CONDA_PROMPT_MODIFIER=(rb) /usr/bin/cmake /home/orientpine/robot_ws/src/interface_rb10_apple -DAMENT_CMAKE_SYMLINK_INSTALL=1 -DCMAKE_INSTALL_PREFIX=/home/orientpine/robot_ws/install/interface_rb10_apple
[3.263s] Invoking command in '/home/orientpine/robot_ws/build/interface_rb10_apple': CMAKE_PREFIX_PATH=${CMAKE_PREFIX_PATH}:/home/orientpine/robot_ws/install/pkg_rb10_apple:/opt/ros/humble CONDA_PROMPT_MODIFIER=(rb) /usr/bin/cmake --build /home/orientpine/robot_ws/build/interface_rb10_apple -- -j12 -l12
[3.331s] [  1%] [34m[1mGenerating C code for ROS interfaces[0m
[3.347s] [  2%] [34m[1mGenerating C++ code for ROS interfaces[0m
[3.360s] [  2%] Built target ament_cmake_python_symlink_interface_rb10_apple
[3.785s] running egg_info
[3.787s] creating interface_rb10_apple.egg-info
[3.787s] writing interface_rb10_apple.egg-info/PKG-INFO
[3.787s] writing dependency_links to interface_rb10_apple.egg-info/dependency_links.txt
[3.787s] writing top-level names to interface_rb10_apple.egg-info/top_level.txt
[3.788s] writing manifest file 'interface_rb10_apple.egg-info/SOURCES.txt'
[3.790s] reading manifest file 'interface_rb10_apple.egg-info/SOURCES.txt'
[3.791s] writing manifest file 'interface_rb10_apple.egg-info/SOURCES.txt'
[3.835s] [  2%] Built target ament_cmake_python_build_interface_rb10_apple_egg
[5.990s] [  2%] Built target interface_rb10_apple__cpp
[6.007s] [  3%] [34m[1mGenerating C++ type support dispatch for ROS interfaces[0m
[6.007s] [  5%] [34m[1mGenerating C++ type support for eProsima Fast-RTPS[0m
[6.007s] [  6%] [34m[1mGenerating C++ introspection for ROS interfaces[0m
[6.150s] [  7%] [32mBuilding C object CMakeFiles/interface_rb10_apple__rosidl_generator_c.dir/rosidl_generator_c/interface_rb10_apple/msg/detail/robot_joint_position__functions.c.o[0m
[6.151s] [  8%] [32mBuilding C object CMakeFiles/interface_rb10_apple__rosidl_generator_c.dir/rosidl_generator_c/interface_rb10_apple/action/detail/robot_joint_control__functions.c.o[0m
[6.153s] [ 10%] [32mBuilding C object CMakeFiles/interface_rb10_apple__rosidl_generator_c.dir/rosidl_generator_c/interface_rb10_apple/action/detail/robot_mode_control__functions.c.o[0m
[6.155s] [ 11%] [32mBuilding C object CMakeFiles/interface_rb10_apple__rosidl_generator_c.dir/rosidl_generator_c/interface_rb10_apple/msg/detail/robot_tcp_pose__functions.c.o[0m
[6.156s] [ 12%] [32mBuilding C object CMakeFiles/interface_rb10_apple__rosidl_generator_c.dir/rosidl_generator_c/interface_rb10_apple/action/detail/robot_tracking_control__functions.c.o[0m
[6.158s] [ 15%] [32mBuilding C object CMakeFiles/interface_rb10_apple__rosidl_generator_c.dir/rosidl_generator_c/interface_rb10_apple/action/detail/robot_tcp_control__functions.c.o[0m
[6.160s] [ 15%] [32mBuilding C object CMakeFiles/interface_rb10_apple__rosidl_generator_c.dir/rosidl_generator_c/interface_rb10_apple/srv/detail/robot_connect_control__functions.c.o[0m
[6.488s] [ 16%] [32m[1mLinking C shared library libinterface_rb10_apple__rosidl_generator_c.so[0m
[6.553s] [ 16%] Built target interface_rb10_apple__rosidl_generator_c
[6.571s] [ 17%] [34m[1mGenerating C type support for eProsima Fast-RTPS[0m
[6.577s] [ 18%] [34m[1mGenerating C type support dispatch for ROS interfaces[0m
[6.577s] [ 20%] [34m[1mGenerating C introspection for ROS interfaces[0m
[7.655s] [ 21%] [32mBuilding CXX object CMakeFiles/interface_rb10_apple__rosidl_typesupport_cpp.dir/rosidl_typesupport_cpp/interface_rb10_apple/msg/robot_joint_position__type_support.cpp.o[0m
[7.656s] [ 22%] [32mBuilding CXX object CMakeFiles/interface_rb10_apple__rosidl_typesupport_cpp.dir/rosidl_typesupport_cpp/interface_rb10_apple/action/robot_tracking_control__type_support.cpp.o[0m
[7.662s] [ 24%] [32mBuilding CXX object CMakeFiles/interface_rb10_apple__rosidl_typesupport_cpp.dir/rosidl_typesupport_cpp/interface_rb10_apple/action/robot_joint_control__type_support.cpp.o[0m
[7.664s] [ 25%] [32mBuilding CXX object CMakeFiles/interface_rb10_apple__rosidl_typesupport_cpp.dir/rosidl_typesupport_cpp/interface_rb10_apple/srv/robot_connect_control__type_support.cpp.o[0m
[7.684s] [ 27%] [32mBuilding CXX object CMakeFiles/interface_rb10_apple__rosidl_typesupport_cpp.dir/rosidl_typesupport_cpp/interface_rb10_apple/action/robot_mode_control__type_support.cpp.o[0m
[7.685s] [ 27%] [32mBuilding CXX object CMakeFiles/interface_rb10_apple__rosidl_typesupport_cpp.dir/rosidl_typesupport_cpp/interface_rb10_apple/msg/robot_tcp_pose__type_support.cpp.o[0m
[7.686s] [ 29%] [32mBuilding CXX object CMakeFiles/interface_rb10_apple__rosidl_typesupport_cpp.dir/rosidl_typesupport_cpp/interface_rb10_apple/action/robot_tcp_control__type_support.cpp.o[0m
[8.989s] [ 30%] [32mBuilding CXX object CMakeFiles/interface_rb10_apple__rosidl_typesupport_c.dir/rosidl_typesupport_c/interface_rb10_apple/msg/robot_joint_position__type_support.cpp.o[0m
[9.001s] [ 31%] [32mBuilding CXX object CMakeFiles/interface_rb10_apple__rosidl_typesupport_c.dir/rosidl_typesupport_c/interface_rb10_apple/srv/robot_connect_control__type_support.cpp.o[0m
[9.006s] [ 32%] [32mBuilding CXX object CMakeFiles/interface_rb10_apple__rosidl_typesupport_c.dir/rosidl_typesupport_c/interface_rb10_apple/msg/robot_tcp_pose__type_support.cpp.o[0m
[9.018s] [ 34%] [32mBuilding CXX object CMakeFiles/interface_rb10_apple__rosidl_typesupport_c.dir/rosidl_typesupport_c/interface_rb10_apple/action/robot_joint_control__type_support.cpp.o[0m
[9.037s] [ 35%] [32mBuilding CXX object CMakeFiles/interface_rb10_apple__rosidl_typesupport_c.dir/rosidl_typesupport_c/interface_rb10_apple/action/robot_mode_control__type_support.cpp.o[0m
[9.041s] [ 36%] [32mBuilding CXX object CMakeFiles/interface_rb10_apple__rosidl_typesupport_c.dir/rosidl_typesupport_c/interface_rb10_apple/action/robot_tracking_control__type_support.cpp.o[0m
[9.050s] [ 37%] [32mBuilding CXX object CMakeFiles/interface_rb10_apple__rosidl_typesupport_c.dir/rosidl_typesupport_c/interface_rb10_apple/action/robot_tcp_control__type_support.cpp.o[0m
[9.073s] [ 39%] [32mBuilding CXX object CMakeFiles/interface_rb10_apple__rosidl_typesupport_introspection_cpp.dir/rosidl_typesupport_introspection_cpp/interface_rb10_apple/msg/detail/robot_joint_position__type_support.cpp.o[0m
[9.125s] [ 40%] [32mBuilding CXX object CMakeFiles/interface_rb10_apple__rosidl_typesupport_introspection_cpp.dir/rosidl_typesupport_introspection_cpp/interface_rb10_apple/msg/detail/robot_tcp_pose__type_support.cpp.o[0m
[9.161s] [ 41%] [32mBuilding CXX object CMakeFiles/interface_rb10_apple__rosidl_typesupport_introspection_cpp.dir/rosidl_typesupport_introspection_cpp/interface_rb10_apple/srv/detail/robot_connect_control__type_support.cpp.o[0m
[9.184s] [ 43%] [32mBuilding CXX object CMakeFiles/interface_rb10_apple__rosidl_typesupport_introspection_cpp.dir/rosidl_typesupport_introspection_cpp/interface_rb10_apple/action/detail/robot_tracking_control__type_support.cpp.o[0m
[9.196s] [ 44%] [32mBuilding CXX object CMakeFiles/interface_rb10_apple__rosidl_typesupport_introspection_cpp.dir/rosidl_typesupport_introspection_cpp/interface_rb10_apple/action/detail/robot_mode_control__type_support.cpp.o[0m
[9.204s] [ 45%] [32mBuilding CXX object CMakeFiles/interface_rb10_apple__rosidl_typesupport_introspection_cpp.dir/rosidl_typesupport_introspection_cpp/interface_rb10_apple/action/detail/robot_joint_control__type_support.cpp.o[0m
[9.212s] [ 46%] [32mBuilding CXX object CMakeFiles/interface_rb10_apple__rosidl_typesupport_introspection_cpp.dir/rosidl_typesupport_introspection_cpp/interface_rb10_apple/action/detail/robot_tcp_control__type_support.cpp.o[0m
[9.292s] [ 48%] [32m[1mLinking CXX shared library libinterface_rb10_apple__rosidl_typesupport_cpp.so[0m
[9.293s] [ 49%] [32m[1mLinking CXX shared library libinterface_rb10_apple__rosidl_typesupport_c.so[0m
[9.425s] [ 49%] Built target interface_rb10_apple__rosidl_typesupport_cpp
[9.436s] [ 49%] Built target interface_rb10_apple__rosidl_typesupport_c
[9.851s] [ 50%] [32mBuilding CXX object CMakeFiles/interface_rb10_apple__rosidl_typesupport_fastrtps_cpp.dir/rosidl_typesupport_fastrtps_cpp/interface_rb10_apple/msg/detail/dds_fastrtps/robot_joint_position__type_support.cpp.o[0m
[9.865s] [ 53%] [32mBuilding CXX object CMakeFiles/interface_rb10_apple__rosidl_typesupport_fastrtps_cpp.dir/rosidl_typesupport_fastrtps_cpp/interface_rb10_apple/msg/detail/dds_fastrtps/robot_tcp_pose__type_support.cpp.o[0m
[9.865s] [ 53%] [32mBuilding CXX object CMakeFiles/interface_rb10_apple__rosidl_typesupport_fastrtps_cpp.dir/rosidl_typesupport_fastrtps_cpp/interface_rb10_apple/srv/detail/dds_fastrtps/robot_connect_control__type_support.cpp.o[0m
[10.305s] [ 54%] [32mBuilding CXX object CMakeFiles/interface_rb10_apple__rosidl_typesupport_fastrtps_cpp.dir/rosidl_typesupport_fastrtps_cpp/interface_rb10_apple/action/detail/dds_fastrtps/robot_tracking_control__type_support.cpp.o[0m
[10.329s] [ 55%] [32mBuilding CXX object CMakeFiles/interface_rb10_apple__rosidl_typesupport_fastrtps_cpp.dir/rosidl_typesupport_fastrtps_cpp/interface_rb10_apple/action/detail/dds_fastrtps/robot_joint_control__type_support.cpp.o[0m
[10.501s] [ 56%] [32mBuilding CXX object CMakeFiles/interface_rb10_apple__rosidl_typesupport_fastrtps_cpp.dir/rosidl_typesupport_fastrtps_cpp/interface_rb10_apple/action/detail/dds_fastrtps/robot_mode_control__type_support.cpp.o[0m
[10.966s] [ 58%] [32mBuilding C object CMakeFiles/interface_rb10_apple__rosidl_typesupport_introspection_c.dir/rosidl_typesupport_introspection_c/interface_rb10_apple/msg/detail/robot_joint_position__type_support.c.o[0m
[10.969s] [ 59%] [32mBuilding C object CMakeFiles/interface_rb10_apple__rosidl_typesupport_introspection_c.dir/rosidl_typesupport_introspection_c/interface_rb10_apple/msg/detail/robot_tcp_pose__type_support.c.o[0m
[11.031s] [ 60%] [32mBuilding C object CMakeFiles/interface_rb10_apple__rosidl_typesupport_introspection_c.dir/rosidl_typesupport_introspection_c/interface_rb10_apple/srv/detail/robot_connect_control__type_support.c.o[0m
[11.129s] [ 62%] [32mBuilding CXX object CMakeFiles/interface_rb10_apple__rosidl_typesupport_fastrtps_cpp.dir/rosidl_typesupport_fastrtps_cpp/interface_rb10_apple/action/detail/dds_fastrtps/robot_tcp_control__type_support.cpp.o[0m
[11.141s] [ 63%] [32mBuilding C object CMakeFiles/interface_rb10_apple__rosidl_typesupport_introspection_c.dir/rosidl_typesupport_introspection_c/interface_rb10_apple/action/detail/robot_tracking_control__type_support.c.o[0m
[11.152s] [ 64%] [32mBuilding C object CMakeFiles/interface_rb10_apple__rosidl_typesupport_introspection_c.dir/rosidl_typesupport_introspection_c/interface_rb10_apple/action/detail/robot_joint_control__type_support.c.o[0m
[11.175s] [ 67%] [32m[1mLinking CXX shared library libinterface_rb10_apple__rosidl_typesupport_introspection_cpp.so[0m
[11.176s] [ 67%] [32mBuilding C object CMakeFiles/interface_rb10_apple__rosidl_typesupport_introspection_c.dir/rosidl_typesupport_introspection_c/interface_rb10_apple/action/detail/robot_mode_control__type_support.c.o[0m
[11.201s] [ 68%] [32mBuilding CXX object CMakeFiles/interface_rb10_apple__rosidl_typesupport_fastrtps_c.dir/rosidl_typesupport_fastrtps_c/interface_rb10_apple/msg/detail/robot_joint_position__type_support_c.cpp.o[0m
[11.218s] [ 69%] [32mBuilding C object CMakeFiles/interface_rb10_apple__rosidl_typesupport_introspection_c.dir/rosidl_typesupport_introspection_c/interface_rb10_apple/action/detail/robot_tcp_control__type_support.c.o[0m
[11.320s] [ 70%] [32mBuilding CXX object CMakeFiles/interface_rb10_apple__rosidl_typesupport_fastrtps_c.dir/rosidl_typesupport_fastrtps_c/interface_rb10_apple/srv/detail/robot_connect_control__type_support_c.cpp.o[0m
[11.352s] [ 72%] [32m[1mLinking C shared library libinterface_rb10_apple__rosidl_typesupport_introspection_c.so[0m
[11.364s] [ 73%] [32mBuilding CXX object CMakeFiles/interface_rb10_apple__rosidl_typesupport_fastrtps_c.dir/rosidl_typesupport_fastrtps_c/interface_rb10_apple/action/detail/robot_joint_control__type_support_c.cpp.o[0m
[11.376s] [ 74%] [32mBuilding CXX object CMakeFiles/interface_rb10_apple__rosidl_typesupport_fastrtps_c.dir/rosidl_typesupport_fastrtps_c/interface_rb10_apple/msg/detail/robot_tcp_pose__type_support_c.cpp.o[0m
[11.393s] [ 75%] [32mBuilding CXX object CMakeFiles/interface_rb10_apple__rosidl_typesupport_fastrtps_c.dir/rosidl_typesupport_fastrtps_c/interface_rb10_apple/action/detail/robot_tracking_control__type_support_c.cpp.o[0m
[11.512s] [ 75%] Built target interface_rb10_apple__rosidl_typesupport_introspection_c
[11.538s] [ 77%] [32mBuilding CXX object CMakeFiles/interface_rb10_apple__rosidl_typesupport_fastrtps_c.dir/rosidl_typesupport_fastrtps_c/interface_rb10_apple/action/detail/robot_mode_control__type_support_c.cpp.o[0m
[11.571s] [ 77%] Built target interface_rb10_apple__rosidl_typesupport_introspection_cpp
[11.576s] [ 78%] [32mBuilding CXX object CMakeFiles/interface_rb10_apple__rosidl_typesupport_fastrtps_c.dir/rosidl_typesupport_fastrtps_c/interface_rb10_apple/action/detail/robot_tcp_control__type_support_c.cpp.o[0m
[12.580s] [ 79%] [32m[1mLinking CXX shared library libinterface_rb10_apple__rosidl_typesupport_fastrtps_cpp.so[0m
[12.676s] [ 81%] [32m[1mLinking CXX shared library libinterface_rb10_apple__rosidl_typesupport_fastrtps_c.so[0m
[12.717s] [ 81%] Built target interface_rb10_apple__rosidl_typesupport_fastrtps_cpp
[12.811s] [ 81%] Built target interface_rb10_apple__rosidl_typesupport_fastrtps_c
[12.845s] [ 81%] Built target interface_rb10_apple
[12.881s] [ 82%] [34m[1mGenerating Python code for ROS interfaces[0m
[17.867s] [ 82%] Built target interface_rb10_apple__py
[17.901s] [ 83%] [32mBuilding C object CMakeFiles/interface_rb10_apple__rosidl_generator_py.dir/rosidl_generator_py/interface_rb10_apple/msg/_robot_tcp_pose_s.c.o[0m
[17.902s] [ 84%] [32mBuilding C object CMakeFiles/interface_rb10_apple__rosidl_generator_py.dir/rosidl_generator_py/interface_rb10_apple/srv/_robot_connect_control_s.c.o[0m
[17.905s] [ 86%] [32mBuilding C object CMakeFiles/interface_rb10_apple__rosidl_generator_py.dir/rosidl_generator_py/interface_rb10_apple/msg/_robot_joint_position_s.c.o[0m
[17.908s] [ 88%] [32mBuilding C object CMakeFiles/interface_rb10_apple__rosidl_generator_py.dir/rosidl_generator_py/interface_rb10_apple/action/_robot_tracking_control_s.c.o[0m
[17.908s] [ 88%] [32mBuilding C object CMakeFiles/interface_rb10_apple__rosidl_generator_py.dir/rosidl_generator_py/interface_rb10_apple/action/_robot_mode_control_s.c.o[0m
[17.908s] [ 89%] [32mBuilding C object CMakeFiles/interface_rb10_apple__rosidl_generator_py.dir/rosidl_generator_py/interface_rb10_apple/action/_robot_joint_control_s.c.o[0m
[17.909s] [ 91%] [32mBuilding C object CMakeFiles/interface_rb10_apple__rosidl_generator_py.dir/rosidl_generator_py/interface_rb10_apple/action/_robot_tcp_control_s.c.o[0m
[18.271s] [ 92%] [32m[1mLinking C shared library rosidl_generator_py/interface_rb10_apple/libinterface_rb10_apple__rosidl_generator_py.so[0m
[18.341s] [ 92%] Built target interface_rb10_apple__rosidl_generator_py
[18.375s] [ 93%] [32mBuilding C object CMakeFiles/interface_rb10_apple__rosidl_typesupport_introspection_c__pyext.dir/rosidl_generator_py/interface_rb10_apple/_interface_rb10_apple_s.ep.rosidl_typesupport_introspection_c.c.o[0m
[18.376s] [ 96%] [32mBuilding C object CMakeFiles/interface_rb10_apple__rosidl_typesupport_fastrtps_c__pyext.dir/rosidl_generator_py/interface_rb10_apple/_interface_rb10_apple_s.ep.rosidl_typesupport_fastrtps_c.c.o[0m
[18.377s] [ 96%] [32mBuilding C object CMakeFiles/interface_rb10_apple__rosidl_typesupport_c__pyext.dir/rosidl_generator_py/interface_rb10_apple/_interface_rb10_apple_s.ep.rosidl_typesupport_c.c.o[0m
[18.735s] [ 98%] [32m[1mLinking C shared library rosidl_generator_py/interface_rb10_apple/interface_rb10_apple_s__rosidl_typesupport_fastrtps_c.cpython-310-x86_64-linux-gnu.so[0m
[18.736s] [ 98%] [32m[1mLinking C shared library rosidl_generator_py/interface_rb10_apple/interface_rb10_apple_s__rosidl_typesupport_c.cpython-310-x86_64-linux-gnu.so[0m
[18.748s] [100%] [32m[1mLinking C shared library rosidl_generator_py/interface_rb10_apple/interface_rb10_apple_s__rosidl_typesupport_introspection_c.cpython-310-x86_64-linux-gnu.so[0m
[18.809s] [100%] Built target interface_rb10_apple__rosidl_typesupport_c__pyext
[18.810s] [100%] Built target interface_rb10_apple__rosidl_typesupport_fastrtps_c__pyext
[18.823s] [100%] Built target interface_rb10_apple__rosidl_typesupport_introspection_c__pyext
[18.843s] Invoked command in '/home/orientpine/robot_ws/build/interface_rb10_apple' returned '0': CMAKE_PREFIX_PATH=${CMAKE_PREFIX_PATH}:/home/orientpine/robot_ws/install/pkg_rb10_apple:/opt/ros/humble CONDA_PROMPT_MODIFIER=(rb) /usr/bin/cmake --build /home/orientpine/robot_ws/build/interface_rb10_apple -- -j12 -l12
[19.174s] Invoking command in '/home/orientpine/robot_ws/build/interface_rb10_apple': CMAKE_PREFIX_PATH=${CMAKE_PREFIX_PATH}:/home/orientpine/robot_ws/install/pkg_rb10_apple:/opt/ros/humble CONDA_PROMPT_MODIFIER=(rb) /usr/bin/cmake --install /home/orientpine/robot_ws/build/interface_rb10_apple
[19.186s] -- Install configuration: ""
[19.187s] -- Execute custom install script
[19.188s] -- Symlinking: /home/orientpine/robot_ws/install/interface_rb10_apple/share/ament_index/resource_index/rosidl_interfaces/interface_rb10_apple
[19.204s] -- Symlinking: /home/orientpine/robot_ws/install/interface_rb10_apple/include/interface_rb10_apple/interface_rb10_apple/action/detail/robot_joint_control__functions.h
[19.217s] -- Symlinking: /home/orientpine/robot_ws/install/interface_rb10_apple/include/interface_rb10_apple/interface_rb10_apple/action/detail/robot_joint_control__struct.h
[19.231s] -- Symlinking: /home/orientpine/robot_ws/install/interface_rb10_apple/include/interface_rb10_apple/interface_rb10_apple/action/detail/robot_joint_control__type_support.h
[19.245s] -- Symlinking: /home/orientpine/robot_ws/install/interface_rb10_apple/include/interface_rb10_apple/interface_rb10_apple/action/detail/robot_mode_control__functions.h
[19.259s] -- Symlinking: /home/orientpine/robot_ws/install/interface_rb10_apple/include/interface_rb10_apple/interface_rb10_apple/action/detail/robot_mode_control__struct.h
[19.273s] -- Symlinking: /home/orientpine/robot_ws/install/interface_rb10_apple/include/interface_rb10_apple/interface_rb10_apple/action/detail/robot_mode_control__type_support.h
[19.287s] -- Symlinking: /home/orientpine/robot_ws/install/interface_rb10_apple/include/interface_rb10_apple/interface_rb10_apple/action/detail/robot_tcp_control__functions.h
[19.301s] -- Symlinking: /home/orientpine/robot_ws/install/interface_rb10_apple/include/interface_rb10_apple/interface_rb10_apple/action/detail/robot_tcp_control__struct.h
[19.315s] -- Symlinking: /home/orientpine/robot_ws/install/interface_rb10_apple/include/interface_rb10_apple/interface_rb10_apple/action/detail/robot_tcp_control__type_support.h
[19.329s] -- Symlinking: /home/orientpine/robot_ws/install/interface_rb10_apple/include/interface_rb10_apple/interface_rb10_apple/action/detail/robot_tracking_control__functions.h
[19.343s] -- Symlinking: /home/orientpine/robot_ws/install/interface_rb10_apple/include/interface_rb10_apple/interface_rb10_apple/action/detail/robot_tracking_control__struct.h
[19.357s] -- Symlinking: /home/orientpine/robot_ws/install/interface_rb10_apple/include/interface_rb10_apple/interface_rb10_apple/action/detail/robot_tracking_control__type_support.h
[19.371s] -- Symlinking: /home/orientpine/robot_ws/install/interface_rb10_apple/include/interface_rb10_apple/interface_rb10_apple/action/robot_joint_control.h
[19.385s] -- Symlinking: /home/orientpine/robot_ws/install/interface_rb10_apple/include/interface_rb10_apple/interface_rb10_apple/action/robot_mode_control.h
[19.400s] -- Symlinking: /home/orientpine/robot_ws/install/interface_rb10_apple/include/interface_rb10_apple/interface_rb10_apple/action/robot_tcp_control.h
[19.415s] -- Symlinking: /home/orientpine/robot_ws/install/interface_rb10_apple/include/interface_rb10_apple/interface_rb10_apple/action/robot_tracking_control.h
[19.429s] -- Symlinking: /home/orientpine/robot_ws/install/interface_rb10_apple/include/interface_rb10_apple/interface_rb10_apple/msg/detail/robot_joint_position__functions.h
[19.444s] -- Symlinking: /home/orientpine/robot_ws/install/interface_rb10_apple/include/interface_rb10_apple/interface_rb10_apple/msg/detail/robot_joint_position__struct.h
[19.457s] -- Symlinking: /home/orientpine/robot_ws/install/interface_rb10_apple/include/interface_rb10_apple/interface_rb10_apple/msg/detail/robot_joint_position__type_support.h
[19.471s] -- Symlinking: /home/orientpine/robot_ws/install/interface_rb10_apple/include/interface_rb10_apple/interface_rb10_apple/msg/detail/robot_tcp_pose__functions.h
[19.486s] -- Symlinking: /home/orientpine/robot_ws/install/interface_rb10_apple/include/interface_rb10_apple/interface_rb10_apple/msg/detail/robot_tcp_pose__struct.h
[19.500s] -- Symlinking: /home/orientpine/robot_ws/install/interface_rb10_apple/include/interface_rb10_apple/interface_rb10_apple/msg/detail/robot_tcp_pose__type_support.h
[19.513s] -- Symlinking: /home/orientpine/robot_ws/install/interface_rb10_apple/include/interface_rb10_apple/interface_rb10_apple/msg/robot_joint_position.h
[19.527s] -- Symlinking: /home/orientpine/robot_ws/install/interface_rb10_apple/include/interface_rb10_apple/interface_rb10_apple/msg/robot_tcp_pose.h
[19.541s] -- Symlinking: /home/orientpine/robot_ws/install/interface_rb10_apple/include/interface_rb10_apple/interface_rb10_apple/msg/rosidl_generator_c__visibility_control.h
[19.555s] -- Symlinking: /home/orientpine/robot_ws/install/interface_rb10_apple/include/interface_rb10_apple/interface_rb10_apple/srv/detail/robot_connect_control__functions.h
[19.569s] -- Symlinking: /home/orientpine/robot_ws/install/interface_rb10_apple/include/interface_rb10_apple/interface_rb10_apple/srv/detail/robot_connect_control__struct.h
[19.584s] -- Symlinking: /home/orientpine/robot_ws/install/interface_rb10_apple/include/interface_rb10_apple/interface_rb10_apple/srv/detail/robot_connect_control__type_support.h
[19.599s] -- Symlinking: /home/orientpine/robot_ws/install/interface_rb10_apple/include/interface_rb10_apple/interface_rb10_apple/srv/robot_connect_control.h
[19.613s] -- Symlinking: /home/orientpine/robot_ws/install/interface_rb10_apple/share/interface_rb10_apple/environment/library_path.sh
[19.627s] -- Symlinking: /home/orientpine/robot_ws/install/interface_rb10_apple/share/interface_rb10_apple/environment/library_path.dsv
[19.642s] -- Symlinking: /home/orientpine/robot_ws/install/interface_rb10_apple/include/interface_rb10_apple/interface_rb10_apple/action/detail/robot_joint_control__rosidl_typesupport_fastrtps_c.h
[19.656s] -- Symlinking: /home/orientpine/robot_ws/install/interface_rb10_apple/include/interface_rb10_apple/interface_rb10_apple/action/detail/robot_mode_control__rosidl_typesupport_fastrtps_c.h
[19.670s] -- Symlinking: /home/orientpine/robot_ws/install/interface_rb10_apple/include/interface_rb10_apple/interface_rb10_apple/action/detail/robot_tcp_control__rosidl_typesupport_fastrtps_c.h
[19.683s] -- Symlinking: /home/orientpine/robot_ws/install/interface_rb10_apple/include/interface_rb10_apple/interface_rb10_apple/action/detail/robot_tracking_control__rosidl_typesupport_fastrtps_c.h
[19.699s] -- Symlinking: /home/orientpine/robot_ws/install/interface_rb10_apple/include/interface_rb10_apple/interface_rb10_apple/msg/detail/robot_joint_position__rosidl_typesupport_fastrtps_c.h
[19.713s] -- Symlinking: /home/orientpine/robot_ws/install/interface_rb10_apple/include/interface_rb10_apple/interface_rb10_apple/msg/detail/robot_tcp_pose__rosidl_typesupport_fastrtps_c.h
[19.727s] -- Symlinking: /home/orientpine/robot_ws/install/interface_rb10_apple/include/interface_rb10_apple/interface_rb10_apple/msg/rosidl_typesupport_fastrtps_c__visibility_control.h
[19.741s] -- Symlinking: /home/orientpine/robot_ws/install/interface_rb10_apple/include/interface_rb10_apple/interface_rb10_apple/srv/detail/robot_connect_control__rosidl_typesupport_fastrtps_c.h
[19.756s] -- Symlinking: /home/orientpine/robot_ws/install/interface_rb10_apple/include/interface_rb10_apple/interface_rb10_apple/action/detail/robot_joint_control__builder.hpp
[19.770s] -- Symlinking: /home/orientpine/robot_ws/install/interface_rb10_apple/include/interface_rb10_apple/interface_rb10_apple/action/detail/robot_joint_control__struct.hpp
[19.785s] -- Symlinking: /home/orientpine/robot_ws/install/interface_rb10_apple/include/interface_rb10_apple/interface_rb10_apple/action/detail/robot_joint_control__traits.hpp
[19.800s] -- Symlinking: /home/orientpine/robot_ws/install/interface_rb10_apple/include/interface_rb10_apple/interface_rb10_apple/action/detail/robot_mode_control__builder.hpp
[19.814s] -- Symlinking: /home/orientpine/robot_ws/install/interface_rb10_apple/include/interface_rb10_apple/interface_rb10_apple/action/detail/robot_mode_control__struct.hpp
[19.832s] -- Symlinking: /home/orientpine/robot_ws/install/interface_rb10_apple/include/interface_rb10_apple/interface_rb10_apple/action/detail/robot_mode_control__traits.hpp
[19.847s] -- Symlinking: /home/orientpine/robot_ws/install/interface_rb10_apple/include/interface_rb10_apple/interface_rb10_apple/action/detail/robot_tcp_control__builder.hpp
[19.861s] -- Symlinking: /home/orientpine/robot_ws/install/interface_rb10_apple/include/interface_rb10_apple/interface_rb10_apple/action/detail/robot_tcp_control__struct.hpp
[19.876s] -- Symlinking: /home/orientpine/robot_ws/install/interface_rb10_apple/include/interface_rb10_apple/interface_rb10_apple/action/detail/robot_tcp_control__traits.hpp
[19.893s] -- Symlinking: /home/orientpine/robot_ws/install/interface_rb10_apple/include/interface_rb10_apple/interface_rb10_apple/action/detail/robot_tracking_control__builder.hpp
[19.907s] -- Symlinking: /home/orientpine/robot_ws/install/interface_rb10_apple/include/interface_rb10_apple/interface_rb10_apple/action/detail/robot_tracking_control__struct.hpp
[19.923s] -- Symlinking: /home/orientpine/robot_ws/install/interface_rb10_apple/include/interface_rb10_apple/interface_rb10_apple/action/detail/robot_tracking_control__traits.hpp
[19.938s] -- Symlinking: /home/orientpine/robot_ws/install/interface_rb10_apple/include/interface_rb10_apple/interface_rb10_apple/action/robot_joint_control.hpp
[19.952s] -- Symlinking: /home/orientpine/robot_ws/install/interface_rb10_apple/include/interface_rb10_apple/interface_rb10_apple/action/robot_mode_control.hpp
[19.967s] -- Symlinking: /home/orientpine/robot_ws/install/interface_rb10_apple/include/interface_rb10_apple/interface_rb10_apple/action/robot_tcp_control.hpp
[19.984s] -- Symlinking: /home/orientpine/robot_ws/install/interface_rb10_apple/include/interface_rb10_apple/interface_rb10_apple/action/robot_tracking_control.hpp
[20.000s] -- Symlinking: /home/orientpine/robot_ws/install/interface_rb10_apple/include/interface_rb10_apple/interface_rb10_apple/msg/detail/robot_joint_position__builder.hpp
[20.016s] -- Symlinking: /home/orientpine/robot_ws/install/interface_rb10_apple/include/interface_rb10_apple/interface_rb10_apple/msg/detail/robot_joint_position__struct.hpp
[20.031s] -- Symlinking: /home/orientpine/robot_ws/install/interface_rb10_apple/include/interface_rb10_apple/interface_rb10_apple/msg/detail/robot_joint_position__traits.hpp
[20.046s] -- Symlinking: /home/orientpine/robot_ws/install/interface_rb10_apple/include/interface_rb10_apple/interface_rb10_apple/msg/detail/robot_tcp_pose__builder.hpp
[20.060s] -- Symlinking: /home/orientpine/robot_ws/install/interface_rb10_apple/include/interface_rb10_apple/interface_rb10_apple/msg/detail/robot_tcp_pose__struct.hpp
[20.075s] -- Symlinking: /home/orientpine/robot_ws/install/interface_rb10_apple/include/interface_rb10_apple/interface_rb10_apple/msg/detail/robot_tcp_pose__traits.hpp
[20.091s] -- Symlinking: /home/orientpine/robot_ws/install/interface_rb10_apple/include/interface_rb10_apple/interface_rb10_apple/msg/robot_joint_position.hpp
[20.106s] -- Symlinking: /home/orientpine/robot_ws/install/interface_rb10_apple/include/interface_rb10_apple/interface_rb10_apple/msg/robot_tcp_pose.hpp
[20.120s] -- Symlinking: /home/orientpine/robot_ws/install/interface_rb10_apple/include/interface_rb10_apple/interface_rb10_apple/srv/detail/robot_connect_control__builder.hpp
[20.134s] -- Symlinking: /home/orientpine/robot_ws/install/interface_rb10_apple/include/interface_rb10_apple/interface_rb10_apple/srv/detail/robot_connect_control__struct.hpp
[20.151s] -- Symlinking: /home/orientpine/robot_ws/install/interface_rb10_apple/include/interface_rb10_apple/interface_rb10_apple/srv/detail/robot_connect_control__traits.hpp
[20.166s] -- Symlinking: /home/orientpine/robot_ws/install/interface_rb10_apple/include/interface_rb10_apple/interface_rb10_apple/srv/robot_connect_control.hpp
[20.183s] -- Symlinking: /home/orientpine/robot_ws/install/interface_rb10_apple/include/interface_rb10_apple/interface_rb10_apple/action/detail/robot_joint_control__rosidl_typesupport_fastrtps_cpp.hpp
[20.198s] -- Symlinking: /home/orientpine/robot_ws/install/interface_rb10_apple/include/interface_rb10_apple/interface_rb10_apple/action/detail/robot_mode_control__rosidl_typesupport_fastrtps_cpp.hpp
[20.213s] -- Symlinking: /home/orientpine/robot_ws/install/interface_rb10_apple/include/interface_rb10_apple/interface_rb10_apple/action/detail/robot_tcp_control__rosidl_typesupport_fastrtps_cpp.hpp
[20.233s] -- Symlinking: /home/orientpine/robot_ws/install/interface_rb10_apple/include/interface_rb10_apple/interface_rb10_apple/action/detail/robot_tracking_control__rosidl_typesupport_fastrtps_cpp.hpp
[20.248s] -- Symlinking: /home/orientpine/robot_ws/install/interface_rb10_apple/include/interface_rb10_apple/interface_rb10_apple/msg/detail/robot_joint_position__rosidl_typesupport_fastrtps_cpp.hpp
[20.263s] -- Symlinking: /home/orientpine/robot_ws/install/interface_rb10_apple/include/interface_rb10_apple/interface_rb10_apple/msg/detail/robot_tcp_pose__rosidl_typesupport_fastrtps_cpp.hpp
[20.278s] -- Symlinking: /home/orientpine/robot_ws/install/interface_rb10_apple/include/interface_rb10_apple/interface_rb10_apple/msg/rosidl_typesupport_fastrtps_cpp__visibility_control.h
[20.295s] -- Symlinking: /home/orientpine/robot_ws/install/interface_rb10_apple/include/interface_rb10_apple/interface_rb10_apple/srv/detail/robot_connect_control__rosidl_typesupport_fastrtps_cpp.hpp
[20.311s] -- Symlinking: /home/orientpine/robot_ws/install/interface_rb10_apple/include/interface_rb10_apple/interface_rb10_apple/action/detail/robot_joint_control__rosidl_typesupport_introspection_c.h
[20.327s] -- Symlinking: /home/orientpine/robot_ws/install/interface_rb10_apple/include/interface_rb10_apple/interface_rb10_apple/action/detail/robot_mode_control__rosidl_typesupport_introspection_c.h
[20.342s] -- Symlinking: /home/orientpine/robot_ws/install/interface_rb10_apple/include/interface_rb10_apple/interface_rb10_apple/action/detail/robot_tcp_control__rosidl_typesupport_introspection_c.h
[20.358s] -- Symlinking: /home/orientpine/robot_ws/install/interface_rb10_apple/include/interface_rb10_apple/interface_rb10_apple/action/detail/robot_tracking_control__rosidl_typesupport_introspection_c.h
[20.374s] -- Symlinking: /home/orientpine/robot_ws/install/interface_rb10_apple/include/interface_rb10_apple/interface_rb10_apple/msg/detail/robot_joint_position__rosidl_typesupport_introspection_c.h
[20.389s] -- Symlinking: /home/orientpine/robot_ws/install/interface_rb10_apple/include/interface_rb10_apple/interface_rb10_apple/msg/detail/robot_tcp_pose__rosidl_typesupport_introspection_c.h
[20.403s] -- Symlinking: /home/orientpine/robot_ws/install/interface_rb10_apple/include/interface_rb10_apple/interface_rb10_apple/msg/rosidl_typesupport_introspection_c__visibility_control.h
[20.419s] -- Symlinking: /home/orientpine/robot_ws/install/interface_rb10_apple/include/interface_rb10_apple/interface_rb10_apple/srv/detail/robot_connect_control__rosidl_typesupport_introspection_c.h
[20.437s] -- Symlinking: /home/orientpine/robot_ws/install/interface_rb10_apple/include/interface_rb10_apple/interface_rb10_apple/action/detail/robot_joint_control__rosidl_typesupport_introspection_cpp.hpp
[20.452s] -- Symlinking: /home/orientpine/robot_ws/install/interface_rb10_apple/include/interface_rb10_apple/interface_rb10_apple/action/detail/robot_mode_control__rosidl_typesupport_introspection_cpp.hpp
[20.467s] -- Symlinking: /home/orientpine/robot_ws/install/interface_rb10_apple/include/interface_rb10_apple/interface_rb10_apple/action/detail/robot_tcp_control__rosidl_typesupport_introspection_cpp.hpp
[20.483s] -- Symlinking: /home/orientpine/robot_ws/install/interface_rb10_apple/include/interface_rb10_apple/interface_rb10_apple/action/detail/robot_tracking_control__rosidl_typesupport_introspection_cpp.hpp
[20.498s] -- Symlinking: /home/orientpine/robot_ws/install/interface_rb10_apple/include/interface_rb10_apple/interface_rb10_apple/msg/detail/robot_joint_position__rosidl_typesupport_introspection_cpp.hpp
[20.514s] -- Symlinking: /home/orientpine/robot_ws/install/interface_rb10_apple/include/interface_rb10_apple/interface_rb10_apple/msg/detail/robot_tcp_pose__rosidl_typesupport_introspection_cpp.hpp
[20.529s] -- Symlinking: /home/orientpine/robot_ws/install/interface_rb10_apple/include/interface_rb10_apple/interface_rb10_apple/srv/detail/robot_connect_control__rosidl_typesupport_introspection_cpp.hpp
[20.543s] -- Symlinking: /home/orientpine/robot_ws/install/interface_rb10_apple/share/interface_rb10_apple/environment/pythonpath.sh
[20.558s] -- Symlinking: /home/orientpine/robot_ws/install/interface_rb10_apple/share/interface_rb10_apple/environment/pythonpath.dsv
[20.573s] -- Symlinking: /home/orientpine/robot_ws/install/interface_rb10_apple/lib/python3.10/site-packages/interface_rb10_apple-0.0.0-py3.10.egg-info/PKG-INFO
[20.588s] -- Symlinking: /home/orientpine/robot_ws/install/interface_rb10_apple/lib/python3.10/site-packages/interface_rb10_apple-0.0.0-py3.10.egg-info/SOURCES.txt
[20.604s] -- Symlinking: /home/orientpine/robot_ws/install/interface_rb10_apple/lib/python3.10/site-packages/interface_rb10_apple-0.0.0-py3.10.egg-info/dependency_links.txt
[20.620s] -- Symlinking: /home/orientpine/robot_ws/install/interface_rb10_apple/lib/python3.10/site-packages/interface_rb10_apple-0.0.0-py3.10.egg-info/top_level.txt
[20.636s] -- Symlinking: /home/orientpine/robot_ws/install/interface_rb10_apple/lib/python3.10/site-packages/interface_rb10_apple/__init__.py
[20.652s] -- Symlinking: /home/orientpine/robot_ws/install/interface_rb10_apple/lib/python3.10/site-packages/interface_rb10_apple/_interface_rb10_apple_s.ep.rosidl_typesupport_c.c
[20.667s] -- Symlinking: /home/orientpine/robot_ws/install/interface_rb10_apple/lib/python3.10/site-packages/interface_rb10_apple/_interface_rb10_apple_s.ep.rosidl_typesupport_fastrtps_c.c
[20.683s] -- Symlinking: /home/orientpine/robot_ws/install/interface_rb10_apple/lib/python3.10/site-packages/interface_rb10_apple/_interface_rb10_apple_s.ep.rosidl_typesupport_introspection_c.c
[20.698s] -- Symlinking: /home/orientpine/robot_ws/install/interface_rb10_apple/lib/python3.10/site-packages/interface_rb10_apple/action/__init__.py
[20.715s] -- Symlinking: /home/orientpine/robot_ws/install/interface_rb10_apple/lib/python3.10/site-packages/interface_rb10_apple/action/_robot_joint_control.py
[20.730s] -- Symlinking: /home/orientpine/robot_ws/install/interface_rb10_apple/lib/python3.10/site-packages/interface_rb10_apple/action/_robot_joint_control_s.c
[20.746s] -- Symlinking: /home/orientpine/robot_ws/install/interface_rb10_apple/lib/python3.10/site-packages/interface_rb10_apple/action/_robot_mode_control.py
[20.761s] -- Symlinking: /home/orientpine/robot_ws/install/interface_rb10_apple/lib/python3.10/site-packages/interface_rb10_apple/action/_robot_mode_control_s.c
[20.777s] -- Symlinking: /home/orientpine/robot_ws/install/interface_rb10_apple/lib/python3.10/site-packages/interface_rb10_apple/action/_robot_tcp_control.py
[20.794s] -- Symlinking: /home/orientpine/robot_ws/install/interface_rb10_apple/lib/python3.10/site-packages/interface_rb10_apple/action/_robot_tcp_control_s.c
[20.810s] -- Symlinking: /home/orientpine/robot_ws/install/interface_rb10_apple/lib/python3.10/site-packages/interface_rb10_apple/action/_robot_tracking_control.py
[20.825s] -- Symlinking: /home/orientpine/robot_ws/install/interface_rb10_apple/lib/python3.10/site-packages/interface_rb10_apple/action/_robot_tracking_control_s.c
[20.840s] -- Symlinking: /home/orientpine/robot_ws/install/interface_rb10_apple/lib/python3.10/site-packages/interface_rb10_apple/interface_rb10_apple_s__rosidl_typesupport_c.cpython-310-x86_64-linux-gnu.so
[20.855s] -- Symlinking: /home/orientpine/robot_ws/install/interface_rb10_apple/lib/python3.10/site-packages/interface_rb10_apple/interface_rb10_apple_s__rosidl_typesupport_fastrtps_c.cpython-310-x86_64-linux-gnu.so
[20.870s] -- Symlinking: /home/orientpine/robot_ws/install/interface_rb10_apple/lib/python3.10/site-packages/interface_rb10_apple/interface_rb10_apple_s__rosidl_typesupport_introspection_c.cpython-310-x86_64-linux-gnu.so
[20.886s] -- Symlinking: /home/orientpine/robot_ws/install/interface_rb10_apple/lib/python3.10/site-packages/interface_rb10_apple/libinterface_rb10_apple__rosidl_generator_py.so
[20.901s] -- Symlinking: /home/orientpine/robot_ws/install/interface_rb10_apple/lib/python3.10/site-packages/interface_rb10_apple/msg/__init__.py
[20.917s] -- Symlinking: /home/orientpine/robot_ws/install/interface_rb10_apple/lib/python3.10/site-packages/interface_rb10_apple/msg/_robot_joint_position.py
[20.935s] -- Symlinking: /home/orientpine/robot_ws/install/interface_rb10_apple/lib/python3.10/site-packages/interface_rb10_apple/msg/_robot_joint_position_s.c
[20.951s] -- Symlinking: /home/orientpine/robot_ws/install/interface_rb10_apple/lib/python3.10/site-packages/interface_rb10_apple/msg/_robot_tcp_pose.py
[20.966s] -- Symlinking: /home/orientpine/robot_ws/install/interface_rb10_apple/lib/python3.10/site-packages/interface_rb10_apple/msg/_robot_tcp_pose_s.c
[20.982s] -- Symlinking: /home/orientpine/robot_ws/install/interface_rb10_apple/lib/python3.10/site-packages/interface_rb10_apple/srv/__init__.py
[20.996s] -- Symlinking: /home/orientpine/robot_ws/install/interface_rb10_apple/lib/python3.10/site-packages/interface_rb10_apple/srv/_robot_connect_control.py
[21.012s] -- Symlinking: /home/orientpine/robot_ws/install/interface_rb10_apple/lib/python3.10/site-packages/interface_rb10_apple/srv/_robot_connect_control_s.c
[21.029s] -- Up-to-date symlink: /home/orientpine/robot_ws/install/interface_rb10_apple/lib/python3.10/site-packages/interface_rb10_apple/interface_rb10_apple_s__rosidl_typesupport_fastrtps_c.cpython-310-x86_64-linux-gnu.so
[21.029s] -- Up-to-date symlink: /home/orientpine/robot_ws/install/interface_rb10_apple/lib/python3.10/site-packages/interface_rb10_apple/interface_rb10_apple_s__rosidl_typesupport_introspection_c.cpython-310-x86_64-linux-gnu.so
[21.030s] -- Up-to-date symlink: /home/orientpine/robot_ws/install/interface_rb10_apple/lib/python3.10/site-packages/interface_rb10_apple/interface_rb10_apple_s__rosidl_typesupport_c.cpython-310-x86_64-linux-gnu.so
[21.030s] -- Symlinking: /home/orientpine/robot_ws/install/interface_rb10_apple/share/interface_rb10_apple/msg/RobotJointPosition.idl
[21.045s] -- Symlinking: /home/orientpine/robot_ws/install/interface_rb10_apple/share/interface_rb10_apple/msg/RobotTcpPose.idl
[21.060s] -- Symlinking: /home/orientpine/robot_ws/install/interface_rb10_apple/share/interface_rb10_apple/srv/RobotConnectControl.idl
[21.076s] -- Symlinking: /home/orientpine/robot_ws/install/interface_rb10_apple/share/interface_rb10_apple/action/RobotTrackingControl.idl
[21.092s] -- Symlinking: /home/orientpine/robot_ws/install/interface_rb10_apple/share/interface_rb10_apple/action/RobotJointControl.idl
[21.109s] -- Symlinking: /home/orientpine/robot_ws/install/interface_rb10_apple/share/interface_rb10_apple/action/RobotModeControl.idl
[21.129s] -- Symlinking: /home/orientpine/robot_ws/install/interface_rb10_apple/share/interface_rb10_apple/action/RobotTcpControl.idl
[21.147s] -- Symlinking: /home/orientpine/robot_ws/install/interface_rb10_apple/share/interface_rb10_apple/msg/RobotJointPosition.msg
[21.164s] -- Symlinking: /home/orientpine/robot_ws/install/interface_rb10_apple/share/interface_rb10_apple/msg/RobotTcpPose.msg
[21.183s] -- Symlinking: /home/orientpine/robot_ws/install/interface_rb10_apple/share/interface_rb10_apple/srv/RobotConnectControl.srv
[21.199s] -- Symlinking: /home/orientpine/robot_ws/install/interface_rb10_apple/share/interface_rb10_apple/srv/RobotConnectControl_Request.msg
[21.216s] -- Symlinking: /home/orientpine/robot_ws/install/interface_rb10_apple/share/interface_rb10_apple/srv/RobotConnectControl_Response.msg
[21.230s] -- Symlinking: /home/orientpine/robot_ws/install/interface_rb10_apple/share/interface_rb10_apple/action/RobotTrackingControl.action
[21.249s] -- Symlinking: /home/orientpine/robot_ws/install/interface_rb10_apple/share/interface_rb10_apple/action/RobotJointControl.action
[21.267s] -- Symlinking: /home/orientpine/robot_ws/install/interface_rb10_apple/share/interface_rb10_apple/action/RobotModeControl.action
[21.283s] -- Symlinking: /home/orientpine/robot_ws/install/interface_rb10_apple/share/interface_rb10_apple/action/RobotTcpControl.action
[21.303s] -- Symlinking: /home/orientpine/robot_ws/install/interface_rb10_apple/share/ament_index/resource_index/package_run_dependencies/interface_rb10_apple
[21.318s] -- Symlinking: /home/orientpine/robot_ws/install/interface_rb10_apple/share/ament_index/resource_index/parent_prefix_path/interface_rb10_apple
[21.332s] -- Symlinking: /home/orientpine/robot_ws/install/interface_rb10_apple/share/interface_rb10_apple/environment/ament_prefix_path.sh
[21.346s] -- Symlinking: /home/orientpine/robot_ws/install/interface_rb10_apple/share/interface_rb10_apple/environment/ament_prefix_path.dsv
[21.365s] -- Symlinking: /home/orientpine/robot_ws/install/interface_rb10_apple/share/interface_rb10_apple/environment/path.sh
[21.381s] -- Symlinking: /home/orientpine/robot_ws/install/interface_rb10_apple/share/interface_rb10_apple/environment/path.dsv
[21.401s] -- Symlinking: /home/orientpine/robot_ws/install/interface_rb10_apple/share/interface_rb10_apple/local_setup.bash
[21.417s] -- Symlinking: /home/orientpine/robot_ws/install/interface_rb10_apple/share/interface_rb10_apple/local_setup.sh
[21.432s] -- Symlinking: /home/orientpine/robot_ws/install/interface_rb10_apple/share/interface_rb10_apple/local_setup.zsh
[21.446s] -- Symlinking: /home/orientpine/robot_ws/install/interface_rb10_apple/share/interface_rb10_apple/local_setup.dsv
[21.460s] -- Symlinking: /home/orientpine/robot_ws/install/interface_rb10_apple/share/interface_rb10_apple/package.dsv
[21.476s] -- Symlinking: /home/orientpine/robot_ws/install/interface_rb10_apple/share/ament_index/resource_index/packages/interface_rb10_apple
[21.491s] -- Symlinking: /home/orientpine/robot_ws/install/interface_rb10_apple/share/interface_rb10_apple/cmake/rosidl_cmake-extras.cmake
[21.510s] -- Symlinking: /home/orientpine/robot_ws/install/interface_rb10_apple/share/interface_rb10_apple/cmake/ament_cmake_export_dependencies-extras.cmake
[21.525s] -- Symlinking: /home/orientpine/robot_ws/install/interface_rb10_apple/share/interface_rb10_apple/cmake/ament_cmake_export_include_directories-extras.cmake
[21.541s] -- Symlinking: /home/orientpine/robot_ws/install/interface_rb10_apple/share/interface_rb10_apple/cmake/ament_cmake_export_libraries-extras.cmake
[21.556s] -- Symlinking: /home/orientpine/robot_ws/install/interface_rb10_apple/share/interface_rb10_apple/cmake/ament_cmake_export_targets-extras.cmake
[21.571s] -- Symlinking: /home/orientpine/robot_ws/install/interface_rb10_apple/share/interface_rb10_apple/cmake/rosidl_cmake_export_typesupport_targets-extras.cmake
[21.588s] -- Symlinking: /home/orientpine/robot_ws/install/interface_rb10_apple/share/interface_rb10_apple/cmake/rosidl_cmake_export_typesupport_libraries-extras.cmake
[21.604s] -- Symlinking: /home/orientpine/robot_ws/install/interface_rb10_apple/share/interface_rb10_apple/cmake/interface_rb10_appleConfig.cmake
[21.623s] -- Symlinking: /home/orientpine/robot_ws/install/interface_rb10_apple/share/interface_rb10_apple/cmake/interface_rb10_appleConfig-version.cmake
[21.638s] -- Symlinking: /home/orientpine/robot_ws/install/interface_rb10_apple/share/interface_rb10_apple/package.xml
[21.652s] -- Installing: /home/orientpine/robot_ws/install/interface_rb10_apple/lib/libinterface_rb10_apple__rosidl_generator_c.so
[21.654s] -- Set runtime path of "/home/orientpine/robot_ws/install/interface_rb10_apple/lib/libinterface_rb10_apple__rosidl_generator_c.so" to ""
[21.654s] -- Installing: /home/orientpine/robot_ws/install/interface_rb10_apple/lib/libinterface_rb10_apple__rosidl_typesupport_fastrtps_c.so
[21.655s] -- Set runtime path of "/home/orientpine/robot_ws/install/interface_rb10_apple/lib/libinterface_rb10_apple__rosidl_typesupport_fastrtps_c.so" to ""
[21.655s] -- Installing: /home/orientpine/robot_ws/install/interface_rb10_apple/lib/libinterface_rb10_apple__rosidl_typesupport_fastrtps_cpp.so
[21.656s] -- Set runtime path of "/home/orientpine/robot_ws/install/interface_rb10_apple/lib/libinterface_rb10_apple__rosidl_typesupport_fastrtps_cpp.so" to ""
[21.656s] -- Installing: /home/orientpine/robot_ws/install/interface_rb10_apple/lib/libinterface_rb10_apple__rosidl_typesupport_introspection_c.so
[21.657s] -- Set runtime path of "/home/orientpine/robot_ws/install/interface_rb10_apple/lib/libinterface_rb10_apple__rosidl_typesupport_introspection_c.so" to ""
[21.657s] -- Installing: /home/orientpine/robot_ws/install/interface_rb10_apple/lib/libinterface_rb10_apple__rosidl_typesupport_c.so
[21.658s] -- Set runtime path of "/home/orientpine/robot_ws/install/interface_rb10_apple/lib/libinterface_rb10_apple__rosidl_typesupport_c.so" to ""
[21.658s] -- Installing: /home/orientpine/robot_ws/install/interface_rb10_apple/lib/libinterface_rb10_apple__rosidl_typesupport_introspection_cpp.so
[21.659s] -- Set runtime path of "/home/orientpine/robot_ws/install/interface_rb10_apple/lib/libinterface_rb10_apple__rosidl_typesupport_introspection_cpp.so" to ""
[21.659s] -- Installing: /home/orientpine/robot_ws/install/interface_rb10_apple/lib/libinterface_rb10_apple__rosidl_typesupport_cpp.so
[21.660s] -- Set runtime path of "/home/orientpine/robot_ws/install/interface_rb10_apple/lib/libinterface_rb10_apple__rosidl_typesupport_cpp.so" to ""
[21.765s] Listing '/home/orientpine/robot_ws/install/interface_rb10_apple/lib/python3.10/site-packages/interface_rb10_apple'...
[21.766s] Compiling '/home/orientpine/robot_ws/install/interface_rb10_apple/lib/python3.10/site-packages/interface_rb10_apple/__init__.py'...
[21.766s] Listing '/home/orientpine/robot_ws/install/interface_rb10_apple/lib/python3.10/site-packages/interface_rb10_apple/action'...
[21.766s] Compiling '/home/orientpine/robot_ws/install/interface_rb10_apple/lib/python3.10/site-packages/interface_rb10_apple/action/__init__.py'...
[21.766s] Compiling '/home/orientpine/robot_ws/install/interface_rb10_apple/lib/python3.10/site-packages/interface_rb10_apple/action/_robot_joint_control.py'...
[21.766s] Compiling '/home/orientpine/robot_ws/install/interface_rb10_apple/lib/python3.10/site-packages/interface_rb10_apple/action/_robot_mode_control.py'...
[21.766s] Compiling '/home/orientpine/robot_ws/install/interface_rb10_apple/lib/python3.10/site-packages/interface_rb10_apple/action/_robot_tcp_control.py'...
[21.766s] Compiling '/home/orientpine/robot_ws/install/interface_rb10_apple/lib/python3.10/site-packages/interface_rb10_apple/action/_robot_tracking_control.py'...
[21.766s] Listing '/home/orientpine/robot_ws/install/interface_rb10_apple/lib/python3.10/site-packages/interface_rb10_apple/msg'...
[21.766s] Compiling '/home/orientpine/robot_ws/install/interface_rb10_apple/lib/python3.10/site-packages/interface_rb10_apple/msg/__init__.py'...
[21.767s] Compiling '/home/orientpine/robot_ws/install/interface_rb10_apple/lib/python3.10/site-packages/interface_rb10_apple/msg/_robot_joint_position.py'...
[21.767s] Compiling '/home/orientpine/robot_ws/install/interface_rb10_apple/lib/python3.10/site-packages/interface_rb10_apple/msg/_robot_tcp_pose.py'...
[21.767s] Listing '/home/orientpine/robot_ws/install/interface_rb10_apple/lib/python3.10/site-packages/interface_rb10_apple/srv'...
[21.767s] Compiling '/home/orientpine/robot_ws/install/interface_rb10_apple/lib/python3.10/site-packages/interface_rb10_apple/srv/__init__.py'...
[21.767s] Compiling '/home/orientpine/robot_ws/install/interface_rb10_apple/lib/python3.10/site-packages/interface_rb10_apple/srv/_robot_connect_control.py'...
[21.774s] -- Installing: /home/orientpine/robot_ws/install/interface_rb10_apple/lib/libinterface_rb10_apple__rosidl_generator_py.so
[21.776s] -- Set runtime path of "/home/orientpine/robot_ws/install/interface_rb10_apple/lib/libinterface_rb10_apple__rosidl_generator_py.so" to ""
[21.776s] -- Installing: /home/orientpine/robot_ws/install/interface_rb10_apple/share/interface_rb10_apple/cmake/export_interface_rb10_apple__rosidl_generator_cExport.cmake
[21.776s] -- Installing: /home/orientpine/robot_ws/install/interface_rb10_apple/share/interface_rb10_apple/cmake/export_interface_rb10_apple__rosidl_generator_cExport-noconfig.cmake
[21.776s] -- Installing: /home/orientpine/robot_ws/install/interface_rb10_apple/share/interface_rb10_apple/cmake/export_interface_rb10_apple__rosidl_typesupport_fastrtps_cExport.cmake
[21.777s] -- Installing: /home/orientpine/robot_ws/install/interface_rb10_apple/share/interface_rb10_apple/cmake/export_interface_rb10_apple__rosidl_typesupport_fastrtps_cExport-noconfig.cmake
[21.777s] -- Installing: /home/orientpine/robot_ws/install/interface_rb10_apple/share/interface_rb10_apple/cmake/export_interface_rb10_apple__rosidl_generator_cppExport.cmake
[21.777s] -- Installing: /home/orientpine/robot_ws/install/interface_rb10_apple/share/interface_rb10_apple/cmake/export_interface_rb10_apple__rosidl_typesupport_fastrtps_cppExport.cmake
[21.778s] -- Installing: /home/orientpine/robot_ws/install/interface_rb10_apple/share/interface_rb10_apple/cmake/export_interface_rb10_apple__rosidl_typesupport_fastrtps_cppExport-noconfig.cmake
[21.778s] -- Installing: /home/orientpine/robot_ws/install/interface_rb10_apple/share/interface_rb10_apple/cmake/interface_rb10_apple__rosidl_typesupport_introspection_cExport.cmake
[21.779s] -- Installing: /home/orientpine/robot_ws/install/interface_rb10_apple/share/interface_rb10_apple/cmake/interface_rb10_apple__rosidl_typesupport_introspection_cExport-noconfig.cmake
[21.779s] -- Installing: /home/orientpine/robot_ws/install/interface_rb10_apple/share/interface_rb10_apple/cmake/interface_rb10_apple__rosidl_typesupport_cExport.cmake
[21.779s] -- Installing: /home/orientpine/robot_ws/install/interface_rb10_apple/share/interface_rb10_apple/cmake/interface_rb10_apple__rosidl_typesupport_cExport-noconfig.cmake
[21.780s] -- Installing: /home/orientpine/robot_ws/install/interface_rb10_apple/share/interface_rb10_apple/cmake/interface_rb10_apple__rosidl_typesupport_introspection_cppExport.cmake
[21.780s] -- Installing: /home/orientpine/robot_ws/install/interface_rb10_apple/share/interface_rb10_apple/cmake/interface_rb10_apple__rosidl_typesupport_introspection_cppExport-noconfig.cmake
[21.780s] -- Installing: /home/orientpine/robot_ws/install/interface_rb10_apple/share/interface_rb10_apple/cmake/interface_rb10_apple__rosidl_typesupport_cppExport.cmake
[21.781s] -- Installing: /home/orientpine/robot_ws/install/interface_rb10_apple/share/interface_rb10_apple/cmake/interface_rb10_apple__rosidl_typesupport_cppExport-noconfig.cmake
[21.781s] -- Installing: /home/orientpine/robot_ws/install/interface_rb10_apple/share/interface_rb10_apple/cmake/export_interface_rb10_apple__rosidl_generator_pyExport.cmake
[21.782s] -- Installing: /home/orientpine/robot_ws/install/interface_rb10_apple/share/interface_rb10_apple/cmake/export_interface_rb10_apple__rosidl_generator_pyExport-noconfig.cmake
[21.788s] Invoked command in '/home/orientpine/robot_ws/build/interface_rb10_apple' returned '0': CMAKE_PREFIX_PATH=${CMAKE_PREFIX_PATH}:/home/orientpine/robot_ws/install/pkg_rb10_apple:/opt/ros/humble CONDA_PROMPT_MODIFIER=(rb) /usr/bin/cmake --install /home/orientpine/robot_ws/build/interface_rb10_apple
