[1.302s] Invoking command in '/home/orientpine/robot_ws/build/pkg_rb10_apple': CONDA_PROMPT_MODIFIER=(rb) PYTHONPATH=/home/orientpine/robot_ws/build/pkg_rb10_apple/prefix_override:/home/orientpine/robot_ws/install/pkg_rb10_apple/lib/python3.10/site-packages:/home/orientpine/robot_ws/install/interface_rb10_apple/lib/python3.10/site-packages:/home/orientpine/robot_ws/build/pkg_rb10_apple:/home/orientpine/robot_ws/install/pkg_rb10_apple/lib/python3.10/site-packages:/opt/ros/humble/lib/python3.10/site-packages:/opt/ros/humble/local/lib/python3.10/dist-packages /usr/bin/python3 setup.py develop --editable --build-directory /home/orientpine/robot_ws/build/pkg_rb10_apple/build --no-deps install_data
[1.754s] running develop
[2.039s] running egg_info
[2.040s] writing pkg_rb10_apple.egg-info/PKG-INFO
[2.040s] writing dependency_links to pkg_rb10_apple.egg-info/dependency_links.txt
[2.040s] writing entry points to pkg_rb10_apple.egg-info/entry_points.txt
[2.041s] writing requirements to pkg_rb10_apple.egg-info/requires.txt
[2.041s] writing top-level names to pkg_rb10_apple.egg-info/top_level.txt
[2.044s] reading manifest file 'pkg_rb10_apple.egg-info/SOURCES.txt'
[2.045s] writing manifest file 'pkg_rb10_apple.egg-info/SOURCES.txt'
[2.047s] running build_ext
[2.047s] Creating /home/orientpine/robot_ws/install/pkg_rb10_apple/lib/python3.10/site-packages/pkg-rb10-apple.egg-link (link to .)
[2.048s] Installing robot_connect_control_server script to /home/orientpine/robot_ws/install/pkg_rb10_apple/lib/pkg_rb10_apple
[2.049s] Installing robot_info_publisher script to /home/orientpine/robot_ws/install/pkg_rb10_apple/lib/pkg_rb10_apple
[2.049s] Installing robot_mode_control_client script to /home/orientpine/robot_ws/install/pkg_rb10_apple/lib/pkg_rb10_apple
[2.049s] Installing robot_mode_control_server script to /home/orientpine/robot_ws/install/pkg_rb10_apple/lib/pkg_rb10_apple
[2.050s] Installing robot_tcp_control_server script to /home/orientpine/robot_ws/install/pkg_rb10_apple/lib/pkg_rb10_apple
[2.050s] 
[2.050s] Installed /home/orientpine/robot_ws/build/pkg_rb10_apple
[2.050s] running install_data
[2.089s] Invoked command in '/home/orientpine/robot_ws/build/pkg_rb10_apple' returned '0': CONDA_PROMPT_MODIFIER=(rb) PYTHONPATH=/home/orientpine/robot_ws/build/pkg_rb10_apple/prefix_override:/home/orientpine/robot_ws/install/pkg_rb10_apple/lib/python3.10/site-packages:/home/orientpine/robot_ws/install/interface_rb10_apple/lib/python3.10/site-packages:/home/orientpine/robot_ws/build/pkg_rb10_apple:/home/orientpine/robot_ws/install/pkg_rb10_apple/lib/python3.10/site-packages:/opt/ros/humble/lib/python3.10/site-packages:/opt/ros/humble/local/lib/python3.10/dist-packages /usr/bin/python3 setup.py develop --editable --build-directory /home/orientpine/robot_ws/build/pkg_rb10_apple/build --no-deps install_data
