[0.949s] DEBUG:colcon:Command line arguments: ['/usr/bin/colcon', 'build', '--symlink-install']
[0.949s] DEBUG:colcon:Parsed command line arguments: Namespace(log_base=None, log_level=None, verb_name='build', build_base='build', install_base='install', merge_install=False, symlink_install=True, test_result_base=None, continue_on_error=False, executor='parallel', parallel_workers=12, event_handlers=None, ignore_user_meta=False, metas=['./colcon.meta'], base_paths=['.'], packages_ignore=None, packages_ignore_regex=None, paths=None, packages_up_to=None, packages_up_to_regex=None, packages_above=None, packages_above_and_dependencies=None, packages_above_depth=None, packages_select_by_dep=None, packages_skip_by_dep=None, packages_skip_up_to=None, packages_select_build_failed=False, packages_skip_build_finished=False, packages_select_test_failures=False, packages_skip_test_passed=False, packages_select=None, packages_skip=None, packages_select_regex=None, packages_skip_regex=None, packages_start=None, packages_end=None, allow_overriding=[], cmake_args=None, cmake_target=None, cmake_target_skip_unavailable=False, cmake_clean_cache=False, cmake_clean_first=False, cmake_force_configure=False, ament_cmake_args=None, catkin_cmake_args=None, catkin_skip_building_tests=False, verb_parser=<colcon_defaults.argument_parser.defaults.DefaultArgumentsDecorator object at 0x7f1e48cfcd90>, verb_extension=<colcon_core.verb.build.BuildVerb object at 0x7f1e48cfd270>, main=<bound method BuildVerb.main of <colcon_core.verb.build.BuildVerb object at 0x7f1e48cfd270>>)
[0.993s] Level 1:colcon.colcon_core.package_discovery:discover_packages(colcon_meta) check parameters
[0.993s] Level 1:colcon.colcon_core.package_discovery:discover_packages(recursive) check parameters
[0.993s] Level 1:colcon.colcon_core.package_discovery:discover_packages(ignore) check parameters
[0.993s] Level 1:colcon.colcon_core.package_discovery:discover_packages(path) check parameters
[0.993s] Level 1:colcon.colcon_core.package_discovery:discover_packages(colcon_meta) discover
[0.993s] Level 1:colcon.colcon_core.package_discovery:discover_packages(recursive) discover
[0.994s] INFO:colcon.colcon_core.package_discovery:Crawling recursively for packages in '/home/orientpine/robot_ws'
[0.994s] Level 1:colcon.colcon_core.package_identification:_identify(.) by extensions ['ignore', 'ignore_ament_install']
[0.994s] Level 1:colcon.colcon_core.package_identification:_identify(.) by extension 'ignore'
[0.994s] Level 1:colcon.colcon_core.package_identification:_identify(.) by extension 'ignore_ament_install'
[0.994s] Level 1:colcon.colcon_core.package_identification:_identify(.) by extensions ['colcon_pkg']
[0.994s] Level 1:colcon.colcon_core.package_identification:_identify(.) by extension 'colcon_pkg'
[0.994s] Level 1:colcon.colcon_core.package_identification:_identify(.) by extensions ['colcon_meta']
[0.994s] Level 1:colcon.colcon_core.package_identification:_identify(.) by extension 'colcon_meta'
[0.994s] Level 1:colcon.colcon_core.package_identification:_identify(.) by extensions ['ros']
[0.994s] Level 1:colcon.colcon_core.package_identification:_identify(.) by extension 'ros'
[1.005s] Level 1:colcon.colcon_core.package_identification:_identify(.) by extensions ['cmake', 'python']
[1.005s] Level 1:colcon.colcon_core.package_identification:_identify(.) by extension 'cmake'
[1.005s] Level 1:colcon.colcon_core.package_identification:_identify(.) by extension 'python'
[1.005s] Level 1:colcon.colcon_core.package_identification:_identify(.) by extensions ['python_setup_py']
[1.005s] Level 1:colcon.colcon_core.package_identification:_identify(.) by extension 'python_setup_py'
[1.005s] Level 1:colcon.colcon_core.package_identification:_identify(build) by extensions ['ignore', 'ignore_ament_install']
[1.005s] Level 1:colcon.colcon_core.package_identification:_identify(build) by extension 'ignore'
[1.005s] Level 1:colcon.colcon_core.package_identification:_identify(build) ignored
[1.005s] Level 1:colcon.colcon_core.package_identification:_identify(install) by extensions ['ignore', 'ignore_ament_install']
[1.005s] Level 1:colcon.colcon_core.package_identification:_identify(install) by extension 'ignore'
[1.005s] Level 1:colcon.colcon_core.package_identification:_identify(install) ignored
[1.005s] Level 1:colcon.colcon_core.package_identification:_identify(log) by extensions ['ignore', 'ignore_ament_install']
[1.005s] Level 1:colcon.colcon_core.package_identification:_identify(log) by extension 'ignore'
[1.005s] Level 1:colcon.colcon_core.package_identification:_identify(log) ignored
[1.006s] Level 1:colcon.colcon_core.package_identification:_identify(src) by extensions ['ignore', 'ignore_ament_install']
[1.006s] Level 1:colcon.colcon_core.package_identification:_identify(src) by extension 'ignore'
[1.006s] Level 1:colcon.colcon_core.package_identification:_identify(src) by extension 'ignore_ament_install'
[1.006s] Level 1:colcon.colcon_core.package_identification:_identify(src) by extensions ['colcon_pkg']
[1.006s] Level 1:colcon.colcon_core.package_identification:_identify(src) by extension 'colcon_pkg'
[1.006s] Level 1:colcon.colcon_core.package_identification:_identify(src) by extensions ['colcon_meta']
[1.006s] Level 1:colcon.colcon_core.package_identification:_identify(src) by extension 'colcon_meta'
[1.006s] Level 1:colcon.colcon_core.package_identification:_identify(src) by extensions ['ros']
[1.006s] Level 1:colcon.colcon_core.package_identification:_identify(src) by extension 'ros'
[1.006s] Level 1:colcon.colcon_core.package_identification:_identify(src) by extensions ['cmake', 'python']
[1.006s] Level 1:colcon.colcon_core.package_identification:_identify(src) by extension 'cmake'
[1.006s] Level 1:colcon.colcon_core.package_identification:_identify(src) by extension 'python'
[1.006s] Level 1:colcon.colcon_core.package_identification:_identify(src) by extensions ['python_setup_py']
[1.006s] Level 1:colcon.colcon_core.package_identification:_identify(src) by extension 'python_setup_py'
[1.006s] Level 1:colcon.colcon_core.package_identification:_identify(src/interface_rb10_apple) by extensions ['ignore', 'ignore_ament_install']
[1.006s] Level 1:colcon.colcon_core.package_identification:_identify(src/interface_rb10_apple) by extension 'ignore'
[1.006s] Level 1:colcon.colcon_core.package_identification:_identify(src/interface_rb10_apple) by extension 'ignore_ament_install'
[1.006s] Level 1:colcon.colcon_core.package_identification:_identify(src/interface_rb10_apple) by extensions ['colcon_pkg']
[1.006s] Level 1:colcon.colcon_core.package_identification:_identify(src/interface_rb10_apple) by extension 'colcon_pkg'
[1.007s] Level 1:colcon.colcon_core.package_identification:_identify(src/interface_rb10_apple) by extensions ['colcon_meta']
[1.007s] Level 1:colcon.colcon_core.package_identification:_identify(src/interface_rb10_apple) by extension 'colcon_meta'
[1.007s] Level 1:colcon.colcon_core.package_identification:_identify(src/interface_rb10_apple) by extensions ['ros']
[1.007s] Level 1:colcon.colcon_core.package_identification:_identify(src/interface_rb10_apple) by extension 'ros'
[1.009s] DEBUG:colcon.colcon_core.package_identification:Package 'src/interface_rb10_apple' with type 'ros.ament_cmake' and name 'interface_rb10_apple'
[1.009s] Level 1:colcon.colcon_core.package_identification:_identify(src/pkg_rb10_apple) by extensions ['ignore', 'ignore_ament_install']
[1.009s] Level 1:colcon.colcon_core.package_identification:_identify(src/pkg_rb10_apple) by extension 'ignore'
[1.009s] Level 1:colcon.colcon_core.package_identification:_identify(src/pkg_rb10_apple) by extension 'ignore_ament_install'
[1.009s] Level 1:colcon.colcon_core.package_identification:_identify(src/pkg_rb10_apple) by extensions ['colcon_pkg']
[1.009s] Level 1:colcon.colcon_core.package_identification:_identify(src/pkg_rb10_apple) by extension 'colcon_pkg'
[1.009s] Level 1:colcon.colcon_core.package_identification:_identify(src/pkg_rb10_apple) by extensions ['colcon_meta']
[1.009s] Level 1:colcon.colcon_core.package_identification:_identify(src/pkg_rb10_apple) by extension 'colcon_meta'
[1.009s] Level 1:colcon.colcon_core.package_identification:_identify(src/pkg_rb10_apple) by extensions ['ros']
[1.009s] Level 1:colcon.colcon_core.package_identification:_identify(src/pkg_rb10_apple) by extension 'ros'
[1.010s] DEBUG:colcon.colcon_core.package_identification:Package 'src/pkg_rb10_apple' with type 'ros.ament_python' and name 'pkg_rb10_apple'
[1.010s] Level 1:colcon.colcon_core.package_discovery:discover_packages(recursive) using defaults
[1.010s] Level 1:colcon.colcon_core.package_discovery:discover_packages(ignore) discover
[1.010s] Level 1:colcon.colcon_core.package_discovery:discover_packages(ignore) using defaults
[1.010s] Level 1:colcon.colcon_core.package_discovery:discover_packages(path) discover
[1.010s] Level 1:colcon.colcon_core.package_discovery:discover_packages(path) using defaults
[1.099s] Level 1:colcon.colcon_core.package_discovery:discover_packages(prefix_path) check parameters
[1.099s] Level 1:colcon.colcon_core.package_discovery:discover_packages(prefix_path) discover
[1.128s] DEBUG:colcon.colcon_installed_package_information.package_discovery:Found 2 installed packages in /home/orientpine/robot_ws/install
[1.142s] DEBUG:colcon.colcon_installed_package_information.package_discovery:Found 284 installed packages in /opt/ros/humble
[1.144s] Level 1:colcon.colcon_core.package_discovery:discover_packages(prefix_path) using defaults
[1.237s] Level 5:colcon.colcon_core.verb:set package 'interface_rb10_apple' build argument 'cmake_args' from command line to 'None'
[1.237s] Level 5:colcon.colcon_core.verb:set package 'interface_rb10_apple' build argument 'cmake_target' from command line to 'None'
[1.237s] Level 5:colcon.colcon_core.verb:set package 'interface_rb10_apple' build argument 'cmake_target_skip_unavailable' from command line to 'False'
[1.237s] Level 5:colcon.colcon_core.verb:set package 'interface_rb10_apple' build argument 'cmake_clean_cache' from command line to 'False'
[1.237s] Level 5:colcon.colcon_core.verb:set package 'interface_rb10_apple' build argument 'cmake_clean_first' from command line to 'False'
[1.237s] Level 5:colcon.colcon_core.verb:set package 'interface_rb10_apple' build argument 'cmake_force_configure' from command line to 'False'
[1.237s] Level 5:colcon.colcon_core.verb:set package 'interface_rb10_apple' build argument 'ament_cmake_args' from command line to 'None'
[1.237s] Level 5:colcon.colcon_core.verb:set package 'interface_rb10_apple' build argument 'catkin_cmake_args' from command line to 'None'
[1.237s] Level 5:colcon.colcon_core.verb:set package 'interface_rb10_apple' build argument 'catkin_skip_building_tests' from command line to 'False'
[1.237s] DEBUG:colcon.colcon_core.verb:Building package 'interface_rb10_apple' with the following arguments: {'ament_cmake_args': None, 'build_base': '/home/orientpine/robot_ws/build/interface_rb10_apple', 'catkin_cmake_args': None, 'catkin_skip_building_tests': False, 'cmake_args': None, 'cmake_clean_cache': False, 'cmake_clean_first': False, 'cmake_force_configure': False, 'cmake_target': None, 'cmake_target_skip_unavailable': False, 'install_base': '/home/orientpine/robot_ws/install/interface_rb10_apple', 'merge_install': False, 'path': '/home/orientpine/robot_ws/src/interface_rb10_apple', 'symlink_install': True, 'test_result_base': None}
[1.251s] Level 5:colcon.colcon_core.verb:set package 'pkg_rb10_apple' build argument 'cmake_args' from command line to 'None'
[1.251s] Level 5:colcon.colcon_core.verb:set package 'pkg_rb10_apple' build argument 'cmake_target' from command line to 'None'
[1.251s] Level 5:colcon.colcon_core.verb:set package 'pkg_rb10_apple' build argument 'cmake_target_skip_unavailable' from command line to 'False'
[1.251s] Level 5:colcon.colcon_core.verb:set package 'pkg_rb10_apple' build argument 'cmake_clean_cache' from command line to 'False'
[1.251s] Level 5:colcon.colcon_core.verb:set package 'pkg_rb10_apple' build argument 'cmake_clean_first' from command line to 'False'
[1.251s] Level 5:colcon.colcon_core.verb:set package 'pkg_rb10_apple' build argument 'cmake_force_configure' from command line to 'False'
[1.251s] Level 5:colcon.colcon_core.verb:set package 'pkg_rb10_apple' build argument 'ament_cmake_args' from command line to 'None'
[1.251s] Level 5:colcon.colcon_core.verb:set package 'pkg_rb10_apple' build argument 'catkin_cmake_args' from command line to 'None'
[1.251s] Level 5:colcon.colcon_core.verb:set package 'pkg_rb10_apple' build argument 'catkin_skip_building_tests' from command line to 'False'
[1.251s] DEBUG:colcon.colcon_core.verb:Building package 'pkg_rb10_apple' with the following arguments: {'ament_cmake_args': None, 'build_base': '/home/orientpine/robot_ws/build/pkg_rb10_apple', 'catkin_cmake_args': None, 'catkin_skip_building_tests': False, 'cmake_args': None, 'cmake_clean_cache': False, 'cmake_clean_first': False, 'cmake_force_configure': False, 'cmake_target': None, 'cmake_target_skip_unavailable': False, 'install_base': '/home/orientpine/robot_ws/install/pkg_rb10_apple', 'merge_install': False, 'path': '/home/orientpine/robot_ws/src/pkg_rb10_apple', 'symlink_install': True, 'test_result_base': None}
[1.264s] INFO:colcon.colcon_core.executor:Executing jobs using 'parallel' executor
[1.279s] DEBUG:colcon.colcon_parallel_executor.executor.parallel:run_until_complete
[1.279s] INFO:colcon.colcon_ros.task.ament_cmake.build:Building ROS package in '/home/orientpine/robot_ws/src/interface_rb10_apple' with build type 'ament_cmake'
[1.279s] INFO:colcon.colcon_cmake.task.cmake.build:Building CMake package in '/home/orientpine/robot_ws/src/interface_rb10_apple'
[1.295s] INFO:colcon.colcon_core.plugin_system:Skipping extension 'colcon_core.shell.bat': Not used on non-Windows systems
[1.295s] INFO:colcon.colcon_core.shell:Skip shell extension 'powershell' for command environment: Not usable outside of PowerShell
[1.295s] DEBUG:colcon.colcon_core.shell:Skip shell extension 'dsv' for command environment
[1.346s] DEBUG:colcon.colcon_core.event_handler.log_command:Invoking command in '/home/orientpine/robot_ws/build/interface_rb10_apple': CMAKE_PREFIX_PATH=${CMAKE_PREFIX_PATH}:/home/orientpine/robot_ws/install/pkg_rb10_apple:/opt/ros/humble CONDA_PROMPT_MODIFIER=(rb) /usr/bin/cmake --build /home/orientpine/robot_ws/build/interface_rb10_apple -- -j12 -l12
[8.454s] DEBUG:colcon.colcon_core.event_handler.log_command:Invoked command in '/home/orientpine/robot_ws/build/interface_rb10_apple' returned '0': CMAKE_PREFIX_PATH=${CMAKE_PREFIX_PATH}:/home/orientpine/robot_ws/install/pkg_rb10_apple:/opt/ros/humble CONDA_PROMPT_MODIFIER=(rb) /usr/bin/cmake --build /home/orientpine/robot_ws/build/interface_rb10_apple -- -j12 -l12
[8.665s] DEBUG:colcon.colcon_core.event_handler.log_command:Invoking command in '/home/orientpine/robot_ws/build/interface_rb10_apple': CMAKE_PREFIX_PATH=${CMAKE_PREFIX_PATH}:/home/orientpine/robot_ws/install/pkg_rb10_apple:/opt/ros/humble CONDA_PROMPT_MODIFIER=(rb) /usr/bin/cmake --install /home/orientpine/robot_ws/build/interface_rb10_apple
[9.274s] Level 1:colcon.colcon_core.environment:create_environment_scripts_only(interface_rb10_apple)
[9.275s] DEBUG:colcon.colcon_core.event_handler.log_command:Invoked command in '/home/orientpine/robot_ws/build/interface_rb10_apple' returned '0': CMAKE_PREFIX_PATH=${CMAKE_PREFIX_PATH}:/home/orientpine/robot_ws/install/pkg_rb10_apple:/opt/ros/humble CONDA_PROMPT_MODIFIER=(rb) /usr/bin/cmake --install /home/orientpine/robot_ws/build/interface_rb10_apple
[9.304s] Level 1:colcon.colcon_core.environment:checking '/home/orientpine/robot_ws/install/interface_rb10_apple' for CMake module files
[9.305s] Level 1:colcon.colcon_core.environment:checking '/home/orientpine/robot_ws/install/interface_rb10_apple' for CMake config files
[9.306s] Level 1:colcon.colcon_core.shell:create_environment_hook('interface_rb10_apple', 'cmake_prefix_path')
[9.332s] INFO:colcon.colcon_core.shell:Creating environment hook '/home/orientpine/robot_ws/install/interface_rb10_apple/share/interface_rb10_apple/hook/cmake_prefix_path.ps1'
[9.333s] INFO:colcon.colcon_core.shell:Creating environment descriptor '/home/orientpine/robot_ws/install/interface_rb10_apple/share/interface_rb10_apple/hook/cmake_prefix_path.dsv'
[9.334s] INFO:colcon.colcon_core.shell:Creating environment hook '/home/orientpine/robot_ws/install/interface_rb10_apple/share/interface_rb10_apple/hook/cmake_prefix_path.sh'
[9.335s] Level 1:colcon.colcon_core.environment:checking '/home/orientpine/robot_ws/install/interface_rb10_apple/lib'
[9.336s] Level 1:colcon.colcon_core.shell:create_environment_hook('interface_rb10_apple', 'ld_library_path_lib')
[9.360s] INFO:colcon.colcon_core.shell:Creating environment hook '/home/orientpine/robot_ws/install/interface_rb10_apple/share/interface_rb10_apple/hook/ld_library_path_lib.ps1'
[9.361s] INFO:colcon.colcon_core.shell:Creating environment descriptor '/home/orientpine/robot_ws/install/interface_rb10_apple/share/interface_rb10_apple/hook/ld_library_path_lib.dsv'
[9.361s] INFO:colcon.colcon_core.shell:Creating environment hook '/home/orientpine/robot_ws/install/interface_rb10_apple/share/interface_rb10_apple/hook/ld_library_path_lib.sh'
[9.362s] Level 1:colcon.colcon_core.environment:checking '/home/orientpine/robot_ws/install/interface_rb10_apple/bin'
[9.362s] Level 1:colcon.colcon_core.environment:checking '/home/orientpine/robot_ws/install/interface_rb10_apple/lib/pkgconfig/interface_rb10_apple.pc'
[9.362s] Level 1:colcon.colcon_core.environment:checking '/home/orientpine/robot_ws/install/interface_rb10_apple/lib/python3.10/site-packages'
[9.362s] Level 1:colcon.colcon_core.shell:create_environment_hook('interface_rb10_apple', 'pythonpath')
[9.383s] INFO:colcon.colcon_core.shell:Creating environment hook '/home/orientpine/robot_ws/install/interface_rb10_apple/share/interface_rb10_apple/hook/pythonpath.ps1'
[9.383s] INFO:colcon.colcon_core.shell:Creating environment descriptor '/home/orientpine/robot_ws/install/interface_rb10_apple/share/interface_rb10_apple/hook/pythonpath.dsv'
[9.383s] INFO:colcon.colcon_core.shell:Creating environment hook '/home/orientpine/robot_ws/install/interface_rb10_apple/share/interface_rb10_apple/hook/pythonpath.sh'
[9.384s] Level 1:colcon.colcon_core.environment:checking '/home/orientpine/robot_ws/install/interface_rb10_apple/bin'
[9.397s] INFO:colcon.colcon_core.shell:Creating package script '/home/orientpine/robot_ws/install/interface_rb10_apple/share/interface_rb10_apple/package.ps1'
[9.398s] INFO:colcon.colcon_core.shell:Creating package descriptor '/home/orientpine/robot_ws/install/interface_rb10_apple/share/interface_rb10_apple/package.dsv'
[9.399s] INFO:colcon.colcon_core.shell:Creating package script '/home/orientpine/robot_ws/install/interface_rb10_apple/share/interface_rb10_apple/package.sh'
[9.399s] INFO:colcon.colcon_core.shell:Creating package script '/home/orientpine/robot_ws/install/interface_rb10_apple/share/interface_rb10_apple/package.bash'
[9.400s] INFO:colcon.colcon_core.shell:Creating package script '/home/orientpine/robot_ws/install/interface_rb10_apple/share/interface_rb10_apple/package.zsh'
[9.400s] Level 1:colcon.colcon_core.environment:create_file_with_runtime_dependencies(/home/orientpine/robot_ws/install/interface_rb10_apple/share/colcon-core/packages/interface_rb10_apple)
[9.529s] Level 1:colcon.colcon_core.environment:create_environment_scripts_only(interface_rb10_apple)
[9.544s] Level 1:colcon.colcon_core.environment:checking '/home/orientpine/robot_ws/install/interface_rb10_apple' for CMake module files
[9.545s] Level 1:colcon.colcon_core.environment:checking '/home/orientpine/robot_ws/install/interface_rb10_apple' for CMake config files
[9.545s] Level 1:colcon.colcon_core.shell:create_environment_hook('interface_rb10_apple', 'cmake_prefix_path')
[9.567s] INFO:colcon.colcon_core.shell:Creating environment hook '/home/orientpine/robot_ws/install/interface_rb10_apple/share/interface_rb10_apple/hook/cmake_prefix_path.ps1'
[9.567s] INFO:colcon.colcon_core.shell:Creating environment descriptor '/home/orientpine/robot_ws/install/interface_rb10_apple/share/interface_rb10_apple/hook/cmake_prefix_path.dsv'
[9.568s] INFO:colcon.colcon_core.shell:Creating environment hook '/home/orientpine/robot_ws/install/interface_rb10_apple/share/interface_rb10_apple/hook/cmake_prefix_path.sh'
[9.568s] Level 1:colcon.colcon_core.environment:checking '/home/orientpine/robot_ws/install/interface_rb10_apple/lib'
[9.568s] Level 1:colcon.colcon_core.shell:create_environment_hook('interface_rb10_apple', 'ld_library_path_lib')
[9.582s] INFO:colcon.colcon_core.shell:Creating environment hook '/home/orientpine/robot_ws/install/interface_rb10_apple/share/interface_rb10_apple/hook/ld_library_path_lib.ps1'
[9.582s] INFO:colcon.colcon_core.shell:Creating environment descriptor '/home/orientpine/robot_ws/install/interface_rb10_apple/share/interface_rb10_apple/hook/ld_library_path_lib.dsv'
[9.582s] INFO:colcon.colcon_core.shell:Creating environment hook '/home/orientpine/robot_ws/install/interface_rb10_apple/share/interface_rb10_apple/hook/ld_library_path_lib.sh'
[9.583s] Level 1:colcon.colcon_core.environment:checking '/home/orientpine/robot_ws/install/interface_rb10_apple/bin'
[9.583s] Level 1:colcon.colcon_core.environment:checking '/home/orientpine/robot_ws/install/interface_rb10_apple/lib/pkgconfig/interface_rb10_apple.pc'
[9.583s] Level 1:colcon.colcon_core.environment:checking '/home/orientpine/robot_ws/install/interface_rb10_apple/lib/python3.10/site-packages'
[9.583s] Level 1:colcon.colcon_core.shell:create_environment_hook('interface_rb10_apple', 'pythonpath')
[9.597s] INFO:colcon.colcon_core.shell:Creating environment hook '/home/orientpine/robot_ws/install/interface_rb10_apple/share/interface_rb10_apple/hook/pythonpath.ps1'
[9.597s] INFO:colcon.colcon_core.shell:Creating environment descriptor '/home/orientpine/robot_ws/install/interface_rb10_apple/share/interface_rb10_apple/hook/pythonpath.dsv'
[9.597s] INFO:colcon.colcon_core.shell:Creating environment hook '/home/orientpine/robot_ws/install/interface_rb10_apple/share/interface_rb10_apple/hook/pythonpath.sh'
[9.598s] Level 1:colcon.colcon_core.environment:checking '/home/orientpine/robot_ws/install/interface_rb10_apple/bin'
[9.612s] INFO:colcon.colcon_core.shell:Creating package script '/home/orientpine/robot_ws/install/interface_rb10_apple/share/interface_rb10_apple/package.ps1'
[9.613s] INFO:colcon.colcon_core.shell:Creating package descriptor '/home/orientpine/robot_ws/install/interface_rb10_apple/share/interface_rb10_apple/package.dsv'
[9.613s] INFO:colcon.colcon_core.shell:Creating package script '/home/orientpine/robot_ws/install/interface_rb10_apple/share/interface_rb10_apple/package.sh'
[9.614s] INFO:colcon.colcon_core.shell:Creating package script '/home/orientpine/robot_ws/install/interface_rb10_apple/share/interface_rb10_apple/package.bash'
[9.614s] INFO:colcon.colcon_core.shell:Creating package script '/home/orientpine/robot_ws/install/interface_rb10_apple/share/interface_rb10_apple/package.zsh'
[9.615s] Level 1:colcon.colcon_core.environment:create_file_with_runtime_dependencies(/home/orientpine/robot_ws/install/interface_rb10_apple/share/colcon-core/packages/interface_rb10_apple)
[9.615s] INFO:colcon.colcon_ros.task.ament_python.build:Building ROS package in '/home/orientpine/robot_ws/src/pkg_rb10_apple' with build type 'ament_python'
[9.615s] Level 1:colcon.colcon_core.shell:create_environment_hook('pkg_rb10_apple', 'ament_prefix_path')
[9.631s] INFO:colcon.colcon_core.shell:Creating environment hook '/home/orientpine/robot_ws/install/pkg_rb10_apple/share/pkg_rb10_apple/hook/ament_prefix_path.ps1'
[9.631s] INFO:colcon.colcon_core.shell:Creating environment descriptor '/home/orientpine/robot_ws/install/pkg_rb10_apple/share/pkg_rb10_apple/hook/ament_prefix_path.dsv'
[9.631s] INFO:colcon.colcon_core.shell:Creating environment hook '/home/orientpine/robot_ws/install/pkg_rb10_apple/share/pkg_rb10_apple/hook/ament_prefix_path.sh'
[9.646s] INFO:colcon.colcon_core.shell:Skip shell extension 'powershell' for command environment: Not usable outside of PowerShell
[9.646s] DEBUG:colcon.colcon_core.shell:Skip shell extension 'dsv' for command environment
[9.973s] INFO:colcon.colcon_core.task.python.build:Building Python package in '/home/orientpine/robot_ws/src/pkg_rb10_apple'
[9.987s] INFO:colcon.colcon_core.shell:Skip shell extension 'powershell' for command environment: Not usable outside of PowerShell
[9.987s] DEBUG:colcon.colcon_core.shell:Skip shell extension 'dsv' for command environment
[10.345s] DEBUG:colcon.colcon_core.event_handler.log_command:Invoking command in '/home/orientpine/robot_ws/build/pkg_rb10_apple': CONDA_PROMPT_MODIFIER=(rb) PYTHONPATH=/home/orientpine/robot_ws/build/pkg_rb10_apple/prefix_override:/home/orientpine/robot_ws/install/pkg_rb10_apple/lib/python3.10/site-packages:/home/orientpine/robot_ws/install/interface_rb10_apple/lib/python3.10/site-packages:/home/orientpine/robot_ws/build/pkg_rb10_apple:/home/orientpine/robot_ws/install/pkg_rb10_apple/lib/python3.10/site-packages:/opt/ros/humble/lib/python3.10/site-packages:/opt/ros/humble/local/lib/python3.10/dist-packages /usr/bin/python3 setup.py develop --editable --build-directory /home/orientpine/robot_ws/build/pkg_rb10_apple/build --no-deps install_data
[10.798s] Level 1:colcon.colcon_core.shell:create_environment_hook('pkg_rb10_apple', 'pythonpath_develop')
[10.799s] DEBUG:colcon.colcon_core.event_handler.log_command:Invoked command in '/home/orientpine/robot_ws/build/pkg_rb10_apple' returned '0': CONDA_PROMPT_MODIFIER=(rb) PYTHONPATH=/home/orientpine/robot_ws/build/pkg_rb10_apple/prefix_override:/home/orientpine/robot_ws/install/pkg_rb10_apple/lib/python3.10/site-packages:/home/orientpine/robot_ws/install/interface_rb10_apple/lib/python3.10/site-packages:/home/orientpine/robot_ws/build/pkg_rb10_apple:/home/orientpine/robot_ws/install/pkg_rb10_apple/lib/python3.10/site-packages:/opt/ros/humble/lib/python3.10/site-packages:/opt/ros/humble/local/lib/python3.10/dist-packages /usr/bin/python3 setup.py develop --editable --build-directory /home/orientpine/robot_ws/build/pkg_rb10_apple/build --no-deps install_data
[10.813s] INFO:colcon.colcon_core.shell:Creating environment hook '/home/orientpine/robot_ws/build/pkg_rb10_apple/share/pkg_rb10_apple/hook/pythonpath_develop.ps1'
[10.813s] INFO:colcon.colcon_core.shell:Creating environment descriptor '/home/orientpine/robot_ws/build/pkg_rb10_apple/share/pkg_rb10_apple/hook/pythonpath_develop.dsv'
[10.814s] INFO:colcon.colcon_core.shell:Creating environment hook '/home/orientpine/robot_ws/build/pkg_rb10_apple/share/pkg_rb10_apple/hook/pythonpath_develop.sh'
[10.828s] Level 1:colcon.colcon_core.environment:checking '/home/orientpine/robot_ws/install/pkg_rb10_apple' for CMake module files
[10.829s] Level 1:colcon.colcon_core.environment:checking '/home/orientpine/robot_ws/install/pkg_rb10_apple' for CMake config files
[10.829s] Level 1:colcon.colcon_core.environment:checking '/home/orientpine/robot_ws/install/pkg_rb10_apple/lib'
[10.829s] Level 1:colcon.colcon_core.environment:checking '/home/orientpine/robot_ws/install/pkg_rb10_apple/bin'
[10.829s] Level 1:colcon.colcon_core.environment:checking '/home/orientpine/robot_ws/install/pkg_rb10_apple/lib/pkgconfig/pkg_rb10_apple.pc'
[10.830s] Level 1:colcon.colcon_core.environment:checking '/home/orientpine/robot_ws/install/pkg_rb10_apple/lib/python3.10/site-packages'
[10.830s] Level 1:colcon.colcon_core.shell:create_environment_hook('pkg_rb10_apple', 'pythonpath')
[10.843s] INFO:colcon.colcon_core.shell:Creating environment hook '/home/orientpine/robot_ws/install/pkg_rb10_apple/share/pkg_rb10_apple/hook/pythonpath.ps1'
[10.844s] INFO:colcon.colcon_core.shell:Creating environment descriptor '/home/orientpine/robot_ws/install/pkg_rb10_apple/share/pkg_rb10_apple/hook/pythonpath.dsv'
[10.844s] INFO:colcon.colcon_core.shell:Creating environment hook '/home/orientpine/robot_ws/install/pkg_rb10_apple/share/pkg_rb10_apple/hook/pythonpath.sh'
[10.844s] Level 1:colcon.colcon_core.environment:checking '/home/orientpine/robot_ws/install/pkg_rb10_apple/bin'
[10.845s] Level 1:colcon.colcon_core.environment:create_environment_scripts_only(pkg_rb10_apple)
[10.859s] INFO:colcon.colcon_core.shell:Creating package script '/home/orientpine/robot_ws/install/pkg_rb10_apple/share/pkg_rb10_apple/package.ps1'
[10.860s] INFO:colcon.colcon_core.shell:Creating package descriptor '/home/orientpine/robot_ws/install/pkg_rb10_apple/share/pkg_rb10_apple/package.dsv'
[10.860s] INFO:colcon.colcon_core.shell:Creating package script '/home/orientpine/robot_ws/install/pkg_rb10_apple/share/pkg_rb10_apple/package.sh'
[10.861s] INFO:colcon.colcon_core.shell:Creating package script '/home/orientpine/robot_ws/install/pkg_rb10_apple/share/pkg_rb10_apple/package.bash'
[10.861s] INFO:colcon.colcon_core.shell:Creating package script '/home/orientpine/robot_ws/install/pkg_rb10_apple/share/pkg_rb10_apple/package.zsh'
[10.861s] Level 1:colcon.colcon_core.environment:create_file_with_runtime_dependencies(/home/orientpine/robot_ws/install/pkg_rb10_apple/share/colcon-core/packages/pkg_rb10_apple)
[10.861s] DEBUG:colcon.colcon_parallel_executor.executor.parallel:closing loop
[10.862s] DEBUG:colcon.colcon_parallel_executor.executor.parallel:loop closed
[10.862s] DEBUG:colcon.colcon_parallel_executor.executor.parallel:run_until_complete finished with '0'
[10.862s] DEBUG:colcon.colcon_core.event_reactor:joining thread
[10.880s] INFO:colcon.colcon_core.plugin_system:Skipping extension 'colcon_notification.desktop_notification.terminal_notifier': Not used on non-Darwin systems
[10.880s] INFO:colcon.colcon_core.plugin_system:Skipping extension 'colcon_notification.desktop_notification.win32': Not used on non-Windows systems
[10.880s] INFO:colcon.colcon_notification.desktop_notification:Sending desktop notification using 'notify2'
[10.891s] DEBUG:colcon.colcon_core.event_reactor:joined thread
[10.905s] INFO:colcon.colcon_core.shell:Creating prefix script '/home/orientpine/robot_ws/install/local_setup.ps1'
[10.906s] INFO:colcon.colcon_core.shell:Creating prefix util module '/home/orientpine/robot_ws/install/_local_setup_util_ps1.py'
[10.908s] INFO:colcon.colcon_core.shell:Creating prefix chain script '/home/orientpine/robot_ws/install/setup.ps1'
[10.922s] INFO:colcon.colcon_core.shell:Creating prefix script '/home/orientpine/robot_ws/install/local_setup.sh'
[10.922s] INFO:colcon.colcon_core.shell:Creating prefix util module '/home/orientpine/robot_ws/install/_local_setup_util_sh.py'
[10.923s] INFO:colcon.colcon_core.shell:Creating prefix chain script '/home/orientpine/robot_ws/install/setup.sh'
[10.937s] INFO:colcon.colcon_core.shell:Creating prefix script '/home/orientpine/robot_ws/install/local_setup.bash'
[10.937s] INFO:colcon.colcon_core.shell:Creating prefix chain script '/home/orientpine/robot_ws/install/setup.bash'
[10.952s] INFO:colcon.colcon_core.shell:Creating prefix script '/home/orientpine/robot_ws/install/local_setup.zsh'
[10.952s] INFO:colcon.colcon_core.shell:Creating prefix chain script '/home/orientpine/robot_ws/install/setup.zsh'
