/home/orientpine/robot_ws/install/pkg_rb10_apple/lib/python3.10/site-packages/pkg_rb10_apple/__init__.py
/home/orientpine/robot_ws/install/pkg_rb10_apple/lib/python3.10/site-packages/pkg_rb10_apple/robot_control/robot_mode_control_server.py
/home/orientpine/robot_ws/install/pkg_rb10_apple/lib/python3.10/site-packages/pkg_rb10_apple/robot_control/__init__.py
/home/orientpine/robot_ws/install/pkg_rb10_apple/lib/python3.10/site-packages/pkg_rb10_apple/robot_control/robot_info_publisher.py
/home/orientpine/robot_ws/install/pkg_rb10_apple/lib/python3.10/site-packages/pkg_rb10_apple/robot_control/robot_tcp_control_server.py
/home/orientpine/robot_ws/install/pkg_rb10_apple/lib/python3.10/site-packages/pkg_rb10_apple/robot_control/robot_mode_control_client.py
/home/orientpine/robot_ws/install/pkg_rb10_apple/lib/python3.10/site-packages/pkg_rb10_apple/robot_control/cobot.py
/home/orientpine/robot_ws/install/pkg_rb10_apple/lib/python3.10/site-packages/pkg_rb10_apple/robot_control/robot_connect_control_server.py
/home/orientpine/robot_ws/install/pkg_rb10_apple/lib/python3.10/site-packages/pkg_rb10_apple/robot_control/robot_joint_control_server.py
/home/orientpine/robot_ws/install/pkg_rb10_apple/lib/python3.10/site-packages/pkg_rb10_apple/robot_control/robot_tracking_aruco_server.py
/home/orientpine/robot_ws/install/pkg_rb10_apple/lib/python3.10/site-packages/pkg_rb10_apple/__pycache__/__init__.cpython-310.pyc
/home/orientpine/robot_ws/install/pkg_rb10_apple/lib/python3.10/site-packages/pkg_rb10_apple/robot_control/__pycache__/robot_mode_control_server.cpython-310.pyc
/home/orientpine/robot_ws/install/pkg_rb10_apple/lib/python3.10/site-packages/pkg_rb10_apple/robot_control/__pycache__/__init__.cpython-310.pyc
/home/orientpine/robot_ws/install/pkg_rb10_apple/lib/python3.10/site-packages/pkg_rb10_apple/robot_control/__pycache__/robot_info_publisher.cpython-310.pyc
/home/orientpine/robot_ws/install/pkg_rb10_apple/lib/python3.10/site-packages/pkg_rb10_apple/robot_control/__pycache__/robot_tcp_control_server.cpython-310.pyc
/home/orientpine/robot_ws/install/pkg_rb10_apple/lib/python3.10/site-packages/pkg_rb10_apple/robot_control/__pycache__/robot_mode_control_client.cpython-310.pyc
/home/orientpine/robot_ws/install/pkg_rb10_apple/lib/python3.10/site-packages/pkg_rb10_apple/robot_control/__pycache__/cobot.cpython-310.pyc
/home/orientpine/robot_ws/install/pkg_rb10_apple/lib/python3.10/site-packages/pkg_rb10_apple/robot_control/__pycache__/robot_connect_control_server.cpython-310.pyc
/home/orientpine/robot_ws/install/pkg_rb10_apple/lib/python3.10/site-packages/pkg_rb10_apple/robot_control/__pycache__/robot_joint_control_server.cpython-310.pyc
/home/orientpine/robot_ws/install/pkg_rb10_apple/lib/python3.10/site-packages/pkg_rb10_apple/robot_control/__pycache__/robot_tracking_aruco_server.cpython-310.pyc
/home/orientpine/robot_ws/install/pkg_rb10_apple/share/ament_index/resource_index/packages/pkg-rb10-apple
/home/orientpine/robot_ws/install/pkg_rb10_apple/share/pkg-rb10-apple/package.xml
/home/orientpine/robot_ws/install/pkg_rb10_apple/share/pkg-rb10-apple/launch/rb10_roas.launch.py
/home/orientpine/robot_ws/install/pkg_rb10_apple/lib/python3.10/site-packages/pkg_rb10_apple-0.0.0-py3.10.egg-info/zip-safe
/home/orientpine/robot_ws/install/pkg_rb10_apple/lib/python3.10/site-packages/pkg_rb10_apple-0.0.0-py3.10.egg-info/SOURCES.txt
/home/orientpine/robot_ws/install/pkg_rb10_apple/lib/python3.10/site-packages/pkg_rb10_apple-0.0.0-py3.10.egg-info/dependency_links.txt
/home/orientpine/robot_ws/install/pkg_rb10_apple/lib/python3.10/site-packages/pkg_rb10_apple-0.0.0-py3.10.egg-info/PKG-INFO
/home/orientpine/robot_ws/install/pkg_rb10_apple/lib/python3.10/site-packages/pkg_rb10_apple-0.0.0-py3.10.egg-info/top_level.txt
/home/orientpine/robot_ws/install/pkg_rb10_apple/lib/python3.10/site-packages/pkg_rb10_apple-0.0.0-py3.10.egg-info/requires.txt
/home/orientpine/robot_ws/install/pkg_rb10_apple/lib/python3.10/site-packages/pkg_rb10_apple-0.0.0-py3.10.egg-info/entry_points.txt
/home/orientpine/robot_ws/install/pkg_rb10_apple/lib/pkg_rb10_apple/robot_connect_control_server
/home/orientpine/robot_ws/install/pkg_rb10_apple/lib/pkg_rb10_apple/robot_info_publisher
/home/orientpine/robot_ws/install/pkg_rb10_apple/lib/pkg_rb10_apple/robot_joint_control_server
/home/orientpine/robot_ws/install/pkg_rb10_apple/lib/pkg_rb10_apple/robot_mode_control_client
/home/orientpine/robot_ws/install/pkg_rb10_apple/lib/pkg_rb10_apple/robot_mode_control_server
/home/orientpine/robot_ws/install/pkg_rb10_apple/lib/pkg_rb10_apple/robot_tcp_control_server
/home/orientpine/robot_ws/install/pkg_rb10_apple/lib/pkg_rb10_apple/robot_tracking_aruco_server
