[0.143s] Invoking command in '/home/orientpine/robot_ws/build/interface_rb10_apple': CMAKE_PREFIX_PATH=${CMAKE_PREFIX_PATH}:/home/orientpine/robot_ws/install/pkg_rb10_apple:/opt/ros/humble CONDA_PROMPT_MODIFIER=(rb) /usr/bin/cmake --build /home/orientpine/robot_ws/build/interface_rb10_apple -- -j12 -l12
[0.188s] -- Found ament_cmake: 1.3.6 (/opt/ros/humble/share/ament_cmake/cmake)
[0.400s] -- Override CMake install command with custom implementation using symlinks instead of copying resources
[0.413s] -- Found builtin_interfaces: 1.2.1 (/opt/ros/humble/share/builtin_interfaces/cmake)
[0.454s] -- Found rosidl_generator_c: 3.1.5 (/opt/ros/humble/share/rosidl_generator_c/cmake)
[0.458s] -- Found rosidl_adapter: 3.1.5 (/opt/ros/humble/share/rosidl_adapter/cmake)
[0.469s] -- Found rosidl_generator_cpp: 3.1.5 (/opt/ros/humble/share/rosidl_generator_cpp/cmake)
[0.489s] -- Using all available rosidl_typesupport_c: rosidl_typesupport_fastrtps_c;rosidl_typesupport_introspection_c
[0.517s] -- Using all available rosidl_typesupport_cpp: rosidl_typesupport_fastrtps_cpp;rosidl_typesupport_introspection_cpp
[0.545s] -- Found rosidl_default_generators: 1.2.0 (/opt/ros/humble/share/rosidl_default_generators/cmake)
[1.195s] -- Found ament_cmake_ros: 0.10.0 (/opt/ros/humble/share/ament_cmake_ros/cmake)
[1.667s] -- Using all available rosidl_typesupport_c: rosidl_typesupport_fastrtps_c;rosidl_typesupport_introspection_c
[1.851s] -- Using all available rosidl_typesupport_cpp: rosidl_typesupport_fastrtps_cpp;rosidl_typesupport_introspection_cpp
[1.880s] -- Found python_cmake_module: 0.10.0 (/opt/ros/humble/share/python_cmake_module/cmake)
[1.909s] -- Using PYTHON_EXECUTABLE: /home/orientpine/miniconda3/envs/rb/bin/python3
[1.909s] -- Using PYTHON_INCLUDE_DIRS: /home/orientpine/miniconda3/envs/rb/include/python3.10
[1.909s] -- Using PYTHON_LIBRARIES: /home/orientpine/miniconda3/envs/rb/lib/libpython3.10.so
[2.191s] -- Using numpy include directory: /home/orientpine/miniconda3/envs/rb/lib/python3.10/site-packages/numpy/core/include
[2.228s] -- Configuring done
[2.279s] [33mCMake Warning at /opt/ros/humble/share/rosidl_generator_py/cmake/rosidl_generator_py_generate_interfaces.cmake:166 (add_library):
[2.279s]   Cannot generate a safe runtime search path for target
[2.280s]   interface_rb10_apple__rosidl_generator_py because files in some directories
[2.280s]   may conflict with libraries in implicit directories:
[2.280s] 
[2.280s]     runtime library [libpython3.10.so.1.0] in /usr/lib/x86_64-linux-gnu may be hidden by files in:
[2.280s]       /home/orientpine/miniconda3/envs/rb/lib
[2.280s] 
[2.280s]   Some of these libraries may not be found correctly.
[2.280s] Call Stack (most recent call first):
[2.280s]   /opt/ros/humble/share/ament_cmake_core/cmake/core/ament_execute_extensions.cmake:48 (include)
[2.281s]   /opt/ros/humble/share/rosidl_cmake/cmake/rosidl_generate_interfaces.cmake:286 (ament_execute_extensions)
[2.281s]   CMakeLists.txt:34 (rosidl_generate_interfaces)
[2.281s] 
[2.281s] [0m
[2.285s] [33mCMake Warning at /opt/ros/humble/share/rosidl_generator_py/cmake/rosidl_generator_py_generate_interfaces.cmake:226 (add_library):
[2.285s]   Cannot generate a safe runtime search path for target
[2.285s]   interface_rb10_apple__rosidl_typesupport_fastrtps_c__pyext because files in
[2.285s]   some directories may conflict with libraries in implicit directories:
[2.285s] 
[2.285s]     runtime library [libpython3.10.so.1.0] in /usr/lib/x86_64-linux-gnu may be hidden by files in:
[2.285s]       /home/orientpine/miniconda3/envs/rb/lib
[2.285s] 
[2.285s]   Some of these libraries may not be found correctly.
[2.286s] Call Stack (most recent call first):
[2.286s]   /opt/ros/humble/share/ament_cmake_core/cmake/core/ament_execute_extensions.cmake:48 (include)
[2.286s]   /opt/ros/humble/share/rosidl_cmake/cmake/rosidl_generate_interfaces.cmake:286 (ament_execute_extensions)
[2.286s]   CMakeLists.txt:34 (rosidl_generate_interfaces)
[2.286s] 
[2.286s] [0m
[2.290s] [33mCMake Warning at /opt/ros/humble/share/rosidl_generator_py/cmake/rosidl_generator_py_generate_interfaces.cmake:226 (add_library):
[2.290s]   Cannot generate a safe runtime search path for target
[2.290s]   interface_rb10_apple__rosidl_typesupport_introspection_c__pyext because
[2.290s]   files in some directories may conflict with libraries in implicit
[2.291s]   directories:
[2.291s] 
[2.291s]     runtime library [libpython3.10.so.1.0] in /usr/lib/x86_64-linux-gnu may be hidden by files in:
[2.291s]       /home/orientpine/miniconda3/envs/rb/lib
[2.291s] 
[2.291s]   Some of these libraries may not be found correctly.
[2.291s] Call Stack (most recent call first):
[2.291s]   /opt/ros/humble/share/ament_cmake_core/cmake/core/ament_execute_extensions.cmake:48 (include)
[2.291s]   /opt/ros/humble/share/rosidl_cmake/cmake/rosidl_generate_interfaces.cmake:286 (ament_execute_extensions)
[2.291s]   CMakeLists.txt:34 (rosidl_generate_interfaces)
[2.292s] 
[2.292s] [0m
[2.297s] [33mCMake Warning at /opt/ros/humble/share/rosidl_generator_py/cmake/rosidl_generator_py_generate_interfaces.cmake:226 (add_library):
[2.297s]   Cannot generate a safe runtime search path for target
[2.297s]   interface_rb10_apple__rosidl_typesupport_c__pyext because files in some
[2.297s]   directories may conflict with libraries in implicit directories:
[2.297s] 
[2.297s]     runtime library [libpython3.10.so.1.0] in /usr/lib/x86_64-linux-gnu may be hidden by files in:
[2.297s]       /home/orientpine/miniconda3/envs/rb/lib
[2.297s] 
[2.298s]   Some of these libraries may not be found correctly.
[2.298s] Call Stack (most recent call first):
[2.298s]   /opt/ros/humble/share/ament_cmake_core/cmake/core/ament_execute_extensions.cmake:48 (include)
[2.298s]   /opt/ros/humble/share/rosidl_cmake/cmake/rosidl_generate_interfaces.cmake:286 (ament_execute_extensions)
[2.298s]   CMakeLists.txt:34 (rosidl_generate_interfaces)
[2.298s] 
[2.298s] [0m
[2.308s] -- Generating done
[2.314s] -- Build files have been written to: /home/orientpine/robot_ws/build/interface_rb10_apple
[2.354s] [35m[1mConsolidate compiler generated dependencies of target interface_rb10_apple__rosidl_generator_c[0m
[2.369s] [  1%] Built target interface_rb10_apple__cpp
[2.378s] [ 12%] Built target interface_rb10_apple__rosidl_generator_c
[2.382s] [ 12%] Built target ament_cmake_python_symlink_interface_rb10_apple
[2.389s] [35m[1mConsolidate compiler generated dependencies of target interface_rb10_apple__rosidl_typesupport_cpp[0m
[2.390s] [35m[1mConsolidate compiler generated dependencies of target interface_rb10_apple__rosidl_typesupport_fastrtps_cpp[0m
[2.391s] [35m[1mConsolidate compiler generated dependencies of target interface_rb10_apple__rosidl_typesupport_introspection_cpp[0m
[2.404s] [35m[1mConsolidate compiler generated dependencies of target interface_rb10_apple__rosidl_typesupport_c[0m
[2.404s] [35m[1mConsolidate compiler generated dependencies of target interface_rb10_apple__rosidl_typesupport_introspection_c[0m
[2.407s] [35m[1mConsolidate compiler generated dependencies of target interface_rb10_apple__rosidl_typesupport_fastrtps_c[0m
[2.429s] [ 24%] Built target interface_rb10_apple__rosidl_typesupport_cpp
[2.434s] [ 41%] Built target interface_rb10_apple__rosidl_typesupport_c
[2.434s] [ 46%] Built target interface_rb10_apple__rosidl_typesupport_fastrtps_cpp
[2.439s] [ 67%] Built target interface_rb10_apple__rosidl_typesupport_introspection_cpp
[2.439s] [ 69%] Built target interface_rb10_apple__rosidl_typesupport_introspection_c
[2.447s] [ 81%] Built target interface_rb10_apple__rosidl_typesupport_fastrtps_c
[2.479s] [ 81%] Built target interface_rb10_apple
[2.514s] [ 82%] Built target interface_rb10_apple__py
[2.535s] [35m[1mConsolidate compiler generated dependencies of target interface_rb10_apple__rosidl_generator_py[0m
[2.574s] [ 92%] Built target interface_rb10_apple__rosidl_generator_py
[2.592s] [35m[1mConsolidate compiler generated dependencies of target interface_rb10_apple__rosidl_typesupport_introspection_c__pyext[0m
[2.593s] [35m[1mConsolidate compiler generated dependencies of target interface_rb10_apple__rosidl_typesupport_c__pyext[0m
[2.598s] [35m[1mConsolidate compiler generated dependencies of target interface_rb10_apple__rosidl_typesupport_fastrtps_c__pyext[0m
[2.616s] [ 94%] Built target interface_rb10_apple__rosidl_typesupport_c__pyext
[2.617s] [ 97%] Built target interface_rb10_apple__rosidl_typesupport_introspection_c__pyext
[2.627s] [100%] Built target interface_rb10_apple__rosidl_typesupport_fastrtps_c__pyext
[2.799s] running egg_info
[2.800s] writing interface_rb10_apple.egg-info/PKG-INFO
[2.800s] writing dependency_links to interface_rb10_apple.egg-info/dependency_links.txt
[2.800s] writing top-level names to interface_rb10_apple.egg-info/top_level.txt
[2.804s] reading manifest file 'interface_rb10_apple.egg-info/SOURCES.txt'
[2.805s] writing manifest file 'interface_rb10_apple.egg-info/SOURCES.txt'
[2.843s] [100%] Built target ament_cmake_python_build_interface_rb10_apple_egg
[2.863s] Invoked command in '/home/orientpine/robot_ws/build/interface_rb10_apple' returned '0': CMAKE_PREFIX_PATH=${CMAKE_PREFIX_PATH}:/home/orientpine/robot_ws/install/pkg_rb10_apple:/opt/ros/humble CONDA_PROMPT_MODIFIER=(rb) /usr/bin/cmake --build /home/orientpine/robot_ws/build/interface_rb10_apple -- -j12 -l12
[3.176s] Invoking command in '/home/orientpine/robot_ws/build/interface_rb10_apple': CMAKE_PREFIX_PATH=${CMAKE_PREFIX_PATH}:/home/orientpine/robot_ws/install/pkg_rb10_apple:/opt/ros/humble CONDA_PROMPT_MODIFIER=(rb) /usr/bin/cmake --install /home/orientpine/robot_ws/build/interface_rb10_apple
[3.188s] -- Install configuration: ""
[3.189s] -- Execute custom install script
[3.190s] -- Up-to-date symlink: /home/orientpine/robot_ws/install/interface_rb10_apple/share/ament_index/resource_index/rosidl_interfaces/interface_rb10_apple
[3.191s] -- Up-to-date symlink: /home/orientpine/robot_ws/install/interface_rb10_apple/include/interface_rb10_apple/interface_rb10_apple/action/detail/robot_joint_control__functions.h
[3.191s] -- Up-to-date symlink: /home/orientpine/robot_ws/install/interface_rb10_apple/include/interface_rb10_apple/interface_rb10_apple/action/detail/robot_joint_control__struct.h
[3.192s] -- Up-to-date symlink: /home/orientpine/robot_ws/install/interface_rb10_apple/include/interface_rb10_apple/interface_rb10_apple/action/detail/robot_joint_control__type_support.h
[3.192s] -- Up-to-date symlink: /home/orientpine/robot_ws/install/interface_rb10_apple/include/interface_rb10_apple/interface_rb10_apple/action/detail/robot_mode_control__functions.h
[3.192s] -- Up-to-date symlink: /home/orientpine/robot_ws/install/interface_rb10_apple/include/interface_rb10_apple/interface_rb10_apple/action/detail/robot_mode_control__struct.h
[3.193s] -- Up-to-date symlink: /home/orientpine/robot_ws/install/interface_rb10_apple/include/interface_rb10_apple/interface_rb10_apple/action/detail/robot_mode_control__type_support.h
[3.193s] -- Up-to-date symlink: /home/orientpine/robot_ws/install/interface_rb10_apple/include/interface_rb10_apple/interface_rb10_apple/action/detail/robot_tcp_control__functions.h
[3.193s] -- Up-to-date symlink: /home/orientpine/robot_ws/install/interface_rb10_apple/include/interface_rb10_apple/interface_rb10_apple/action/detail/robot_tcp_control__struct.h
[3.193s] -- Up-to-date symlink: /home/orientpine/robot_ws/install/interface_rb10_apple/include/interface_rb10_apple/interface_rb10_apple/action/detail/robot_tcp_control__type_support.h
[3.193s] -- Up-to-date symlink: /home/orientpine/robot_ws/install/interface_rb10_apple/include/interface_rb10_apple/interface_rb10_apple/action/detail/robot_tracking_control__functions.h
[3.193s] -- Up-to-date symlink: /home/orientpine/robot_ws/install/interface_rb10_apple/include/interface_rb10_apple/interface_rb10_apple/action/detail/robot_tracking_control__struct.h
[3.194s] -- Up-to-date symlink: /home/orientpine/robot_ws/install/interface_rb10_apple/include/interface_rb10_apple/interface_rb10_apple/action/detail/robot_tracking_control__type_support.h
[3.194s] -- Up-to-date symlink: /home/orientpine/robot_ws/install/interface_rb10_apple/include/interface_rb10_apple/interface_rb10_apple/action/robot_joint_control.h
[3.194s] -- Up-to-date symlink: /home/orientpine/robot_ws/install/interface_rb10_apple/include/interface_rb10_apple/interface_rb10_apple/action/robot_mode_control.h
[3.194s] -- Up-to-date symlink: /home/orientpine/robot_ws/install/interface_rb10_apple/include/interface_rb10_apple/interface_rb10_apple/action/robot_tcp_control.h
[3.194s] -- Up-to-date symlink: /home/orientpine/robot_ws/install/interface_rb10_apple/include/interface_rb10_apple/interface_rb10_apple/action/robot_tracking_control.h
[3.194s] -- Up-to-date symlink: /home/orientpine/robot_ws/install/interface_rb10_apple/include/interface_rb10_apple/interface_rb10_apple/msg/detail/robot_joint_position__functions.h
[3.194s] -- Up-to-date symlink: /home/orientpine/robot_ws/install/interface_rb10_apple/include/interface_rb10_apple/interface_rb10_apple/msg/detail/robot_joint_position__struct.h
[3.194s] -- Up-to-date symlink: /home/orientpine/robot_ws/install/interface_rb10_apple/include/interface_rb10_apple/interface_rb10_apple/msg/detail/robot_joint_position__type_support.h
[3.195s] -- Up-to-date symlink: /home/orientpine/robot_ws/install/interface_rb10_apple/include/interface_rb10_apple/interface_rb10_apple/msg/detail/robot_tcp_pose__functions.h
[3.195s] -- Up-to-date symlink: /home/orientpine/robot_ws/install/interface_rb10_apple/include/interface_rb10_apple/interface_rb10_apple/msg/detail/robot_tcp_pose__struct.h
[3.195s] -- Up-to-date symlink: /home/orientpine/robot_ws/install/interface_rb10_apple/include/interface_rb10_apple/interface_rb10_apple/msg/detail/robot_tcp_pose__type_support.h
[3.195s] -- Up-to-date symlink: /home/orientpine/robot_ws/install/interface_rb10_apple/include/interface_rb10_apple/interface_rb10_apple/msg/robot_joint_position.h
[3.196s] -- Up-to-date symlink: /home/orientpine/robot_ws/install/interface_rb10_apple/include/interface_rb10_apple/interface_rb10_apple/msg/robot_tcp_pose.h
[3.196s] -- Up-to-date symlink: /home/orientpine/robot_ws/install/interface_rb10_apple/include/interface_rb10_apple/interface_rb10_apple/msg/rosidl_generator_c__visibility_control.h
[3.196s] -- Up-to-date symlink: /home/orientpine/robot_ws/install/interface_rb10_apple/include/interface_rb10_apple/interface_rb10_apple/srv/detail/robot_connect_control__functions.h
[3.196s] -- Up-to-date symlink: /home/orientpine/robot_ws/install/interface_rb10_apple/include/interface_rb10_apple/interface_rb10_apple/srv/detail/robot_connect_control__struct.h
[3.197s] -- Up-to-date symlink: /home/orientpine/robot_ws/install/interface_rb10_apple/include/interface_rb10_apple/interface_rb10_apple/srv/detail/robot_connect_control__type_support.h
[3.197s] -- Up-to-date symlink: /home/orientpine/robot_ws/install/interface_rb10_apple/include/interface_rb10_apple/interface_rb10_apple/srv/robot_connect_control.h
[3.197s] -- Up-to-date symlink: /home/orientpine/robot_ws/install/interface_rb10_apple/share/interface_rb10_apple/environment/library_path.sh
[3.197s] -- Up-to-date symlink: /home/orientpine/robot_ws/install/interface_rb10_apple/share/interface_rb10_apple/environment/library_path.dsv
[3.198s] -- Up-to-date symlink: /home/orientpine/robot_ws/install/interface_rb10_apple/include/interface_rb10_apple/interface_rb10_apple/action/detail/robot_joint_control__rosidl_typesupport_fastrtps_c.h
[3.198s] -- Up-to-date symlink: /home/orientpine/robot_ws/install/interface_rb10_apple/include/interface_rb10_apple/interface_rb10_apple/action/detail/robot_mode_control__rosidl_typesupport_fastrtps_c.h
[3.199s] -- Up-to-date symlink: /home/orientpine/robot_ws/install/interface_rb10_apple/include/interface_rb10_apple/interface_rb10_apple/action/detail/robot_tcp_control__rosidl_typesupport_fastrtps_c.h
[3.199s] -- Up-to-date symlink: /home/orientpine/robot_ws/install/interface_rb10_apple/include/interface_rb10_apple/interface_rb10_apple/action/detail/robot_tracking_control__rosidl_typesupport_fastrtps_c.h
[3.199s] -- Up-to-date symlink: /home/orientpine/robot_ws/install/interface_rb10_apple/include/interface_rb10_apple/interface_rb10_apple/msg/detail/robot_joint_position__rosidl_typesupport_fastrtps_c.h
[3.199s] -- Up-to-date symlink: /home/orientpine/robot_ws/install/interface_rb10_apple/include/interface_rb10_apple/interface_rb10_apple/msg/detail/robot_tcp_pose__rosidl_typesupport_fastrtps_c.h
[3.199s] -- Up-to-date symlink: /home/orientpine/robot_ws/install/interface_rb10_apple/include/interface_rb10_apple/interface_rb10_apple/msg/rosidl_typesupport_fastrtps_c__visibility_control.h
[3.200s] -- Up-to-date symlink: /home/orientpine/robot_ws/install/interface_rb10_apple/include/interface_rb10_apple/interface_rb10_apple/srv/detail/robot_connect_control__rosidl_typesupport_fastrtps_c.h
[3.200s] -- Up-to-date symlink: /home/orientpine/robot_ws/install/interface_rb10_apple/include/interface_rb10_apple/interface_rb10_apple/action/detail/robot_joint_control__builder.hpp
[3.201s] -- Up-to-date symlink: /home/orientpine/robot_ws/install/interface_rb10_apple/include/interface_rb10_apple/interface_rb10_apple/action/detail/robot_joint_control__struct.hpp
[3.201s] -- Up-to-date symlink: /home/orientpine/robot_ws/install/interface_rb10_apple/include/interface_rb10_apple/interface_rb10_apple/action/detail/robot_joint_control__traits.hpp
[3.201s] -- Up-to-date symlink: /home/orientpine/robot_ws/install/interface_rb10_apple/include/interface_rb10_apple/interface_rb10_apple/action/detail/robot_mode_control__builder.hpp
[3.202s] -- Up-to-date symlink: /home/orientpine/robot_ws/install/interface_rb10_apple/include/interface_rb10_apple/interface_rb10_apple/action/detail/robot_mode_control__struct.hpp
[3.202s] -- Up-to-date symlink: /home/orientpine/robot_ws/install/interface_rb10_apple/include/interface_rb10_apple/interface_rb10_apple/action/detail/robot_mode_control__traits.hpp
[3.202s] -- Up-to-date symlink: /home/orientpine/robot_ws/install/interface_rb10_apple/include/interface_rb10_apple/interface_rb10_apple/action/detail/robot_tcp_control__builder.hpp
[3.202s] -- Up-to-date symlink: /home/orientpine/robot_ws/install/interface_rb10_apple/include/interface_rb10_apple/interface_rb10_apple/action/detail/robot_tcp_control__struct.hpp
[3.202s] -- Up-to-date symlink: /home/orientpine/robot_ws/install/interface_rb10_apple/include/interface_rb10_apple/interface_rb10_apple/action/detail/robot_tcp_control__traits.hpp
[3.203s] -- Up-to-date symlink: /home/orientpine/robot_ws/install/interface_rb10_apple/include/interface_rb10_apple/interface_rb10_apple/action/detail/robot_tracking_control__builder.hpp
[3.203s] -- Up-to-date symlink: /home/orientpine/robot_ws/install/interface_rb10_apple/include/interface_rb10_apple/interface_rb10_apple/action/detail/robot_tracking_control__struct.hpp
[3.203s] -- Up-to-date symlink: /home/orientpine/robot_ws/install/interface_rb10_apple/include/interface_rb10_apple/interface_rb10_apple/action/detail/robot_tracking_control__traits.hpp
[3.203s] -- Up-to-date symlink: /home/orientpine/robot_ws/install/interface_rb10_apple/include/interface_rb10_apple/interface_rb10_apple/action/robot_joint_control.hpp
[3.204s] -- Up-to-date symlink: /home/orientpine/robot_ws/install/interface_rb10_apple/include/interface_rb10_apple/interface_rb10_apple/action/robot_mode_control.hpp
[3.204s] -- Up-to-date symlink: /home/orientpine/robot_ws/install/interface_rb10_apple/include/interface_rb10_apple/interface_rb10_apple/action/robot_tcp_control.hpp
[3.204s] -- Up-to-date symlink: /home/orientpine/robot_ws/install/interface_rb10_apple/include/interface_rb10_apple/interface_rb10_apple/action/robot_tracking_control.hpp
[3.204s] -- Up-to-date symlink: /home/orientpine/robot_ws/install/interface_rb10_apple/include/interface_rb10_apple/interface_rb10_apple/msg/detail/robot_joint_position__builder.hpp
[3.204s] -- Up-to-date symlink: /home/orientpine/robot_ws/install/interface_rb10_apple/include/interface_rb10_apple/interface_rb10_apple/msg/detail/robot_joint_position__struct.hpp
[3.205s] -- Up-to-date symlink: /home/orientpine/robot_ws/install/interface_rb10_apple/include/interface_rb10_apple/interface_rb10_apple/msg/detail/robot_joint_position__traits.hpp
[3.205s] -- Up-to-date symlink: /home/orientpine/robot_ws/install/interface_rb10_apple/include/interface_rb10_apple/interface_rb10_apple/msg/detail/robot_tcp_pose__builder.hpp
[3.205s] -- Up-to-date symlink: /home/orientpine/robot_ws/install/interface_rb10_apple/include/interface_rb10_apple/interface_rb10_apple/msg/detail/robot_tcp_pose__struct.hpp
[3.205s] -- Up-to-date symlink: /home/orientpine/robot_ws/install/interface_rb10_apple/include/interface_rb10_apple/interface_rb10_apple/msg/detail/robot_tcp_pose__traits.hpp
[3.206s] -- Up-to-date symlink: /home/orientpine/robot_ws/install/interface_rb10_apple/include/interface_rb10_apple/interface_rb10_apple/msg/robot_joint_position.hpp
[3.206s] -- Up-to-date symlink: /home/orientpine/robot_ws/install/interface_rb10_apple/include/interface_rb10_apple/interface_rb10_apple/msg/robot_tcp_pose.hpp
[3.206s] -- Up-to-date symlink: /home/orientpine/robot_ws/install/interface_rb10_apple/include/interface_rb10_apple/interface_rb10_apple/srv/detail/robot_connect_control__builder.hpp
[3.206s] -- Up-to-date symlink: /home/orientpine/robot_ws/install/interface_rb10_apple/include/interface_rb10_apple/interface_rb10_apple/srv/detail/robot_connect_control__struct.hpp
[3.207s] -- Up-to-date symlink: /home/orientpine/robot_ws/install/interface_rb10_apple/include/interface_rb10_apple/interface_rb10_apple/srv/detail/robot_connect_control__traits.hpp
[3.207s] -- Up-to-date symlink: /home/orientpine/robot_ws/install/interface_rb10_apple/include/interface_rb10_apple/interface_rb10_apple/srv/robot_connect_control.hpp
[3.207s] -- Up-to-date symlink: /home/orientpine/robot_ws/install/interface_rb10_apple/include/interface_rb10_apple/interface_rb10_apple/action/detail/robot_joint_control__rosidl_typesupport_fastrtps_cpp.hpp
[3.207s] -- Up-to-date symlink: /home/orientpine/robot_ws/install/interface_rb10_apple/include/interface_rb10_apple/interface_rb10_apple/action/detail/robot_mode_control__rosidl_typesupport_fastrtps_cpp.hpp
[3.208s] -- Up-to-date symlink: /home/orientpine/robot_ws/install/interface_rb10_apple/include/interface_rb10_apple/interface_rb10_apple/action/detail/robot_tcp_control__rosidl_typesupport_fastrtps_cpp.hpp
[3.208s] -- Up-to-date symlink: /home/orientpine/robot_ws/install/interface_rb10_apple/include/interface_rb10_apple/interface_rb10_apple/action/detail/robot_tracking_control__rosidl_typesupport_fastrtps_cpp.hpp
[3.208s] -- Up-to-date symlink: /home/orientpine/robot_ws/install/interface_rb10_apple/include/interface_rb10_apple/interface_rb10_apple/msg/detail/robot_joint_position__rosidl_typesupport_fastrtps_cpp.hpp
[3.208s] -- Up-to-date symlink: /home/orientpine/robot_ws/install/interface_rb10_apple/include/interface_rb10_apple/interface_rb10_apple/msg/detail/robot_tcp_pose__rosidl_typesupport_fastrtps_cpp.hpp
[3.209s] -- Up-to-date symlink: /home/orientpine/robot_ws/install/interface_rb10_apple/include/interface_rb10_apple/interface_rb10_apple/msg/rosidl_typesupport_fastrtps_cpp__visibility_control.h
[3.209s] -- Up-to-date symlink: /home/orientpine/robot_ws/install/interface_rb10_apple/include/interface_rb10_apple/interface_rb10_apple/srv/detail/robot_connect_control__rosidl_typesupport_fastrtps_cpp.hpp
[3.209s] -- Up-to-date symlink: /home/orientpine/robot_ws/install/interface_rb10_apple/include/interface_rb10_apple/interface_rb10_apple/action/detail/robot_joint_control__rosidl_typesupport_introspection_c.h
[3.210s] -- Up-to-date symlink: /home/orientpine/robot_ws/install/interface_rb10_apple/include/interface_rb10_apple/interface_rb10_apple/action/detail/robot_mode_control__rosidl_typesupport_introspection_c.h
[3.210s] -- Up-to-date symlink: /home/orientpine/robot_ws/install/interface_rb10_apple/include/interface_rb10_apple/interface_rb10_apple/action/detail/robot_tcp_control__rosidl_typesupport_introspection_c.h
[3.210s] -- Up-to-date symlink: /home/orientpine/robot_ws/install/interface_rb10_apple/include/interface_rb10_apple/interface_rb10_apple/action/detail/robot_tracking_control__rosidl_typesupport_introspection_c.h
[3.210s] -- Up-to-date symlink: /home/orientpine/robot_ws/install/interface_rb10_apple/include/interface_rb10_apple/interface_rb10_apple/msg/detail/robot_joint_position__rosidl_typesupport_introspection_c.h
[3.210s] -- Up-to-date symlink: /home/orientpine/robot_ws/install/interface_rb10_apple/include/interface_rb10_apple/interface_rb10_apple/msg/detail/robot_tcp_pose__rosidl_typesupport_introspection_c.h
[3.211s] -- Up-to-date symlink: /home/orientpine/robot_ws/install/interface_rb10_apple/include/interface_rb10_apple/interface_rb10_apple/msg/rosidl_typesupport_introspection_c__visibility_control.h
[3.211s] -- Up-to-date symlink: /home/orientpine/robot_ws/install/interface_rb10_apple/include/interface_rb10_apple/interface_rb10_apple/srv/detail/robot_connect_control__rosidl_typesupport_introspection_c.h
[3.211s] -- Up-to-date symlink: /home/orientpine/robot_ws/install/interface_rb10_apple/include/interface_rb10_apple/interface_rb10_apple/action/detail/robot_joint_control__rosidl_typesupport_introspection_cpp.hpp
[3.212s] -- Up-to-date symlink: /home/orientpine/robot_ws/install/interface_rb10_apple/include/interface_rb10_apple/interface_rb10_apple/action/detail/robot_mode_control__rosidl_typesupport_introspection_cpp.hpp
[3.212s] -- Up-to-date symlink: /home/orientpine/robot_ws/install/interface_rb10_apple/include/interface_rb10_apple/interface_rb10_apple/action/detail/robot_tcp_control__rosidl_typesupport_introspection_cpp.hpp
[3.213s] -- Up-to-date symlink: /home/orientpine/robot_ws/install/interface_rb10_apple/include/interface_rb10_apple/interface_rb10_apple/action/detail/robot_tracking_control__rosidl_typesupport_introspection_cpp.hpp
[3.213s] -- Up-to-date symlink: /home/orientpine/robot_ws/install/interface_rb10_apple/include/interface_rb10_apple/interface_rb10_apple/msg/detail/robot_joint_position__rosidl_typesupport_introspection_cpp.hpp
[3.213s] -- Up-to-date symlink: /home/orientpine/robot_ws/install/interface_rb10_apple/include/interface_rb10_apple/interface_rb10_apple/msg/detail/robot_tcp_pose__rosidl_typesupport_introspection_cpp.hpp
[3.213s] -- Up-to-date symlink: /home/orientpine/robot_ws/install/interface_rb10_apple/include/interface_rb10_apple/interface_rb10_apple/srv/detail/robot_connect_control__rosidl_typesupport_introspection_cpp.hpp
[3.213s] -- Up-to-date symlink: /home/orientpine/robot_ws/install/interface_rb10_apple/share/interface_rb10_apple/environment/pythonpath.sh
[3.214s] -- Up-to-date symlink: /home/orientpine/robot_ws/install/interface_rb10_apple/share/interface_rb10_apple/environment/pythonpath.dsv
[3.214s] -- Up-to-date symlink: /home/orientpine/robot_ws/install/interface_rb10_apple/lib/python3.10/site-packages/interface_rb10_apple-0.0.0-py3.10.egg-info/PKG-INFO
[3.214s] -- Up-to-date symlink: /home/orientpine/robot_ws/install/interface_rb10_apple/lib/python3.10/site-packages/interface_rb10_apple-0.0.0-py3.10.egg-info/SOURCES.txt
[3.214s] -- Up-to-date symlink: /home/orientpine/robot_ws/install/interface_rb10_apple/lib/python3.10/site-packages/interface_rb10_apple-0.0.0-py3.10.egg-info/dependency_links.txt
[3.215s] -- Up-to-date symlink: /home/orientpine/robot_ws/install/interface_rb10_apple/lib/python3.10/site-packages/interface_rb10_apple-0.0.0-py3.10.egg-info/top_level.txt
[3.216s] -- Up-to-date symlink: /home/orientpine/robot_ws/install/interface_rb10_apple/lib/python3.10/site-packages/interface_rb10_apple/__init__.py
[3.217s] -- Up-to-date symlink: /home/orientpine/robot_ws/install/interface_rb10_apple/lib/python3.10/site-packages/interface_rb10_apple/_interface_rb10_apple_s.ep.rosidl_typesupport_c.c
[3.217s] -- Up-to-date symlink: /home/orientpine/robot_ws/install/interface_rb10_apple/lib/python3.10/site-packages/interface_rb10_apple/_interface_rb10_apple_s.ep.rosidl_typesupport_fastrtps_c.c
[3.217s] -- Up-to-date symlink: /home/orientpine/robot_ws/install/interface_rb10_apple/lib/python3.10/site-packages/interface_rb10_apple/_interface_rb10_apple_s.ep.rosidl_typesupport_introspection_c.c
[3.217s] -- Up-to-date symlink: /home/orientpine/robot_ws/install/interface_rb10_apple/lib/python3.10/site-packages/interface_rb10_apple/action/__init__.py
[3.218s] -- Up-to-date symlink: /home/orientpine/robot_ws/install/interface_rb10_apple/lib/python3.10/site-packages/interface_rb10_apple/action/_robot_joint_control.py
[3.218s] -- Up-to-date symlink: /home/orientpine/robot_ws/install/interface_rb10_apple/lib/python3.10/site-packages/interface_rb10_apple/action/_robot_joint_control_s.c
[3.219s] -- Up-to-date symlink: /home/orientpine/robot_ws/install/interface_rb10_apple/lib/python3.10/site-packages/interface_rb10_apple/action/_robot_mode_control.py
[3.219s] -- Up-to-date symlink: /home/orientpine/robot_ws/install/interface_rb10_apple/lib/python3.10/site-packages/interface_rb10_apple/action/_robot_mode_control_s.c
[3.219s] -- Up-to-date symlink: /home/orientpine/robot_ws/install/interface_rb10_apple/lib/python3.10/site-packages/interface_rb10_apple/action/_robot_tcp_control.py
[3.219s] -- Up-to-date symlink: /home/orientpine/robot_ws/install/interface_rb10_apple/lib/python3.10/site-packages/interface_rb10_apple/action/_robot_tcp_control_s.c
[3.220s] -- Up-to-date symlink: /home/orientpine/robot_ws/install/interface_rb10_apple/lib/python3.10/site-packages/interface_rb10_apple/action/_robot_tracking_control.py
[3.220s] -- Up-to-date symlink: /home/orientpine/robot_ws/install/interface_rb10_apple/lib/python3.10/site-packages/interface_rb10_apple/action/_robot_tracking_control_s.c
[3.220s] -- Up-to-date symlink: /home/orientpine/robot_ws/install/interface_rb10_apple/lib/python3.10/site-packages/interface_rb10_apple/interface_rb10_apple_s__rosidl_typesupport_c.cpython-310-x86_64-linux-gnu.so
[3.221s] -- Up-to-date symlink: /home/orientpine/robot_ws/install/interface_rb10_apple/lib/python3.10/site-packages/interface_rb10_apple/interface_rb10_apple_s__rosidl_typesupport_fastrtps_c.cpython-310-x86_64-linux-gnu.so
[3.221s] -- Up-to-date symlink: /home/orientpine/robot_ws/install/interface_rb10_apple/lib/python3.10/site-packages/interface_rb10_apple/interface_rb10_apple_s__rosidl_typesupport_introspection_c.cpython-310-x86_64-linux-gnu.so
[3.221s] -- Up-to-date symlink: /home/orientpine/robot_ws/install/interface_rb10_apple/lib/python3.10/site-packages/interface_rb10_apple/libinterface_rb10_apple__rosidl_generator_py.so
[3.222s] -- Up-to-date symlink: /home/orientpine/robot_ws/install/interface_rb10_apple/lib/python3.10/site-packages/interface_rb10_apple/msg/__init__.py
[3.222s] -- Up-to-date symlink: /home/orientpine/robot_ws/install/interface_rb10_apple/lib/python3.10/site-packages/interface_rb10_apple/msg/_robot_joint_position.py
[3.222s] -- Up-to-date symlink: /home/orientpine/robot_ws/install/interface_rb10_apple/lib/python3.10/site-packages/interface_rb10_apple/msg/_robot_joint_position_s.c
[3.222s] -- Up-to-date symlink: /home/orientpine/robot_ws/install/interface_rb10_apple/lib/python3.10/site-packages/interface_rb10_apple/msg/_robot_tcp_pose.py
[3.223s] -- Up-to-date symlink: /home/orientpine/robot_ws/install/interface_rb10_apple/lib/python3.10/site-packages/interface_rb10_apple/msg/_robot_tcp_pose_s.c
[3.223s] -- Up-to-date symlink: /home/orientpine/robot_ws/install/interface_rb10_apple/lib/python3.10/site-packages/interface_rb10_apple/srv/__init__.py
[3.223s] -- Up-to-date symlink: /home/orientpine/robot_ws/install/interface_rb10_apple/lib/python3.10/site-packages/interface_rb10_apple/srv/_robot_connect_control.py
[3.224s] -- Up-to-date symlink: /home/orientpine/robot_ws/install/interface_rb10_apple/lib/python3.10/site-packages/interface_rb10_apple/srv/_robot_connect_control_s.c
[3.224s] -- Up-to-date symlink: /home/orientpine/robot_ws/install/interface_rb10_apple/lib/python3.10/site-packages/interface_rb10_apple/interface_rb10_apple_s__rosidl_typesupport_fastrtps_c.cpython-310-x86_64-linux-gnu.so
[3.225s] -- Up-to-date symlink: /home/orientpine/robot_ws/install/interface_rb10_apple/lib/python3.10/site-packages/interface_rb10_apple/interface_rb10_apple_s__rosidl_typesupport_introspection_c.cpython-310-x86_64-linux-gnu.so
[3.226s] -- Up-to-date symlink: /home/orientpine/robot_ws/install/interface_rb10_apple/lib/python3.10/site-packages/interface_rb10_apple/interface_rb10_apple_s__rosidl_typesupport_c.cpython-310-x86_64-linux-gnu.so
[3.226s] -- Up-to-date symlink: /home/orientpine/robot_ws/install/interface_rb10_apple/share/interface_rb10_apple/msg/RobotJointPosition.idl
[3.227s] -- Up-to-date symlink: /home/orientpine/robot_ws/install/interface_rb10_apple/share/interface_rb10_apple/msg/RobotTcpPose.idl
[3.227s] -- Up-to-date symlink: /home/orientpine/robot_ws/install/interface_rb10_apple/share/interface_rb10_apple/srv/RobotConnectControl.idl
[3.227s] -- Up-to-date symlink: /home/orientpine/robot_ws/install/interface_rb10_apple/share/interface_rb10_apple/action/RobotTrackingControl.idl
[3.228s] -- Up-to-date symlink: /home/orientpine/robot_ws/install/interface_rb10_apple/share/interface_rb10_apple/action/RobotJointControl.idl
[3.228s] -- Up-to-date symlink: /home/orientpine/robot_ws/install/interface_rb10_apple/share/interface_rb10_apple/action/RobotModeControl.idl
[3.229s] -- Up-to-date symlink: /home/orientpine/robot_ws/install/interface_rb10_apple/share/interface_rb10_apple/action/RobotTcpControl.idl
[3.229s] -- Up-to-date symlink: /home/orientpine/robot_ws/install/interface_rb10_apple/share/interface_rb10_apple/msg/RobotJointPosition.msg
[3.230s] -- Up-to-date symlink: /home/orientpine/robot_ws/install/interface_rb10_apple/share/interface_rb10_apple/msg/RobotTcpPose.msg
[3.230s] -- Up-to-date symlink: /home/orientpine/robot_ws/install/interface_rb10_apple/share/interface_rb10_apple/srv/RobotConnectControl.srv
[3.230s] -- Up-to-date symlink: /home/orientpine/robot_ws/install/interface_rb10_apple/share/interface_rb10_apple/srv/RobotConnectControl_Request.msg
[3.231s] -- Up-to-date symlink: /home/orientpine/robot_ws/install/interface_rb10_apple/share/interface_rb10_apple/srv/RobotConnectControl_Response.msg
[3.231s] -- Up-to-date symlink: /home/orientpine/robot_ws/install/interface_rb10_apple/share/interface_rb10_apple/action/RobotTrackingControl.action
[3.232s] -- Up-to-date symlink: /home/orientpine/robot_ws/install/interface_rb10_apple/share/interface_rb10_apple/action/RobotJointControl.action
[3.232s] -- Up-to-date symlink: /home/orientpine/robot_ws/install/interface_rb10_apple/share/interface_rb10_apple/action/RobotModeControl.action
[3.233s] -- Up-to-date symlink: /home/orientpine/robot_ws/install/interface_rb10_apple/share/interface_rb10_apple/action/RobotTcpControl.action
[3.233s] -- Up-to-date symlink: /home/orientpine/robot_ws/install/interface_rb10_apple/share/ament_index/resource_index/package_run_dependencies/interface_rb10_apple
[3.233s] -- Up-to-date symlink: /home/orientpine/robot_ws/install/interface_rb10_apple/share/ament_index/resource_index/parent_prefix_path/interface_rb10_apple
[3.234s] -- Up-to-date symlink: /home/orientpine/robot_ws/install/interface_rb10_apple/share/interface_rb10_apple/environment/ament_prefix_path.sh
[3.234s] -- Up-to-date symlink: /home/orientpine/robot_ws/install/interface_rb10_apple/share/interface_rb10_apple/environment/ament_prefix_path.dsv
[3.235s] -- Up-to-date symlink: /home/orientpine/robot_ws/install/interface_rb10_apple/share/interface_rb10_apple/environment/path.sh
[3.235s] -- Up-to-date symlink: /home/orientpine/robot_ws/install/interface_rb10_apple/share/interface_rb10_apple/environment/path.dsv
[3.236s] -- Up-to-date symlink: /home/orientpine/robot_ws/install/interface_rb10_apple/share/interface_rb10_apple/local_setup.bash
[3.236s] -- Up-to-date symlink: /home/orientpine/robot_ws/install/interface_rb10_apple/share/interface_rb10_apple/local_setup.sh
[3.236s] -- Up-to-date symlink: /home/orientpine/robot_ws/install/interface_rb10_apple/share/interface_rb10_apple/local_setup.zsh
[3.237s] -- Up-to-date symlink: /home/orientpine/robot_ws/install/interface_rb10_apple/share/interface_rb10_apple/local_setup.dsv
[3.237s] -- Symlinking: /home/orientpine/robot_ws/install/interface_rb10_apple/share/interface_rb10_apple/package.dsv
[3.252s] -- Up-to-date symlink: /home/orientpine/robot_ws/install/interface_rb10_apple/share/ament_index/resource_index/packages/interface_rb10_apple
[3.252s] -- Up-to-date symlink: /home/orientpine/robot_ws/install/interface_rb10_apple/share/interface_rb10_apple/cmake/rosidl_cmake-extras.cmake
[3.252s] -- Up-to-date symlink: /home/orientpine/robot_ws/install/interface_rb10_apple/share/interface_rb10_apple/cmake/ament_cmake_export_dependencies-extras.cmake
[3.253s] -- Up-to-date symlink: /home/orientpine/robot_ws/install/interface_rb10_apple/share/interface_rb10_apple/cmake/ament_cmake_export_include_directories-extras.cmake
[3.253s] -- Up-to-date symlink: /home/orientpine/robot_ws/install/interface_rb10_apple/share/interface_rb10_apple/cmake/ament_cmake_export_libraries-extras.cmake
[3.253s] -- Up-to-date symlink: /home/orientpine/robot_ws/install/interface_rb10_apple/share/interface_rb10_apple/cmake/ament_cmake_export_targets-extras.cmake
[3.254s] -- Up-to-date symlink: /home/orientpine/robot_ws/install/interface_rb10_apple/share/interface_rb10_apple/cmake/rosidl_cmake_export_typesupport_targets-extras.cmake
[3.254s] -- Up-to-date symlink: /home/orientpine/robot_ws/install/interface_rb10_apple/share/interface_rb10_apple/cmake/rosidl_cmake_export_typesupport_libraries-extras.cmake
[3.254s] -- Up-to-date symlink: /home/orientpine/robot_ws/install/interface_rb10_apple/share/interface_rb10_apple/cmake/interface_rb10_appleConfig.cmake
[3.254s] -- Up-to-date symlink: /home/orientpine/robot_ws/install/interface_rb10_apple/share/interface_rb10_apple/cmake/interface_rb10_appleConfig-version.cmake
[3.255s] -- Up-to-date symlink: /home/orientpine/robot_ws/install/interface_rb10_apple/share/interface_rb10_apple/package.xml
[3.255s] -- Up-to-date: /home/orientpine/robot_ws/install/interface_rb10_apple/lib/libinterface_rb10_apple__rosidl_generator_c.so
[3.255s] -- Up-to-date: /home/orientpine/robot_ws/install/interface_rb10_apple/lib/libinterface_rb10_apple__rosidl_typesupport_fastrtps_c.so
[3.256s] -- Up-to-date: /home/orientpine/robot_ws/install/interface_rb10_apple/lib/libinterface_rb10_apple__rosidl_typesupport_fastrtps_cpp.so
[3.256s] -- Up-to-date: /home/orientpine/robot_ws/install/interface_rb10_apple/lib/libinterface_rb10_apple__rosidl_typesupport_introspection_c.so
[3.257s] -- Up-to-date: /home/orientpine/robot_ws/install/interface_rb10_apple/lib/libinterface_rb10_apple__rosidl_typesupport_c.so
[3.258s] -- Up-to-date: /home/orientpine/robot_ws/install/interface_rb10_apple/lib/libinterface_rb10_apple__rosidl_typesupport_introspection_cpp.so
[3.258s] -- Up-to-date: /home/orientpine/robot_ws/install/interface_rb10_apple/lib/libinterface_rb10_apple__rosidl_typesupport_cpp.so
[3.313s] Listing '/home/orientpine/robot_ws/install/interface_rb10_apple/lib/python3.10/site-packages/interface_rb10_apple'...
[3.313s] Compiling '/home/orientpine/robot_ws/install/interface_rb10_apple/lib/python3.10/site-packages/interface_rb10_apple/__init__.py'...
[3.313s] Listing '/home/orientpine/robot_ws/install/interface_rb10_apple/lib/python3.10/site-packages/interface_rb10_apple/action'...
[3.314s] Listing '/home/orientpine/robot_ws/install/interface_rb10_apple/lib/python3.10/site-packages/interface_rb10_apple/msg'...
[3.314s] Listing '/home/orientpine/robot_ws/install/interface_rb10_apple/lib/python3.10/site-packages/interface_rb10_apple/srv'...
[3.322s] -- Up-to-date: /home/orientpine/robot_ws/install/interface_rb10_apple/lib/libinterface_rb10_apple__rosidl_generator_py.so
[3.323s] -- Up-to-date: /home/orientpine/robot_ws/install/interface_rb10_apple/share/interface_rb10_apple/cmake/export_interface_rb10_apple__rosidl_generator_cExport.cmake
[3.323s] -- Up-to-date: /home/orientpine/robot_ws/install/interface_rb10_apple/share/interface_rb10_apple/cmake/export_interface_rb10_apple__rosidl_generator_cExport-noconfig.cmake
[3.323s] -- Up-to-date: /home/orientpine/robot_ws/install/interface_rb10_apple/share/interface_rb10_apple/cmake/export_interface_rb10_apple__rosidl_typesupport_fastrtps_cExport.cmake
[3.323s] -- Up-to-date: /home/orientpine/robot_ws/install/interface_rb10_apple/share/interface_rb10_apple/cmake/export_interface_rb10_apple__rosidl_typesupport_fastrtps_cExport-noconfig.cmake
[3.324s] -- Up-to-date: /home/orientpine/robot_ws/install/interface_rb10_apple/share/interface_rb10_apple/cmake/export_interface_rb10_apple__rosidl_generator_cppExport.cmake
[3.324s] -- Up-to-date: /home/orientpine/robot_ws/install/interface_rb10_apple/share/interface_rb10_apple/cmake/export_interface_rb10_apple__rosidl_typesupport_fastrtps_cppExport.cmake
[3.324s] -- Up-to-date: /home/orientpine/robot_ws/install/interface_rb10_apple/share/interface_rb10_apple/cmake/export_interface_rb10_apple__rosidl_typesupport_fastrtps_cppExport-noconfig.cmake
[3.324s] -- Up-to-date: /home/orientpine/robot_ws/install/interface_rb10_apple/share/interface_rb10_apple/cmake/interface_rb10_apple__rosidl_typesupport_introspection_cExport.cmake
[3.325s] -- Up-to-date: /home/orientpine/robot_ws/install/interface_rb10_apple/share/interface_rb10_apple/cmake/interface_rb10_apple__rosidl_typesupport_introspection_cExport-noconfig.cmake
[3.325s] -- Up-to-date: /home/orientpine/robot_ws/install/interface_rb10_apple/share/interface_rb10_apple/cmake/interface_rb10_apple__rosidl_typesupport_cExport.cmake
[3.325s] -- Up-to-date: /home/orientpine/robot_ws/install/interface_rb10_apple/share/interface_rb10_apple/cmake/interface_rb10_apple__rosidl_typesupport_cExport-noconfig.cmake
[3.325s] -- Up-to-date: /home/orientpine/robot_ws/install/interface_rb10_apple/share/interface_rb10_apple/cmake/interface_rb10_apple__rosidl_typesupport_introspection_cppExport.cmake
[3.325s] -- Up-to-date: /home/orientpine/robot_ws/install/interface_rb10_apple/share/interface_rb10_apple/cmake/interface_rb10_apple__rosidl_typesupport_introspection_cppExport-noconfig.cmake
[3.326s] -- Up-to-date: /home/orientpine/robot_ws/install/interface_rb10_apple/share/interface_rb10_apple/cmake/interface_rb10_apple__rosidl_typesupport_cppExport.cmake
[3.326s] -- Up-to-date: /home/orientpine/robot_ws/install/interface_rb10_apple/share/interface_rb10_apple/cmake/interface_rb10_apple__rosidl_typesupport_cppExport-noconfig.cmake
[3.326s] -- Up-to-date: /home/orientpine/robot_ws/install/interface_rb10_apple/share/interface_rb10_apple/cmake/export_interface_rb10_apple__rosidl_generator_pyExport.cmake
[3.326s] -- Up-to-date: /home/orientpine/robot_ws/install/interface_rb10_apple/share/interface_rb10_apple/cmake/export_interface_rb10_apple__rosidl_generator_pyExport-noconfig.cmake
[3.328s] Invoked command in '/home/orientpine/robot_ws/build/interface_rb10_apple' returned '0': CMAKE_PREFIX_PATH=${CMAKE_PREFIX_PATH}:/home/orientpine/robot_ws/install/pkg_rb10_apple:/opt/ros/humble CONDA_PROMPT_MODIFIER=(rb) /usr/bin/cmake --install /home/orientpine/robot_ws/build/interface_rb10_apple
