running develop
Removing /home/orientpine/robot_ws/install/ros2_aruco/lib/python3.10/site-packages/ros2-aruco.egg-link (link to .)
running egg_info
writing ../../../build/ros2_aruco/ros2_aruco.egg-info/PKG-INFO
writing dependency_links to ../../../build/ros2_aruco/ros2_aruco.egg-info/dependency_links.txt
writing entry points to ../../../build/ros2_aruco/ros2_aruco.egg-info/entry_points.txt
writing requirements to ../../../build/ros2_aruco/ros2_aruco.egg-info/requires.txt
writing top-level names to ../../../build/ros2_aruco/ros2_aruco.egg-info/top_level.txt
reading manifest file '../../../build/ros2_aruco/ros2_aruco.egg-info/SOURCES.txt'
writing manifest file '../../../build/ros2_aruco/ros2_aruco.egg-info/SOURCES.txt'
running build
running build_py
creating /home/orientpine/robot_ws/build/ros2_aruco/build
creating /home/orientpine/robot_ws/build/ros2_aruco/build/lib
creating /home/orientpine/robot_ws/build/ros2_aruco/build/lib/ros2_aruco
copying ros2_aruco/__init__.py -> /home/orientpine/robot_ws/build/ros2_aruco/build/lib/ros2_aruco
copying ros2_aruco/aruco_generate_marker.py -> /home/orientpine/robot_ws/build/ros2_aruco/build/lib/ros2_aruco
copying ros2_aruco/aruco_node_rs.py -> /home/orientpine/robot_ws/build/ros2_aruco/build/lib/ros2_aruco
copying ros2_aruco/aruco_node.py -> /home/orientpine/robot_ws/build/ros2_aruco/build/lib/ros2_aruco
running install
running install_lib
creating /home/orientpine/robot_ws/install/ros2_aruco/lib/python3.10/site-packages/ros2_aruco
copying /home/orientpine/robot_ws/build/ros2_aruco/build/lib/ros2_aruco/__init__.py -> /home/orientpine/robot_ws/install/ros2_aruco/lib/python3.10/site-packages/ros2_aruco
copying /home/orientpine/robot_ws/build/ros2_aruco/build/lib/ros2_aruco/aruco_generate_marker.py -> /home/orientpine/robot_ws/install/ros2_aruco/lib/python3.10/site-packages/ros2_aruco
copying /home/orientpine/robot_ws/build/ros2_aruco/build/lib/ros2_aruco/aruco_node_rs.py -> /home/orientpine/robot_ws/install/ros2_aruco/lib/python3.10/site-packages/ros2_aruco
copying /home/orientpine/robot_ws/build/ros2_aruco/build/lib/ros2_aruco/aruco_node.py -> /home/orientpine/robot_ws/install/ros2_aruco/lib/python3.10/site-packages/ros2_aruco
byte-compiling /home/orientpine/robot_ws/install/ros2_aruco/lib/python3.10/site-packages/ros2_aruco/__init__.py to __init__.cpython-310.pyc
byte-compiling /home/orientpine/robot_ws/install/ros2_aruco/lib/python3.10/site-packages/ros2_aruco/aruco_generate_marker.py to aruco_generate_marker.cpython-310.pyc
byte-compiling /home/orientpine/robot_ws/install/ros2_aruco/lib/python3.10/site-packages/ros2_aruco/aruco_node_rs.py to aruco_node_rs.cpython-310.pyc
byte-compiling /home/orientpine/robot_ws/install/ros2_aruco/lib/python3.10/site-packages/ros2_aruco/aruco_node.py to aruco_node.cpython-310.pyc
running install_data
copying resource/ros2_aruco -> /home/orientpine/robot_ws/install/ros2_aruco/share/ament_index/resource_index/packages
copying package.xml -> /home/orientpine/robot_ws/install/ros2_aruco/share/ros2_aruco
copying launch/aruco_recognition_rs.launch.py -> /home/orientpine/robot_ws/install/ros2_aruco/share/ros2_aruco/launch
copying launch/aruco_recognition.launch.py -> /home/orientpine/robot_ws/install/ros2_aruco/share/ros2_aruco/launch
copying config/aruco_parameters_rs.yaml -> /home/orientpine/robot_ws/install/ros2_aruco/share/ros2_aruco/config
copying config/aruco_parameters.yaml -> /home/orientpine/robot_ws/install/ros2_aruco/share/ros2_aruco/config
running install_egg_info
Copying ../../../build/ros2_aruco/ros2_aruco.egg-info to /home/orientpine/robot_ws/install/ros2_aruco/lib/python3.10/site-packages/ros2_aruco-0.1.0-py3.10.egg-info
running install_scripts
Installing aruco_generate_marker script to /home/orientpine/robot_ws/install/ros2_aruco/lib/ros2_aruco
Installing aruco_node script to /home/orientpine/robot_ws/install/ros2_aruco/lib/ros2_aruco
Installing aruco_node_rs script to /home/orientpine/robot_ws/install/ros2_aruco/lib/ros2_aruco
writing list of installed files to '/home/orientpine/robot_ws/build/ros2_aruco/install.log'
