[1.033s] Invoking command in '/home/orientpine/robot_ws/build/ros2_aruco': CONDA_PROMPT_MODIFIER=(rb) PYTHONPATH=/home/orientpine/robot_ws/build/ros2_aruco/prefix_override:/usr/lib/python3/dist-packages/colcon_core/task/python/colcon_distutils_commands:/home/orientpine/robot_ws/install/ros2_aruco/lib/python3.10/site-packages:${PYTHONPATH} /usr/bin/python3 -W ignore:setup.py install is deprecated -W ignore:easy_install command is deprecated setup.py develop --uninstall --editable --build-directory /home/orientpine/robot_ws/build/ros2_aruco/build
[1.517s] running develop
[1.820s] Removing /home/orientpine/robot_ws/install/ros2_aruco/lib/python3.10/site-packages/ros2-aruco.egg-link (link to .)
[1.856s] Invoked command in '/home/orientpine/robot_ws/build/ros2_aruco' returned '0': CONDA_PROMPT_MODIFIER=(rb) PYTHONPATH=/home/orientpine/robot_ws/build/ros2_aruco/prefix_override:/usr/lib/python3/dist-packages/colcon_core/task/python/colcon_distutils_commands:/home/orientpine/robot_ws/install/ros2_aruco/lib/python3.10/site-packages:${PYTHONPATH} /usr/bin/python3 -W ignore:setup.py install is deprecated -W ignore:easy_install command is deprecated setup.py develop --uninstall --editable --build-directory /home/orientpine/robot_ws/build/ros2_aruco/build
[1.857s] Invoking command in '/home/orientpine/robot_ws/src/ros2_aruco/ros2_aruco': CONDA_PROMPT_MODIFIER=(rb) PYTHONPATH=/home/orientpine/robot_ws/build/ros2_aruco/prefix_override:/usr/lib/python3/dist-packages/colcon_core/task/python/colcon_distutils_commands:/home/orientpine/robot_ws/install/ros2_aruco/lib/python3.10/site-packages:${PYTHONPATH} /usr/bin/python3 -W ignore:setup.py install is deprecated -W ignore:easy_install command is deprecated setup.py egg_info --egg-base ../../../build/ros2_aruco build --build-base /home/orientpine/robot_ws/build/ros2_aruco/build install --record /home/orientpine/robot_ws/build/ros2_aruco/install.log --single-version-externally-managed install_data --force
[2.263s] running egg_info
[2.264s] writing ../../../build/ros2_aruco/ros2_aruco.egg-info/PKG-INFO
[2.264s] writing dependency_links to ../../../build/ros2_aruco/ros2_aruco.egg-info/dependency_links.txt
[2.265s] writing entry points to ../../../build/ros2_aruco/ros2_aruco.egg-info/entry_points.txt
[2.265s] writing requirements to ../../../build/ros2_aruco/ros2_aruco.egg-info/requires.txt
[2.266s] writing top-level names to ../../../build/ros2_aruco/ros2_aruco.egg-info/top_level.txt
[2.272s] reading manifest file '../../../build/ros2_aruco/ros2_aruco.egg-info/SOURCES.txt'
[2.274s] writing manifest file '../../../build/ros2_aruco/ros2_aruco.egg-info/SOURCES.txt'
[2.274s] running build
[2.274s] running build_py
[2.275s] creating /home/orientpine/robot_ws/build/ros2_aruco/build
[2.276s] creating /home/orientpine/robot_ws/build/ros2_aruco/build/lib
[2.276s] creating /home/orientpine/robot_ws/build/ros2_aruco/build/lib/ros2_aruco
[2.277s] copying ros2_aruco/__init__.py -> /home/orientpine/robot_ws/build/ros2_aruco/build/lib/ros2_aruco
[2.277s] copying ros2_aruco/aruco_generate_marker.py -> /home/orientpine/robot_ws/build/ros2_aruco/build/lib/ros2_aruco
[2.278s] copying ros2_aruco/aruco_node_rs.py -> /home/orientpine/robot_ws/build/ros2_aruco/build/lib/ros2_aruco
[2.278s] copying ros2_aruco/aruco_node.py -> /home/orientpine/robot_ws/build/ros2_aruco/build/lib/ros2_aruco
[2.280s] running install
[2.280s] running install_lib
[2.283s] creating /home/orientpine/robot_ws/install/ros2_aruco/lib/python3.10/site-packages/ros2_aruco
[2.285s] copying /home/orientpine/robot_ws/build/ros2_aruco/build/lib/ros2_aruco/__init__.py -> /home/orientpine/robot_ws/install/ros2_aruco/lib/python3.10/site-packages/ros2_aruco
[2.285s] copying /home/orientpine/robot_ws/build/ros2_aruco/build/lib/ros2_aruco/aruco_generate_marker.py -> /home/orientpine/robot_ws/install/ros2_aruco/lib/python3.10/site-packages/ros2_aruco
[2.285s] copying /home/orientpine/robot_ws/build/ros2_aruco/build/lib/ros2_aruco/aruco_node_rs.py -> /home/orientpine/robot_ws/install/ros2_aruco/lib/python3.10/site-packages/ros2_aruco
[2.288s] copying /home/orientpine/robot_ws/build/ros2_aruco/build/lib/ros2_aruco/aruco_node.py -> /home/orientpine/robot_ws/install/ros2_aruco/lib/python3.10/site-packages/ros2_aruco
[2.288s] byte-compiling /home/orientpine/robot_ws/install/ros2_aruco/lib/python3.10/site-packages/ros2_aruco/__init__.py to __init__.cpython-310.pyc
[2.288s] byte-compiling /home/orientpine/robot_ws/install/ros2_aruco/lib/python3.10/site-packages/ros2_aruco/aruco_generate_marker.py to aruco_generate_marker.cpython-310.pyc
[2.289s] byte-compiling /home/orientpine/robot_ws/install/ros2_aruco/lib/python3.10/site-packages/ros2_aruco/aruco_node_rs.py to aruco_node_rs.cpython-310.pyc
[2.293s] byte-compiling /home/orientpine/robot_ws/install/ros2_aruco/lib/python3.10/site-packages/ros2_aruco/aruco_node.py to aruco_node.cpython-310.pyc
[2.294s] running install_data
[2.294s] copying resource/ros2_aruco -> /home/orientpine/robot_ws/install/ros2_aruco/share/ament_index/resource_index/packages
[2.299s] copying package.xml -> /home/orientpine/robot_ws/install/ros2_aruco/share/ros2_aruco
[2.299s] copying launch/aruco_recognition_rs.launch.py -> /home/orientpine/robot_ws/install/ros2_aruco/share/ros2_aruco/launch
[2.299s] copying launch/aruco_recognition.launch.py -> /home/orientpine/robot_ws/install/ros2_aruco/share/ros2_aruco/launch
[2.300s] copying config/aruco_parameters_rs.yaml -> /home/orientpine/robot_ws/install/ros2_aruco/share/ros2_aruco/config
[2.300s] copying config/aruco_parameters.yaml -> /home/orientpine/robot_ws/install/ros2_aruco/share/ros2_aruco/config
[2.300s] running install_egg_info
[2.301s] Copying ../../../build/ros2_aruco/ros2_aruco.egg-info to /home/orientpine/robot_ws/install/ros2_aruco/lib/python3.10/site-packages/ros2_aruco-0.1.0-py3.10.egg-info
[2.302s] running install_scripts
[2.354s] Installing aruco_generate_marker script to /home/orientpine/robot_ws/install/ros2_aruco/lib/ros2_aruco
[2.354s] Installing aruco_node script to /home/orientpine/robot_ws/install/ros2_aruco/lib/ros2_aruco
[2.354s] Installing aruco_node_rs script to /home/orientpine/robot_ws/install/ros2_aruco/lib/ros2_aruco
[2.355s] writing list of installed files to '/home/orientpine/robot_ws/build/ros2_aruco/install.log'
[2.416s] Invoked command in '/home/orientpine/robot_ws/src/ros2_aruco/ros2_aruco' returned '0': CONDA_PROMPT_MODIFIER=(rb) PYTHONPATH=/home/orientpine/robot_ws/build/ros2_aruco/prefix_override:/usr/lib/python3/dist-packages/colcon_core/task/python/colcon_distutils_commands:/home/orientpine/robot_ws/install/ros2_aruco/lib/python3.10/site-packages:${PYTHONPATH} /usr/bin/python3 -W ignore:setup.py install is deprecated -W ignore:easy_install command is deprecated setup.py egg_info --egg-base ../../../build/ros2_aruco build --build-base /home/orientpine/robot_ws/build/ros2_aruco/build install --record /home/orientpine/robot_ws/build/ros2_aruco/install.log --single-version-externally-managed install_data --force
