[0.727s] Invoking command in '/home/orientpine/robot_ws/build/pkg_rb10_apple': CONDA_PROMPT_MODIFIER=(rb) PYTHONPATH=/home/orientpine/robot_ws/build/pkg_rb10_apple/prefix_override:/home/orientpine/robot_ws/install/pkg_rb10_apple/lib/python3.10/site-packages:/home/orientpine/robot_ws/install/interface_rb10_apple/lib/python3.10/site-packages:/home/orientpine/robot_ws/build/pkg_rb10_apple:/home/orientpine/robot_ws/install/pkg_rb10_apple/lib/python3.10/site-packages:/opt/ros/humble/lib/python3.10/site-packages:/opt/ros/humble/local/lib/python3.10/dist-packages /usr/bin/python3 setup.py develop --editable --build-directory /home/orientpine/robot_ws/build/pkg_rb10_apple/build --no-deps install_data
[0.972s] running develop
[1.121s] running egg_info
[1.121s] creating pkg_rb10_apple.egg-info
[1.122s] writing pkg_rb10_apple.egg-info/PKG-INFO
[1.122s] writing dependency_links to pkg_rb10_apple.egg-info/dependency_links.txt
[1.122s] writing entry points to pkg_rb10_apple.egg-info/entry_points.txt
[1.122s] writing requirements to pkg_rb10_apple.egg-info/requires.txt
[1.122s] writing top-level names to pkg_rb10_apple.egg-info/top_level.txt
[1.122s] writing manifest file 'pkg_rb10_apple.egg-info/SOURCES.txt'
[1.124s] reading manifest file 'pkg_rb10_apple.egg-info/SOURCES.txt'
[1.124s] writing manifest file 'pkg_rb10_apple.egg-info/SOURCES.txt'
[1.125s] running build_ext
[1.125s] Creating /home/orientpine/robot_ws/install/pkg_rb10_apple/lib/python3.10/site-packages/pkg-rb10-apple.egg-link (link to .)
[1.126s] Installing robot_connect_control_server script to /home/orientpine/robot_ws/install/pkg_rb10_apple/lib/pkg_rb10_apple
[1.126s] Installing robot_mode_control_client script to /home/orientpine/robot_ws/install/pkg_rb10_apple/lib/pkg_rb10_apple
[1.126s] Installing robot_mode_control_server script to /home/orientpine/robot_ws/install/pkg_rb10_apple/lib/pkg_rb10_apple
[1.126s] 
[1.127s] Installed /home/orientpine/robot_ws/build/pkg_rb10_apple
[1.127s] running install_data
[1.127s] creating /home/orientpine/robot_ws/install/pkg_rb10_apple/share/ament_index
[1.127s] creating /home/orientpine/robot_ws/install/pkg_rb10_apple/share/ament_index/resource_index
[1.127s] creating /home/orientpine/robot_ws/install/pkg_rb10_apple/share/ament_index/resource_index/packages
[1.127s] copying resource/pkg_rb10_apple -> /home/orientpine/robot_ws/install/pkg_rb10_apple/share/ament_index/resource_index/packages
[1.127s] copying package.xml -> /home/orientpine/robot_ws/install/pkg_rb10_apple/share/pkg_rb10_apple
[1.154s] Invoked command in '/home/orientpine/robot_ws/build/pkg_rb10_apple' returned '0': CONDA_PROMPT_MODIFIER=(rb) PYTHONPATH=/home/orientpine/robot_ws/build/pkg_rb10_apple/prefix_override:/home/orientpine/robot_ws/install/pkg_rb10_apple/lib/python3.10/site-packages:/home/orientpine/robot_ws/install/interface_rb10_apple/lib/python3.10/site-packages:/home/orientpine/robot_ws/build/pkg_rb10_apple:/home/orientpine/robot_ws/install/pkg_rb10_apple/lib/python3.10/site-packages:/opt/ros/humble/lib/python3.10/site-packages:/opt/ros/humble/local/lib/python3.10/dist-packages /usr/bin/python3 setup.py develop --editable --build-directory /home/orientpine/robot_ws/build/pkg_rb10_apple/build --no-deps install_data
