[0.637s] Invoking command in '/home/orientpine/robot_ws/build/ros2_aruco_interfaces': CMAKE_PREFIX_PATH=${CMAKE_PREFIX_PATH}:/home/orientpine/Documents/hr35/install/excavator_trajectory_planning:/home/orientpine/Documents/hr35/install/excavator_track_simulation:/home/orientpine/Documents/hr35/install/excavator_signal_manager:/home/orientpine/Documents/hr35/install/excavator_control:/home/orientpine/Documents/hr35/install/excavator_test_hmi:/home/orientpine/Documents/hr35/install/excavator_task_management:/home/orientpine/robot_ws/install/ros2_aruco:/home/orientpine/robot_ws/install/pkg_rb10_apple:/opt/ros/humble CONDA_PROMPT_MODIFIER=(rb) /usr/bin/cmake --build /home/orientpine/robot_ws/build/ros2_aruco_interfaces -- -j12 -l12
[0.735s] [  3%] Built target ros2_aruco_interfaces__cpp
[0.792s] [  3%] Built target ament_cmake_python_symlink_ros2_aruco_interfaces
[0.832s] [ 12%] Built target ros2_aruco_interfaces__rosidl_typesupport_introspection_cpp
[1.464s] running egg_info
[1.468s] writing ros2_aruco_interfaces.egg-info/PKG-INFO
[1.468s] writing dependency_links to ros2_aruco_interfaces.egg-info/dependency_links.txt
[1.468s] writing top-level names to ros2_aruco_interfaces.egg-info/top_level.txt
[1.470s] reading manifest file 'ros2_aruco_interfaces.egg-info/SOURCES.txt'
[1.472s] writing manifest file 'ros2_aruco_interfaces.egg-info/SOURCES.txt'
[1.532s] [ 12%] Built target ament_cmake_python_build_ros2_aruco_interfaces_egg
[1.588s] [ 22%] Built target ros2_aruco_interfaces__rosidl_typesupport_fastrtps_cpp
[1.636s] [ 32%] Built target ros2_aruco_interfaces__rosidl_typesupport_cpp
[1.684s] [ 41%] Built target ros2_aruco_interfaces__rosidl_generator_c
[1.750s] [ 51%] Built target ros2_aruco_interfaces__rosidl_typesupport_fastrtps_c
[1.800s] [ 61%] Built target ros2_aruco_interfaces__rosidl_typesupport_c
[1.845s] [ 70%] Built target ros2_aruco_interfaces__rosidl_typesupport_introspection_c
[1.898s] [ 70%] Built target ros2_aruco_interfaces
[1.939s] [ 74%] Built target ros2_aruco_interfaces__py
[1.988s] [ 80%] Built target ros2_aruco_interfaces__rosidl_generator_py
[2.032s] [ 87%] Built target ros2_aruco_interfaces__rosidl_typesupport_fastrtps_c__pyext
[2.074s] [ 93%] Built target ros2_aruco_interfaces__rosidl_typesupport_c__pyext
[2.120s] [100%] Built target ros2_aruco_interfaces__rosidl_typesupport_introspection_c__pyext
[2.534s] Invoked command in '/home/orientpine/robot_ws/build/ros2_aruco_interfaces' returned '0': CMAKE_PREFIX_PATH=${CMAKE_PREFIX_PATH}:/home/orientpine/Documents/hr35/install/excavator_trajectory_planning:/home/orientpine/Documents/hr35/install/excavator_track_simulation:/home/orientpine/Documents/hr35/install/excavator_signal_manager:/home/orientpine/Documents/hr35/install/excavator_control:/home/orientpine/Documents/hr35/install/excavator_test_hmi:/home/orientpine/Documents/hr35/install/excavator_task_management:/home/orientpine/robot_ws/install/ros2_aruco:/home/orientpine/robot_ws/install/pkg_rb10_apple:/opt/ros/humble CONDA_PROMPT_MODIFIER=(rb) /usr/bin/cmake --build /home/orientpine/robot_ws/build/ros2_aruco_interfaces -- -j12 -l12
[2.537s] Invoking command in '/home/orientpine/robot_ws/build/ros2_aruco_interfaces': CMAKE_PREFIX_PATH=${CMAKE_PREFIX_PATH}:/home/orientpine/Documents/hr35/install/excavator_trajectory_planning:/home/orientpine/Documents/hr35/install/excavator_track_simulation:/home/orientpine/Documents/hr35/install/excavator_signal_manager:/home/orientpine/Documents/hr35/install/excavator_control:/home/orientpine/Documents/hr35/install/excavator_test_hmi:/home/orientpine/Documents/hr35/install/excavator_task_management:/home/orientpine/robot_ws/install/ros2_aruco:/home/orientpine/robot_ws/install/pkg_rb10_apple:/opt/ros/humble CONDA_PROMPT_MODIFIER=(rb) /usr/bin/cmake --install /home/orientpine/robot_ws/build/ros2_aruco_interfaces
[2.553s] -- Install configuration: ""
[2.555s] -- Execute custom install script
[2.556s] -- Up-to-date symlink: /home/orientpine/robot_ws/install/ros2_aruco_interfaces/share/ament_index/resource_index/rosidl_interfaces/ros2_aruco_interfaces
[2.556s] -- Up-to-date symlink: /home/orientpine/robot_ws/install/ros2_aruco_interfaces/include/ros2_aruco_interfaces/ros2_aruco_interfaces/msg/aruco_markers.h
[2.557s] -- Up-to-date symlink: /home/orientpine/robot_ws/install/ros2_aruco_interfaces/include/ros2_aruco_interfaces/ros2_aruco_interfaces/msg/detail/aruco_markers__functions.h
[2.557s] -- Up-to-date symlink: /home/orientpine/robot_ws/install/ros2_aruco_interfaces/include/ros2_aruco_interfaces/ros2_aruco_interfaces/msg/detail/aruco_markers__struct.h
[2.558s] -- Up-to-date symlink: /home/orientpine/robot_ws/install/ros2_aruco_interfaces/include/ros2_aruco_interfaces/ros2_aruco_interfaces/msg/detail/aruco_markers__type_support.h
[2.558s] -- Up-to-date symlink: /home/orientpine/robot_ws/install/ros2_aruco_interfaces/include/ros2_aruco_interfaces/ros2_aruco_interfaces/msg/rosidl_generator_c__visibility_control.h
[2.559s] -- Up-to-date symlink: /home/orientpine/robot_ws/install/ros2_aruco_interfaces/share/ros2_aruco_interfaces/environment/library_path.sh
[2.559s] -- Up-to-date symlink: /home/orientpine/robot_ws/install/ros2_aruco_interfaces/share/ros2_aruco_interfaces/environment/library_path.dsv
[2.560s] -- Up-to-date symlink: /home/orientpine/robot_ws/install/ros2_aruco_interfaces/include/ros2_aruco_interfaces/ros2_aruco_interfaces/msg/detail/aruco_markers__rosidl_typesupport_fastrtps_c.h
[2.561s] -- Up-to-date symlink: /home/orientpine/robot_ws/install/ros2_aruco_interfaces/include/ros2_aruco_interfaces/ros2_aruco_interfaces/msg/rosidl_typesupport_fastrtps_c__visibility_control.h
[2.562s] -- Up-to-date symlink: /home/orientpine/robot_ws/install/ros2_aruco_interfaces/include/ros2_aruco_interfaces/ros2_aruco_interfaces/msg/aruco_markers.hpp
[2.562s] -- Up-to-date symlink: /home/orientpine/robot_ws/install/ros2_aruco_interfaces/include/ros2_aruco_interfaces/ros2_aruco_interfaces/msg/detail/aruco_markers__builder.hpp
[2.563s] -- Up-to-date symlink: /home/orientpine/robot_ws/install/ros2_aruco_interfaces/include/ros2_aruco_interfaces/ros2_aruco_interfaces/msg/detail/aruco_markers__struct.hpp
[2.563s] -- Up-to-date symlink: /home/orientpine/robot_ws/install/ros2_aruco_interfaces/include/ros2_aruco_interfaces/ros2_aruco_interfaces/msg/detail/aruco_markers__traits.hpp
[2.564s] -- Up-to-date symlink: /home/orientpine/robot_ws/install/ros2_aruco_interfaces/include/ros2_aruco_interfaces/ros2_aruco_interfaces/msg/detail/aruco_markers__type_support.hpp
[2.566s] -- Up-to-date symlink: /home/orientpine/robot_ws/install/ros2_aruco_interfaces/include/ros2_aruco_interfaces/ros2_aruco_interfaces/msg/rosidl_generator_cpp__visibility_control.hpp
[2.566s] -- Up-to-date symlink: /home/orientpine/robot_ws/install/ros2_aruco_interfaces/include/ros2_aruco_interfaces/ros2_aruco_interfaces/msg/detail/aruco_markers__rosidl_typesupport_fastrtps_cpp.hpp
[2.567s] -- Up-to-date symlink: /home/orientpine/robot_ws/install/ros2_aruco_interfaces/include/ros2_aruco_interfaces/ros2_aruco_interfaces/msg/rosidl_typesupport_fastrtps_cpp__visibility_control.h
[2.567s] -- Up-to-date symlink: /home/orientpine/robot_ws/install/ros2_aruco_interfaces/include/ros2_aruco_interfaces/ros2_aruco_interfaces/msg/detail/aruco_markers__rosidl_typesupport_introspection_c.h
[2.567s] -- Up-to-date symlink: /home/orientpine/robot_ws/install/ros2_aruco_interfaces/include/ros2_aruco_interfaces/ros2_aruco_interfaces/msg/rosidl_typesupport_introspection_c__visibility_control.h
[2.567s] -- Up-to-date symlink: /home/orientpine/robot_ws/install/ros2_aruco_interfaces/include/ros2_aruco_interfaces/ros2_aruco_interfaces/msg/detail/aruco_markers__rosidl_typesupport_introspection_cpp.hpp
[2.567s] -- Up-to-date symlink: /home/orientpine/robot_ws/install/ros2_aruco_interfaces/share/ros2_aruco_interfaces/environment/pythonpath.sh
[2.568s] -- Up-to-date symlink: /home/orientpine/robot_ws/install/ros2_aruco_interfaces/share/ros2_aruco_interfaces/environment/pythonpath.dsv
[2.568s] -- Up-to-date symlink: /home/orientpine/robot_ws/install/ros2_aruco_interfaces/local/lib/python3.10/dist-packages/ros2_aruco_interfaces-0.1.0-py3.10.egg-info/PKG-INFO
[2.568s] -- Up-to-date symlink: /home/orientpine/robot_ws/install/ros2_aruco_interfaces/local/lib/python3.10/dist-packages/ros2_aruco_interfaces-0.1.0-py3.10.egg-info/SOURCES.txt
[2.572s] -- Up-to-date symlink: /home/orientpine/robot_ws/install/ros2_aruco_interfaces/local/lib/python3.10/dist-packages/ros2_aruco_interfaces-0.1.0-py3.10.egg-info/dependency_links.txt
[2.573s] -- Up-to-date symlink: /home/orientpine/robot_ws/install/ros2_aruco_interfaces/local/lib/python3.10/dist-packages/ros2_aruco_interfaces-0.1.0-py3.10.egg-info/top_level.txt
[2.576s] -- Up-to-date symlink: /home/orientpine/robot_ws/install/ros2_aruco_interfaces/local/lib/python3.10/dist-packages/ros2_aruco_interfaces/__init__.py
[2.576s] -- Up-to-date symlink: /home/orientpine/robot_ws/install/ros2_aruco_interfaces/local/lib/python3.10/dist-packages/ros2_aruco_interfaces/_ros2_aruco_interfaces_s.ep.rosidl_typesupport_c.c
[2.577s] -- Up-to-date symlink: /home/orientpine/robot_ws/install/ros2_aruco_interfaces/local/lib/python3.10/dist-packages/ros2_aruco_interfaces/_ros2_aruco_interfaces_s.ep.rosidl_typesupport_fastrtps_c.c
[2.577s] -- Up-to-date symlink: /home/orientpine/robot_ws/install/ros2_aruco_interfaces/local/lib/python3.10/dist-packages/ros2_aruco_interfaces/_ros2_aruco_interfaces_s.ep.rosidl_typesupport_introspection_c.c
[2.577s] -- Up-to-date symlink: /home/orientpine/robot_ws/install/ros2_aruco_interfaces/local/lib/python3.10/dist-packages/ros2_aruco_interfaces/libros2_aruco_interfaces__rosidl_generator_py.so
[2.577s] -- Up-to-date symlink: /home/orientpine/robot_ws/install/ros2_aruco_interfaces/local/lib/python3.10/dist-packages/ros2_aruco_interfaces/msg/__init__.py
[2.578s] -- Up-to-date symlink: /home/orientpine/robot_ws/install/ros2_aruco_interfaces/local/lib/python3.10/dist-packages/ros2_aruco_interfaces/msg/_aruco_markers.py
[2.578s] -- Up-to-date symlink: /home/orientpine/robot_ws/install/ros2_aruco_interfaces/local/lib/python3.10/dist-packages/ros2_aruco_interfaces/msg/_aruco_markers_s.c
[2.578s] -- Up-to-date symlink: /home/orientpine/robot_ws/install/ros2_aruco_interfaces/local/lib/python3.10/dist-packages/ros2_aruco_interfaces/ros2_aruco_interfaces_s__rosidl_typesupport_c.cpython-310-x86_64-linux-gnu.so
[2.578s] -- Up-to-date symlink: /home/orientpine/robot_ws/install/ros2_aruco_interfaces/local/lib/python3.10/dist-packages/ros2_aruco_interfaces/ros2_aruco_interfaces_s__rosidl_typesupport_fastrtps_c.cpython-310-x86_64-linux-gnu.so
[2.579s] -- Up-to-date symlink: /home/orientpine/robot_ws/install/ros2_aruco_interfaces/local/lib/python3.10/dist-packages/ros2_aruco_interfaces/ros2_aruco_interfaces_s__rosidl_typesupport_introspection_c.cpython-310-x86_64-linux-gnu.so
[2.580s] -- Up-to-date symlink: /home/orientpine/robot_ws/install/ros2_aruco_interfaces/local/lib/python3.10/dist-packages/ros2_aruco_interfaces/ros2_aruco_interfaces_s__rosidl_typesupport_fastrtps_c.cpython-310-x86_64-linux-gnu.so
[2.580s] -- Up-to-date symlink: /home/orientpine/robot_ws/install/ros2_aruco_interfaces/local/lib/python3.10/dist-packages/ros2_aruco_interfaces/ros2_aruco_interfaces_s__rosidl_typesupport_introspection_c.cpython-310-x86_64-linux-gnu.so
[2.580s] -- Up-to-date symlink: /home/orientpine/robot_ws/install/ros2_aruco_interfaces/local/lib/python3.10/dist-packages/ros2_aruco_interfaces/ros2_aruco_interfaces_s__rosidl_typesupport_c.cpython-310-x86_64-linux-gnu.so
[2.581s] -- Up-to-date symlink: /home/orientpine/robot_ws/install/ros2_aruco_interfaces/share/ros2_aruco_interfaces/msg/ArucoMarkers.idl
[2.581s] -- Up-to-date symlink: /home/orientpine/robot_ws/install/ros2_aruco_interfaces/share/ros2_aruco_interfaces/msg/ArucoMarkers.msg
[2.582s] -- Up-to-date symlink: /home/orientpine/robot_ws/install/ros2_aruco_interfaces/share/ament_index/resource_index/package_run_dependencies/ros2_aruco_interfaces
[2.582s] -- Up-to-date symlink: /home/orientpine/robot_ws/install/ros2_aruco_interfaces/share/ament_index/resource_index/parent_prefix_path/ros2_aruco_interfaces
[2.582s] -- Up-to-date symlink: /home/orientpine/robot_ws/install/ros2_aruco_interfaces/share/ros2_aruco_interfaces/environment/ament_prefix_path.sh
[2.583s] -- Up-to-date symlink: /home/orientpine/robot_ws/install/ros2_aruco_interfaces/share/ros2_aruco_interfaces/environment/ament_prefix_path.dsv
[2.583s] -- Up-to-date symlink: /home/orientpine/robot_ws/install/ros2_aruco_interfaces/share/ros2_aruco_interfaces/environment/path.sh
[2.584s] -- Up-to-date symlink: /home/orientpine/robot_ws/install/ros2_aruco_interfaces/share/ros2_aruco_interfaces/environment/path.dsv
[2.584s] -- Up-to-date symlink: /home/orientpine/robot_ws/install/ros2_aruco_interfaces/share/ros2_aruco_interfaces/local_setup.bash
[2.586s] -- Up-to-date symlink: /home/orientpine/robot_ws/install/ros2_aruco_interfaces/share/ros2_aruco_interfaces/local_setup.sh
[2.587s] -- Up-to-date symlink: /home/orientpine/robot_ws/install/ros2_aruco_interfaces/share/ros2_aruco_interfaces/local_setup.zsh
[2.587s] -- Up-to-date symlink: /home/orientpine/robot_ws/install/ros2_aruco_interfaces/share/ros2_aruco_interfaces/local_setup.dsv
[2.587s] -- Symlinking: /home/orientpine/robot_ws/install/ros2_aruco_interfaces/share/ros2_aruco_interfaces/package.dsv
[2.608s] -- Up-to-date symlink: /home/orientpine/robot_ws/install/ros2_aruco_interfaces/share/ament_index/resource_index/packages/ros2_aruco_interfaces
[2.608s] -- Up-to-date symlink: /home/orientpine/robot_ws/install/ros2_aruco_interfaces/share/ros2_aruco_interfaces/cmake/rosidl_cmake-extras.cmake
[2.609s] -- Up-to-date symlink: /home/orientpine/robot_ws/install/ros2_aruco_interfaces/share/ros2_aruco_interfaces/cmake/ament_cmake_export_dependencies-extras.cmake
[2.610s] -- Up-to-date symlink: /home/orientpine/robot_ws/install/ros2_aruco_interfaces/share/ros2_aruco_interfaces/cmake/ament_cmake_export_include_directories-extras.cmake
[2.610s] -- Up-to-date symlink: /home/orientpine/robot_ws/install/ros2_aruco_interfaces/share/ros2_aruco_interfaces/cmake/ament_cmake_export_libraries-extras.cmake
[2.611s] -- Up-to-date symlink: /home/orientpine/robot_ws/install/ros2_aruco_interfaces/share/ros2_aruco_interfaces/cmake/ament_cmake_export_targets-extras.cmake
[2.612s] -- Up-to-date symlink: /home/orientpine/robot_ws/install/ros2_aruco_interfaces/share/ros2_aruco_interfaces/cmake/rosidl_cmake_export_typesupport_targets-extras.cmake
[2.613s] -- Up-to-date symlink: /home/orientpine/robot_ws/install/ros2_aruco_interfaces/share/ros2_aruco_interfaces/cmake/rosidl_cmake_export_typesupport_libraries-extras.cmake
[2.613s] -- Up-to-date symlink: /home/orientpine/robot_ws/install/ros2_aruco_interfaces/share/ros2_aruco_interfaces/cmake/ros2_aruco_interfacesConfig.cmake
[2.614s] -- Up-to-date symlink: /home/orientpine/robot_ws/install/ros2_aruco_interfaces/share/ros2_aruco_interfaces/cmake/ros2_aruco_interfacesConfig-version.cmake
[2.616s] -- Up-to-date symlink: /home/orientpine/robot_ws/install/ros2_aruco_interfaces/share/ros2_aruco_interfaces/package.xml
[2.616s] -- Up-to-date: /home/orientpine/robot_ws/install/ros2_aruco_interfaces/lib/libros2_aruco_interfaces__rosidl_generator_c.so
[2.617s] -- Up-to-date: /home/orientpine/robot_ws/install/ros2_aruco_interfaces/lib/libros2_aruco_interfaces__rosidl_typesupport_fastrtps_c.so
[2.619s] -- Up-to-date: /home/orientpine/robot_ws/install/ros2_aruco_interfaces/lib/libros2_aruco_interfaces__rosidl_typesupport_fastrtps_cpp.so
[2.621s] -- Up-to-date: /home/orientpine/robot_ws/install/ros2_aruco_interfaces/lib/libros2_aruco_interfaces__rosidl_typesupport_introspection_c.so
[2.621s] -- Up-to-date: /home/orientpine/robot_ws/install/ros2_aruco_interfaces/lib/libros2_aruco_interfaces__rosidl_typesupport_c.so
[2.622s] -- Up-to-date: /home/orientpine/robot_ws/install/ros2_aruco_interfaces/lib/libros2_aruco_interfaces__rosidl_typesupport_introspection_cpp.so
[2.622s] -- Up-to-date: /home/orientpine/robot_ws/install/ros2_aruco_interfaces/lib/libros2_aruco_interfaces__rosidl_typesupport_cpp.so
[2.747s] Listing '/home/orientpine/robot_ws/install/ros2_aruco_interfaces/local/lib/python3.10/dist-packages/ros2_aruco_interfaces'...
[2.748s] Listing '/home/orientpine/robot_ws/install/ros2_aruco_interfaces/local/lib/python3.10/dist-packages/ros2_aruco_interfaces/msg'...
[2.762s] -- Up-to-date: /home/orientpine/robot_ws/install/ros2_aruco_interfaces/lib/libros2_aruco_interfaces__rosidl_generator_py.so
[2.764s] -- Up-to-date: /home/orientpine/robot_ws/install/ros2_aruco_interfaces/share/ros2_aruco_interfaces/cmake/export_ros2_aruco_interfaces__rosidl_generator_cExport.cmake
[2.764s] -- Up-to-date: /home/orientpine/robot_ws/install/ros2_aruco_interfaces/share/ros2_aruco_interfaces/cmake/export_ros2_aruco_interfaces__rosidl_generator_cExport-noconfig.cmake
[2.765s] -- Up-to-date: /home/orientpine/robot_ws/install/ros2_aruco_interfaces/share/ros2_aruco_interfaces/cmake/export_ros2_aruco_interfaces__rosidl_typesupport_fastrtps_cExport.cmake
[2.765s] -- Up-to-date: /home/orientpine/robot_ws/install/ros2_aruco_interfaces/share/ros2_aruco_interfaces/cmake/export_ros2_aruco_interfaces__rosidl_typesupport_fastrtps_cExport-noconfig.cmake
[2.765s] -- Up-to-date: /home/orientpine/robot_ws/install/ros2_aruco_interfaces/share/ros2_aruco_interfaces/cmake/export_ros2_aruco_interfaces__rosidl_generator_cppExport.cmake
[2.765s] -- Up-to-date: /home/orientpine/robot_ws/install/ros2_aruco_interfaces/share/ros2_aruco_interfaces/cmake/export_ros2_aruco_interfaces__rosidl_typesupport_fastrtps_cppExport.cmake
[2.766s] -- Up-to-date: /home/orientpine/robot_ws/install/ros2_aruco_interfaces/share/ros2_aruco_interfaces/cmake/export_ros2_aruco_interfaces__rosidl_typesupport_fastrtps_cppExport-noconfig.cmake
[2.767s] -- Up-to-date: /home/orientpine/robot_ws/install/ros2_aruco_interfaces/share/ros2_aruco_interfaces/cmake/ros2_aruco_interfaces__rosidl_typesupport_introspection_cExport.cmake
[2.767s] -- Up-to-date: /home/orientpine/robot_ws/install/ros2_aruco_interfaces/share/ros2_aruco_interfaces/cmake/ros2_aruco_interfaces__rosidl_typesupport_introspection_cExport-noconfig.cmake
[2.767s] -- Up-to-date: /home/orientpine/robot_ws/install/ros2_aruco_interfaces/share/ros2_aruco_interfaces/cmake/ros2_aruco_interfaces__rosidl_typesupport_cExport.cmake
[2.767s] -- Up-to-date: /home/orientpine/robot_ws/install/ros2_aruco_interfaces/share/ros2_aruco_interfaces/cmake/ros2_aruco_interfaces__rosidl_typesupport_cExport-noconfig.cmake
[2.768s] -- Up-to-date: /home/orientpine/robot_ws/install/ros2_aruco_interfaces/share/ros2_aruco_interfaces/cmake/ros2_aruco_interfaces__rosidl_typesupport_introspection_cppExport.cmake
[2.768s] -- Up-to-date: /home/orientpine/robot_ws/install/ros2_aruco_interfaces/share/ros2_aruco_interfaces/cmake/ros2_aruco_interfaces__rosidl_typesupport_introspection_cppExport-noconfig.cmake
[2.768s] -- Up-to-date: /home/orientpine/robot_ws/install/ros2_aruco_interfaces/share/ros2_aruco_interfaces/cmake/ros2_aruco_interfaces__rosidl_typesupport_cppExport.cmake
[2.768s] -- Up-to-date: /home/orientpine/robot_ws/install/ros2_aruco_interfaces/share/ros2_aruco_interfaces/cmake/ros2_aruco_interfaces__rosidl_typesupport_cppExport-noconfig.cmake
[2.769s] -- Up-to-date: /home/orientpine/robot_ws/install/ros2_aruco_interfaces/share/ros2_aruco_interfaces/cmake/export_ros2_aruco_interfaces__rosidl_generator_pyExport.cmake
[2.769s] -- Up-to-date: /home/orientpine/robot_ws/install/ros2_aruco_interfaces/share/ros2_aruco_interfaces/cmake/export_ros2_aruco_interfaces__rosidl_generator_pyExport-noconfig.cmake
[2.777s] Invoked command in '/home/orientpine/robot_ws/build/ros2_aruco_interfaces' returned '0': CMAKE_PREFIX_PATH=${CMAKE_PREFIX_PATH}:/home/orientpine/Documents/hr35/install/excavator_trajectory_planning:/home/orientpine/Documents/hr35/install/excavator_track_simulation:/home/orientpine/Documents/hr35/install/excavator_signal_manager:/home/orientpine/Documents/hr35/install/excavator_control:/home/orientpine/Documents/hr35/install/excavator_test_hmi:/home/orientpine/Documents/hr35/install/excavator_task_management:/home/orientpine/robot_ws/install/ros2_aruco:/home/orientpine/robot_ws/install/pkg_rb10_apple:/opt/ros/humble CONDA_PROMPT_MODIFIER=(rb) /usr/bin/cmake --install /home/orientpine/robot_ws/build/ros2_aruco_interfaces
