[0.800s] Invoking command in '/home/orientpine/robot_ws/build/ros2_aruco_interfaces': CMAKE_PREFIX_PATH=${CMAKE_PREFIX_PATH}:/home/orientpine/Documents/hr35/install/excavator_trajectory_planning:/home/orientpine/Documents/hr35/install/excavator_track_simulation:/home/orientpine/Documents/hr35/install/excavator_signal_manager:/home/orientpine/Documents/hr35/install/excavator_control:/home/orientpine/Documents/hr35/install/excavator_test_hmi:/home/orientpine/Documents/hr35/install/excavator_task_management:/home/orientpine/robot_ws/install/ros2_aruco:/home/orientpine/robot_ws/install/pkg_rb10_apple:/opt/ros/humble CONDA_PROMPT_MODIFIER=(rb) /usr/bin/cmake --build /home/orientpine/robot_ws/build/ros2_aruco_interfaces -- -j12 -l12
[0.888s] [35m[1mConsolidate compiler generated dependencies of target ros2_aruco_interfaces__rosidl_generator_c[0m
[0.920s] [  3%] Built target ros2_aruco_interfaces__cpp
[0.929s] [ 12%] Built target ros2_aruco_interfaces__rosidl_generator_c
[0.942s] [ 12%] Built target ament_cmake_python_symlink_ros2_aruco_interfaces
[0.967s] [35m[1mConsolidate compiler generated dependencies of target ros2_aruco_interfaces__rosidl_typesupport_c[0m
[0.979s] [35m[1mConsolidate compiler generated dependencies of target ros2_aruco_interfaces__rosidl_typesupport_cpp[0m
[0.981s] [35m[1mConsolidate compiler generated dependencies of target ros2_aruco_interfaces__rosidl_typesupport_introspection_cpp[0m
[0.983s] [35m[1mConsolidate compiler generated dependencies of target ros2_aruco_interfaces__rosidl_typesupport_fastrtps_c[0m
[0.996s] [35m[1mConsolidate compiler generated dependencies of target ros2_aruco_interfaces__rosidl_typesupport_fastrtps_cpp[0m
[1.019s] [35m[1mConsolidate compiler generated dependencies of target ros2_aruco_interfaces__rosidl_typesupport_introspection_c[0m
[1.025s] [ 22%] Built target ros2_aruco_interfaces__rosidl_typesupport_c
[1.041s] [ 32%] Built target ros2_aruco_interfaces__rosidl_typesupport_fastrtps_c
[1.041s] [ 41%] Built target ros2_aruco_interfaces__rosidl_typesupport_introspection_cpp
[1.058s] [ 51%] Built target ros2_aruco_interfaces__rosidl_typesupport_cpp
[1.059s] [ 61%] Built target ros2_aruco_interfaces__rosidl_typesupport_fastrtps_cpp
[1.066s] [ 70%] Built target ros2_aruco_interfaces__rosidl_typesupport_introspection_c
[1.134s] [ 70%] Built target ros2_aruco_interfaces
[1.210s] [ 74%] Built target ros2_aruco_interfaces__py
[1.229s] [35m[1mConsolidate compiler generated dependencies of target ros2_aruco_interfaces__rosidl_generator_py[0m
[1.266s] [ 80%] Built target ros2_aruco_interfaces__rosidl_generator_py
[1.296s] [35m[1mConsolidate compiler generated dependencies of target ros2_aruco_interfaces__rosidl_typesupport_fastrtps_c__pyext[0m
[1.303s] [35m[1mConsolidate compiler generated dependencies of target ros2_aruco_interfaces__rosidl_typesupport_c__pyext[0m
[1.333s] [35m[1mConsolidate compiler generated dependencies of target ros2_aruco_interfaces__rosidl_typesupport_introspection_c__pyext[0m
[1.359s] [ 87%] Built target ros2_aruco_interfaces__rosidl_typesupport_c__pyext
[1.369s] [ 93%] Built target ros2_aruco_interfaces__rosidl_typesupport_fastrtps_c__pyext
[1.384s] [100%] Built target ros2_aruco_interfaces__rosidl_typesupport_introspection_c__pyext
[1.780s] running egg_info
[1.782s] writing ros2_aruco_interfaces.egg-info/PKG-INFO
[1.782s] writing dependency_links to ros2_aruco_interfaces.egg-info/dependency_links.txt
[1.782s] writing top-level names to ros2_aruco_interfaces.egg-info/top_level.txt
[1.789s] reading manifest file 'ros2_aruco_interfaces.egg-info/SOURCES.txt'
[1.791s] writing manifest file 'ros2_aruco_interfaces.egg-info/SOURCES.txt'
[1.851s] [100%] Built target ament_cmake_python_build_ros2_aruco_interfaces_egg
[2.365s] Invoked command in '/home/orientpine/robot_ws/build/ros2_aruco_interfaces' returned '0': CMAKE_PREFIX_PATH=${CMAKE_PREFIX_PATH}:/home/orientpine/Documents/hr35/install/excavator_trajectory_planning:/home/orientpine/Documents/hr35/install/excavator_track_simulation:/home/orientpine/Documents/hr35/install/excavator_signal_manager:/home/orientpine/Documents/hr35/install/excavator_control:/home/orientpine/Documents/hr35/install/excavator_test_hmi:/home/orientpine/Documents/hr35/install/excavator_task_management:/home/orientpine/robot_ws/install/ros2_aruco:/home/orientpine/robot_ws/install/pkg_rb10_apple:/opt/ros/humble CONDA_PROMPT_MODIFIER=(rb) /usr/bin/cmake --build /home/orientpine/robot_ws/build/ros2_aruco_interfaces -- -j12 -l12
[2.372s] Invoking command in '/home/orientpine/robot_ws/build/ros2_aruco_interfaces': CMAKE_PREFIX_PATH=${CMAKE_PREFIX_PATH}:/home/orientpine/Documents/hr35/install/excavator_trajectory_planning:/home/orientpine/Documents/hr35/install/excavator_track_simulation:/home/orientpine/Documents/hr35/install/excavator_signal_manager:/home/orientpine/Documents/hr35/install/excavator_control:/home/orientpine/Documents/hr35/install/excavator_test_hmi:/home/orientpine/Documents/hr35/install/excavator_task_management:/home/orientpine/robot_ws/install/ros2_aruco:/home/orientpine/robot_ws/install/pkg_rb10_apple:/opt/ros/humble CONDA_PROMPT_MODIFIER=(rb) /usr/bin/cmake --install /home/orientpine/robot_ws/build/ros2_aruco_interfaces
[2.386s] -- Install configuration: ""
[2.387s] -- Execute custom install script
[2.387s] -- Up-to-date symlink: /home/orientpine/robot_ws/install/ros2_aruco_interfaces/share/ament_index/resource_index/rosidl_interfaces/ros2_aruco_interfaces
[2.388s] -- Up-to-date symlink: /home/orientpine/robot_ws/install/ros2_aruco_interfaces/include/ros2_aruco_interfaces/ros2_aruco_interfaces/msg/aruco_markers.h
[2.389s] -- Up-to-date symlink: /home/orientpine/robot_ws/install/ros2_aruco_interfaces/include/ros2_aruco_interfaces/ros2_aruco_interfaces/msg/detail/aruco_markers__functions.h
[2.389s] -- Up-to-date symlink: /home/orientpine/robot_ws/install/ros2_aruco_interfaces/include/ros2_aruco_interfaces/ros2_aruco_interfaces/msg/detail/aruco_markers__struct.h
[2.389s] -- Up-to-date symlink: /home/orientpine/robot_ws/install/ros2_aruco_interfaces/include/ros2_aruco_interfaces/ros2_aruco_interfaces/msg/detail/aruco_markers__type_support.h
[2.390s] -- Up-to-date symlink: /home/orientpine/robot_ws/install/ros2_aruco_interfaces/include/ros2_aruco_interfaces/ros2_aruco_interfaces/msg/rosidl_generator_c__visibility_control.h
[2.390s] -- Up-to-date symlink: /home/orientpine/robot_ws/install/ros2_aruco_interfaces/share/ros2_aruco_interfaces/environment/library_path.sh
[2.391s] -- Up-to-date symlink: /home/orientpine/robot_ws/install/ros2_aruco_interfaces/share/ros2_aruco_interfaces/environment/library_path.dsv
[2.392s] -- Up-to-date symlink: /home/orientpine/robot_ws/install/ros2_aruco_interfaces/include/ros2_aruco_interfaces/ros2_aruco_interfaces/msg/detail/aruco_markers__rosidl_typesupport_fastrtps_c.h
[2.392s] -- Up-to-date symlink: /home/orientpine/robot_ws/install/ros2_aruco_interfaces/include/ros2_aruco_interfaces/ros2_aruco_interfaces/msg/rosidl_typesupport_fastrtps_c__visibility_control.h
[2.393s] -- Up-to-date symlink: /home/orientpine/robot_ws/install/ros2_aruco_interfaces/include/ros2_aruco_interfaces/ros2_aruco_interfaces/msg/aruco_markers.hpp
[2.393s] -- Up-to-date symlink: /home/orientpine/robot_ws/install/ros2_aruco_interfaces/include/ros2_aruco_interfaces/ros2_aruco_interfaces/msg/detail/aruco_markers__builder.hpp
[2.394s] -- Up-to-date symlink: /home/orientpine/robot_ws/install/ros2_aruco_interfaces/include/ros2_aruco_interfaces/ros2_aruco_interfaces/msg/detail/aruco_markers__struct.hpp
[2.394s] -- Up-to-date symlink: /home/orientpine/robot_ws/install/ros2_aruco_interfaces/include/ros2_aruco_interfaces/ros2_aruco_interfaces/msg/detail/aruco_markers__traits.hpp
[2.394s] -- Up-to-date symlink: /home/orientpine/robot_ws/install/ros2_aruco_interfaces/include/ros2_aruco_interfaces/ros2_aruco_interfaces/msg/detail/aruco_markers__type_support.hpp
[2.395s] -- Up-to-date symlink: /home/orientpine/robot_ws/install/ros2_aruco_interfaces/include/ros2_aruco_interfaces/ros2_aruco_interfaces/msg/rosidl_generator_cpp__visibility_control.hpp
[2.396s] -- Up-to-date symlink: /home/orientpine/robot_ws/install/ros2_aruco_interfaces/include/ros2_aruco_interfaces/ros2_aruco_interfaces/msg/detail/aruco_markers__rosidl_typesupport_fastrtps_cpp.hpp
[2.397s] -- Up-to-date symlink: /home/orientpine/robot_ws/install/ros2_aruco_interfaces/include/ros2_aruco_interfaces/ros2_aruco_interfaces/msg/rosidl_typesupport_fastrtps_cpp__visibility_control.h
[2.397s] -- Up-to-date symlink: /home/orientpine/robot_ws/install/ros2_aruco_interfaces/include/ros2_aruco_interfaces/ros2_aruco_interfaces/msg/detail/aruco_markers__rosidl_typesupport_introspection_c.h
[2.399s] -- Up-to-date symlink: /home/orientpine/robot_ws/install/ros2_aruco_interfaces/include/ros2_aruco_interfaces/ros2_aruco_interfaces/msg/rosidl_typesupport_introspection_c__visibility_control.h
[2.399s] -- Up-to-date symlink: /home/orientpine/robot_ws/install/ros2_aruco_interfaces/include/ros2_aruco_interfaces/ros2_aruco_interfaces/msg/detail/aruco_markers__rosidl_typesupport_introspection_cpp.hpp
[2.399s] -- Up-to-date symlink: /home/orientpine/robot_ws/install/ros2_aruco_interfaces/share/ros2_aruco_interfaces/environment/pythonpath.sh
[2.400s] -- Up-to-date symlink: /home/orientpine/robot_ws/install/ros2_aruco_interfaces/share/ros2_aruco_interfaces/environment/pythonpath.dsv
[2.400s] -- Up-to-date symlink: /home/orientpine/robot_ws/install/ros2_aruco_interfaces/local/lib/python3.10/dist-packages/ros2_aruco_interfaces-0.1.0-py3.10.egg-info/PKG-INFO
[2.401s] -- Up-to-date symlink: /home/orientpine/robot_ws/install/ros2_aruco_interfaces/local/lib/python3.10/dist-packages/ros2_aruco_interfaces-0.1.0-py3.10.egg-info/SOURCES.txt
[2.401s] -- Up-to-date symlink: /home/orientpine/robot_ws/install/ros2_aruco_interfaces/local/lib/python3.10/dist-packages/ros2_aruco_interfaces-0.1.0-py3.10.egg-info/dependency_links.txt
[2.401s] -- Up-to-date symlink: /home/orientpine/robot_ws/install/ros2_aruco_interfaces/local/lib/python3.10/dist-packages/ros2_aruco_interfaces-0.1.0-py3.10.egg-info/top_level.txt
[2.403s] -- Up-to-date symlink: /home/orientpine/robot_ws/install/ros2_aruco_interfaces/local/lib/python3.10/dist-packages/ros2_aruco_interfaces/__init__.py
[2.403s] -- Up-to-date symlink: /home/orientpine/robot_ws/install/ros2_aruco_interfaces/local/lib/python3.10/dist-packages/ros2_aruco_interfaces/_ros2_aruco_interfaces_s.ep.rosidl_typesupport_c.c
[2.403s] -- Up-to-date symlink: /home/orientpine/robot_ws/install/ros2_aruco_interfaces/local/lib/python3.10/dist-packages/ros2_aruco_interfaces/_ros2_aruco_interfaces_s.ep.rosidl_typesupport_fastrtps_c.c
[2.404s] -- Up-to-date symlink: /home/orientpine/robot_ws/install/ros2_aruco_interfaces/local/lib/python3.10/dist-packages/ros2_aruco_interfaces/_ros2_aruco_interfaces_s.ep.rosidl_typesupport_introspection_c.c
[2.405s] -- Up-to-date symlink: /home/orientpine/robot_ws/install/ros2_aruco_interfaces/local/lib/python3.10/dist-packages/ros2_aruco_interfaces/libros2_aruco_interfaces__rosidl_generator_py.so
[2.410s] -- Up-to-date symlink: /home/orientpine/robot_ws/install/ros2_aruco_interfaces/local/lib/python3.10/dist-packages/ros2_aruco_interfaces/msg/__init__.py
[2.410s] -- Up-to-date symlink: /home/orientpine/robot_ws/install/ros2_aruco_interfaces/local/lib/python3.10/dist-packages/ros2_aruco_interfaces/msg/_aruco_markers.py
[2.411s] -- Up-to-date symlink: /home/orientpine/robot_ws/install/ros2_aruco_interfaces/local/lib/python3.10/dist-packages/ros2_aruco_interfaces/msg/_aruco_markers_s.c
[2.411s] -- Up-to-date symlink: /home/orientpine/robot_ws/install/ros2_aruco_interfaces/local/lib/python3.10/dist-packages/ros2_aruco_interfaces/ros2_aruco_interfaces_s__rosidl_typesupport_c.cpython-310-x86_64-linux-gnu.so
[2.411s] -- Up-to-date symlink: /home/orientpine/robot_ws/install/ros2_aruco_interfaces/local/lib/python3.10/dist-packages/ros2_aruco_interfaces/ros2_aruco_interfaces_s__rosidl_typesupport_fastrtps_c.cpython-310-x86_64-linux-gnu.so
[2.411s] -- Up-to-date symlink: /home/orientpine/robot_ws/install/ros2_aruco_interfaces/local/lib/python3.10/dist-packages/ros2_aruco_interfaces/ros2_aruco_interfaces_s__rosidl_typesupport_introspection_c.cpython-310-x86_64-linux-gnu.so
[2.412s] -- Up-to-date symlink: /home/orientpine/robot_ws/install/ros2_aruco_interfaces/local/lib/python3.10/dist-packages/ros2_aruco_interfaces/ros2_aruco_interfaces_s__rosidl_typesupport_fastrtps_c.cpython-310-x86_64-linux-gnu.so
[2.412s] -- Up-to-date symlink: /home/orientpine/robot_ws/install/ros2_aruco_interfaces/local/lib/python3.10/dist-packages/ros2_aruco_interfaces/ros2_aruco_interfaces_s__rosidl_typesupport_introspection_c.cpython-310-x86_64-linux-gnu.so
[2.412s] -- Up-to-date symlink: /home/orientpine/robot_ws/install/ros2_aruco_interfaces/local/lib/python3.10/dist-packages/ros2_aruco_interfaces/ros2_aruco_interfaces_s__rosidl_typesupport_c.cpython-310-x86_64-linux-gnu.so
[2.412s] -- Up-to-date symlink: /home/orientpine/robot_ws/install/ros2_aruco_interfaces/share/ros2_aruco_interfaces/msg/ArucoMarkers.idl
[2.413s] -- Up-to-date symlink: /home/orientpine/robot_ws/install/ros2_aruco_interfaces/share/ros2_aruco_interfaces/msg/ArucoMarkers.msg
[2.413s] -- Up-to-date symlink: /home/orientpine/robot_ws/install/ros2_aruco_interfaces/share/ament_index/resource_index/package_run_dependencies/ros2_aruco_interfaces
[2.413s] -- Up-to-date symlink: /home/orientpine/robot_ws/install/ros2_aruco_interfaces/share/ament_index/resource_index/parent_prefix_path/ros2_aruco_interfaces
[2.414s] -- Up-to-date symlink: /home/orientpine/robot_ws/install/ros2_aruco_interfaces/share/ros2_aruco_interfaces/environment/ament_prefix_path.sh
[2.414s] -- Up-to-date symlink: /home/orientpine/robot_ws/install/ros2_aruco_interfaces/share/ros2_aruco_interfaces/environment/ament_prefix_path.dsv
[2.414s] -- Up-to-date symlink: /home/orientpine/robot_ws/install/ros2_aruco_interfaces/share/ros2_aruco_interfaces/environment/path.sh
[2.415s] -- Up-to-date symlink: /home/orientpine/robot_ws/install/ros2_aruco_interfaces/share/ros2_aruco_interfaces/environment/path.dsv
[2.415s] -- Up-to-date symlink: /home/orientpine/robot_ws/install/ros2_aruco_interfaces/share/ros2_aruco_interfaces/local_setup.bash
[2.416s] -- Up-to-date symlink: /home/orientpine/robot_ws/install/ros2_aruco_interfaces/share/ros2_aruco_interfaces/local_setup.sh
[2.416s] -- Up-to-date symlink: /home/orientpine/robot_ws/install/ros2_aruco_interfaces/share/ros2_aruco_interfaces/local_setup.zsh
[2.417s] -- Up-to-date symlink: /home/orientpine/robot_ws/install/ros2_aruco_interfaces/share/ros2_aruco_interfaces/local_setup.dsv
[2.417s] -- Symlinking: /home/orientpine/robot_ws/install/ros2_aruco_interfaces/share/ros2_aruco_interfaces/package.dsv
[2.436s] -- Up-to-date symlink: /home/orientpine/robot_ws/install/ros2_aruco_interfaces/share/ament_index/resource_index/packages/ros2_aruco_interfaces
[2.436s] -- Up-to-date symlink: /home/orientpine/robot_ws/install/ros2_aruco_interfaces/share/ros2_aruco_interfaces/cmake/rosidl_cmake-extras.cmake
[2.437s] -- Up-to-date symlink: /home/orientpine/robot_ws/install/ros2_aruco_interfaces/share/ros2_aruco_interfaces/cmake/ament_cmake_export_dependencies-extras.cmake
[2.437s] -- Up-to-date symlink: /home/orientpine/robot_ws/install/ros2_aruco_interfaces/share/ros2_aruco_interfaces/cmake/ament_cmake_export_include_directories-extras.cmake
[2.437s] -- Up-to-date symlink: /home/orientpine/robot_ws/install/ros2_aruco_interfaces/share/ros2_aruco_interfaces/cmake/ament_cmake_export_libraries-extras.cmake
[2.438s] -- Up-to-date symlink: /home/orientpine/robot_ws/install/ros2_aruco_interfaces/share/ros2_aruco_interfaces/cmake/ament_cmake_export_targets-extras.cmake
[2.438s] -- Up-to-date symlink: /home/orientpine/robot_ws/install/ros2_aruco_interfaces/share/ros2_aruco_interfaces/cmake/rosidl_cmake_export_typesupport_targets-extras.cmake
[2.438s] -- Up-to-date symlink: /home/orientpine/robot_ws/install/ros2_aruco_interfaces/share/ros2_aruco_interfaces/cmake/rosidl_cmake_export_typesupport_libraries-extras.cmake
[2.439s] -- Up-to-date symlink: /home/orientpine/robot_ws/install/ros2_aruco_interfaces/share/ros2_aruco_interfaces/cmake/ros2_aruco_interfacesConfig.cmake
[2.439s] -- Up-to-date symlink: /home/orientpine/robot_ws/install/ros2_aruco_interfaces/share/ros2_aruco_interfaces/cmake/ros2_aruco_interfacesConfig-version.cmake
[2.439s] -- Up-to-date symlink: /home/orientpine/robot_ws/install/ros2_aruco_interfaces/share/ros2_aruco_interfaces/package.xml
[2.440s] -- Up-to-date: /home/orientpine/robot_ws/install/ros2_aruco_interfaces/lib/libros2_aruco_interfaces__rosidl_generator_c.so
[2.440s] -- Up-to-date: /home/orientpine/robot_ws/install/ros2_aruco_interfaces/lib/libros2_aruco_interfaces__rosidl_typesupport_fastrtps_c.so
[2.441s] -- Up-to-date: /home/orientpine/robot_ws/install/ros2_aruco_interfaces/lib/libros2_aruco_interfaces__rosidl_typesupport_fastrtps_cpp.so
[2.442s] -- Up-to-date: /home/orientpine/robot_ws/install/ros2_aruco_interfaces/lib/libros2_aruco_interfaces__rosidl_typesupport_introspection_c.so
[2.443s] -- Up-to-date: /home/orientpine/robot_ws/install/ros2_aruco_interfaces/lib/libros2_aruco_interfaces__rosidl_typesupport_c.so
[2.444s] -- Up-to-date: /home/orientpine/robot_ws/install/ros2_aruco_interfaces/lib/libros2_aruco_interfaces__rosidl_typesupport_introspection_cpp.so
[2.445s] -- Up-to-date: /home/orientpine/robot_ws/install/ros2_aruco_interfaces/lib/libros2_aruco_interfaces__rosidl_typesupport_cpp.so
[2.524s] Listing '/home/orientpine/robot_ws/install/ros2_aruco_interfaces/local/lib/python3.10/dist-packages/ros2_aruco_interfaces'...
[2.524s] Listing '/home/orientpine/robot_ws/install/ros2_aruco_interfaces/local/lib/python3.10/dist-packages/ros2_aruco_interfaces/msg'...
[2.534s] -- Up-to-date: /home/orientpine/robot_ws/install/ros2_aruco_interfaces/lib/libros2_aruco_interfaces__rosidl_generator_py.so
[2.534s] -- Up-to-date: /home/orientpine/robot_ws/install/ros2_aruco_interfaces/share/ros2_aruco_interfaces/cmake/export_ros2_aruco_interfaces__rosidl_generator_cExport.cmake
[2.534s] -- Up-to-date: /home/orientpine/robot_ws/install/ros2_aruco_interfaces/share/ros2_aruco_interfaces/cmake/export_ros2_aruco_interfaces__rosidl_generator_cExport-noconfig.cmake
[2.535s] -- Up-to-date: /home/orientpine/robot_ws/install/ros2_aruco_interfaces/share/ros2_aruco_interfaces/cmake/export_ros2_aruco_interfaces__rosidl_typesupport_fastrtps_cExport.cmake
[2.535s] -- Up-to-date: /home/orientpine/robot_ws/install/ros2_aruco_interfaces/share/ros2_aruco_interfaces/cmake/export_ros2_aruco_interfaces__rosidl_typesupport_fastrtps_cExport-noconfig.cmake
[2.535s] -- Up-to-date: /home/orientpine/robot_ws/install/ros2_aruco_interfaces/share/ros2_aruco_interfaces/cmake/export_ros2_aruco_interfaces__rosidl_generator_cppExport.cmake
[2.535s] -- Up-to-date: /home/orientpine/robot_ws/install/ros2_aruco_interfaces/share/ros2_aruco_interfaces/cmake/export_ros2_aruco_interfaces__rosidl_typesupport_fastrtps_cppExport.cmake
[2.536s] -- Up-to-date: /home/orientpine/robot_ws/install/ros2_aruco_interfaces/share/ros2_aruco_interfaces/cmake/export_ros2_aruco_interfaces__rosidl_typesupport_fastrtps_cppExport-noconfig.cmake
[2.536s] -- Up-to-date: /home/orientpine/robot_ws/install/ros2_aruco_interfaces/share/ros2_aruco_interfaces/cmake/ros2_aruco_interfaces__rosidl_typesupport_introspection_cExport.cmake
[2.536s] -- Up-to-date: /home/orientpine/robot_ws/install/ros2_aruco_interfaces/share/ros2_aruco_interfaces/cmake/ros2_aruco_interfaces__rosidl_typesupport_introspection_cExport-noconfig.cmake
[2.536s] -- Up-to-date: /home/orientpine/robot_ws/install/ros2_aruco_interfaces/share/ros2_aruco_interfaces/cmake/ros2_aruco_interfaces__rosidl_typesupport_cExport.cmake
[2.536s] -- Up-to-date: /home/orientpine/robot_ws/install/ros2_aruco_interfaces/share/ros2_aruco_interfaces/cmake/ros2_aruco_interfaces__rosidl_typesupport_cExport-noconfig.cmake
[2.537s] -- Up-to-date: /home/orientpine/robot_ws/install/ros2_aruco_interfaces/share/ros2_aruco_interfaces/cmake/ros2_aruco_interfaces__rosidl_typesupport_introspection_cppExport.cmake
[2.537s] -- Up-to-date: /home/orientpine/robot_ws/install/ros2_aruco_interfaces/share/ros2_aruco_interfaces/cmake/ros2_aruco_interfaces__rosidl_typesupport_introspection_cppExport-noconfig.cmake
[2.537s] -- Up-to-date: /home/orientpine/robot_ws/install/ros2_aruco_interfaces/share/ros2_aruco_interfaces/cmake/ros2_aruco_interfaces__rosidl_typesupport_cppExport.cmake
[2.537s] -- Up-to-date: /home/orientpine/robot_ws/install/ros2_aruco_interfaces/share/ros2_aruco_interfaces/cmake/ros2_aruco_interfaces__rosidl_typesupport_cppExport-noconfig.cmake
[2.537s] -- Up-to-date: /home/orientpine/robot_ws/install/ros2_aruco_interfaces/share/ros2_aruco_interfaces/cmake/export_ros2_aruco_interfaces__rosidl_generator_pyExport.cmake
[2.538s] -- Up-to-date: /home/orientpine/robot_ws/install/ros2_aruco_interfaces/share/ros2_aruco_interfaces/cmake/export_ros2_aruco_interfaces__rosidl_generator_pyExport-noconfig.cmake
[2.543s] Invoked command in '/home/orientpine/robot_ws/build/ros2_aruco_interfaces' returned '0': CMAKE_PREFIX_PATH=${CMAKE_PREFIX_PATH}:/home/orientpine/Documents/hr35/install/excavator_trajectory_planning:/home/orientpine/Documents/hr35/install/excavator_track_simulation:/home/orientpine/Documents/hr35/install/excavator_signal_manager:/home/orientpine/Documents/hr35/install/excavator_control:/home/orientpine/Documents/hr35/install/excavator_test_hmi:/home/orientpine/Documents/hr35/install/excavator_task_management:/home/orientpine/robot_ws/install/ros2_aruco:/home/orientpine/robot_ws/install/pkg_rb10_apple:/opt/ros/humble CONDA_PROMPT_MODIFIER=(rb) /usr/bin/cmake --install /home/orientpine/robot_ws/build/ros2_aruco_interfaces
