[0.967s] DEBUG:colcon:Command line arguments: ['/usr/bin/colcon', 'build', '--symlink-install']
[0.967s] DEBUG:colcon:Parsed command line arguments: Namespace(log_base=None, log_level=None, verb_name='build', build_base='build', install_base='install', merge_install=False, symlink_install=True, test_result_base=None, continue_on_error=False, executor='parallel', parallel_workers=12, event_handlers=None, ignore_user_meta=False, metas=['./colcon.meta'], base_paths=['.'], packages_ignore=None, packages_ignore_regex=None, paths=None, packages_up_to=None, packages_up_to_regex=None, packages_above=None, packages_above_and_dependencies=None, packages_above_depth=None, packages_select_by_dep=None, packages_skip_by_dep=None, packages_skip_up_to=None, packages_select_build_failed=False, packages_skip_build_finished=False, packages_select_test_failures=False, packages_skip_test_passed=False, packages_select=None, packages_skip=None, packages_select_regex=None, packages_skip_regex=None, packages_start=None, packages_end=None, allow_overriding=[], cmake_args=None, cmake_target=None, cmake_target_skip_unavailable=False, cmake_clean_cache=False, cmake_clean_first=False, cmake_force_configure=False, ament_cmake_args=None, catkin_cmake_args=None, catkin_skip_building_tests=False, verb_parser=<colcon_defaults.argument_parser.defaults.DefaultArgumentsDecorator object at 0x7fd55f080310>, verb_extension=<colcon_core.verb.build.BuildVerb object at 0x7fd55f080160>, main=<bound method BuildVerb.main of <colcon_core.verb.build.BuildVerb object at 0x7fd55f080160>>)
[1.011s] Level 1:colcon.colcon_core.package_discovery:discover_packages(colcon_meta) check parameters
[1.011s] Level 1:colcon.colcon_core.package_discovery:discover_packages(recursive) check parameters
[1.011s] Level 1:colcon.colcon_core.package_discovery:discover_packages(ignore) check parameters
[1.011s] Level 1:colcon.colcon_core.package_discovery:discover_packages(path) check parameters
[1.011s] Level 1:colcon.colcon_core.package_discovery:discover_packages(colcon_meta) discover
[1.011s] Level 1:colcon.colcon_core.package_discovery:discover_packages(recursive) discover
[1.011s] INFO:colcon.colcon_core.package_discovery:Crawling recursively for packages in '/home/orientpine/robot_ws'
[1.012s] Level 1:colcon.colcon_core.package_identification:_identify(.) by extensions ['ignore', 'ignore_ament_install']
[1.012s] Level 1:colcon.colcon_core.package_identification:_identify(.) by extension 'ignore'
[1.012s] Level 1:colcon.colcon_core.package_identification:_identify(.) by extension 'ignore_ament_install'
[1.012s] Level 1:colcon.colcon_core.package_identification:_identify(.) by extensions ['colcon_pkg']
[1.012s] Level 1:colcon.colcon_core.package_identification:_identify(.) by extension 'colcon_pkg'
[1.012s] Level 1:colcon.colcon_core.package_identification:_identify(.) by extensions ['colcon_meta']
[1.012s] Level 1:colcon.colcon_core.package_identification:_identify(.) by extension 'colcon_meta'
[1.012s] Level 1:colcon.colcon_core.package_identification:_identify(.) by extensions ['ros']
[1.012s] Level 1:colcon.colcon_core.package_identification:_identify(.) by extension 'ros'
[1.024s] Level 1:colcon.colcon_core.package_identification:_identify(.) by extensions ['cmake', 'python']
[1.024s] Level 1:colcon.colcon_core.package_identification:_identify(.) by extension 'cmake'
[1.024s] Level 1:colcon.colcon_core.package_identification:_identify(.) by extension 'python'
[1.024s] Level 1:colcon.colcon_core.package_identification:_identify(.) by extensions ['python_setup_py']
[1.024s] Level 1:colcon.colcon_core.package_identification:_identify(.) by extension 'python_setup_py'
[1.024s] Level 1:colcon.colcon_core.package_identification:_identify(build) by extensions ['ignore', 'ignore_ament_install']
[1.024s] Level 1:colcon.colcon_core.package_identification:_identify(build) by extension 'ignore'
[1.025s] Level 1:colcon.colcon_core.package_identification:_identify(build) ignored
[1.025s] Level 1:colcon.colcon_core.package_identification:_identify(install) by extensions ['ignore', 'ignore_ament_install']
[1.025s] Level 1:colcon.colcon_core.package_identification:_identify(install) by extension 'ignore'
[1.025s] Level 1:colcon.colcon_core.package_identification:_identify(install) ignored
[1.025s] Level 1:colcon.colcon_core.package_identification:_identify(log) by extensions ['ignore', 'ignore_ament_install']
[1.025s] Level 1:colcon.colcon_core.package_identification:_identify(log) by extension 'ignore'
[1.025s] Level 1:colcon.colcon_core.package_identification:_identify(log) ignored
[1.025s] Level 1:colcon.colcon_core.package_identification:_identify(src) by extensions ['ignore', 'ignore_ament_install']
[1.026s] Level 1:colcon.colcon_core.package_identification:_identify(src) by extension 'ignore'
[1.026s] Level 1:colcon.colcon_core.package_identification:_identify(src) by extension 'ignore_ament_install'
[1.026s] Level 1:colcon.colcon_core.package_identification:_identify(src) by extensions ['colcon_pkg']
[1.026s] Level 1:colcon.colcon_core.package_identification:_identify(src) by extension 'colcon_pkg'
[1.026s] Level 1:colcon.colcon_core.package_identification:_identify(src) by extensions ['colcon_meta']
[1.026s] Level 1:colcon.colcon_core.package_identification:_identify(src) by extension 'colcon_meta'
[1.026s] Level 1:colcon.colcon_core.package_identification:_identify(src) by extensions ['ros']
[1.026s] Level 1:colcon.colcon_core.package_identification:_identify(src) by extension 'ros'
[1.026s] Level 1:colcon.colcon_core.package_identification:_identify(src) by extensions ['cmake', 'python']
[1.026s] Level 1:colcon.colcon_core.package_identification:_identify(src) by extension 'cmake'
[1.026s] Level 1:colcon.colcon_core.package_identification:_identify(src) by extension 'python'
[1.026s] Level 1:colcon.colcon_core.package_identification:_identify(src) by extensions ['python_setup_py']
[1.026s] Level 1:colcon.colcon_core.package_identification:_identify(src) by extension 'python_setup_py'
[1.027s] Level 1:colcon.colcon_core.package_identification:_identify(src/interface_rb10_apple) by extensions ['ignore', 'ignore_ament_install']
[1.027s] Level 1:colcon.colcon_core.package_identification:_identify(src/interface_rb10_apple) by extension 'ignore'
[1.027s] Level 1:colcon.colcon_core.package_identification:_identify(src/interface_rb10_apple) by extension 'ignore_ament_install'
[1.027s] Level 1:colcon.colcon_core.package_identification:_identify(src/interface_rb10_apple) by extensions ['colcon_pkg']
[1.027s] Level 1:colcon.colcon_core.package_identification:_identify(src/interface_rb10_apple) by extension 'colcon_pkg'
[1.027s] Level 1:colcon.colcon_core.package_identification:_identify(src/interface_rb10_apple) by extensions ['colcon_meta']
[1.027s] Level 1:colcon.colcon_core.package_identification:_identify(src/interface_rb10_apple) by extension 'colcon_meta'
[1.027s] Level 1:colcon.colcon_core.package_identification:_identify(src/interface_rb10_apple) by extensions ['ros']
[1.027s] Level 1:colcon.colcon_core.package_identification:_identify(src/interface_rb10_apple) by extension 'ros'
[1.031s] DEBUG:colcon.colcon_core.package_identification:Package 'src/interface_rb10_apple' with type 'ros.ament_cmake' and name 'interface_rb10_apple'
[1.031s] Level 1:colcon.colcon_core.package_identification:_identify(src/pkg_rb10_apple) by extensions ['ignore', 'ignore_ament_install']
[1.031s] Level 1:colcon.colcon_core.package_identification:_identify(src/pkg_rb10_apple) by extension 'ignore'
[1.031s] Level 1:colcon.colcon_core.package_identification:_identify(src/pkg_rb10_apple) by extension 'ignore_ament_install'
[1.031s] Level 1:colcon.colcon_core.package_identification:_identify(src/pkg_rb10_apple) by extensions ['colcon_pkg']
[1.031s] Level 1:colcon.colcon_core.package_identification:_identify(src/pkg_rb10_apple) by extension 'colcon_pkg'
[1.031s] Level 1:colcon.colcon_core.package_identification:_identify(src/pkg_rb10_apple) by extensions ['colcon_meta']
[1.031s] Level 1:colcon.colcon_core.package_identification:_identify(src/pkg_rb10_apple) by extension 'colcon_meta'
[1.031s] Level 1:colcon.colcon_core.package_identification:_identify(src/pkg_rb10_apple) by extensions ['ros']
[1.031s] Level 1:colcon.colcon_core.package_identification:_identify(src/pkg_rb10_apple) by extension 'ros'
[1.033s] DEBUG:colcon.colcon_core.package_identification:Package 'src/pkg_rb10_apple' with type 'ros.ament_python' and name 'pkg_rb10_apple'
[1.033s] Level 1:colcon.colcon_core.package_discovery:discover_packages(recursive) using defaults
[1.033s] Level 1:colcon.colcon_core.package_discovery:discover_packages(ignore) discover
[1.033s] Level 1:colcon.colcon_core.package_discovery:discover_packages(ignore) using defaults
[1.033s] Level 1:colcon.colcon_core.package_discovery:discover_packages(path) discover
[1.033s] Level 1:colcon.colcon_core.package_discovery:discover_packages(path) using defaults
[1.128s] Level 1:colcon.colcon_core.package_discovery:discover_packages(prefix_path) check parameters
[1.129s] Level 1:colcon.colcon_core.package_discovery:discover_packages(prefix_path) discover
[1.160s] DEBUG:colcon.colcon_installed_package_information.package_discovery:Found 2 installed packages in /home/orientpine/robot_ws/install
[1.177s] DEBUG:colcon.colcon_installed_package_information.package_discovery:Found 284 installed packages in /opt/ros/humble
[1.178s] Level 1:colcon.colcon_core.package_discovery:discover_packages(prefix_path) using defaults
[1.274s] Level 5:colcon.colcon_core.verb:set package 'interface_rb10_apple' build argument 'cmake_args' from command line to 'None'
[1.274s] Level 5:colcon.colcon_core.verb:set package 'interface_rb10_apple' build argument 'cmake_target' from command line to 'None'
[1.274s] Level 5:colcon.colcon_core.verb:set package 'interface_rb10_apple' build argument 'cmake_target_skip_unavailable' from command line to 'False'
[1.274s] Level 5:colcon.colcon_core.verb:set package 'interface_rb10_apple' build argument 'cmake_clean_cache' from command line to 'False'
[1.274s] Level 5:colcon.colcon_core.verb:set package 'interface_rb10_apple' build argument 'cmake_clean_first' from command line to 'False'
[1.275s] Level 5:colcon.colcon_core.verb:set package 'interface_rb10_apple' build argument 'cmake_force_configure' from command line to 'False'
[1.275s] Level 5:colcon.colcon_core.verb:set package 'interface_rb10_apple' build argument 'ament_cmake_args' from command line to 'None'
[1.275s] Level 5:colcon.colcon_core.verb:set package 'interface_rb10_apple' build argument 'catkin_cmake_args' from command line to 'None'
[1.275s] Level 5:colcon.colcon_core.verb:set package 'interface_rb10_apple' build argument 'catkin_skip_building_tests' from command line to 'False'
[1.275s] DEBUG:colcon.colcon_core.verb:Building package 'interface_rb10_apple' with the following arguments: {'ament_cmake_args': None, 'build_base': '/home/orientpine/robot_ws/build/interface_rb10_apple', 'catkin_cmake_args': None, 'catkin_skip_building_tests': False, 'cmake_args': None, 'cmake_clean_cache': False, 'cmake_clean_first': False, 'cmake_force_configure': False, 'cmake_target': None, 'cmake_target_skip_unavailable': False, 'install_base': '/home/orientpine/robot_ws/install/interface_rb10_apple', 'merge_install': False, 'path': '/home/orientpine/robot_ws/src/interface_rb10_apple', 'symlink_install': True, 'test_result_base': None}
[1.290s] Level 5:colcon.colcon_core.verb:set package 'pkg_rb10_apple' build argument 'cmake_args' from command line to 'None'
[1.290s] Level 5:colcon.colcon_core.verb:set package 'pkg_rb10_apple' build argument 'cmake_target' from command line to 'None'
[1.290s] Level 5:colcon.colcon_core.verb:set package 'pkg_rb10_apple' build argument 'cmake_target_skip_unavailable' from command line to 'False'
[1.290s] Level 5:colcon.colcon_core.verb:set package 'pkg_rb10_apple' build argument 'cmake_clean_cache' from command line to 'False'
[1.290s] Level 5:colcon.colcon_core.verb:set package 'pkg_rb10_apple' build argument 'cmake_clean_first' from command line to 'False'
[1.290s] Level 5:colcon.colcon_core.verb:set package 'pkg_rb10_apple' build argument 'cmake_force_configure' from command line to 'False'
[1.290s] Level 5:colcon.colcon_core.verb:set package 'pkg_rb10_apple' build argument 'ament_cmake_args' from command line to 'None'
[1.290s] Level 5:colcon.colcon_core.verb:set package 'pkg_rb10_apple' build argument 'catkin_cmake_args' from command line to 'None'
[1.290s] Level 5:colcon.colcon_core.verb:set package 'pkg_rb10_apple' build argument 'catkin_skip_building_tests' from command line to 'False'
[1.290s] DEBUG:colcon.colcon_core.verb:Building package 'pkg_rb10_apple' with the following arguments: {'ament_cmake_args': None, 'build_base': '/home/orientpine/robot_ws/build/pkg_rb10_apple', 'catkin_cmake_args': None, 'catkin_skip_building_tests': False, 'cmake_args': None, 'cmake_clean_cache': False, 'cmake_clean_first': False, 'cmake_force_configure': False, 'cmake_target': None, 'cmake_target_skip_unavailable': False, 'install_base': '/home/orientpine/robot_ws/install/pkg_rb10_apple', 'merge_install': False, 'path': '/home/orientpine/robot_ws/src/pkg_rb10_apple', 'symlink_install': True, 'test_result_base': None}
[1.306s] INFO:colcon.colcon_core.executor:Executing jobs using 'parallel' executor
[1.321s] DEBUG:colcon.colcon_parallel_executor.executor.parallel:run_until_complete
[1.321s] INFO:colcon.colcon_ros.task.ament_cmake.build:Building ROS package in '/home/orientpine/robot_ws/src/interface_rb10_apple' with build type 'ament_cmake'
[1.321s] INFO:colcon.colcon_cmake.task.cmake.build:Building CMake package in '/home/orientpine/robot_ws/src/interface_rb10_apple'
[1.338s] INFO:colcon.colcon_core.plugin_system:Skipping extension 'colcon_core.shell.bat': Not used on non-Windows systems
[1.339s] INFO:colcon.colcon_core.shell:Skip shell extension 'powershell' for command environment: Not usable outside of PowerShell
[1.339s] DEBUG:colcon.colcon_core.shell:Skip shell extension 'dsv' for command environment
[1.412s] DEBUG:colcon.colcon_core.event_handler.log_command:Invoking command in '/home/orientpine/robot_ws/build/interface_rb10_apple': CMAKE_PREFIX_PATH=${CMAKE_PREFIX_PATH}:/home/orientpine/robot_ws/install/pkg_rb10_apple:/opt/ros/humble CONDA_PROMPT_MODIFIER=(rb) /usr/bin/cmake --build /home/orientpine/robot_ws/build/interface_rb10_apple -- -j12 -l12
[1.724s] DEBUG:colcon.colcon_core.event_handler.log_command:Invoked command in '/home/orientpine/robot_ws/build/interface_rb10_apple' returned '0': CMAKE_PREFIX_PATH=${CMAKE_PREFIX_PATH}:/home/orientpine/robot_ws/install/pkg_rb10_apple:/opt/ros/humble CONDA_PROMPT_MODIFIER=(rb) /usr/bin/cmake --build /home/orientpine/robot_ws/build/interface_rb10_apple -- -j12 -l12
[1.809s] DEBUG:colcon.colcon_core.event_handler.log_command:Invoking command in '/home/orientpine/robot_ws/build/interface_rb10_apple': CMAKE_PREFIX_PATH=${CMAKE_PREFIX_PATH}:/home/orientpine/robot_ws/install/pkg_rb10_apple:/opt/ros/humble CONDA_PROMPT_MODIFIER=(rb) /usr/bin/cmake --install /home/orientpine/robot_ws/build/interface_rb10_apple
[1.881s] Level 1:colcon.colcon_core.environment:create_environment_scripts_only(interface_rb10_apple)
[1.881s] DEBUG:colcon.colcon_core.event_handler.log_command:Invoked command in '/home/orientpine/robot_ws/build/interface_rb10_apple' returned '0': CMAKE_PREFIX_PATH=${CMAKE_PREFIX_PATH}:/home/orientpine/robot_ws/install/pkg_rb10_apple:/opt/ros/humble CONDA_PROMPT_MODIFIER=(rb) /usr/bin/cmake --install /home/orientpine/robot_ws/build/interface_rb10_apple
[1.897s] Level 1:colcon.colcon_core.environment:checking '/home/orientpine/robot_ws/install/interface_rb10_apple' for CMake module files
[1.897s] Level 1:colcon.colcon_core.environment:checking '/home/orientpine/robot_ws/install/interface_rb10_apple' for CMake config files
[1.898s] Level 1:colcon.colcon_core.shell:create_environment_hook('interface_rb10_apple', 'cmake_prefix_path')
[1.912s] INFO:colcon.colcon_core.shell:Creating environment hook '/home/orientpine/robot_ws/install/interface_rb10_apple/share/interface_rb10_apple/hook/cmake_prefix_path.ps1'
[1.912s] INFO:colcon.colcon_core.shell:Creating environment descriptor '/home/orientpine/robot_ws/install/interface_rb10_apple/share/interface_rb10_apple/hook/cmake_prefix_path.dsv'
[1.912s] INFO:colcon.colcon_core.shell:Creating environment hook '/home/orientpine/robot_ws/install/interface_rb10_apple/share/interface_rb10_apple/hook/cmake_prefix_path.sh'
[1.913s] Level 1:colcon.colcon_core.environment:checking '/home/orientpine/robot_ws/install/interface_rb10_apple/lib'
[1.913s] Level 1:colcon.colcon_core.shell:create_environment_hook('interface_rb10_apple', 'ld_library_path_lib')
[1.928s] INFO:colcon.colcon_core.shell:Creating environment hook '/home/orientpine/robot_ws/install/interface_rb10_apple/share/interface_rb10_apple/hook/ld_library_path_lib.ps1'
[1.928s] INFO:colcon.colcon_core.shell:Creating environment descriptor '/home/orientpine/robot_ws/install/interface_rb10_apple/share/interface_rb10_apple/hook/ld_library_path_lib.dsv'
[1.928s] INFO:colcon.colcon_core.shell:Creating environment hook '/home/orientpine/robot_ws/install/interface_rb10_apple/share/interface_rb10_apple/hook/ld_library_path_lib.sh'
[1.929s] Level 1:colcon.colcon_core.environment:checking '/home/orientpine/robot_ws/install/interface_rb10_apple/bin'
[1.929s] Level 1:colcon.colcon_core.environment:checking '/home/orientpine/robot_ws/install/interface_rb10_apple/lib/pkgconfig/interface_rb10_apple.pc'
[1.929s] Level 1:colcon.colcon_core.environment:checking '/home/orientpine/robot_ws/install/interface_rb10_apple/lib/python3.10/site-packages'
[1.929s] Level 1:colcon.colcon_core.shell:create_environment_hook('interface_rb10_apple', 'pythonpath')
[1.944s] INFO:colcon.colcon_core.shell:Creating environment hook '/home/orientpine/robot_ws/install/interface_rb10_apple/share/interface_rb10_apple/hook/pythonpath.ps1'
[1.944s] INFO:colcon.colcon_core.shell:Creating environment descriptor '/home/orientpine/robot_ws/install/interface_rb10_apple/share/interface_rb10_apple/hook/pythonpath.dsv'
[1.944s] INFO:colcon.colcon_core.shell:Creating environment hook '/home/orientpine/robot_ws/install/interface_rb10_apple/share/interface_rb10_apple/hook/pythonpath.sh'
[1.945s] Level 1:colcon.colcon_core.environment:checking '/home/orientpine/robot_ws/install/interface_rb10_apple/bin'
[1.960s] INFO:colcon.colcon_core.shell:Creating package script '/home/orientpine/robot_ws/install/interface_rb10_apple/share/interface_rb10_apple/package.ps1'
[1.961s] INFO:colcon.colcon_core.shell:Creating package descriptor '/home/orientpine/robot_ws/install/interface_rb10_apple/share/interface_rb10_apple/package.dsv'
[1.961s] INFO:colcon.colcon_core.shell:Creating package script '/home/orientpine/robot_ws/install/interface_rb10_apple/share/interface_rb10_apple/package.sh'
[1.962s] INFO:colcon.colcon_core.shell:Creating package script '/home/orientpine/robot_ws/install/interface_rb10_apple/share/interface_rb10_apple/package.bash'
[1.962s] INFO:colcon.colcon_core.shell:Creating package script '/home/orientpine/robot_ws/install/interface_rb10_apple/share/interface_rb10_apple/package.zsh'
[1.963s] Level 1:colcon.colcon_core.environment:create_file_with_runtime_dependencies(/home/orientpine/robot_ws/install/interface_rb10_apple/share/colcon-core/packages/interface_rb10_apple)
[2.052s] Level 1:colcon.colcon_core.environment:create_environment_scripts_only(interface_rb10_apple)
[2.065s] Level 1:colcon.colcon_core.environment:checking '/home/orientpine/robot_ws/install/interface_rb10_apple' for CMake module files
[2.066s] Level 1:colcon.colcon_core.environment:checking '/home/orientpine/robot_ws/install/interface_rb10_apple' for CMake config files
[2.066s] Level 1:colcon.colcon_core.shell:create_environment_hook('interface_rb10_apple', 'cmake_prefix_path')
[2.087s] INFO:colcon.colcon_core.shell:Creating environment hook '/home/orientpine/robot_ws/install/interface_rb10_apple/share/interface_rb10_apple/hook/cmake_prefix_path.ps1'
[2.088s] INFO:colcon.colcon_core.shell:Creating environment descriptor '/home/orientpine/robot_ws/install/interface_rb10_apple/share/interface_rb10_apple/hook/cmake_prefix_path.dsv'
[2.088s] INFO:colcon.colcon_core.shell:Creating environment hook '/home/orientpine/robot_ws/install/interface_rb10_apple/share/interface_rb10_apple/hook/cmake_prefix_path.sh'
[2.089s] Level 1:colcon.colcon_core.environment:checking '/home/orientpine/robot_ws/install/interface_rb10_apple/lib'
[2.089s] Level 1:colcon.colcon_core.shell:create_environment_hook('interface_rb10_apple', 'ld_library_path_lib')
[2.103s] INFO:colcon.colcon_core.shell:Creating environment hook '/home/orientpine/robot_ws/install/interface_rb10_apple/share/interface_rb10_apple/hook/ld_library_path_lib.ps1'
[2.103s] INFO:colcon.colcon_core.shell:Creating environment descriptor '/home/orientpine/robot_ws/install/interface_rb10_apple/share/interface_rb10_apple/hook/ld_library_path_lib.dsv'
[2.103s] INFO:colcon.colcon_core.shell:Creating environment hook '/home/orientpine/robot_ws/install/interface_rb10_apple/share/interface_rb10_apple/hook/ld_library_path_lib.sh'
[2.104s] Level 1:colcon.colcon_core.environment:checking '/home/orientpine/robot_ws/install/interface_rb10_apple/bin'
[2.104s] Level 1:colcon.colcon_core.environment:checking '/home/orientpine/robot_ws/install/interface_rb10_apple/lib/pkgconfig/interface_rb10_apple.pc'
[2.104s] Level 1:colcon.colcon_core.environment:checking '/home/orientpine/robot_ws/install/interface_rb10_apple/lib/python3.10/site-packages'
[2.104s] Level 1:colcon.colcon_core.shell:create_environment_hook('interface_rb10_apple', 'pythonpath')
[2.118s] INFO:colcon.colcon_core.shell:Creating environment hook '/home/orientpine/robot_ws/install/interface_rb10_apple/share/interface_rb10_apple/hook/pythonpath.ps1'
[2.119s] INFO:colcon.colcon_core.shell:Creating environment descriptor '/home/orientpine/robot_ws/install/interface_rb10_apple/share/interface_rb10_apple/hook/pythonpath.dsv'
[2.119s] INFO:colcon.colcon_core.shell:Creating environment hook '/home/orientpine/robot_ws/install/interface_rb10_apple/share/interface_rb10_apple/hook/pythonpath.sh'
[2.119s] Level 1:colcon.colcon_core.environment:checking '/home/orientpine/robot_ws/install/interface_rb10_apple/bin'
[2.135s] INFO:colcon.colcon_core.shell:Creating package script '/home/orientpine/robot_ws/install/interface_rb10_apple/share/interface_rb10_apple/package.ps1'
[2.135s] INFO:colcon.colcon_core.shell:Creating package descriptor '/home/orientpine/robot_ws/install/interface_rb10_apple/share/interface_rb10_apple/package.dsv'
[2.136s] INFO:colcon.colcon_core.shell:Creating package script '/home/orientpine/robot_ws/install/interface_rb10_apple/share/interface_rb10_apple/package.sh'
[2.136s] INFO:colcon.colcon_core.shell:Creating package script '/home/orientpine/robot_ws/install/interface_rb10_apple/share/interface_rb10_apple/package.bash'
[2.136s] INFO:colcon.colcon_core.shell:Creating package script '/home/orientpine/robot_ws/install/interface_rb10_apple/share/interface_rb10_apple/package.zsh'
[2.137s] Level 1:colcon.colcon_core.environment:create_file_with_runtime_dependencies(/home/orientpine/robot_ws/install/interface_rb10_apple/share/colcon-core/packages/interface_rb10_apple)
[2.137s] INFO:colcon.colcon_ros.task.ament_python.build:Building ROS package in '/home/orientpine/robot_ws/src/pkg_rb10_apple' with build type 'ament_python'
[2.137s] Level 1:colcon.colcon_core.shell:create_environment_hook('pkg_rb10_apple', 'ament_prefix_path')
[2.153s] INFO:colcon.colcon_core.shell:Creating environment hook '/home/orientpine/robot_ws/install/pkg_rb10_apple/share/pkg_rb10_apple/hook/ament_prefix_path.ps1'
[2.153s] INFO:colcon.colcon_core.shell:Creating environment descriptor '/home/orientpine/robot_ws/install/pkg_rb10_apple/share/pkg_rb10_apple/hook/ament_prefix_path.dsv'
[2.153s] INFO:colcon.colcon_core.shell:Creating environment hook '/home/orientpine/robot_ws/install/pkg_rb10_apple/share/pkg_rb10_apple/hook/ament_prefix_path.sh'
[2.169s] INFO:colcon.colcon_core.shell:Skip shell extension 'powershell' for command environment: Not usable outside of PowerShell
[2.169s] DEBUG:colcon.colcon_core.shell:Skip shell extension 'dsv' for command environment
[2.473s] INFO:colcon.colcon_core.task.python.build:Building Python package in '/home/orientpine/robot_ws/src/pkg_rb10_apple'
[2.487s] INFO:colcon.colcon_core.shell:Skip shell extension 'powershell' for command environment: Not usable outside of PowerShell
[2.487s] DEBUG:colcon.colcon_core.shell:Skip shell extension 'dsv' for command environment
[2.870s] DEBUG:colcon.colcon_core.event_handler.log_command:Invoking command in '/home/orientpine/robot_ws/build/pkg_rb10_apple': CONDA_PROMPT_MODIFIER=(rb) PYTHONPATH=/home/orientpine/robot_ws/build/pkg_rb10_apple/prefix_override:/home/orientpine/robot_ws/install/pkg_rb10_apple/lib/python3.10/site-packages:/home/orientpine/robot_ws/install/interface_rb10_apple/lib/python3.10/site-packages:/home/orientpine/robot_ws/build/pkg_rb10_apple:/home/orientpine/robot_ws/install/pkg_rb10_apple/lib/python3.10/site-packages:/opt/ros/humble/lib/python3.10/site-packages:/opt/ros/humble/local/lib/python3.10/dist-packages /usr/bin/python3 setup.py develop --editable --build-directory /home/orientpine/robot_ws/build/pkg_rb10_apple/build --no-deps install_data
[3.298s] Level 1:colcon.colcon_core.shell:create_environment_hook('pkg_rb10_apple', 'pythonpath_develop')
[3.299s] DEBUG:colcon.colcon_core.event_handler.log_command:Invoked command in '/home/orientpine/robot_ws/build/pkg_rb10_apple' returned '0': CONDA_PROMPT_MODIFIER=(rb) PYTHONPATH=/home/orientpine/robot_ws/build/pkg_rb10_apple/prefix_override:/home/orientpine/robot_ws/install/pkg_rb10_apple/lib/python3.10/site-packages:/home/orientpine/robot_ws/install/interface_rb10_apple/lib/python3.10/site-packages:/home/orientpine/robot_ws/build/pkg_rb10_apple:/home/orientpine/robot_ws/install/pkg_rb10_apple/lib/python3.10/site-packages:/opt/ros/humble/lib/python3.10/site-packages:/opt/ros/humble/local/lib/python3.10/dist-packages /usr/bin/python3 setup.py develop --editable --build-directory /home/orientpine/robot_ws/build/pkg_rb10_apple/build --no-deps install_data
[3.312s] INFO:colcon.colcon_core.shell:Creating environment hook '/home/orientpine/robot_ws/build/pkg_rb10_apple/share/pkg_rb10_apple/hook/pythonpath_develop.ps1'
[3.313s] INFO:colcon.colcon_core.shell:Creating environment descriptor '/home/orientpine/robot_ws/build/pkg_rb10_apple/share/pkg_rb10_apple/hook/pythonpath_develop.dsv'
[3.313s] INFO:colcon.colcon_core.shell:Creating environment hook '/home/orientpine/robot_ws/build/pkg_rb10_apple/share/pkg_rb10_apple/hook/pythonpath_develop.sh'
[3.327s] Level 1:colcon.colcon_core.environment:checking '/home/orientpine/robot_ws/install/pkg_rb10_apple' for CMake module files
[3.327s] Level 1:colcon.colcon_core.environment:checking '/home/orientpine/robot_ws/install/pkg_rb10_apple' for CMake config files
[3.327s] Level 1:colcon.colcon_core.environment:checking '/home/orientpine/robot_ws/install/pkg_rb10_apple/lib'
[3.327s] Level 1:colcon.colcon_core.environment:checking '/home/orientpine/robot_ws/install/pkg_rb10_apple/bin'
[3.328s] Level 1:colcon.colcon_core.environment:checking '/home/orientpine/robot_ws/install/pkg_rb10_apple/lib/pkgconfig/pkg_rb10_apple.pc'
[3.328s] Level 1:colcon.colcon_core.environment:checking '/home/orientpine/robot_ws/install/pkg_rb10_apple/lib/python3.10/site-packages'
[3.328s] Level 1:colcon.colcon_core.shell:create_environment_hook('pkg_rb10_apple', 'pythonpath')
[3.342s] INFO:colcon.colcon_core.shell:Creating environment hook '/home/orientpine/robot_ws/install/pkg_rb10_apple/share/pkg_rb10_apple/hook/pythonpath.ps1'
[3.343s] INFO:colcon.colcon_core.shell:Creating environment descriptor '/home/orientpine/robot_ws/install/pkg_rb10_apple/share/pkg_rb10_apple/hook/pythonpath.dsv'
[3.343s] INFO:colcon.colcon_core.shell:Creating environment hook '/home/orientpine/robot_ws/install/pkg_rb10_apple/share/pkg_rb10_apple/hook/pythonpath.sh'
[3.343s] Level 1:colcon.colcon_core.environment:checking '/home/orientpine/robot_ws/install/pkg_rb10_apple/bin'
[3.344s] Level 1:colcon.colcon_core.environment:create_environment_scripts_only(pkg_rb10_apple)
[3.357s] INFO:colcon.colcon_core.shell:Creating package script '/home/orientpine/robot_ws/install/pkg_rb10_apple/share/pkg_rb10_apple/package.ps1'
[3.358s] INFO:colcon.colcon_core.shell:Creating package descriptor '/home/orientpine/robot_ws/install/pkg_rb10_apple/share/pkg_rb10_apple/package.dsv'
[3.358s] INFO:colcon.colcon_core.shell:Creating package script '/home/orientpine/robot_ws/install/pkg_rb10_apple/share/pkg_rb10_apple/package.sh'
[3.358s] INFO:colcon.colcon_core.shell:Creating package script '/home/orientpine/robot_ws/install/pkg_rb10_apple/share/pkg_rb10_apple/package.bash'
[3.359s] INFO:colcon.colcon_core.shell:Creating package script '/home/orientpine/robot_ws/install/pkg_rb10_apple/share/pkg_rb10_apple/package.zsh'
[3.359s] Level 1:colcon.colcon_core.environment:create_file_with_runtime_dependencies(/home/orientpine/robot_ws/install/pkg_rb10_apple/share/colcon-core/packages/pkg_rb10_apple)
[3.359s] DEBUG:colcon.colcon_parallel_executor.executor.parallel:closing loop
[3.359s] DEBUG:colcon.colcon_parallel_executor.executor.parallel:loop closed
[3.360s] DEBUG:colcon.colcon_parallel_executor.executor.parallel:run_until_complete finished with '0'
[3.360s] DEBUG:colcon.colcon_core.event_reactor:joining thread
[3.379s] INFO:colcon.colcon_core.plugin_system:Skipping extension 'colcon_notification.desktop_notification.terminal_notifier': Not used on non-Darwin systems
[3.379s] INFO:colcon.colcon_core.plugin_system:Skipping extension 'colcon_notification.desktop_notification.win32': Not used on non-Windows systems
[3.379s] INFO:colcon.colcon_notification.desktop_notification:Sending desktop notification using 'notify2'
[3.389s] DEBUG:colcon.colcon_core.event_reactor:joined thread
[3.403s] INFO:colcon.colcon_core.shell:Creating prefix script '/home/orientpine/robot_ws/install/local_setup.ps1'
[3.403s] INFO:colcon.colcon_core.shell:Creating prefix util module '/home/orientpine/robot_ws/install/_local_setup_util_ps1.py'
[3.405s] INFO:colcon.colcon_core.shell:Creating prefix chain script '/home/orientpine/robot_ws/install/setup.ps1'
[3.419s] INFO:colcon.colcon_core.shell:Creating prefix script '/home/orientpine/robot_ws/install/local_setup.sh'
[3.419s] INFO:colcon.colcon_core.shell:Creating prefix util module '/home/orientpine/robot_ws/install/_local_setup_util_sh.py'
[3.420s] INFO:colcon.colcon_core.shell:Creating prefix chain script '/home/orientpine/robot_ws/install/setup.sh'
[3.434s] INFO:colcon.colcon_core.shell:Creating prefix script '/home/orientpine/robot_ws/install/local_setup.bash'
[3.435s] INFO:colcon.colcon_core.shell:Creating prefix chain script '/home/orientpine/robot_ws/install/setup.bash'
[3.449s] INFO:colcon.colcon_core.shell:Creating prefix script '/home/orientpine/robot_ws/install/local_setup.zsh'
[3.450s] INFO:colcon.colcon_core.shell:Creating prefix chain script '/home/orientpine/robot_ws/install/setup.zsh'
