[0.470s] Invoking command in '/home/orientpine/robot_ws/build/ros2_aruco_interfaces': CMAKE_PREFIX_PATH=/opt/ros/humble /usr/bin/cmake /home/orientpine/robot_ws/src/ros2_aruco/ros2_aruco_interfaces -DAMENT_CMAKE_SYMLINK_INSTALL=1 -DCMAKE_INSTALL_PREFIX=/home/orientpine/robot_ws/install/ros2_aruco_interfaces
[0.491s] -- Found ament_cmake: 1.3.11 (/opt/ros/humble/share/ament_cmake/cmake)
[0.684s] -- Override CMake install command with custom implementation using symlinks instead of copying resources
[0.696s] -- Found geometry_msgs: 4.2.4 (/opt/ros/humble/share/geometry_msgs/cmake)
[0.736s] -- Found rosidl_generator_c: 3.1.6 (/opt/ros/humble/share/rosidl_generator_c/cmake)
[0.740s] -- Found rosidl_adapter: 3.1.6 (/opt/ros/humble/share/rosidl_adapter/cmake)
[0.751s] -- Found rosidl_generator_cpp: 3.1.6 (/opt/ros/humble/share/rosidl_generator_cpp/cmake)
[0.767s] -- Using all available rosidl_typesupport_c: rosidl_typesupport_fastrtps_c;rosidl_typesupport_introspection_c
[0.787s] -- Using all available rosidl_typesupport_cpp: rosidl_typesupport_fastrtps_cpp;rosidl_typesupport_introspection_cpp
[0.863s] -- Found rosidl_default_generators: 1.2.0 (/opt/ros/humble/share/rosidl_default_generators/cmake)
[1.384s] -- Found ament_cmake_ros: 0.10.0 (/opt/ros/humble/share/ament_cmake_ros/cmake)
[2.127s] -- Using all available rosidl_typesupport_c: rosidl_typesupport_fastrtps_c;rosidl_typesupport_introspection_c
[2.388s] -- Using all available rosidl_typesupport_cpp: rosidl_typesupport_fastrtps_cpp;rosidl_typesupport_introspection_cpp
[2.421s] -- Found PythonInterp: /home/orientpine/miniconda3/bin/python3 (found suitable version "3.11.5", minimum required is "3.6") 
[2.423s] -- Found python_cmake_module: 0.10.0 (/opt/ros/humble/share/python_cmake_module/cmake)
[2.455s] -- Found PythonLibs: /home/orientpine/miniconda3/lib/libpython3.11.so (found suitable version "3.11.5", minimum required is "3.5") 
[2.456s] -- Using PYTHON_EXECUTABLE: /home/orientpine/miniconda3/bin/python3
[2.456s] -- Using PYTHON_INCLUDE_DIRS: /home/orientpine/miniconda3/include/python3.11
[2.456s] -- Using PYTHON_LIBRARIES: /home/orientpine/miniconda3/lib/libpython3.11.so
[2.485s] -- Found PythonExtra: .so  
[2.804s] -- Using numpy include directory: /home/orientpine/miniconda3/lib/python3.11/site-packages/numpy/_core/include
[2.823s] -- Found ament_lint_auto: 0.12.11 (/opt/ros/humble/share/ament_lint_auto/cmake)
[2.856s] -- Added test 'copyright' to check source files copyright and LICENSE
[2.858s] -- Added test 'lint_cmake' to check CMake code style
[2.860s] -- Added test 'xmllint' to check XML markup files
[2.865s] -- Configuring done
[2.924s] -- Generating done
[2.945s] -- Build files have been written to: /home/orientpine/robot_ws/build/ros2_aruco_interfaces
