[0.066s] Invoking command in '/home/orientpine/robot_ws/build/interface_rb10_apple': CMAKE_PREFIX_PATH=${CMAKE_PREFIX_PATH}:/home/orientpine/robot_ws/install/pkg_rb10_apple:/opt/ros/humble CONDA_PROMPT_MODIFIER=(rb) /usr/bin/cmake --build /home/orientpine/robot_ws/build/interface_rb10_apple -- -j12 -l12
[0.089s] -- Found ament_cmake: 1.3.6 (/opt/ros/humble/share/ament_cmake/cmake)
[0.210s] -- Override CMake install command with custom implementation using symlinks instead of copying resources
[0.217s] -- Found builtin_interfaces: 1.2.1 (/opt/ros/humble/share/builtin_interfaces/cmake)
[0.241s] -- Found rosidl_generator_c: 3.1.5 (/opt/ros/humble/share/rosidl_generator_c/cmake)
[0.243s] -- Found rosidl_adapter: 3.1.5 (/opt/ros/humble/share/rosidl_adapter/cmake)
[0.250s] -- Found rosidl_generator_cpp: 3.1.5 (/opt/ros/humble/share/rosidl_generator_cpp/cmake)
[0.270s] -- Using all available rosidl_typesupport_c: rosidl_typesupport_fastrtps_c;rosidl_typesupport_introspection_c
[0.295s] -- Using all available rosidl_typesupport_cpp: rosidl_typesupport_fastrtps_cpp;rosidl_typesupport_introspection_cpp
[0.310s] -- Found rosidl_default_generators: 1.2.0 (/opt/ros/humble/share/rosidl_default_generators/cmake)
[0.637s] -- Found ament_cmake_ros: 0.10.0 (/opt/ros/humble/share/ament_cmake_ros/cmake)
[0.958s] -- Using all available rosidl_typesupport_c: rosidl_typesupport_fastrtps_c;rosidl_typesupport_introspection_c
[1.063s] -- Using all available rosidl_typesupport_cpp: rosidl_typesupport_fastrtps_cpp;rosidl_typesupport_introspection_cpp
[1.078s] -- Found python_cmake_module: 0.10.0 (/opt/ros/humble/share/python_cmake_module/cmake)
[1.094s] -- Using PYTHON_EXECUTABLE: /home/orientpine/miniconda3/envs/rb/bin/python3
[1.094s] -- Using PYTHON_INCLUDE_DIRS: /home/orientpine/miniconda3/envs/rb/include/python3.10
[1.094s] -- Using PYTHON_LIBRARIES: /home/orientpine/miniconda3/envs/rb/lib/libpython3.10.so
[1.283s] -- Using numpy include directory: /home/orientpine/miniconda3/envs/rb/lib/python3.10/site-packages/numpy/core/include
[1.301s] -- Configuring done
[1.331s] [33mCMake Warning at /opt/ros/humble/share/rosidl_generator_py/cmake/rosidl_generator_py_generate_interfaces.cmake:166 (add_library):
[1.331s]   Cannot generate a safe runtime search path for target
[1.331s]   interface_rb10_apple__rosidl_generator_py because files in some directories
[1.331s]   may conflict with libraries in implicit directories:
[1.331s] 
[1.331s]     runtime library [libpython3.10.so.1.0] in /usr/lib/x86_64-linux-gnu may be hidden by files in:
[1.331s]       /home/orientpine/miniconda3/envs/rb/lib
[1.331s] 
[1.331s]   Some of these libraries may not be found correctly.
[1.331s] Call Stack (most recent call first):
[1.331s]   /opt/ros/humble/share/ament_cmake_core/cmake/core/ament_execute_extensions.cmake:48 (include)
[1.331s]   /opt/ros/humble/share/rosidl_cmake/cmake/rosidl_generate_interfaces.cmake:286 (ament_execute_extensions)
[1.331s]   CMakeLists.txt:31 (rosidl_generate_interfaces)
[1.332s] 
[1.332s] [0m
[1.334s] [33mCMake Warning at /opt/ros/humble/share/rosidl_generator_py/cmake/rosidl_generator_py_generate_interfaces.cmake:226 (add_library):
[1.334s]   Cannot generate a safe runtime search path for target
[1.334s]   interface_rb10_apple__rosidl_typesupport_fastrtps_c__pyext because files in
[1.335s]   some directories may conflict with libraries in implicit directories:
[1.335s] 
[1.335s]     runtime library [libpython3.10.so.1.0] in /usr/lib/x86_64-linux-gnu may be hidden by files in:
[1.335s]       /home/orientpine/miniconda3/envs/rb/lib
[1.335s] 
[1.335s]   Some of these libraries may not be found correctly.
[1.335s] Call Stack (most recent call first):
[1.335s]   /opt/ros/humble/share/ament_cmake_core/cmake/core/ament_execute_extensions.cmake:48 (include)
[1.335s]   /opt/ros/humble/share/rosidl_cmake/cmake/rosidl_generate_interfaces.cmake:286 (ament_execute_extensions)
[1.335s]   CMakeLists.txt:31 (rosidl_generate_interfaces)
[1.335s] 
[1.335s] [0m
[1.337s] [33mCMake Warning at /opt/ros/humble/share/rosidl_generator_py/cmake/rosidl_generator_py_generate_interfaces.cmake:226 (add_library):
[1.337s]   Cannot generate a safe runtime search path for target
[1.337s]   interface_rb10_apple__rosidl_typesupport_introspection_c__pyext because
[1.337s]   files in some directories may conflict with libraries in implicit
[1.337s]   directories:
[1.337s] 
[1.337s]     runtime library [libpython3.10.so.1.0] in /usr/lib/x86_64-linux-gnu may be hidden by files in:
[1.338s]       /home/orientpine/miniconda3/envs/rb/lib
[1.338s] 
[1.338s]   Some of these libraries may not be found correctly.
[1.338s] Call Stack (most recent call first):
[1.338s]   /opt/ros/humble/share/ament_cmake_core/cmake/core/ament_execute_extensions.cmake:48 (include)
[1.338s]   /opt/ros/humble/share/rosidl_cmake/cmake/rosidl_generate_interfaces.cmake:286 (ament_execute_extensions)
[1.338s]   CMakeLists.txt:31 (rosidl_generate_interfaces)
[1.338s] 
[1.338s] [0m
[1.340s] [33mCMake Warning at /opt/ros/humble/share/rosidl_generator_py/cmake/rosidl_generator_py_generate_interfaces.cmake:226 (add_library):
[1.340s]   Cannot generate a safe runtime search path for target
[1.340s]   interface_rb10_apple__rosidl_typesupport_c__pyext because files in some
[1.340s]   directories may conflict with libraries in implicit directories:
[1.340s] 
[1.340s]     runtime library [libpython3.10.so.1.0] in /usr/lib/x86_64-linux-gnu may be hidden by files in:
[1.340s]       /home/orientpine/miniconda3/envs/rb/lib
[1.340s] 
[1.340s]   Some of these libraries may not be found correctly.
[1.340s] Call Stack (most recent call first):
[1.340s]   /opt/ros/humble/share/ament_cmake_core/cmake/core/ament_execute_extensions.cmake:48 (include)
[1.341s]   /opt/ros/humble/share/rosidl_cmake/cmake/rosidl_generate_interfaces.cmake:286 (ament_execute_extensions)
[1.341s]   CMakeLists.txt:31 (rosidl_generate_interfaces)
[1.341s] 
[1.341s] [0m
[1.346s] -- Generating done
[1.349s] -- Build files have been written to: /home/orientpine/robot_ws/build/interface_rb10_apple
[1.370s] [  1%] [34m[1mGenerating C code for ROS interfaces[0m
[1.380s] [  3%] [34m[1mGenerating C++ code for ROS interfaces[0m
[1.387s] [  3%] Built target ament_cmake_python_symlink_interface_rb10_apple
[1.609s] running egg_info
[1.610s] writing interface_rb10_apple.egg-info/PKG-INFO
[1.610s] writing dependency_links to interface_rb10_apple.egg-info/dependency_links.txt
[1.610s] writing top-level names to interface_rb10_apple.egg-info/top_level.txt
[1.613s] reading manifest file 'interface_rb10_apple.egg-info/SOURCES.txt'
[1.613s] writing manifest file 'interface_rb10_apple.egg-info/SOURCES.txt'
[1.639s] [  3%] Built target ament_cmake_python_build_interface_rb10_apple_egg
[2.073s] [35m[1mConsolidate compiler generated dependencies of target interface_rb10_apple__rosidl_generator_c[0m
[2.073s] [  3%] Built target interface_rb10_apple__cpp
[2.084s] [  7%] [34m[1mGenerating C++ type support dispatch for ROS interfaces[0m
[2.084s] [  7%] [34m[1mGenerating C++ introspection for ROS interfaces[0m
[2.086s] [  9%] [32mBuilding C object CMakeFiles/interface_rb10_apple__rosidl_generator_c.dir/rosidl_generator_c/interface_rb10_apple/msg/detail/robot_joint_position__functions.c.o[0m
[2.086s] [ 12%] [32mBuilding C object CMakeFiles/interface_rb10_apple__rosidl_generator_c.dir/rosidl_generator_c/interface_rb10_apple/srv/detail/robot_connect_control__functions.c.o[0m
[2.086s] [ 12%] [32mBuilding C object CMakeFiles/interface_rb10_apple__rosidl_generator_c.dir/rosidl_generator_c/interface_rb10_apple/msg/detail/robot_tcp_pose__functions.c.o[0m
[2.087s] [ 14%] [34m[1mGenerating C++ type support for eProsima Fast-RTPS[0m
[2.090s] [ 16%] [32mBuilding C object CMakeFiles/interface_rb10_apple__rosidl_generator_c.dir/rosidl_generator_c/interface_rb10_apple/action/detail/robot_mode_control__functions.c.o[0m
[2.227s] [ 18%] [32m[1mLinking C shared library libinterface_rb10_apple__rosidl_generator_c.so[0m
[2.267s] [ 18%] Built target interface_rb10_apple__rosidl_generator_c
[2.278s] [ 23%] [34m[1mGenerating C type support for eProsima Fast-RTPS[0m
[2.278s] [ 23%] [34m[1mGenerating C type support dispatch for ROS interfaces[0m
[2.279s] [ 23%] [34m[1mGenerating C introspection for ROS interfaces[0m
[2.564s] [35m[1mConsolidate compiler generated dependencies of target interface_rb10_apple__rosidl_typesupport_cpp[0m
[2.584s] [ 25%] [32mBuilding CXX object CMakeFiles/interface_rb10_apple__rosidl_typesupport_cpp.dir/rosidl_typesupport_cpp/interface_rb10_apple/msg/robot_joint_position__type_support.cpp.o[0m
[2.585s] [ 27%] [32mBuilding CXX object CMakeFiles/interface_rb10_apple__rosidl_typesupport_cpp.dir/rosidl_typesupport_cpp/interface_rb10_apple/msg/robot_tcp_pose__type_support.cpp.o[0m
[2.585s] [ 29%] [32mBuilding CXX object CMakeFiles/interface_rb10_apple__rosidl_typesupport_cpp.dir/rosidl_typesupport_cpp/interface_rb10_apple/srv/robot_connect_control__type_support.cpp.o[0m
[2.586s] [ 30%] [32mBuilding CXX object CMakeFiles/interface_rb10_apple__rosidl_typesupport_cpp.dir/rosidl_typesupport_cpp/interface_rb10_apple/action/robot_mode_control__type_support.cpp.o[0m
[2.699s] [35m[1mConsolidate compiler generated dependencies of target interface_rb10_apple__rosidl_typesupport_introspection_cpp[0m
[2.730s] [ 32%] [32mBuilding CXX object CMakeFiles/interface_rb10_apple__rosidl_typesupport_introspection_cpp.dir/rosidl_typesupport_introspection_cpp/interface_rb10_apple/msg/detail/robot_joint_position__type_support.cpp.o[0m
[2.733s] [ 34%] [32mBuilding CXX object CMakeFiles/interface_rb10_apple__rosidl_typesupport_introspection_cpp.dir/rosidl_typesupport_introspection_cpp/interface_rb10_apple/msg/detail/robot_tcp_pose__type_support.cpp.o[0m
[2.745s] [ 36%] [32mBuilding CXX object CMakeFiles/interface_rb10_apple__rosidl_typesupport_introspection_cpp.dir/rosidl_typesupport_introspection_cpp/interface_rb10_apple/action/detail/robot_mode_control__type_support.cpp.o[0m
[2.747s] [ 38%] [32mBuilding CXX object CMakeFiles/interface_rb10_apple__rosidl_typesupport_introspection_cpp.dir/rosidl_typesupport_introspection_cpp/interface_rb10_apple/srv/detail/robot_connect_control__type_support.cpp.o[0m
[2.917s] [35m[1mConsolidate compiler generated dependencies of target interface_rb10_apple__rosidl_typesupport_c[0m
[2.970s] [ 40%] [32mBuilding CXX object CMakeFiles/interface_rb10_apple__rosidl_typesupport_c.dir/rosidl_typesupport_c/interface_rb10_apple/msg/robot_joint_position__type_support.cpp.o[0m
[3.083s] [ 41%] [32mBuilding CXX object CMakeFiles/interface_rb10_apple__rosidl_typesupport_c.dir/rosidl_typesupport_c/interface_rb10_apple/msg/robot_tcp_pose__type_support.cpp.o[0m
[3.114s] [ 43%] [32mBuilding CXX object CMakeFiles/interface_rb10_apple__rosidl_typesupport_c.dir/rosidl_typesupport_c/interface_rb10_apple/srv/robot_connect_control__type_support.cpp.o[0m
[3.121s] [35m[1mConsolidate compiler generated dependencies of target interface_rb10_apple__rosidl_typesupport_fastrtps_cpp[0m
[3.122s] [ 45%] [32mBuilding CXX object CMakeFiles/interface_rb10_apple__rosidl_typesupport_c.dir/rosidl_typesupport_c/interface_rb10_apple/action/robot_mode_control__type_support.cpp.o[0m
[3.157s] [ 47%] [32mBuilding CXX object CMakeFiles/interface_rb10_apple__rosidl_typesupport_fastrtps_cpp.dir/rosidl_typesupport_fastrtps_cpp/interface_rb10_apple/msg/detail/dds_fastrtps/robot_joint_position__type_support.cpp.o[0m
[3.179s] [ 49%] [32mBuilding CXX object CMakeFiles/interface_rb10_apple__rosidl_typesupport_fastrtps_cpp.dir/rosidl_typesupport_fastrtps_cpp/interface_rb10_apple/msg/detail/dds_fastrtps/robot_tcp_pose__type_support.cpp.o[0m
[3.186s] [ 50%] [32mBuilding CXX object CMakeFiles/interface_rb10_apple__rosidl_typesupport_fastrtps_cpp.dir/rosidl_typesupport_fastrtps_cpp/interface_rb10_apple/srv/detail/dds_fastrtps/robot_connect_control__type_support.cpp.o[0m
[3.236s] [ 52%] [32mBuilding CXX object CMakeFiles/interface_rb10_apple__rosidl_typesupport_fastrtps_cpp.dir/rosidl_typesupport_fastrtps_cpp/interface_rb10_apple/action/detail/dds_fastrtps/robot_mode_control__type_support.cpp.o[0m
[3.238s] [ 54%] [32m[1mLinking CXX shared library libinterface_rb10_apple__rosidl_typesupport_c.so[0m
[3.362s] [ 54%] Built target interface_rb10_apple__rosidl_typesupport_c
[3.394s] [35m[1mConsolidate compiler generated dependencies of target interface_rb10_apple__rosidl_typesupport_fastrtps_c[0m
[3.406s] [35m[1mConsolidate compiler generated dependencies of target interface_rb10_apple__rosidl_typesupport_introspection_c[0m
[3.425s] [ 56%] [32mBuilding CXX object CMakeFiles/interface_rb10_apple__rosidl_typesupport_fastrtps_c.dir/rosidl_typesupport_fastrtps_c/interface_rb10_apple/msg/detail/robot_tcp_pose__type_support_c.cpp.o[0m
[3.428s] [ 58%] [32mBuilding CXX object CMakeFiles/interface_rb10_apple__rosidl_typesupport_fastrtps_c.dir/rosidl_typesupport_fastrtps_c/interface_rb10_apple/msg/detail/robot_joint_position__type_support_c.cpp.o[0m
[3.448s] [ 60%] [32mBuilding C object CMakeFiles/interface_rb10_apple__rosidl_typesupport_introspection_c.dir/rosidl_typesupport_introspection_c/interface_rb10_apple/msg/detail/robot_joint_position__type_support.c.o[0m
[3.533s] [ 61%] [32mBuilding CXX object CMakeFiles/interface_rb10_apple__rosidl_typesupport_fastrtps_c.dir/rosidl_typesupport_fastrtps_c/interface_rb10_apple/srv/detail/robot_connect_control__type_support_c.cpp.o[0m
[3.555s] [ 65%] [32mBuilding CXX object CMakeFiles/interface_rb10_apple__rosidl_typesupport_fastrtps_c.dir/rosidl_typesupport_fastrtps_c/interface_rb10_apple/action/detail/robot_mode_control__type_support_c.cpp.o[0m
[3.555s] [ 65%] [32mBuilding C object CMakeFiles/interface_rb10_apple__rosidl_typesupport_introspection_c.dir/rosidl_typesupport_introspection_c/interface_rb10_apple/msg/detail/robot_tcp_pose__type_support.c.o[0m
[3.576s] [ 67%] [32mBuilding C object CMakeFiles/interface_rb10_apple__rosidl_typesupport_introspection_c.dir/rosidl_typesupport_introspection_c/interface_rb10_apple/srv/detail/robot_connect_control__type_support.c.o[0m
[3.624s] [ 69%] [32mBuilding C object CMakeFiles/interface_rb10_apple__rosidl_typesupport_introspection_c.dir/rosidl_typesupport_introspection_c/interface_rb10_apple/action/detail/robot_mode_control__type_support.c.o[0m
[3.700s] [ 70%] [32m[1mLinking CXX shared library libinterface_rb10_apple__rosidl_typesupport_cpp.so[0m
[3.727s] [ 72%] [32m[1mLinking C shared library libinterface_rb10_apple__rosidl_typesupport_introspection_c.so[0m
[3.781s] [ 72%] Built target interface_rb10_apple__rosidl_typesupport_cpp
[3.800s] [ 72%] Built target interface_rb10_apple__rosidl_typesupport_introspection_c
[3.928s] [ 74%] [32m[1mLinking CXX shared library libinterface_rb10_apple__rosidl_typesupport_introspection_cpp.so[0m
[4.068s] [ 74%] Built target interface_rb10_apple__rosidl_typesupport_introspection_cpp
[4.239s] [ 76%] [32m[1mLinking CXX shared library libinterface_rb10_apple__rosidl_typesupport_fastrtps_cpp.so[0m
[4.272s] [ 78%] [32m[1mLinking CXX shared library libinterface_rb10_apple__rosidl_typesupport_fastrtps_c.so[0m
[4.364s] [ 78%] Built target interface_rb10_apple__rosidl_typesupport_fastrtps_cpp
[4.399s] [ 78%] Built target interface_rb10_apple__rosidl_typesupport_fastrtps_c
[4.431s] [ 78%] Built target interface_rb10_apple
[4.464s] [ 80%] [34m[1mGenerating Python code for ROS interfaces[0m
[6.461s] [ 80%] Built target interface_rb10_apple__py
[6.477s] [35m[1mConsolidate compiler generated dependencies of target interface_rb10_apple__rosidl_generator_py[0m
[6.500s] [ 81%] [32mBuilding C object CMakeFiles/interface_rb10_apple__rosidl_generator_py.dir/rosidl_generator_py/interface_rb10_apple/msg/_robot_joint_position_s.c.o[0m
[6.501s] [ 83%] [32mBuilding C object CMakeFiles/interface_rb10_apple__rosidl_generator_py.dir/rosidl_generator_py/interface_rb10_apple/msg/_robot_tcp_pose_s.c.o[0m
[6.502s] [ 85%] [32mBuilding C object CMakeFiles/interface_rb10_apple__rosidl_generator_py.dir/rosidl_generator_py/interface_rb10_apple/srv/_robot_connect_control_s.c.o[0m
[6.504s] [ 87%] [32mBuilding C object CMakeFiles/interface_rb10_apple__rosidl_generator_py.dir/rosidl_generator_py/interface_rb10_apple/action/_robot_mode_control_s.c.o[0m
[6.749s] [ 89%] [32m[1mLinking C shared library rosidl_generator_py/interface_rb10_apple/libinterface_rb10_apple__rosidl_generator_py.so[0m
[6.816s] [ 89%] Built target interface_rb10_apple__rosidl_generator_py
[6.833s] [35m[1mConsolidate compiler generated dependencies of target interface_rb10_apple__rosidl_typesupport_fastrtps_c__pyext[0m
[6.833s] [35m[1mConsolidate compiler generated dependencies of target interface_rb10_apple__rosidl_typesupport_c__pyext[0m
[6.833s] [35m[1mConsolidate compiler generated dependencies of target interface_rb10_apple__rosidl_typesupport_introspection_c__pyext[0m
[6.854s] [ 90%] [32mBuilding C object CMakeFiles/interface_rb10_apple__rosidl_typesupport_fastrtps_c__pyext.dir/rosidl_generator_py/interface_rb10_apple/_interface_rb10_apple_s.ep.rosidl_typesupport_fastrtps_c.c.o[0m
[6.856s] [ 92%] [32mBuilding C object CMakeFiles/interface_rb10_apple__rosidl_typesupport_c__pyext.dir/rosidl_generator_py/interface_rb10_apple/_interface_rb10_apple_s.ep.rosidl_typesupport_c.c.o[0m
[6.857s] [ 94%] [32mBuilding C object CMakeFiles/interface_rb10_apple__rosidl_typesupport_introspection_c__pyext.dir/rosidl_generator_py/interface_rb10_apple/_interface_rb10_apple_s.ep.rosidl_typesupport_introspection_c.c.o[0m
[7.081s] [ 96%] [32m[1mLinking C shared library rosidl_generator_py/interface_rb10_apple/interface_rb10_apple_s__rosidl_typesupport_c.cpython-310-x86_64-linux-gnu.so[0m
[7.082s] [ 98%] [32m[1mLinking C shared library rosidl_generator_py/interface_rb10_apple/interface_rb10_apple_s__rosidl_typesupport_introspection_c.cpython-310-x86_64-linux-gnu.so[0m
[7.086s] [100%] [32m[1mLinking C shared library rosidl_generator_py/interface_rb10_apple/interface_rb10_apple_s__rosidl_typesupport_fastrtps_c.cpython-310-x86_64-linux-gnu.so[0m
[7.150s] [100%] Built target interface_rb10_apple__rosidl_typesupport_c__pyext
[7.152s] [100%] Built target interface_rb10_apple__rosidl_typesupport_introspection_c__pyext
[7.156s] [100%] Built target interface_rb10_apple__rosidl_typesupport_fastrtps_c__pyext
[7.175s] Invoked command in '/home/orientpine/robot_ws/build/interface_rb10_apple' returned '0': CMAKE_PREFIX_PATH=${CMAKE_PREFIX_PATH}:/home/orientpine/robot_ws/install/pkg_rb10_apple:/opt/ros/humble CONDA_PROMPT_MODIFIER=(rb) /usr/bin/cmake --build /home/orientpine/robot_ws/build/interface_rb10_apple -- -j12 -l12
[7.386s] Invoking command in '/home/orientpine/robot_ws/build/interface_rb10_apple': CMAKE_PREFIX_PATH=${CMAKE_PREFIX_PATH}:/home/orientpine/robot_ws/install/pkg_rb10_apple:/opt/ros/humble CONDA_PROMPT_MODIFIER=(rb) /usr/bin/cmake --install /home/orientpine/robot_ws/build/interface_rb10_apple
[7.397s] -- Install configuration: ""
[7.398s] -- Execute custom install script
[7.398s] -- Up-to-date symlink: /home/orientpine/robot_ws/install/interface_rb10_apple/share/ament_index/resource_index/rosidl_interfaces/interface_rb10_apple
[7.399s] -- Up-to-date symlink: /home/orientpine/robot_ws/install/interface_rb10_apple/include/interface_rb10_apple/interface_rb10_apple/action/detail/robot_mode_control__functions.h
[7.400s] -- Up-to-date symlink: /home/orientpine/robot_ws/install/interface_rb10_apple/include/interface_rb10_apple/interface_rb10_apple/action/detail/robot_mode_control__struct.h
[7.400s] -- Up-to-date symlink: /home/orientpine/robot_ws/install/interface_rb10_apple/include/interface_rb10_apple/interface_rb10_apple/action/detail/robot_mode_control__type_support.h
[7.400s] -- Up-to-date symlink: /home/orientpine/robot_ws/install/interface_rb10_apple/include/interface_rb10_apple/interface_rb10_apple/action/robot_mode_control.h
[7.400s] -- Symlinking: /home/orientpine/robot_ws/install/interface_rb10_apple/include/interface_rb10_apple/interface_rb10_apple/msg/detail/robot_joint_position__functions.h
[7.414s] -- Symlinking: /home/orientpine/robot_ws/install/interface_rb10_apple/include/interface_rb10_apple/interface_rb10_apple/msg/detail/robot_joint_position__struct.h
[7.428s] -- Symlinking: /home/orientpine/robot_ws/install/interface_rb10_apple/include/interface_rb10_apple/interface_rb10_apple/msg/detail/robot_joint_position__type_support.h
[7.441s] -- Symlinking: /home/orientpine/robot_ws/install/interface_rb10_apple/include/interface_rb10_apple/interface_rb10_apple/msg/detail/robot_tcp_pose__functions.h
[7.455s] -- Symlinking: /home/orientpine/robot_ws/install/interface_rb10_apple/include/interface_rb10_apple/interface_rb10_apple/msg/detail/robot_tcp_pose__struct.h
[7.469s] -- Symlinking: /home/orientpine/robot_ws/install/interface_rb10_apple/include/interface_rb10_apple/interface_rb10_apple/msg/detail/robot_tcp_pose__type_support.h
[7.482s] -- Symlinking: /home/orientpine/robot_ws/install/interface_rb10_apple/include/interface_rb10_apple/interface_rb10_apple/msg/robot_joint_position.h
[7.496s] -- Symlinking: /home/orientpine/robot_ws/install/interface_rb10_apple/include/interface_rb10_apple/interface_rb10_apple/msg/robot_tcp_pose.h
[7.510s] -- Up-to-date symlink: /home/orientpine/robot_ws/install/interface_rb10_apple/include/interface_rb10_apple/interface_rb10_apple/msg/rosidl_generator_c__visibility_control.h
[7.510s] -- Up-to-date symlink: /home/orientpine/robot_ws/install/interface_rb10_apple/include/interface_rb10_apple/interface_rb10_apple/srv/detail/robot_connect_control__functions.h
[7.511s] -- Up-to-date symlink: /home/orientpine/robot_ws/install/interface_rb10_apple/include/interface_rb10_apple/interface_rb10_apple/srv/detail/robot_connect_control__struct.h
[7.511s] -- Up-to-date symlink: /home/orientpine/robot_ws/install/interface_rb10_apple/include/interface_rb10_apple/interface_rb10_apple/srv/detail/robot_connect_control__type_support.h
[7.511s] -- Up-to-date symlink: /home/orientpine/robot_ws/install/interface_rb10_apple/include/interface_rb10_apple/interface_rb10_apple/srv/robot_connect_control.h
[7.511s] -- Up-to-date symlink: /home/orientpine/robot_ws/install/interface_rb10_apple/share/interface_rb10_apple/environment/library_path.sh
[7.512s] -- Up-to-date symlink: /home/orientpine/robot_ws/install/interface_rb10_apple/share/interface_rb10_apple/environment/library_path.dsv
[7.513s] -- Up-to-date symlink: /home/orientpine/robot_ws/install/interface_rb10_apple/include/interface_rb10_apple/interface_rb10_apple/action/detail/robot_mode_control__rosidl_typesupport_fastrtps_c.h
[7.513s] -- Symlinking: /home/orientpine/robot_ws/install/interface_rb10_apple/include/interface_rb10_apple/interface_rb10_apple/msg/detail/robot_joint_position__rosidl_typesupport_fastrtps_c.h
[7.527s] -- Symlinking: /home/orientpine/robot_ws/install/interface_rb10_apple/include/interface_rb10_apple/interface_rb10_apple/msg/detail/robot_tcp_pose__rosidl_typesupport_fastrtps_c.h
[7.542s] -- Up-to-date symlink: /home/orientpine/robot_ws/install/interface_rb10_apple/include/interface_rb10_apple/interface_rb10_apple/msg/rosidl_typesupport_fastrtps_c__visibility_control.h
[7.542s] -- Up-to-date symlink: /home/orientpine/robot_ws/install/interface_rb10_apple/include/interface_rb10_apple/interface_rb10_apple/srv/detail/robot_connect_control__rosidl_typesupport_fastrtps_c.h
[7.543s] -- Up-to-date symlink: /home/orientpine/robot_ws/install/interface_rb10_apple/include/interface_rb10_apple/interface_rb10_apple/action/detail/robot_mode_control__builder.hpp
[7.543s] -- Up-to-date symlink: /home/orientpine/robot_ws/install/interface_rb10_apple/include/interface_rb10_apple/interface_rb10_apple/action/detail/robot_mode_control__struct.hpp
[7.543s] -- Up-to-date symlink: /home/orientpine/robot_ws/install/interface_rb10_apple/include/interface_rb10_apple/interface_rb10_apple/action/detail/robot_mode_control__traits.hpp
[7.543s] -- Up-to-date symlink: /home/orientpine/robot_ws/install/interface_rb10_apple/include/interface_rb10_apple/interface_rb10_apple/action/robot_mode_control.hpp
[7.543s] -- Symlinking: /home/orientpine/robot_ws/install/interface_rb10_apple/include/interface_rb10_apple/interface_rb10_apple/msg/detail/robot_joint_position__builder.hpp
[7.557s] -- Symlinking: /home/orientpine/robot_ws/install/interface_rb10_apple/include/interface_rb10_apple/interface_rb10_apple/msg/detail/robot_joint_position__struct.hpp
[7.570s] -- Symlinking: /home/orientpine/robot_ws/install/interface_rb10_apple/include/interface_rb10_apple/interface_rb10_apple/msg/detail/robot_joint_position__traits.hpp
[7.584s] -- Symlinking: /home/orientpine/robot_ws/install/interface_rb10_apple/include/interface_rb10_apple/interface_rb10_apple/msg/detail/robot_tcp_pose__builder.hpp
[7.598s] -- Symlinking: /home/orientpine/robot_ws/install/interface_rb10_apple/include/interface_rb10_apple/interface_rb10_apple/msg/detail/robot_tcp_pose__struct.hpp
[7.612s] -- Symlinking: /home/orientpine/robot_ws/install/interface_rb10_apple/include/interface_rb10_apple/interface_rb10_apple/msg/detail/robot_tcp_pose__traits.hpp
[7.627s] -- Symlinking: /home/orientpine/robot_ws/install/interface_rb10_apple/include/interface_rb10_apple/interface_rb10_apple/msg/robot_joint_position.hpp
[7.642s] -- Symlinking: /home/orientpine/robot_ws/install/interface_rb10_apple/include/interface_rb10_apple/interface_rb10_apple/msg/robot_tcp_pose.hpp
[7.656s] -- Up-to-date symlink: /home/orientpine/robot_ws/install/interface_rb10_apple/include/interface_rb10_apple/interface_rb10_apple/srv/detail/robot_connect_control__builder.hpp
[7.656s] -- Up-to-date symlink: /home/orientpine/robot_ws/install/interface_rb10_apple/include/interface_rb10_apple/interface_rb10_apple/srv/detail/robot_connect_control__struct.hpp
[7.656s] -- Up-to-date symlink: /home/orientpine/robot_ws/install/interface_rb10_apple/include/interface_rb10_apple/interface_rb10_apple/srv/detail/robot_connect_control__traits.hpp
[7.656s] -- Up-to-date symlink: /home/orientpine/robot_ws/install/interface_rb10_apple/include/interface_rb10_apple/interface_rb10_apple/srv/robot_connect_control.hpp
[7.657s] -- Up-to-date symlink: /home/orientpine/robot_ws/install/interface_rb10_apple/include/interface_rb10_apple/interface_rb10_apple/action/detail/robot_mode_control__rosidl_typesupport_fastrtps_cpp.hpp
[7.658s] -- Symlinking: /home/orientpine/robot_ws/install/interface_rb10_apple/include/interface_rb10_apple/interface_rb10_apple/msg/detail/robot_joint_position__rosidl_typesupport_fastrtps_cpp.hpp
[7.671s] -- Symlinking: /home/orientpine/robot_ws/install/interface_rb10_apple/include/interface_rb10_apple/interface_rb10_apple/msg/detail/robot_tcp_pose__rosidl_typesupport_fastrtps_cpp.hpp
[7.685s] -- Up-to-date symlink: /home/orientpine/robot_ws/install/interface_rb10_apple/include/interface_rb10_apple/interface_rb10_apple/msg/rosidl_typesupport_fastrtps_cpp__visibility_control.h
[7.685s] -- Up-to-date symlink: /home/orientpine/robot_ws/install/interface_rb10_apple/include/interface_rb10_apple/interface_rb10_apple/srv/detail/robot_connect_control__rosidl_typesupport_fastrtps_cpp.hpp
[7.686s] -- Up-to-date symlink: /home/orientpine/robot_ws/install/interface_rb10_apple/include/interface_rb10_apple/interface_rb10_apple/action/detail/robot_mode_control__rosidl_typesupport_introspection_c.h
[7.686s] -- Symlinking: /home/orientpine/robot_ws/install/interface_rb10_apple/include/interface_rb10_apple/interface_rb10_apple/msg/detail/robot_joint_position__rosidl_typesupport_introspection_c.h
[7.700s] -- Symlinking: /home/orientpine/robot_ws/install/interface_rb10_apple/include/interface_rb10_apple/interface_rb10_apple/msg/detail/robot_tcp_pose__rosidl_typesupport_introspection_c.h
[7.714s] -- Up-to-date symlink: /home/orientpine/robot_ws/install/interface_rb10_apple/include/interface_rb10_apple/interface_rb10_apple/msg/rosidl_typesupport_introspection_c__visibility_control.h
[7.714s] -- Up-to-date symlink: /home/orientpine/robot_ws/install/interface_rb10_apple/include/interface_rb10_apple/interface_rb10_apple/srv/detail/robot_connect_control__rosidl_typesupport_introspection_c.h
[7.715s] -- Up-to-date symlink: /home/orientpine/robot_ws/install/interface_rb10_apple/include/interface_rb10_apple/interface_rb10_apple/action/detail/robot_mode_control__rosidl_typesupport_introspection_cpp.hpp
[7.715s] -- Symlinking: /home/orientpine/robot_ws/install/interface_rb10_apple/include/interface_rb10_apple/interface_rb10_apple/msg/detail/robot_joint_position__rosidl_typesupport_introspection_cpp.hpp
[7.729s] -- Symlinking: /home/orientpine/robot_ws/install/interface_rb10_apple/include/interface_rb10_apple/interface_rb10_apple/msg/detail/robot_tcp_pose__rosidl_typesupport_introspection_cpp.hpp
[7.743s] -- Up-to-date symlink: /home/orientpine/robot_ws/install/interface_rb10_apple/include/interface_rb10_apple/interface_rb10_apple/srv/detail/robot_connect_control__rosidl_typesupport_introspection_cpp.hpp
[7.744s] -- Up-to-date symlink: /home/orientpine/robot_ws/install/interface_rb10_apple/share/interface_rb10_apple/environment/pythonpath.sh
[7.744s] -- Up-to-date symlink: /home/orientpine/robot_ws/install/interface_rb10_apple/share/interface_rb10_apple/environment/pythonpath.dsv
[7.744s] -- Up-to-date symlink: /home/orientpine/robot_ws/install/interface_rb10_apple/lib/python3.10/site-packages/interface_rb10_apple-0.0.0-py3.10.egg-info/PKG-INFO
[7.745s] -- Up-to-date symlink: /home/orientpine/robot_ws/install/interface_rb10_apple/lib/python3.10/site-packages/interface_rb10_apple-0.0.0-py3.10.egg-info/SOURCES.txt
[7.745s] -- Up-to-date symlink: /home/orientpine/robot_ws/install/interface_rb10_apple/lib/python3.10/site-packages/interface_rb10_apple-0.0.0-py3.10.egg-info/dependency_links.txt
[7.745s] -- Up-to-date symlink: /home/orientpine/robot_ws/install/interface_rb10_apple/lib/python3.10/site-packages/interface_rb10_apple-0.0.0-py3.10.egg-info/top_level.txt
[7.746s] -- Up-to-date symlink: /home/orientpine/robot_ws/install/interface_rb10_apple/lib/python3.10/site-packages/interface_rb10_apple/__init__.py
[7.747s] -- Up-to-date symlink: /home/orientpine/robot_ws/install/interface_rb10_apple/lib/python3.10/site-packages/interface_rb10_apple/_interface_rb10_apple_s.ep.rosidl_typesupport_c.c
[7.747s] -- Up-to-date symlink: /home/orientpine/robot_ws/install/interface_rb10_apple/lib/python3.10/site-packages/interface_rb10_apple/_interface_rb10_apple_s.ep.rosidl_typesupport_fastrtps_c.c
[7.747s] -- Up-to-date symlink: /home/orientpine/robot_ws/install/interface_rb10_apple/lib/python3.10/site-packages/interface_rb10_apple/_interface_rb10_apple_s.ep.rosidl_typesupport_introspection_c.c
[7.747s] -- Up-to-date symlink: /home/orientpine/robot_ws/install/interface_rb10_apple/lib/python3.10/site-packages/interface_rb10_apple/action/__init__.py
[7.747s] -- Up-to-date symlink: /home/orientpine/robot_ws/install/interface_rb10_apple/lib/python3.10/site-packages/interface_rb10_apple/action/_robot_mode_control.py
[7.747s] -- Up-to-date symlink: /home/orientpine/robot_ws/install/interface_rb10_apple/lib/python3.10/site-packages/interface_rb10_apple/action/_robot_mode_control_s.c
[7.748s] -- Up-to-date symlink: /home/orientpine/robot_ws/install/interface_rb10_apple/lib/python3.10/site-packages/interface_rb10_apple/interface_rb10_apple_s__rosidl_typesupport_c.cpython-310-x86_64-linux-gnu.so
[7.748s] -- Up-to-date symlink: /home/orientpine/robot_ws/install/interface_rb10_apple/lib/python3.10/site-packages/interface_rb10_apple/interface_rb10_apple_s__rosidl_typesupport_fastrtps_c.cpython-310-x86_64-linux-gnu.so
[7.748s] -- Up-to-date symlink: /home/orientpine/robot_ws/install/interface_rb10_apple/lib/python3.10/site-packages/interface_rb10_apple/interface_rb10_apple_s__rosidl_typesupport_introspection_c.cpython-310-x86_64-linux-gnu.so
[7.748s] -- Up-to-date symlink: /home/orientpine/robot_ws/install/interface_rb10_apple/lib/python3.10/site-packages/interface_rb10_apple/libinterface_rb10_apple__rosidl_generator_py.so
[7.748s] -- Symlinking: /home/orientpine/robot_ws/install/interface_rb10_apple/lib/python3.10/site-packages/interface_rb10_apple/msg/__init__.py
[7.762s] -- Symlinking: /home/orientpine/robot_ws/install/interface_rb10_apple/lib/python3.10/site-packages/interface_rb10_apple/msg/_robot_joint_position.py
[7.776s] -- Symlinking: /home/orientpine/robot_ws/install/interface_rb10_apple/lib/python3.10/site-packages/interface_rb10_apple/msg/_robot_joint_position_s.c
[7.789s] -- Symlinking: /home/orientpine/robot_ws/install/interface_rb10_apple/lib/python3.10/site-packages/interface_rb10_apple/msg/_robot_tcp_pose.py
[7.803s] -- Symlinking: /home/orientpine/robot_ws/install/interface_rb10_apple/lib/python3.10/site-packages/interface_rb10_apple/msg/_robot_tcp_pose_s.c
[7.816s] -- Up-to-date symlink: /home/orientpine/robot_ws/install/interface_rb10_apple/lib/python3.10/site-packages/interface_rb10_apple/srv/__init__.py
[7.817s] -- Up-to-date symlink: /home/orientpine/robot_ws/install/interface_rb10_apple/lib/python3.10/site-packages/interface_rb10_apple/srv/_robot_connect_control.py
[7.817s] -- Up-to-date symlink: /home/orientpine/robot_ws/install/interface_rb10_apple/lib/python3.10/site-packages/interface_rb10_apple/srv/_robot_connect_control_s.c
[7.817s] -- Up-to-date symlink: /home/orientpine/robot_ws/install/interface_rb10_apple/lib/python3.10/site-packages/interface_rb10_apple/interface_rb10_apple_s__rosidl_typesupport_fastrtps_c.cpython-310-x86_64-linux-gnu.so
[7.818s] -- Up-to-date symlink: /home/orientpine/robot_ws/install/interface_rb10_apple/lib/python3.10/site-packages/interface_rb10_apple/interface_rb10_apple_s__rosidl_typesupport_introspection_c.cpython-310-x86_64-linux-gnu.so
[7.819s] -- Up-to-date symlink: /home/orientpine/robot_ws/install/interface_rb10_apple/lib/python3.10/site-packages/interface_rb10_apple/interface_rb10_apple_s__rosidl_typesupport_c.cpython-310-x86_64-linux-gnu.so
[7.819s] -- Symlinking: /home/orientpine/robot_ws/install/interface_rb10_apple/share/interface_rb10_apple/msg/RobotJointPosition.idl
[7.833s] -- Symlinking: /home/orientpine/robot_ws/install/interface_rb10_apple/share/interface_rb10_apple/msg/RobotTcpPose.idl
[7.848s] -- Up-to-date symlink: /home/orientpine/robot_ws/install/interface_rb10_apple/share/interface_rb10_apple/srv/RobotConnectControl.idl
[7.848s] -- Up-to-date symlink: /home/orientpine/robot_ws/install/interface_rb10_apple/share/interface_rb10_apple/action/RobotModeControl.idl
[7.848s] -- Symlinking: /home/orientpine/robot_ws/install/interface_rb10_apple/share/interface_rb10_apple/msg/RobotJointPosition.msg
[7.862s] -- Symlinking: /home/orientpine/robot_ws/install/interface_rb10_apple/share/interface_rb10_apple/msg/RobotTcpPose.msg
[7.877s] -- Up-to-date symlink: /home/orientpine/robot_ws/install/interface_rb10_apple/share/interface_rb10_apple/srv/RobotConnectControl.srv
[7.877s] -- Up-to-date symlink: /home/orientpine/robot_ws/install/interface_rb10_apple/share/interface_rb10_apple/srv/RobotConnectControl_Request.msg
[7.877s] -- Up-to-date symlink: /home/orientpine/robot_ws/install/interface_rb10_apple/share/interface_rb10_apple/srv/RobotConnectControl_Response.msg
[7.878s] -- Up-to-date symlink: /home/orientpine/robot_ws/install/interface_rb10_apple/share/interface_rb10_apple/action/RobotModeControl.action
[7.878s] -- Up-to-date symlink: /home/orientpine/robot_ws/install/interface_rb10_apple/share/ament_index/resource_index/package_run_dependencies/interface_rb10_apple
[7.878s] -- Up-to-date symlink: /home/orientpine/robot_ws/install/interface_rb10_apple/share/ament_index/resource_index/parent_prefix_path/interface_rb10_apple
[7.879s] -- Up-to-date symlink: /home/orientpine/robot_ws/install/interface_rb10_apple/share/interface_rb10_apple/environment/ament_prefix_path.sh
[7.879s] -- Up-to-date symlink: /home/orientpine/robot_ws/install/interface_rb10_apple/share/interface_rb10_apple/environment/ament_prefix_path.dsv
[7.880s] -- Up-to-date symlink: /home/orientpine/robot_ws/install/interface_rb10_apple/share/interface_rb10_apple/environment/path.sh
[7.880s] -- Up-to-date symlink: /home/orientpine/robot_ws/install/interface_rb10_apple/share/interface_rb10_apple/environment/path.dsv
[7.880s] -- Up-to-date symlink: /home/orientpine/robot_ws/install/interface_rb10_apple/share/interface_rb10_apple/local_setup.bash
[7.881s] -- Up-to-date symlink: /home/orientpine/robot_ws/install/interface_rb10_apple/share/interface_rb10_apple/local_setup.sh
[7.881s] -- Up-to-date symlink: /home/orientpine/robot_ws/install/interface_rb10_apple/share/interface_rb10_apple/local_setup.zsh
[7.882s] -- Up-to-date symlink: /home/orientpine/robot_ws/install/interface_rb10_apple/share/interface_rb10_apple/local_setup.dsv
[7.882s] -- Symlinking: /home/orientpine/robot_ws/install/interface_rb10_apple/share/interface_rb10_apple/package.dsv
[7.896s] -- Up-to-date symlink: /home/orientpine/robot_ws/install/interface_rb10_apple/share/ament_index/resource_index/packages/interface_rb10_apple
[7.896s] -- Up-to-date symlink: /home/orientpine/robot_ws/install/interface_rb10_apple/share/interface_rb10_apple/cmake/rosidl_cmake-extras.cmake
[7.897s] -- Up-to-date symlink: /home/orientpine/robot_ws/install/interface_rb10_apple/share/interface_rb10_apple/cmake/ament_cmake_export_dependencies-extras.cmake
[7.897s] -- Up-to-date symlink: /home/orientpine/robot_ws/install/interface_rb10_apple/share/interface_rb10_apple/cmake/ament_cmake_export_include_directories-extras.cmake
[7.898s] -- Up-to-date symlink: /home/orientpine/robot_ws/install/interface_rb10_apple/share/interface_rb10_apple/cmake/ament_cmake_export_libraries-extras.cmake
[7.898s] -- Up-to-date symlink: /home/orientpine/robot_ws/install/interface_rb10_apple/share/interface_rb10_apple/cmake/ament_cmake_export_targets-extras.cmake
[7.898s] -- Up-to-date symlink: /home/orientpine/robot_ws/install/interface_rb10_apple/share/interface_rb10_apple/cmake/rosidl_cmake_export_typesupport_targets-extras.cmake
[7.899s] -- Up-to-date symlink: /home/orientpine/robot_ws/install/interface_rb10_apple/share/interface_rb10_apple/cmake/rosidl_cmake_export_typesupport_libraries-extras.cmake
[7.899s] -- Up-to-date symlink: /home/orientpine/robot_ws/install/interface_rb10_apple/share/interface_rb10_apple/cmake/interface_rb10_appleConfig.cmake
[7.900s] -- Up-to-date symlink: /home/orientpine/robot_ws/install/interface_rb10_apple/share/interface_rb10_apple/cmake/interface_rb10_appleConfig-version.cmake
[7.900s] -- Up-to-date symlink: /home/orientpine/robot_ws/install/interface_rb10_apple/share/interface_rb10_apple/package.xml
[7.900s] -- Installing: /home/orientpine/robot_ws/install/interface_rb10_apple/lib/libinterface_rb10_apple__rosidl_generator_c.so
[7.901s] -- Set runtime path of "/home/orientpine/robot_ws/install/interface_rb10_apple/lib/libinterface_rb10_apple__rosidl_generator_c.so" to ""
[7.902s] -- Installing: /home/orientpine/robot_ws/install/interface_rb10_apple/lib/libinterface_rb10_apple__rosidl_typesupport_fastrtps_c.so
[7.903s] -- Set runtime path of "/home/orientpine/robot_ws/install/interface_rb10_apple/lib/libinterface_rb10_apple__rosidl_typesupport_fastrtps_c.so" to ""
[7.903s] -- Installing: /home/orientpine/robot_ws/install/interface_rb10_apple/lib/libinterface_rb10_apple__rosidl_typesupport_fastrtps_cpp.so
[7.904s] -- Set runtime path of "/home/orientpine/robot_ws/install/interface_rb10_apple/lib/libinterface_rb10_apple__rosidl_typesupport_fastrtps_cpp.so" to ""
[7.905s] -- Installing: /home/orientpine/robot_ws/install/interface_rb10_apple/lib/libinterface_rb10_apple__rosidl_typesupport_introspection_c.so
[7.906s] -- Set runtime path of "/home/orientpine/robot_ws/install/interface_rb10_apple/lib/libinterface_rb10_apple__rosidl_typesupport_introspection_c.so" to ""
[7.906s] -- Installing: /home/orientpine/robot_ws/install/interface_rb10_apple/lib/libinterface_rb10_apple__rosidl_typesupport_c.so
[7.907s] -- Set runtime path of "/home/orientpine/robot_ws/install/interface_rb10_apple/lib/libinterface_rb10_apple__rosidl_typesupport_c.so" to ""
[7.907s] -- Installing: /home/orientpine/robot_ws/install/interface_rb10_apple/lib/libinterface_rb10_apple__rosidl_typesupport_introspection_cpp.so
[7.908s] -- Set runtime path of "/home/orientpine/robot_ws/install/interface_rb10_apple/lib/libinterface_rb10_apple__rosidl_typesupport_introspection_cpp.so" to ""
[7.909s] -- Installing: /home/orientpine/robot_ws/install/interface_rb10_apple/lib/libinterface_rb10_apple__rosidl_typesupport_cpp.so
[7.910s] -- Set runtime path of "/home/orientpine/robot_ws/install/interface_rb10_apple/lib/libinterface_rb10_apple__rosidl_typesupport_cpp.so" to ""
[7.980s] Listing '/home/orientpine/robot_ws/install/interface_rb10_apple/lib/python3.10/site-packages/interface_rb10_apple'...
[7.980s] Compiling '/home/orientpine/robot_ws/install/interface_rb10_apple/lib/python3.10/site-packages/interface_rb10_apple/__init__.py'...
[7.981s] Listing '/home/orientpine/robot_ws/install/interface_rb10_apple/lib/python3.10/site-packages/interface_rb10_apple/action'...
[7.981s] Compiling '/home/orientpine/robot_ws/install/interface_rb10_apple/lib/python3.10/site-packages/interface_rb10_apple/action/__init__.py'...
[7.981s] Compiling '/home/orientpine/robot_ws/install/interface_rb10_apple/lib/python3.10/site-packages/interface_rb10_apple/action/_robot_mode_control.py'...
[7.981s] Listing '/home/orientpine/robot_ws/install/interface_rb10_apple/lib/python3.10/site-packages/interface_rb10_apple/msg'...
[7.981s] Compiling '/home/orientpine/robot_ws/install/interface_rb10_apple/lib/python3.10/site-packages/interface_rb10_apple/msg/__init__.py'...
[7.981s] Compiling '/home/orientpine/robot_ws/install/interface_rb10_apple/lib/python3.10/site-packages/interface_rb10_apple/msg/_robot_joint_position.py'...
[7.981s] Compiling '/home/orientpine/robot_ws/install/interface_rb10_apple/lib/python3.10/site-packages/interface_rb10_apple/msg/_robot_tcp_pose.py'...
[7.981s] Listing '/home/orientpine/robot_ws/install/interface_rb10_apple/lib/python3.10/site-packages/interface_rb10_apple/srv'...
[7.981s] Compiling '/home/orientpine/robot_ws/install/interface_rb10_apple/lib/python3.10/site-packages/interface_rb10_apple/srv/__init__.py'...
[7.982s] Compiling '/home/orientpine/robot_ws/install/interface_rb10_apple/lib/python3.10/site-packages/interface_rb10_apple/srv/_robot_connect_control.py'...
[7.987s] -- Installing: /home/orientpine/robot_ws/install/interface_rb10_apple/lib/libinterface_rb10_apple__rosidl_generator_py.so
[7.988s] -- Set runtime path of "/home/orientpine/robot_ws/install/interface_rb10_apple/lib/libinterface_rb10_apple__rosidl_generator_py.so" to ""
[7.989s] -- Up-to-date: /home/orientpine/robot_ws/install/interface_rb10_apple/share/interface_rb10_apple/cmake/export_interface_rb10_apple__rosidl_generator_cExport.cmake
[7.989s] -- Up-to-date: /home/orientpine/robot_ws/install/interface_rb10_apple/share/interface_rb10_apple/cmake/export_interface_rb10_apple__rosidl_generator_cExport-noconfig.cmake
[7.989s] -- Up-to-date: /home/orientpine/robot_ws/install/interface_rb10_apple/share/interface_rb10_apple/cmake/export_interface_rb10_apple__rosidl_typesupport_fastrtps_cExport.cmake
[7.989s] -- Up-to-date: /home/orientpine/robot_ws/install/interface_rb10_apple/share/interface_rb10_apple/cmake/export_interface_rb10_apple__rosidl_typesupport_fastrtps_cExport-noconfig.cmake
[7.990s] -- Up-to-date: /home/orientpine/robot_ws/install/interface_rb10_apple/share/interface_rb10_apple/cmake/export_interface_rb10_apple__rosidl_generator_cppExport.cmake
[7.990s] -- Up-to-date: /home/orientpine/robot_ws/install/interface_rb10_apple/share/interface_rb10_apple/cmake/export_interface_rb10_apple__rosidl_typesupport_fastrtps_cppExport.cmake
[7.990s] -- Up-to-date: /home/orientpine/robot_ws/install/interface_rb10_apple/share/interface_rb10_apple/cmake/export_interface_rb10_apple__rosidl_typesupport_fastrtps_cppExport-noconfig.cmake
[7.991s] -- Up-to-date: /home/orientpine/robot_ws/install/interface_rb10_apple/share/interface_rb10_apple/cmake/interface_rb10_apple__rosidl_typesupport_introspection_cExport.cmake
[7.991s] -- Up-to-date: /home/orientpine/robot_ws/install/interface_rb10_apple/share/interface_rb10_apple/cmake/interface_rb10_apple__rosidl_typesupport_introspection_cExport-noconfig.cmake
[7.991s] -- Up-to-date: /home/orientpine/robot_ws/install/interface_rb10_apple/share/interface_rb10_apple/cmake/interface_rb10_apple__rosidl_typesupport_cExport.cmake
[7.991s] -- Up-to-date: /home/orientpine/robot_ws/install/interface_rb10_apple/share/interface_rb10_apple/cmake/interface_rb10_apple__rosidl_typesupport_cExport-noconfig.cmake
[7.992s] -- Up-to-date: /home/orientpine/robot_ws/install/interface_rb10_apple/share/interface_rb10_apple/cmake/interface_rb10_apple__rosidl_typesupport_introspection_cppExport.cmake
[7.992s] -- Up-to-date: /home/orientpine/robot_ws/install/interface_rb10_apple/share/interface_rb10_apple/cmake/interface_rb10_apple__rosidl_typesupport_introspection_cppExport-noconfig.cmake
[7.992s] -- Up-to-date: /home/orientpine/robot_ws/install/interface_rb10_apple/share/interface_rb10_apple/cmake/interface_rb10_apple__rosidl_typesupport_cppExport.cmake
[7.992s] -- Up-to-date: /home/orientpine/robot_ws/install/interface_rb10_apple/share/interface_rb10_apple/cmake/interface_rb10_apple__rosidl_typesupport_cppExport-noconfig.cmake
[7.992s] -- Up-to-date: /home/orientpine/robot_ws/install/interface_rb10_apple/share/interface_rb10_apple/cmake/export_interface_rb10_apple__rosidl_generator_pyExport.cmake
[7.993s] -- Up-to-date: /home/orientpine/robot_ws/install/interface_rb10_apple/share/interface_rb10_apple/cmake/export_interface_rb10_apple__rosidl_generator_pyExport-noconfig.cmake
[7.995s] Invoked command in '/home/orientpine/robot_ws/build/interface_rb10_apple' returned '0': CMAKE_PREFIX_PATH=${CMAKE_PREFIX_PATH}:/home/orientpine/robot_ws/install/pkg_rb10_apple:/opt/ros/humble CONDA_PROMPT_MODIFIER=(rb) /usr/bin/cmake --install /home/orientpine/robot_ws/build/interface_rb10_apple
