[0.768s] Invoking command in '/home/orientpine/robot_ws/build/pkg_rb10_apple': AMENT_PREFIX_PATH=/home/orientpine/robot_ws/install/interface_rb10_apple CMAKE_PREFIX_PATH=/home/orientpine/robot_ws/install/interface_rb10_apple LD_LIBRARY_PATH=/home/orientpine/robot_ws/install/interface_rb10_apple/lib:/tmp/.mount_CursorLc4Pys/usr/lib/:/tmp/.mount_CursorLc4Pys/usr/lib32/:/tmp/.mount_CursorLc4Pys/usr/lib64/:/tmp/.mount_CursorLc4Pys/lib/:/tmp/.mount_CursorLc4Pys/lib/i386-linux-gnu/:/tmp/.mount_CursorLc4Pys/lib/x86_64-linux-gnu/:/tmp/.mount_CursorLc4Pys/lib/aarch64-linux-gnu/:/tmp/.mount_CursorLc4Pys/lib32/:/tmp/.mount_CursorLc4Pys/lib64/ PYTHONPATH=/home/orientpine/robot_ws/build/pkg_rb10_apple/prefix_override:/usr/lib/python3/dist-packages/colcon_core/task/python/colcon_distutils_commands:/home/orientpine/robot_ws/install/pkg_rb10_apple/lib/python3.10/site-packages:/home/orientpine/robot_ws/install/interface_rb10_apple/local/lib/python3.10/dist-packages /usr/bin/python3 -W ignore:setup.py install is deprecated -W ignore:easy_install command is deprecated setup.py develop --uninstall --editable --build-directory /home/orientpine/robot_ws/build/pkg_rb10_apple/build
[1.090s] running develop
[1.217s] Removing /home/orientpine/robot_ws/install/pkg_rb10_apple/lib/python3.10/site-packages/pkg-rb10-apple.egg-link (link to .)
[1.259s] Invoked command in '/home/orientpine/robot_ws/build/pkg_rb10_apple' returned '0': AMENT_PREFIX_PATH=/home/orientpine/robot_ws/install/interface_rb10_apple CMAKE_PREFIX_PATH=/home/orientpine/robot_ws/install/interface_rb10_apple LD_LIBRARY_PATH=/home/orientpine/robot_ws/install/interface_rb10_apple/lib:/tmp/.mount_CursorLc4Pys/usr/lib/:/tmp/.mount_CursorLc4Pys/usr/lib32/:/tmp/.mount_CursorLc4Pys/usr/lib64/:/tmp/.mount_CursorLc4Pys/lib/:/tmp/.mount_CursorLc4Pys/lib/i386-linux-gnu/:/tmp/.mount_CursorLc4Pys/lib/x86_64-linux-gnu/:/tmp/.mount_CursorLc4Pys/lib/aarch64-linux-gnu/:/tmp/.mount_CursorLc4Pys/lib32/:/tmp/.mount_CursorLc4Pys/lib64/ PYTHONPATH=/home/orientpine/robot_ws/build/pkg_rb10_apple/prefix_override:/usr/lib/python3/dist-packages/colcon_core/task/python/colcon_distutils_commands:/home/orientpine/robot_ws/install/pkg_rb10_apple/lib/python3.10/site-packages:/home/orientpine/robot_ws/install/interface_rb10_apple/local/lib/python3.10/dist-packages /usr/bin/python3 -W ignore:setup.py install is deprecated -W ignore:easy_install command is deprecated setup.py develop --uninstall --editable --build-directory /home/orientpine/robot_ws/build/pkg_rb10_apple/build
[1.260s] Invoking command in '/home/orientpine/robot_ws/src/pkg_rb10_apple': AMENT_PREFIX_PATH=/home/orientpine/robot_ws/install/interface_rb10_apple CMAKE_PREFIX_PATH=/home/orientpine/robot_ws/install/interface_rb10_apple LD_LIBRARY_PATH=/home/orientpine/robot_ws/install/interface_rb10_apple/lib:/tmp/.mount_CursorLc4Pys/usr/lib/:/tmp/.mount_CursorLc4Pys/usr/lib32/:/tmp/.mount_CursorLc4Pys/usr/lib64/:/tmp/.mount_CursorLc4Pys/lib/:/tmp/.mount_CursorLc4Pys/lib/i386-linux-gnu/:/tmp/.mount_CursorLc4Pys/lib/x86_64-linux-gnu/:/tmp/.mount_CursorLc4Pys/lib/aarch64-linux-gnu/:/tmp/.mount_CursorLc4Pys/lib32/:/tmp/.mount_CursorLc4Pys/lib64/ PYTHONPATH=/home/orientpine/robot_ws/build/pkg_rb10_apple/prefix_override:/usr/lib/python3/dist-packages/colcon_core/task/python/colcon_distutils_commands:/home/orientpine/robot_ws/install/pkg_rb10_apple/lib/python3.10/site-packages:/home/orientpine/robot_ws/install/interface_rb10_apple/local/lib/python3.10/dist-packages /usr/bin/python3 -W ignore:setup.py install is deprecated -W ignore:easy_install command is deprecated setup.py egg_info --egg-base ../../build/pkg_rb10_apple build --build-base /home/orientpine/robot_ws/build/pkg_rb10_apple/build install --record /home/orientpine/robot_ws/build/pkg_rb10_apple/install.log --single-version-externally-managed install_data --force
[1.513s] running egg_info
[1.514s] writing ../../build/pkg_rb10_apple/pkg_rb10_apple.egg-info/PKG-INFO
[1.514s] writing dependency_links to ../../build/pkg_rb10_apple/pkg_rb10_apple.egg-info/dependency_links.txt
[1.515s] writing entry points to ../../build/pkg_rb10_apple/pkg_rb10_apple.egg-info/entry_points.txt
[1.515s] writing requirements to ../../build/pkg_rb10_apple/pkg_rb10_apple.egg-info/requires.txt
[1.515s] writing top-level names to ../../build/pkg_rb10_apple/pkg_rb10_apple.egg-info/top_level.txt
[1.518s] reading manifest file '../../build/pkg_rb10_apple/pkg_rb10_apple.egg-info/SOURCES.txt'
[1.520s] writing manifest file '../../build/pkg_rb10_apple/pkg_rb10_apple.egg-info/SOURCES.txt'
[1.520s] running build
[1.520s] running build_py
[1.520s] copying pkg_rb10_apple/robot_control/robot_tcp_control_server.py -> /home/orientpine/robot_ws/build/pkg_rb10_apple/build/lib/pkg_rb10_apple/robot_control
[1.521s] running install
[1.522s] running install_lib
[1.523s] creating /home/orientpine/robot_ws/install/pkg_rb10_apple/lib/python3.10/site-packages/pkg_rb10_apple
[1.523s] copying /home/orientpine/robot_ws/build/pkg_rb10_apple/build/lib/pkg_rb10_apple/__init__.py -> /home/orientpine/robot_ws/install/pkg_rb10_apple/lib/python3.10/site-packages/pkg_rb10_apple
[1.523s] creating /home/orientpine/robot_ws/install/pkg_rb10_apple/lib/python3.10/site-packages/pkg_rb10_apple/robot_control
[1.523s] copying /home/orientpine/robot_ws/build/pkg_rb10_apple/build/lib/pkg_rb10_apple/robot_control/robot_mode_control_server.py -> /home/orientpine/robot_ws/install/pkg_rb10_apple/lib/python3.10/site-packages/pkg_rb10_apple/robot_control
[1.523s] copying /home/orientpine/robot_ws/build/pkg_rb10_apple/build/lib/pkg_rb10_apple/robot_control/__init__.py -> /home/orientpine/robot_ws/install/pkg_rb10_apple/lib/python3.10/site-packages/pkg_rb10_apple/robot_control
[1.524s] copying /home/orientpine/robot_ws/build/pkg_rb10_apple/build/lib/pkg_rb10_apple/robot_control/robot_info_publisher.py -> /home/orientpine/robot_ws/install/pkg_rb10_apple/lib/python3.10/site-packages/pkg_rb10_apple/robot_control
[1.524s] copying /home/orientpine/robot_ws/build/pkg_rb10_apple/build/lib/pkg_rb10_apple/robot_control/robot_tcp_control_server.py -> /home/orientpine/robot_ws/install/pkg_rb10_apple/lib/python3.10/site-packages/pkg_rb10_apple/robot_control
[1.524s] copying /home/orientpine/robot_ws/build/pkg_rb10_apple/build/lib/pkg_rb10_apple/robot_control/robot_mode_control_client.py -> /home/orientpine/robot_ws/install/pkg_rb10_apple/lib/python3.10/site-packages/pkg_rb10_apple/robot_control
[1.524s] copying /home/orientpine/robot_ws/build/pkg_rb10_apple/build/lib/pkg_rb10_apple/robot_control/cobot.py -> /home/orientpine/robot_ws/install/pkg_rb10_apple/lib/python3.10/site-packages/pkg_rb10_apple/robot_control
[1.524s] copying /home/orientpine/robot_ws/build/pkg_rb10_apple/build/lib/pkg_rb10_apple/robot_control/robot_connect_control_server.py -> /home/orientpine/robot_ws/install/pkg_rb10_apple/lib/python3.10/site-packages/pkg_rb10_apple/robot_control
[1.524s] copying /home/orientpine/robot_ws/build/pkg_rb10_apple/build/lib/pkg_rb10_apple/robot_control/robot_joint_control_server.py -> /home/orientpine/robot_ws/install/pkg_rb10_apple/lib/python3.10/site-packages/pkg_rb10_apple/robot_control
[1.524s] copying /home/orientpine/robot_ws/build/pkg_rb10_apple/build/lib/pkg_rb10_apple/robot_control/robot_tracking_aruco_server.py -> /home/orientpine/robot_ws/install/pkg_rb10_apple/lib/python3.10/site-packages/pkg_rb10_apple/robot_control
[1.525s] byte-compiling /home/orientpine/robot_ws/install/pkg_rb10_apple/lib/python3.10/site-packages/pkg_rb10_apple/__init__.py to __init__.cpython-310.pyc
[1.525s] byte-compiling /home/orientpine/robot_ws/install/pkg_rb10_apple/lib/python3.10/site-packages/pkg_rb10_apple/robot_control/robot_mode_control_server.py to robot_mode_control_server.cpython-310.pyc
[1.530s] byte-compiling /home/orientpine/robot_ws/install/pkg_rb10_apple/lib/python3.10/site-packages/pkg_rb10_apple/robot_control/__init__.py to __init__.cpython-310.pyc
[1.530s] byte-compiling /home/orientpine/robot_ws/install/pkg_rb10_apple/lib/python3.10/site-packages/pkg_rb10_apple/robot_control/robot_info_publisher.py to robot_info_publisher.cpython-310.pyc
[1.530s] byte-compiling /home/orientpine/robot_ws/install/pkg_rb10_apple/lib/python3.10/site-packages/pkg_rb10_apple/robot_control/robot_tcp_control_server.py to robot_tcp_control_server.cpython-310.pyc
[1.532s] byte-compiling /home/orientpine/robot_ws/install/pkg_rb10_apple/lib/python3.10/site-packages/pkg_rb10_apple/robot_control/robot_mode_control_client.py to robot_mode_control_client.cpython-310.pyc
[1.533s] byte-compiling /home/orientpine/robot_ws/install/pkg_rb10_apple/lib/python3.10/site-packages/pkg_rb10_apple/robot_control/cobot.py to cobot.cpython-310.pyc
[1.542s] byte-compiling /home/orientpine/robot_ws/install/pkg_rb10_apple/lib/python3.10/site-packages/pkg_rb10_apple/robot_control/robot_connect_control_server.py to robot_connect_control_server.cpython-310.pyc
[1.542s] byte-compiling /home/orientpine/robot_ws/install/pkg_rb10_apple/lib/python3.10/site-packages/pkg_rb10_apple/robot_control/robot_joint_control_server.py to robot_joint_control_server.cpython-310.pyc
[1.545s] byte-compiling /home/orientpine/robot_ws/install/pkg_rb10_apple/lib/python3.10/site-packages/pkg_rb10_apple/robot_control/robot_tracking_aruco_server.py to robot_tracking_aruco_server.cpython-310.pyc
[1.549s] running install_data
[1.549s] error: can't copy 'resource/pkg-rb10-apple': doesn't exist or not a regular file
[1.578s] Invoked command in '/home/orientpine/robot_ws/src/pkg_rb10_apple' returned '1': AMENT_PREFIX_PATH=/home/orientpine/robot_ws/install/interface_rb10_apple CMAKE_PREFIX_PATH=/home/orientpine/robot_ws/install/interface_rb10_apple LD_LIBRARY_PATH=/home/orientpine/robot_ws/install/interface_rb10_apple/lib:/tmp/.mount_CursorLc4Pys/usr/lib/:/tmp/.mount_CursorLc4Pys/usr/lib32/:/tmp/.mount_CursorLc4Pys/usr/lib64/:/tmp/.mount_CursorLc4Pys/lib/:/tmp/.mount_CursorLc4Pys/lib/i386-linux-gnu/:/tmp/.mount_CursorLc4Pys/lib/x86_64-linux-gnu/:/tmp/.mount_CursorLc4Pys/lib/aarch64-linux-gnu/:/tmp/.mount_CursorLc4Pys/lib32/:/tmp/.mount_CursorLc4Pys/lib64/ PYTHONPATH=/home/orientpine/robot_ws/build/pkg_rb10_apple/prefix_override:/usr/lib/python3/dist-packages/colcon_core/task/python/colcon_distutils_commands:/home/orientpine/robot_ws/install/pkg_rb10_apple/lib/python3.10/site-packages:/home/orientpine/robot_ws/install/interface_rb10_apple/local/lib/python3.10/dist-packages /usr/bin/python3 -W ignore:setup.py install is deprecated -W ignore:easy_install command is deprecated setup.py egg_info --egg-base ../../build/pkg_rb10_apple build --build-base /home/orientpine/robot_ws/build/pkg_rb10_apple/build install --record /home/orientpine/robot_ws/build/pkg_rb10_apple/install.log --single-version-externally-managed install_data --force
