[0.490s] Invoking command in '/home/orientpine/robot_ws/build/ros2_aruco_interfaces': CMAKE_PREFIX_PATH=${CMAKE_PREFIX_PATH}:/home/orientpine/Documents/hr35/install/excavator_trajectory_planning:/home/orientpine/Documents/hr35/install/excavator_track_simulation:/home/orientpine/Documents/hr35/install/excavator_signal_manager:/home/orientpine/Documents/hr35/install/excavator_control:/home/orientpine/Documents/hr35/install/excavator_test_hmi:/home/orientpine/Documents/hr35/install/excavator_task_management:/home/orientpine/robot_ws/install/ros2_aruco:/home/orientpine/robot_ws/install/pkg_rb10_apple:/opt/ros/humble /usr/bin/cmake /home/orientpine/robot_ws/src/ros2_aruco/ros2_aruco_interfaces -DAMENT_CMAKE_SYMLINK_INSTALL=1 -DCMAKE_INSTALL_PREFIX=/home/orientpine/robot_ws/install/ros2_aruco_interfaces
[0.521s] -- Found ament_cmake: 1.3.11 (/opt/ros/humble/share/ament_cmake/cmake)
[0.705s] -- Override CMake install command with custom implementation using symlinks instead of copying resources
[0.713s] -- Found geometry_msgs: 4.2.4 (/opt/ros/humble/share/geometry_msgs/cmake)
[0.752s] -- Found rosidl_generator_c: 3.1.6 (/opt/ros/humble/share/rosidl_generator_c/cmake)
[0.755s] -- Found rosidl_adapter: 3.1.6 (/opt/ros/humble/share/rosidl_adapter/cmake)
[0.761s] -- Found rosidl_generator_cpp: 3.1.6 (/opt/ros/humble/share/rosidl_generator_cpp/cmake)
[0.772s] -- Using all available rosidl_typesupport_c: rosidl_typesupport_fastrtps_c;rosidl_typesupport_introspection_c
[0.787s] -- Using all available rosidl_typesupport_cpp: rosidl_typesupport_fastrtps_cpp;rosidl_typesupport_introspection_cpp
[0.857s] -- Found rosidl_default_generators: 1.2.0 (/opt/ros/humble/share/rosidl_default_generators/cmake)
[1.297s] -- Found ament_cmake_ros: 0.10.0 (/opt/ros/humble/share/ament_cmake_ros/cmake)
[1.921s] -- Using all available rosidl_typesupport_c: rosidl_typesupport_fastrtps_c;rosidl_typesupport_introspection_c
[2.275s] -- Using all available rosidl_typesupport_cpp: rosidl_typesupport_fastrtps_cpp;rosidl_typesupport_introspection_cpp
[2.331s] -- Found python_cmake_module: 0.10.0 (/opt/ros/humble/share/python_cmake_module/cmake)
[2.393s] -- Using PYTHON_EXECUTABLE: /usr/bin/python3
[2.393s] -- Using PYTHON_INCLUDE_DIRS: /usr/include/python3.10
[2.394s] -- Using PYTHON_LIBRARIES: /usr/lib/x86_64-linux-gnu/libpython3.10.so
[2.500s] -- Found ament_lint_auto: 0.12.11 (/opt/ros/humble/share/ament_lint_auto/cmake)
[2.532s] -- Added test 'copyright' to check source files copyright and LICENSE
[2.535s] -- Added test 'lint_cmake' to check CMake code style
[2.536s] -- Added test 'xmllint' to check XML markup files
[2.541s] -- Configuring done
[2.610s] -- Generating done
[2.630s] -- Build files have been written to: /home/orientpine/robot_ws/build/ros2_aruco_interfaces
[2.641s] Invoked command in '/home/orientpine/robot_ws/build/ros2_aruco_interfaces' returned '0': CMAKE_PREFIX_PATH=${CMAKE_PREFIX_PATH}:/home/orientpine/Documents/hr35/install/excavator_trajectory_planning:/home/orientpine/Documents/hr35/install/excavator_track_simulation:/home/orientpine/Documents/hr35/install/excavator_signal_manager:/home/orientpine/Documents/hr35/install/excavator_control:/home/orientpine/Documents/hr35/install/excavator_test_hmi:/home/orientpine/Documents/hr35/install/excavator_task_management:/home/orientpine/robot_ws/install/ros2_aruco:/home/orientpine/robot_ws/install/pkg_rb10_apple:/opt/ros/humble /usr/bin/cmake /home/orientpine/robot_ws/src/ros2_aruco/ros2_aruco_interfaces -DAMENT_CMAKE_SYMLINK_INSTALL=1 -DCMAKE_INSTALL_PREFIX=/home/orientpine/robot_ws/install/ros2_aruco_interfaces
[2.645s] Invoking command in '/home/orientpine/robot_ws/build/ros2_aruco_interfaces': CMAKE_PREFIX_PATH=${CMAKE_PREFIX_PATH}:/home/orientpine/Documents/hr35/install/excavator_trajectory_planning:/home/orientpine/Documents/hr35/install/excavator_track_simulation:/home/orientpine/Documents/hr35/install/excavator_signal_manager:/home/orientpine/Documents/hr35/install/excavator_control:/home/orientpine/Documents/hr35/install/excavator_test_hmi:/home/orientpine/Documents/hr35/install/excavator_task_management:/home/orientpine/robot_ws/install/ros2_aruco:/home/orientpine/robot_ws/install/pkg_rb10_apple:/opt/ros/humble /usr/bin/cmake --build /home/orientpine/robot_ws/build/ros2_aruco_interfaces -- -j12 -l12
[2.822s] [35m[1mConsolidate compiler generated dependencies of target ros2_aruco_interfaces__rosidl_generator_c[0m
[2.869s] [  0%] Built target ament_cmake_python_symlink_ros2_aruco_interfaces
[2.872s] [  9%] Built target ros2_aruco_interfaces__rosidl_generator_c
[2.881s] [ 12%] Built target ros2_aruco_interfaces__cpp
[2.956s] [35m[1mConsolidate compiler generated dependencies of target ros2_aruco_interfaces__rosidl_typesupport_c[0m
[2.961s] [35m[1mConsolidate compiler generated dependencies of target ros2_aruco_interfaces__rosidl_typesupport_cpp[0m
[2.962s] [35m[1mConsolidate compiler generated dependencies of target ros2_aruco_interfaces__rosidl_typesupport_introspection_c[0m
[2.972s] [35m[1mConsolidate compiler generated dependencies of target ros2_aruco_interfaces__rosidl_typesupport_fastrtps_cpp[0m
[2.973s] [35m[1mConsolidate compiler generated dependencies of target ros2_aruco_interfaces__rosidl_typesupport_introspection_cpp[0m
[2.976s] [35m[1mConsolidate compiler generated dependencies of target ros2_aruco_interfaces__rosidl_typesupport_fastrtps_c[0m
[3.038s] [ 22%] Built target ros2_aruco_interfaces__rosidl_typesupport_c
[3.044s] [ 32%] Built target ros2_aruco_interfaces__rosidl_typesupport_introspection_c
[3.055s] [ 41%] Built target ros2_aruco_interfaces__rosidl_typesupport_introspection_cpp
[3.056s] [ 51%] Built target ros2_aruco_interfaces__rosidl_typesupport_fastrtps_c
[3.058s] [ 61%] Built target ros2_aruco_interfaces__rosidl_typesupport_fastrtps_cpp
[3.064s] [ 70%] Built target ros2_aruco_interfaces__rosidl_typesupport_cpp
[3.150s] [ 70%] Built target ros2_aruco_interfaces
[3.262s] [ 74%] Built target ros2_aruco_interfaces__py
[3.307s] [35m[1mConsolidate compiler generated dependencies of target ros2_aruco_interfaces__rosidl_generator_py[0m
[3.366s] [ 80%] Built target ros2_aruco_interfaces__rosidl_generator_py
[3.454s] [35m[1mConsolidate compiler generated dependencies of target ros2_aruco_interfaces__rosidl_typesupport_fastrtps_c__pyext[0m
[3.454s] [35m[1mConsolidate compiler generated dependencies of target ros2_aruco_interfaces__rosidl_typesupport_c__pyext[0m
[3.462s] [35m[1mConsolidate compiler generated dependencies of target ros2_aruco_interfaces__rosidl_typesupport_introspection_c__pyext[0m
[3.513s] [ 87%] Built target ros2_aruco_interfaces__rosidl_typesupport_c__pyext
[3.513s] [ 93%] Built target ros2_aruco_interfaces__rosidl_typesupport_fastrtps_c__pyext
[3.521s] [100%] Built target ros2_aruco_interfaces__rosidl_typesupport_introspection_c__pyext
[3.707s] running egg_info
[3.709s] writing ros2_aruco_interfaces.egg-info/PKG-INFO
[3.710s] writing dependency_links to ros2_aruco_interfaces.egg-info/dependency_links.txt
[3.710s] writing top-level names to ros2_aruco_interfaces.egg-info/top_level.txt
[3.719s] reading manifest file 'ros2_aruco_interfaces.egg-info/SOURCES.txt'
[3.720s] writing manifest file 'ros2_aruco_interfaces.egg-info/SOURCES.txt'
[3.770s] [100%] Built target ament_cmake_python_build_ros2_aruco_interfaces_egg
[3.908s] Invoked command in '/home/orientpine/robot_ws/build/ros2_aruco_interfaces' returned '0': CMAKE_PREFIX_PATH=${CMAKE_PREFIX_PATH}:/home/orientpine/Documents/hr35/install/excavator_trajectory_planning:/home/orientpine/Documents/hr35/install/excavator_track_simulation:/home/orientpine/Documents/hr35/install/excavator_signal_manager:/home/orientpine/Documents/hr35/install/excavator_control:/home/orientpine/Documents/hr35/install/excavator_test_hmi:/home/orientpine/Documents/hr35/install/excavator_task_management:/home/orientpine/robot_ws/install/ros2_aruco:/home/orientpine/robot_ws/install/pkg_rb10_apple:/opt/ros/humble /usr/bin/cmake --build /home/orientpine/robot_ws/build/ros2_aruco_interfaces -- -j12 -l12
[3.913s] Invoking command in '/home/orientpine/robot_ws/build/ros2_aruco_interfaces': CMAKE_PREFIX_PATH=${CMAKE_PREFIX_PATH}:/home/orientpine/Documents/hr35/install/excavator_trajectory_planning:/home/orientpine/Documents/hr35/install/excavator_track_simulation:/home/orientpine/Documents/hr35/install/excavator_signal_manager:/home/orientpine/Documents/hr35/install/excavator_control:/home/orientpine/Documents/hr35/install/excavator_test_hmi:/home/orientpine/Documents/hr35/install/excavator_task_management:/home/orientpine/robot_ws/install/ros2_aruco:/home/orientpine/robot_ws/install/pkg_rb10_apple:/opt/ros/humble /usr/bin/cmake --install /home/orientpine/robot_ws/build/ros2_aruco_interfaces
[3.935s] -- Install configuration: ""
[3.936s] -- Execute custom install script
[3.936s] -- Up-to-date symlink: /home/orientpine/robot_ws/install/ros2_aruco_interfaces/share/ament_index/resource_index/rosidl_interfaces/ros2_aruco_interfaces
[3.937s] -- Up-to-date symlink: /home/orientpine/robot_ws/install/ros2_aruco_interfaces/include/ros2_aruco_interfaces/ros2_aruco_interfaces/msg/aruco_markers.h
[3.937s] -- Up-to-date symlink: /home/orientpine/robot_ws/install/ros2_aruco_interfaces/include/ros2_aruco_interfaces/ros2_aruco_interfaces/msg/detail/aruco_markers__functions.h
[3.938s] -- Up-to-date symlink: /home/orientpine/robot_ws/install/ros2_aruco_interfaces/include/ros2_aruco_interfaces/ros2_aruco_interfaces/msg/detail/aruco_markers__struct.h
[3.938s] -- Up-to-date symlink: /home/orientpine/robot_ws/install/ros2_aruco_interfaces/include/ros2_aruco_interfaces/ros2_aruco_interfaces/msg/detail/aruco_markers__type_support.h
[3.938s] -- Up-to-date symlink: /home/orientpine/robot_ws/install/ros2_aruco_interfaces/include/ros2_aruco_interfaces/ros2_aruco_interfaces/msg/rosidl_generator_c__visibility_control.h
[3.938s] -- Up-to-date symlink: /home/orientpine/robot_ws/install/ros2_aruco_interfaces/share/ros2_aruco_interfaces/environment/library_path.sh
[3.938s] -- Up-to-date symlink: /home/orientpine/robot_ws/install/ros2_aruco_interfaces/share/ros2_aruco_interfaces/environment/library_path.dsv
[3.939s] -- Up-to-date symlink: /home/orientpine/robot_ws/install/ros2_aruco_interfaces/include/ros2_aruco_interfaces/ros2_aruco_interfaces/msg/detail/aruco_markers__rosidl_typesupport_fastrtps_c.h
[3.939s] -- Up-to-date symlink: /home/orientpine/robot_ws/install/ros2_aruco_interfaces/include/ros2_aruco_interfaces/ros2_aruco_interfaces/msg/rosidl_typesupport_fastrtps_c__visibility_control.h
[3.940s] -- Up-to-date symlink: /home/orientpine/robot_ws/install/ros2_aruco_interfaces/include/ros2_aruco_interfaces/ros2_aruco_interfaces/msg/aruco_markers.hpp
[3.940s] -- Up-to-date symlink: /home/orientpine/robot_ws/install/ros2_aruco_interfaces/include/ros2_aruco_interfaces/ros2_aruco_interfaces/msg/detail/aruco_markers__builder.hpp
[3.940s] -- Up-to-date symlink: /home/orientpine/robot_ws/install/ros2_aruco_interfaces/include/ros2_aruco_interfaces/ros2_aruco_interfaces/msg/detail/aruco_markers__struct.hpp
[3.940s] -- Up-to-date symlink: /home/orientpine/robot_ws/install/ros2_aruco_interfaces/include/ros2_aruco_interfaces/ros2_aruco_interfaces/msg/detail/aruco_markers__traits.hpp
[3.940s] -- Up-to-date symlink: /home/orientpine/robot_ws/install/ros2_aruco_interfaces/include/ros2_aruco_interfaces/ros2_aruco_interfaces/msg/detail/aruco_markers__type_support.hpp
[3.941s] -- Up-to-date symlink: /home/orientpine/robot_ws/install/ros2_aruco_interfaces/include/ros2_aruco_interfaces/ros2_aruco_interfaces/msg/rosidl_generator_cpp__visibility_control.hpp
[3.941s] -- Up-to-date symlink: /home/orientpine/robot_ws/install/ros2_aruco_interfaces/include/ros2_aruco_interfaces/ros2_aruco_interfaces/msg/detail/aruco_markers__rosidl_typesupport_fastrtps_cpp.hpp
[3.942s] -- Up-to-date symlink: /home/orientpine/robot_ws/install/ros2_aruco_interfaces/include/ros2_aruco_interfaces/ros2_aruco_interfaces/msg/rosidl_typesupport_fastrtps_cpp__visibility_control.h
[3.942s] -- Up-to-date symlink: /home/orientpine/robot_ws/install/ros2_aruco_interfaces/include/ros2_aruco_interfaces/ros2_aruco_interfaces/msg/detail/aruco_markers__rosidl_typesupport_introspection_c.h
[3.942s] -- Up-to-date symlink: /home/orientpine/robot_ws/install/ros2_aruco_interfaces/include/ros2_aruco_interfaces/ros2_aruco_interfaces/msg/rosidl_typesupport_introspection_c__visibility_control.h
[3.943s] -- Up-to-date symlink: /home/orientpine/robot_ws/install/ros2_aruco_interfaces/include/ros2_aruco_interfaces/ros2_aruco_interfaces/msg/detail/aruco_markers__rosidl_typesupport_introspection_cpp.hpp
[3.943s] -- Up-to-date symlink: /home/orientpine/robot_ws/install/ros2_aruco_interfaces/share/ros2_aruco_interfaces/environment/pythonpath.sh
[3.943s] -- Up-to-date symlink: /home/orientpine/robot_ws/install/ros2_aruco_interfaces/share/ros2_aruco_interfaces/environment/pythonpath.dsv
[3.944s] -- Up-to-date symlink: /home/orientpine/robot_ws/install/ros2_aruco_interfaces/local/lib/python3.10/dist-packages/ros2_aruco_interfaces-0.1.0-py3.10.egg-info/PKG-INFO
[3.944s] -- Up-to-date symlink: /home/orientpine/robot_ws/install/ros2_aruco_interfaces/local/lib/python3.10/dist-packages/ros2_aruco_interfaces-0.1.0-py3.10.egg-info/SOURCES.txt
[3.944s] -- Up-to-date symlink: /home/orientpine/robot_ws/install/ros2_aruco_interfaces/local/lib/python3.10/dist-packages/ros2_aruco_interfaces-0.1.0-py3.10.egg-info/dependency_links.txt
[3.944s] -- Up-to-date symlink: /home/orientpine/robot_ws/install/ros2_aruco_interfaces/local/lib/python3.10/dist-packages/ros2_aruco_interfaces-0.1.0-py3.10.egg-info/top_level.txt
[3.945s] -- Up-to-date symlink: /home/orientpine/robot_ws/install/ros2_aruco_interfaces/local/lib/python3.10/dist-packages/ros2_aruco_interfaces/__init__.py
[3.946s] -- Up-to-date symlink: /home/orientpine/robot_ws/install/ros2_aruco_interfaces/local/lib/python3.10/dist-packages/ros2_aruco_interfaces/_ros2_aruco_interfaces_s.ep.rosidl_typesupport_c.c
[3.946s] -- Up-to-date symlink: /home/orientpine/robot_ws/install/ros2_aruco_interfaces/local/lib/python3.10/dist-packages/ros2_aruco_interfaces/_ros2_aruco_interfaces_s.ep.rosidl_typesupport_fastrtps_c.c
[3.946s] -- Up-to-date symlink: /home/orientpine/robot_ws/install/ros2_aruco_interfaces/local/lib/python3.10/dist-packages/ros2_aruco_interfaces/_ros2_aruco_interfaces_s.ep.rosidl_typesupport_introspection_c.c
[3.946s] -- Up-to-date symlink: /home/orientpine/robot_ws/install/ros2_aruco_interfaces/local/lib/python3.10/dist-packages/ros2_aruco_interfaces/libros2_aruco_interfaces__rosidl_generator_py.so
[3.946s] -- Up-to-date symlink: /home/orientpine/robot_ws/install/ros2_aruco_interfaces/local/lib/python3.10/dist-packages/ros2_aruco_interfaces/msg/__init__.py
[3.946s] -- Up-to-date symlink: /home/orientpine/robot_ws/install/ros2_aruco_interfaces/local/lib/python3.10/dist-packages/ros2_aruco_interfaces/msg/_aruco_markers.py
[3.947s] -- Up-to-date symlink: /home/orientpine/robot_ws/install/ros2_aruco_interfaces/local/lib/python3.10/dist-packages/ros2_aruco_interfaces/msg/_aruco_markers_s.c
[3.947s] -- Up-to-date symlink: /home/orientpine/robot_ws/install/ros2_aruco_interfaces/local/lib/python3.10/dist-packages/ros2_aruco_interfaces/ros2_aruco_interfaces_s__rosidl_typesupport_c.cpython-310-x86_64-linux-gnu.so
[3.947s] -- Up-to-date symlink: /home/orientpine/robot_ws/install/ros2_aruco_interfaces/local/lib/python3.10/dist-packages/ros2_aruco_interfaces/ros2_aruco_interfaces_s__rosidl_typesupport_fastrtps_c.cpython-310-x86_64-linux-gnu.so
[3.947s] -- Up-to-date symlink: /home/orientpine/robot_ws/install/ros2_aruco_interfaces/local/lib/python3.10/dist-packages/ros2_aruco_interfaces/ros2_aruco_interfaces_s__rosidl_typesupport_introspection_c.cpython-310-x86_64-linux-gnu.so
[3.947s] -- Up-to-date symlink: /home/orientpine/robot_ws/install/ros2_aruco_interfaces/local/lib/python3.10/dist-packages/ros2_aruco_interfaces/ros2_aruco_interfaces_s__rosidl_typesupport_fastrtps_c.cpython-310-x86_64-linux-gnu.so
[3.948s] -- Up-to-date symlink: /home/orientpine/robot_ws/install/ros2_aruco_interfaces/local/lib/python3.10/dist-packages/ros2_aruco_interfaces/ros2_aruco_interfaces_s__rosidl_typesupport_introspection_c.cpython-310-x86_64-linux-gnu.so
[3.948s] -- Up-to-date symlink: /home/orientpine/robot_ws/install/ros2_aruco_interfaces/local/lib/python3.10/dist-packages/ros2_aruco_interfaces/ros2_aruco_interfaces_s__rosidl_typesupport_c.cpython-310-x86_64-linux-gnu.so
[3.949s] -- Up-to-date symlink: /home/orientpine/robot_ws/install/ros2_aruco_interfaces/share/ros2_aruco_interfaces/msg/ArucoMarkers.idl
[3.949s] -- Up-to-date symlink: /home/orientpine/robot_ws/install/ros2_aruco_interfaces/share/ros2_aruco_interfaces/msg/ArucoMarkers.msg
[3.949s] -- Up-to-date symlink: /home/orientpine/robot_ws/install/ros2_aruco_interfaces/share/ament_index/resource_index/package_run_dependencies/ros2_aruco_interfaces
[3.949s] -- Up-to-date symlink: /home/orientpine/robot_ws/install/ros2_aruco_interfaces/share/ament_index/resource_index/parent_prefix_path/ros2_aruco_interfaces
[3.950s] -- Up-to-date symlink: /home/orientpine/robot_ws/install/ros2_aruco_interfaces/share/ros2_aruco_interfaces/environment/ament_prefix_path.sh
[3.950s] -- Up-to-date symlink: /home/orientpine/robot_ws/install/ros2_aruco_interfaces/share/ros2_aruco_interfaces/environment/ament_prefix_path.dsv
[3.950s] -- Up-to-date symlink: /home/orientpine/robot_ws/install/ros2_aruco_interfaces/share/ros2_aruco_interfaces/environment/path.sh
[3.950s] -- Up-to-date symlink: /home/orientpine/robot_ws/install/ros2_aruco_interfaces/share/ros2_aruco_interfaces/environment/path.dsv
[3.951s] -- Up-to-date symlink: /home/orientpine/robot_ws/install/ros2_aruco_interfaces/share/ros2_aruco_interfaces/local_setup.bash
[3.951s] -- Up-to-date symlink: /home/orientpine/robot_ws/install/ros2_aruco_interfaces/share/ros2_aruco_interfaces/local_setup.sh
[3.951s] -- Up-to-date symlink: /home/orientpine/robot_ws/install/ros2_aruco_interfaces/share/ros2_aruco_interfaces/local_setup.zsh
[3.951s] -- Up-to-date symlink: /home/orientpine/robot_ws/install/ros2_aruco_interfaces/share/ros2_aruco_interfaces/local_setup.dsv
[3.952s] -- Symlinking: /home/orientpine/robot_ws/install/ros2_aruco_interfaces/share/ros2_aruco_interfaces/package.dsv
[3.976s] -- Up-to-date symlink: /home/orientpine/robot_ws/install/ros2_aruco_interfaces/share/ament_index/resource_index/packages/ros2_aruco_interfaces
[3.976s] -- Up-to-date symlink: /home/orientpine/robot_ws/install/ros2_aruco_interfaces/share/ros2_aruco_interfaces/cmake/rosidl_cmake-extras.cmake
[3.976s] -- Up-to-date symlink: /home/orientpine/robot_ws/install/ros2_aruco_interfaces/share/ros2_aruco_interfaces/cmake/ament_cmake_export_dependencies-extras.cmake
[3.977s] -- Up-to-date symlink: /home/orientpine/robot_ws/install/ros2_aruco_interfaces/share/ros2_aruco_interfaces/cmake/ament_cmake_export_include_directories-extras.cmake
[3.977s] -- Up-to-date symlink: /home/orientpine/robot_ws/install/ros2_aruco_interfaces/share/ros2_aruco_interfaces/cmake/ament_cmake_export_libraries-extras.cmake
[3.977s] -- Up-to-date symlink: /home/orientpine/robot_ws/install/ros2_aruco_interfaces/share/ros2_aruco_interfaces/cmake/ament_cmake_export_targets-extras.cmake
[3.978s] -- Up-to-date symlink: /home/orientpine/robot_ws/install/ros2_aruco_interfaces/share/ros2_aruco_interfaces/cmake/rosidl_cmake_export_typesupport_targets-extras.cmake
[3.978s] -- Up-to-date symlink: /home/orientpine/robot_ws/install/ros2_aruco_interfaces/share/ros2_aruco_interfaces/cmake/rosidl_cmake_export_typesupport_libraries-extras.cmake
[3.978s] -- Up-to-date symlink: /home/orientpine/robot_ws/install/ros2_aruco_interfaces/share/ros2_aruco_interfaces/cmake/ros2_aruco_interfacesConfig.cmake
[3.978s] -- Up-to-date symlink: /home/orientpine/robot_ws/install/ros2_aruco_interfaces/share/ros2_aruco_interfaces/cmake/ros2_aruco_interfacesConfig-version.cmake
[3.978s] -- Up-to-date symlink: /home/orientpine/robot_ws/install/ros2_aruco_interfaces/share/ros2_aruco_interfaces/package.xml
[3.979s] -- Up-to-date: /home/orientpine/robot_ws/install/ros2_aruco_interfaces/lib/libros2_aruco_interfaces__rosidl_generator_c.so
[3.980s] -- Up-to-date: /home/orientpine/robot_ws/install/ros2_aruco_interfaces/lib/libros2_aruco_interfaces__rosidl_typesupport_fastrtps_c.so
[3.981s] -- Up-to-date: /home/orientpine/robot_ws/install/ros2_aruco_interfaces/lib/libros2_aruco_interfaces__rosidl_typesupport_fastrtps_cpp.so
[3.982s] -- Up-to-date: /home/orientpine/robot_ws/install/ros2_aruco_interfaces/lib/libros2_aruco_interfaces__rosidl_typesupport_introspection_c.so
[3.982s] -- Up-to-date: /home/orientpine/robot_ws/install/ros2_aruco_interfaces/lib/libros2_aruco_interfaces__rosidl_typesupport_c.so
[3.983s] -- Up-to-date: /home/orientpine/robot_ws/install/ros2_aruco_interfaces/lib/libros2_aruco_interfaces__rosidl_typesupport_introspection_cpp.so
[3.984s] -- Up-to-date: /home/orientpine/robot_ws/install/ros2_aruco_interfaces/lib/libros2_aruco_interfaces__rosidl_typesupport_cpp.so
[4.065s] Listing '/home/orientpine/robot_ws/install/ros2_aruco_interfaces/local/lib/python3.10/dist-packages/ros2_aruco_interfaces'...
[4.065s] Compiling '/home/orientpine/robot_ws/install/ros2_aruco_interfaces/local/lib/python3.10/dist-packages/ros2_aruco_interfaces/__init__.py'...
[4.065s] Listing '/home/orientpine/robot_ws/install/ros2_aruco_interfaces/local/lib/python3.10/dist-packages/ros2_aruco_interfaces/msg'...
[4.072s] -- Up-to-date: /home/orientpine/robot_ws/install/ros2_aruco_interfaces/lib/libros2_aruco_interfaces__rosidl_generator_py.so
[4.076s] -- Up-to-date: /home/orientpine/robot_ws/install/ros2_aruco_interfaces/share/ros2_aruco_interfaces/cmake/export_ros2_aruco_interfaces__rosidl_generator_cExport.cmake
[4.076s] -- Up-to-date: /home/orientpine/robot_ws/install/ros2_aruco_interfaces/share/ros2_aruco_interfaces/cmake/export_ros2_aruco_interfaces__rosidl_generator_cExport-noconfig.cmake
[4.076s] -- Up-to-date: /home/orientpine/robot_ws/install/ros2_aruco_interfaces/share/ros2_aruco_interfaces/cmake/export_ros2_aruco_interfaces__rosidl_typesupport_fastrtps_cExport.cmake
[4.077s] -- Up-to-date: /home/orientpine/robot_ws/install/ros2_aruco_interfaces/share/ros2_aruco_interfaces/cmake/export_ros2_aruco_interfaces__rosidl_typesupport_fastrtps_cExport-noconfig.cmake
[4.077s] -- Up-to-date: /home/orientpine/robot_ws/install/ros2_aruco_interfaces/share/ros2_aruco_interfaces/cmake/export_ros2_aruco_interfaces__rosidl_generator_cppExport.cmake
[4.077s] -- Up-to-date: /home/orientpine/robot_ws/install/ros2_aruco_interfaces/share/ros2_aruco_interfaces/cmake/export_ros2_aruco_interfaces__rosidl_typesupport_fastrtps_cppExport.cmake
[4.077s] -- Up-to-date: /home/orientpine/robot_ws/install/ros2_aruco_interfaces/share/ros2_aruco_interfaces/cmake/export_ros2_aruco_interfaces__rosidl_typesupport_fastrtps_cppExport-noconfig.cmake
[4.077s] -- Up-to-date: /home/orientpine/robot_ws/install/ros2_aruco_interfaces/share/ros2_aruco_interfaces/cmake/ros2_aruco_interfaces__rosidl_typesupport_introspection_cExport.cmake
[4.078s] -- Up-to-date: /home/orientpine/robot_ws/install/ros2_aruco_interfaces/share/ros2_aruco_interfaces/cmake/ros2_aruco_interfaces__rosidl_typesupport_introspection_cExport-noconfig.cmake
[4.078s] -- Up-to-date: /home/orientpine/robot_ws/install/ros2_aruco_interfaces/share/ros2_aruco_interfaces/cmake/ros2_aruco_interfaces__rosidl_typesupport_cExport.cmake
[4.078s] -- Up-to-date: /home/orientpine/robot_ws/install/ros2_aruco_interfaces/share/ros2_aruco_interfaces/cmake/ros2_aruco_interfaces__rosidl_typesupport_cExport-noconfig.cmake
[4.078s] -- Up-to-date: /home/orientpine/robot_ws/install/ros2_aruco_interfaces/share/ros2_aruco_interfaces/cmake/ros2_aruco_interfaces__rosidl_typesupport_introspection_cppExport.cmake
[4.078s] -- Up-to-date: /home/orientpine/robot_ws/install/ros2_aruco_interfaces/share/ros2_aruco_interfaces/cmake/ros2_aruco_interfaces__rosidl_typesupport_introspection_cppExport-noconfig.cmake
[4.078s] -- Up-to-date: /home/orientpine/robot_ws/install/ros2_aruco_interfaces/share/ros2_aruco_interfaces/cmake/ros2_aruco_interfaces__rosidl_typesupport_cppExport.cmake
[4.079s] -- Up-to-date: /home/orientpine/robot_ws/install/ros2_aruco_interfaces/share/ros2_aruco_interfaces/cmake/ros2_aruco_interfaces__rosidl_typesupport_cppExport-noconfig.cmake
[4.079s] -- Up-to-date: /home/orientpine/robot_ws/install/ros2_aruco_interfaces/share/ros2_aruco_interfaces/cmake/export_ros2_aruco_interfaces__rosidl_generator_pyExport.cmake
[4.083s] -- Up-to-date: /home/orientpine/robot_ws/install/ros2_aruco_interfaces/share/ros2_aruco_interfaces/cmake/export_ros2_aruco_interfaces__rosidl_generator_pyExport-noconfig.cmake
[4.086s] Invoked command in '/home/orientpine/robot_ws/build/ros2_aruco_interfaces' returned '0': CMAKE_PREFIX_PATH=${CMAKE_PREFIX_PATH}:/home/orientpine/Documents/hr35/install/excavator_trajectory_planning:/home/orientpine/Documents/hr35/install/excavator_track_simulation:/home/orientpine/Documents/hr35/install/excavator_signal_manager:/home/orientpine/Documents/hr35/install/excavator_control:/home/orientpine/Documents/hr35/install/excavator_test_hmi:/home/orientpine/Documents/hr35/install/excavator_task_management:/home/orientpine/robot_ws/install/ros2_aruco:/home/orientpine/robot_ws/install/pkg_rb10_apple:/opt/ros/humble /usr/bin/cmake --install /home/orientpine/robot_ws/build/ros2_aruco_interfaces
