[1.534s] Invoking command in '/home/orientpine/robot_ws/build/pkg_rb10_apple': CMAKE_PREFIX_PATH=/home/orientpine/robot_ws/install/interface_rb10_apple:/home/orientpine/Documents/hr35/install/msg_gps_interface:/home/orientpine/Documents/hr35/install/msg_excavator_kine_interface:/home/orientpine/Documents/hr35/install/excavator_msgs:/home/orientpine/robot_ws/install/ros2_aruco_interfaces LD_LIBRARY_PATH=/home/orientpine/robot_ws/install/interface_rb10_apple/lib:/home/orientpine/Documents/hr35/install/msg_gps_interface/lib:/home/orientpine/Documents/hr35/install/msg_excavator_kine_interface/lib:/home/orientpine/Documents/hr35/install/excavator_msgs/lib:/home/orientpine/robot_ws/install/ros2_aruco_interfaces/lib:/opt/ros/humble/opt/rviz_ogre_vendor/lib:/opt/ros/humble/lib/x86_64-linux-gnu:/opt/ros/humble/lib:/tmp/.mount_CursorLc4Pys/usr/lib/:/tmp/.mount_CursorLc4Pys/usr/lib32/:/tmp/.mount_CursorLc4Pys/usr/lib64/:/tmp/.mount_CursorLc4Pys/lib/:/tmp/.mount_CursorLc4Pys/lib/i386-linux-gnu/:/tmp/.mount_CursorLc4Pys/lib/x86_64-linux-gnu/:/tmp/.mount_CursorLc4Pys/lib/aarch64-linux-gnu/:/tmp/.mount_CursorLc4Pys/lib32/:/tmp/.mount_CursorLc4Pys/lib64/ PYTHONPATH=/home/orientpine/robot_ws/build/pkg_rb10_apple/prefix_override:/usr/lib/python3/dist-packages/colcon_core/task/python/colcon_distutils_commands:/home/orientpine/robot_ws/install/pkg_rb10_apple/lib/python3.10/site-packages:${PYTHONPATH} /usr/bin/python3 -W ignore:setup.py install is deprecated -W ignore:easy_install command is deprecated setup.py develop --editable --build-directory /home/orientpine/robot_ws/build/pkg_rb10_apple/build --no-deps symlink_data --force
[2.118s] running develop
[2.479s] running egg_info
[2.479s] writing pkg_rb10_apple.egg-info/PKG-INFO
[2.479s] writing dependency_links to pkg_rb10_apple.egg-info/dependency_links.txt
[2.480s] writing entry points to pkg_rb10_apple.egg-info/entry_points.txt
[2.480s] writing requirements to pkg_rb10_apple.egg-info/requires.txt
[2.480s] writing top-level names to pkg_rb10_apple.egg-info/top_level.txt
[2.483s] reading manifest file 'pkg_rb10_apple.egg-info/SOURCES.txt'
[2.484s] writing manifest file 'pkg_rb10_apple.egg-info/SOURCES.txt'
[2.486s] running build_ext
[2.486s] Creating /home/orientpine/robot_ws/install/pkg_rb10_apple/lib/python3.10/site-packages/pkg-rb10-apple.egg-link (link to .)
[2.488s] Installing robot_connect_control_server script to /home/orientpine/robot_ws/install/pkg_rb10_apple/lib/pkg_rb10_apple
[2.488s] Installing robot_info_publisher script to /home/orientpine/robot_ws/install/pkg_rb10_apple/lib/pkg_rb10_apple
[2.488s] Installing robot_joint_control_server script to /home/orientpine/robot_ws/install/pkg_rb10_apple/lib/pkg_rb10_apple
[2.489s] Installing robot_mode_control_client script to /home/orientpine/robot_ws/install/pkg_rb10_apple/lib/pkg_rb10_apple
[2.489s] Installing robot_mode_control_server script to /home/orientpine/robot_ws/install/pkg_rb10_apple/lib/pkg_rb10_apple
[2.489s] Installing robot_tcp_control_server script to /home/orientpine/robot_ws/install/pkg_rb10_apple/lib/pkg_rb10_apple
[2.489s] Installing robot_tracking_aruco_server script to /home/orientpine/robot_ws/install/pkg_rb10_apple/lib/pkg_rb10_apple
[2.489s] 
[2.489s] Installed /home/orientpine/robot_ws/build/pkg_rb10_apple
[2.490s] running symlink_data
[2.490s] symbolically linking /home/orientpine/robot_ws/build/pkg_rb10_apple/resource/pkg_rb10_apple -> /home/orientpine/robot_ws/install/pkg_rb10_apple/share/ament_index/resource_index/packages
[2.490s] symbolically linking /home/orientpine/robot_ws/build/pkg_rb10_apple/package.xml -> /home/orientpine/robot_ws/install/pkg_rb10_apple/share/pkg_rb10_apple
[2.492s] symbolically linking /home/orientpine/robot_ws/build/pkg_rb10_apple/launch/rb10_roas.launch.py -> /home/orientpine/robot_ws/install/pkg_rb10_apple/share/pkg_rb10_apple/launch
[2.536s] Invoked command in '/home/orientpine/robot_ws/build/pkg_rb10_apple' returned '0': CMAKE_PREFIX_PATH=/home/orientpine/robot_ws/install/interface_rb10_apple:/home/orientpine/Documents/hr35/install/msg_gps_interface:/home/orientpine/Documents/hr35/install/msg_excavator_kine_interface:/home/orientpine/Documents/hr35/install/excavator_msgs:/home/orientpine/robot_ws/install/ros2_aruco_interfaces LD_LIBRARY_PATH=/home/orientpine/robot_ws/install/interface_rb10_apple/lib:/home/orientpine/Documents/hr35/install/msg_gps_interface/lib:/home/orientpine/Documents/hr35/install/msg_excavator_kine_interface/lib:/home/orientpine/Documents/hr35/install/excavator_msgs/lib:/home/orientpine/robot_ws/install/ros2_aruco_interfaces/lib:/opt/ros/humble/opt/rviz_ogre_vendor/lib:/opt/ros/humble/lib/x86_64-linux-gnu:/opt/ros/humble/lib:/tmp/.mount_CursorLc4Pys/usr/lib/:/tmp/.mount_CursorLc4Pys/usr/lib32/:/tmp/.mount_CursorLc4Pys/usr/lib64/:/tmp/.mount_CursorLc4Pys/lib/:/tmp/.mount_CursorLc4Pys/lib/i386-linux-gnu/:/tmp/.mount_CursorLc4Pys/lib/x86_64-linux-gnu/:/tmp/.mount_CursorLc4Pys/lib/aarch64-linux-gnu/:/tmp/.mount_CursorLc4Pys/lib32/:/tmp/.mount_CursorLc4Pys/lib64/ PYTHONPATH=/home/orientpine/robot_ws/build/pkg_rb10_apple/prefix_override:/usr/lib/python3/dist-packages/colcon_core/task/python/colcon_distutils_commands:/home/orientpine/robot_ws/install/pkg_rb10_apple/lib/python3.10/site-packages:${PYTHONPATH} /usr/bin/python3 -W ignore:setup.py install is deprecated -W ignore:easy_install command is deprecated setup.py develop --editable --build-directory /home/orientpine/robot_ws/build/pkg_rb10_apple/build --no-deps symlink_data --force
