[1.113s] Invoking command in '/home/orientpine/robot_ws/build/ros2_aruco': CONDA_PROMPT_MODIFIER=(rb) PYTHONPATH=/home/orientpine/robot_ws/build/ros2_aruco/prefix_override:/usr/lib/python3/dist-packages/colcon_core/task/python/colcon_distutils_commands:/home/orientpine/robot_ws/install/ros2_aruco/lib/python3.10/site-packages:${PYTHONPATH} /usr/bin/python3 -W ignore:setup.py install is deprecated -W ignore:easy_install command is deprecated setup.py develop --editable --build-directory /home/orientpine/robot_ws/build/ros2_aruco/build --no-deps symlink_data
[1.626s] running develop
[1.925s] running egg_info
[1.926s] creating ros2_aruco.egg-info
[1.926s] writing ros2_aruco.egg-info/PKG-INFO
[1.926s] writing dependency_links to ros2_aruco.egg-info/dependency_links.txt
[1.927s] writing entry points to ros2_aruco.egg-info/entry_points.txt
[1.927s] writing requirements to ros2_aruco.egg-info/requires.txt
[1.927s] writing top-level names to ros2_aruco.egg-info/top_level.txt
[1.927s] writing manifest file 'ros2_aruco.egg-info/SOURCES.txt'
[1.930s] reading manifest file 'ros2_aruco.egg-info/SOURCES.txt'
[1.931s] writing manifest file 'ros2_aruco.egg-info/SOURCES.txt'
[1.934s] running build_ext
[1.934s] Creating /home/orientpine/robot_ws/install/ros2_aruco/lib/python3.10/site-packages/ros2-aruco.egg-link (link to .)
[1.935s] Installing aruco_generate_marker script to /home/orientpine/robot_ws/install/ros2_aruco/lib/ros2_aruco
[1.936s] Installing aruco_node script to /home/orientpine/robot_ws/install/ros2_aruco/lib/ros2_aruco
[1.936s] Installing aruco_node_rs script to /home/orientpine/robot_ws/install/ros2_aruco/lib/ros2_aruco
[1.936s] 
[1.936s] Installed /home/orientpine/robot_ws/build/ros2_aruco
[1.937s] running symlink_data
[1.937s] creating /home/orientpine/robot_ws/install/ros2_aruco/share/ament_index
[1.937s] creating /home/orientpine/robot_ws/install/ros2_aruco/share/ament_index/resource_index
[1.937s] creating /home/orientpine/robot_ws/install/ros2_aruco/share/ament_index/resource_index/packages
[1.938s] symbolically linking /home/orientpine/robot_ws/build/ros2_aruco/resource/ros2_aruco -> /home/orientpine/robot_ws/install/ros2_aruco/share/ament_index/resource_index/packages
[1.938s] symbolically linking /home/orientpine/robot_ws/build/ros2_aruco/package.xml -> /home/orientpine/robot_ws/install/ros2_aruco/share/ros2_aruco
[1.938s] creating /home/orientpine/robot_ws/install/ros2_aruco/share/ros2_aruco/launch
[1.938s] symbolically linking /home/orientpine/robot_ws/build/ros2_aruco/launch/aruco_recognition_rs.launch.py -> /home/orientpine/robot_ws/install/ros2_aruco/share/ros2_aruco/launch
[1.938s] symbolically linking /home/orientpine/robot_ws/build/ros2_aruco/launch/aruco_recognition.launch.py -> /home/orientpine/robot_ws/install/ros2_aruco/share/ros2_aruco/launch
[1.939s] creating /home/orientpine/robot_ws/install/ros2_aruco/share/ros2_aruco/config
[1.939s] symbolically linking /home/orientpine/robot_ws/build/ros2_aruco/config/aruco_parameters_rs.yaml -> /home/orientpine/robot_ws/install/ros2_aruco/share/ros2_aruco/config
[1.939s] symbolically linking /home/orientpine/robot_ws/build/ros2_aruco/config/aruco_parameters.yaml -> /home/orientpine/robot_ws/install/ros2_aruco/share/ros2_aruco/config
