[0.745s] Invoking command in '/home/orientpine/robot_ws/src/pkg_rb10_apple': AMENT_PREFIX_PATH=/home/orientpine/robot_ws/install/interface_rb10_apple CMAKE_PREFIX_PATH=/home/orientpine/robot_ws/install/interface_rb10_apple LD_LIBRARY_PATH=/home/orientpine/robot_ws/install/interface_rb10_apple/lib:/tmp/.mount_CursorLc4Pys/usr/lib/:/tmp/.mount_CursorLc4Pys/usr/lib32/:/tmp/.mount_CursorLc4Pys/usr/lib64/:/tmp/.mount_CursorLc4Pys/lib/:/tmp/.mount_CursorLc4Pys/lib/i386-linux-gnu/:/tmp/.mount_CursorLc4Pys/lib/x86_64-linux-gnu/:/tmp/.mount_CursorLc4Pys/lib/aarch64-linux-gnu/:/tmp/.mount_CursorLc4Pys/lib32/:/tmp/.mount_CursorLc4Pys/lib64/ PYTHONPATH=/home/orientpine/robot_ws/build/pkg_rb10_apple/prefix_override:/usr/lib/python3/dist-packages/colcon_core/task/python/colcon_distutils_commands:/home/orientpine/robot_ws/install/pkg_rb10_apple/lib/python3.10/site-packages:/home/orientpine/robot_ws/install/interface_rb10_apple/local/lib/python3.10/dist-packages /usr/bin/python3 -W ignore:setup.py install is deprecated -W ignore:easy_install command is deprecated setup.py egg_info --egg-base ../../build/pkg_rb10_apple build --build-base /home/orientpine/robot_ws/build/pkg_rb10_apple/build install --record /home/orientpine/robot_ws/build/pkg_rb10_apple/install.log --single-version-externally-managed install_data
[1.032s] running egg_info
[1.032s] writing ../../build/pkg_rb10_apple/pkg_rb10_apple.egg-info/PKG-INFO
[1.033s] writing dependency_links to ../../build/pkg_rb10_apple/pkg_rb10_apple.egg-info/dependency_links.txt
[1.033s] writing entry points to ../../build/pkg_rb10_apple/pkg_rb10_apple.egg-info/entry_points.txt
[1.033s] writing requirements to ../../build/pkg_rb10_apple/pkg_rb10_apple.egg-info/requires.txt
[1.034s] writing top-level names to ../../build/pkg_rb10_apple/pkg_rb10_apple.egg-info/top_level.txt
[1.045s] reading manifest file '../../build/pkg_rb10_apple/pkg_rb10_apple.egg-info/SOURCES.txt'
[1.045s] writing manifest file '../../build/pkg_rb10_apple/pkg_rb10_apple.egg-info/SOURCES.txt'
[1.045s] running build
[1.045s] running build_py
[1.046s] running install
[1.046s] running install_lib
[1.047s] running install_data
[1.048s] copying resource/pkg-rb10-apple -> /home/orientpine/robot_ws/install/pkg_rb10_apple/share/ament_index/resource_index/packages
[1.048s] creating /home/orientpine/robot_ws/install/pkg_rb10_apple/share/pkg-rb10-apple
[1.048s] copying package.xml -> /home/orientpine/robot_ws/install/pkg_rb10_apple/share/pkg-rb10-apple
[1.049s] creating /home/orientpine/robot_ws/install/pkg_rb10_apple/share/pkg-rb10-apple/launch
[1.049s] copying launch/rb10_roas.launch.py -> /home/orientpine/robot_ws/install/pkg_rb10_apple/share/pkg-rb10-apple/launch
[1.049s] running install_egg_info
[1.053s] Copying ../../build/pkg_rb10_apple/pkg_rb10_apple.egg-info to /home/orientpine/robot_ws/install/pkg_rb10_apple/lib/python3.10/site-packages/pkg_rb10_apple-0.0.0-py3.10.egg-info
[1.054s] running install_scripts
[1.087s] Installing robot_connect_control_server script to /home/orientpine/robot_ws/install/pkg_rb10_apple/lib/pkg_rb10_apple
[1.088s] Installing robot_info_publisher script to /home/orientpine/robot_ws/install/pkg_rb10_apple/lib/pkg_rb10_apple
[1.088s] Installing robot_joint_control_server script to /home/orientpine/robot_ws/install/pkg_rb10_apple/lib/pkg_rb10_apple
[1.089s] Installing robot_mode_control_client script to /home/orientpine/robot_ws/install/pkg_rb10_apple/lib/pkg_rb10_apple
[1.089s] Installing robot_mode_control_server script to /home/orientpine/robot_ws/install/pkg_rb10_apple/lib/pkg_rb10_apple
[1.089s] Installing robot_tcp_control_server script to /home/orientpine/robot_ws/install/pkg_rb10_apple/lib/pkg_rb10_apple
[1.089s] Installing robot_tracking_aruco_server script to /home/orientpine/robot_ws/install/pkg_rb10_apple/lib/pkg_rb10_apple
[1.090s] writing list of installed files to '/home/orientpine/robot_ws/build/pkg_rb10_apple/install.log'
[1.129s] Invoked command in '/home/orientpine/robot_ws/src/pkg_rb10_apple' returned '0': AMENT_PREFIX_PATH=/home/orientpine/robot_ws/install/interface_rb10_apple CMAKE_PREFIX_PATH=/home/orientpine/robot_ws/install/interface_rb10_apple LD_LIBRARY_PATH=/home/orientpine/robot_ws/install/interface_rb10_apple/lib:/tmp/.mount_CursorLc4Pys/usr/lib/:/tmp/.mount_CursorLc4Pys/usr/lib32/:/tmp/.mount_CursorLc4Pys/usr/lib64/:/tmp/.mount_CursorLc4Pys/lib/:/tmp/.mount_CursorLc4Pys/lib/i386-linux-gnu/:/tmp/.mount_CursorLc4Pys/lib/x86_64-linux-gnu/:/tmp/.mount_CursorLc4Pys/lib/aarch64-linux-gnu/:/tmp/.mount_CursorLc4Pys/lib32/:/tmp/.mount_CursorLc4Pys/lib64/ PYTHONPATH=/home/orientpine/robot_ws/build/pkg_rb10_apple/prefix_override:/usr/lib/python3/dist-packages/colcon_core/task/python/colcon_distutils_commands:/home/orientpine/robot_ws/install/pkg_rb10_apple/lib/python3.10/site-packages:/home/orientpine/robot_ws/install/interface_rb10_apple/local/lib/python3.10/dist-packages /usr/bin/python3 -W ignore:setup.py install is deprecated -W ignore:easy_install command is deprecated setup.py egg_info --egg-base ../../build/pkg_rb10_apple build --build-base /home/orientpine/robot_ws/build/pkg_rb10_apple/build install --record /home/orientpine/robot_ws/build/pkg_rb10_apple/install.log --single-version-externally-managed install_data
