[1.179s] Invoking command in '/home/orientpine/robot_ws/build/pkg_rb10_apple': AMENT_PREFIX_PATH=/home/orientpine/robot_ws/install/interface_rb10_apple:${AMENT_PREFIX_PATH} CMAKE_PREFIX_PATH=/home/orientpine/robot_ws/install/interface_rb10_apple LD_LIBRARY_PATH=/home/orientpine/robot_ws/install/interface_rb10_apple/lib:${LD_LIBRARY_PATH} PYTHONPATH=/home/orientpine/robot_ws/build/pkg_rb10_apple/prefix_override:/usr/lib/python3/dist-packages/colcon_core/task/python/colcon_distutils_commands:/home/orientpine/robot_ws/install/pkg_rb10_apple/lib/python3.10/site-packages:/home/orientpine/robot_ws/install/interface_rb10_apple/lib/python3.11/site-packages:${PYTHONPATH} /usr/bin/python3 -W ignore:setup.py install is deprecated -W ignore:easy_install command is deprecated setup.py develop --editable --build-directory /home/orientpine/robot_ws/build/pkg_rb10_apple/build --no-deps symlink_data
[1.679s] running develop
[1.974s] running egg_info
[1.975s] writing pkg_rb10_apple.egg-info/PKG-INFO
[1.975s] writing dependency_links to pkg_rb10_apple.egg-info/dependency_links.txt
[1.975s] writing entry points to pkg_rb10_apple.egg-info/entry_points.txt
[1.975s] writing requirements to pkg_rb10_apple.egg-info/requires.txt
[1.976s] writing top-level names to pkg_rb10_apple.egg-info/top_level.txt
[1.979s] reading manifest file 'pkg_rb10_apple.egg-info/SOURCES.txt'
[1.981s] writing manifest file 'pkg_rb10_apple.egg-info/SOURCES.txt'
[1.982s] running build_ext
[1.983s] Creating /home/orientpine/robot_ws/install/pkg_rb10_apple/lib/python3.10/site-packages/pkg-rb10-apple.egg-link (link to .)
[1.984s] Installing robot_connect_control_server script to /home/orientpine/robot_ws/install/pkg_rb10_apple/lib/pkg_rb10_apple
[1.984s] Installing robot_info_publisher script to /home/orientpine/robot_ws/install/pkg_rb10_apple/lib/pkg_rb10_apple
[1.984s] Installing robot_joint_control_server script to /home/orientpine/robot_ws/install/pkg_rb10_apple/lib/pkg_rb10_apple
[1.984s] Installing robot_mode_control_client script to /home/orientpine/robot_ws/install/pkg_rb10_apple/lib/pkg_rb10_apple
[1.985s] Installing robot_mode_control_server script to /home/orientpine/robot_ws/install/pkg_rb10_apple/lib/pkg_rb10_apple
[1.985s] Installing robot_tcp_control_server script to /home/orientpine/robot_ws/install/pkg_rb10_apple/lib/pkg_rb10_apple
[1.985s] Installing robot_tracking_aruco_server script to /home/orientpine/robot_ws/install/pkg_rb10_apple/lib/pkg_rb10_apple
[1.985s] 
[1.986s] Installed /home/orientpine/robot_ws/build/pkg_rb10_apple
[1.986s] running symlink_data
[2.026s] Invoked command in '/home/orientpine/robot_ws/build/pkg_rb10_apple' returned '0': AMENT_PREFIX_PATH=/home/orientpine/robot_ws/install/interface_rb10_apple:${AMENT_PREFIX_PATH} CMAKE_PREFIX_PATH=/home/orientpine/robot_ws/install/interface_rb10_apple LD_LIBRARY_PATH=/home/orientpine/robot_ws/install/interface_rb10_apple/lib:${LD_LIBRARY_PATH} PYTHONPATH=/home/orientpine/robot_ws/build/pkg_rb10_apple/prefix_override:/usr/lib/python3/dist-packages/colcon_core/task/python/colcon_distutils_commands:/home/orientpine/robot_ws/install/pkg_rb10_apple/lib/python3.10/site-packages:/home/orientpine/robot_ws/install/interface_rb10_apple/lib/python3.11/site-packages:${PYTHONPATH} /usr/bin/python3 -W ignore:setup.py install is deprecated -W ignore:easy_install command is deprecated setup.py develop --editable --build-directory /home/orientpine/robot_ws/build/pkg_rb10_apple/build --no-deps symlink_data
