[0.811s] Invoking command in '/home/orientpine/robot_ws/build/pkg_rb10_apple': PYTHONPATH=/home/orientpine/robot_ws/build/pkg_rb10_apple/prefix_override:/home/orientpine/robot_ws/install/pkg_rb10_apple/lib/python3.10/site-packages:/home/orientpine/robot_ws/install/interface_rb10_apple/lib/python3.10/site-packages:/home/orientpine/robot_ws/build/pkg_rb10_apple:/home/orientpine/robot_ws/install/pkg_rb10_apple/lib/python3.10/site-packages:/opt/ros/humble/lib/python3.10/site-packages:/opt/ros/humble/local/lib/python3.10/dist-packages /usr/bin/python3 setup.py develop --editable --build-directory /home/orientpine/robot_ws/build/pkg_rb10_apple/build --no-deps install_data
[1.074s] running develop
[1.231s] running egg_info
[1.231s] writing pkg_rb10_apple.egg-info/PKG-INFO
[1.231s] writing dependency_links to pkg_rb10_apple.egg-info/dependency_links.txt
[1.231s] writing entry points to pkg_rb10_apple.egg-info/entry_points.txt
[1.231s] writing requirements to pkg_rb10_apple.egg-info/requires.txt
[1.231s] writing top-level names to pkg_rb10_apple.egg-info/top_level.txt
[1.233s] reading manifest file 'pkg_rb10_apple.egg-info/SOURCES.txt'
[1.234s] writing manifest file 'pkg_rb10_apple.egg-info/SOURCES.txt'
[1.235s] running build_ext
[1.235s] Creating /home/orientpine/robot_ws/install/pkg_rb10_apple/lib/python3.10/site-packages/pkg-rb10-apple.egg-link (link to .)
[1.236s] Installing robot_connect_control_server script to /home/orientpine/robot_ws/install/pkg_rb10_apple/lib/pkg_rb10_apple
[1.236s] Installing robot_info_publisher script to /home/orientpine/robot_ws/install/pkg_rb10_apple/lib/pkg_rb10_apple
[1.236s] Installing robot_mode_control_client script to /home/orientpine/robot_ws/install/pkg_rb10_apple/lib/pkg_rb10_apple
[1.236s] Installing robot_mode_control_server script to /home/orientpine/robot_ws/install/pkg_rb10_apple/lib/pkg_rb10_apple
[1.236s] Installing robot_tcp_control_server script to /home/orientpine/robot_ws/install/pkg_rb10_apple/lib/pkg_rb10_apple
[1.236s] 
[1.236s] Installed /home/orientpine/robot_ws/build/pkg_rb10_apple
[1.236s] running install_data
[1.258s] Invoked command in '/home/orientpine/robot_ws/build/pkg_rb10_apple' returned '0': PYTHONPATH=/home/orientpine/robot_ws/build/pkg_rb10_apple/prefix_override:/home/orientpine/robot_ws/install/pkg_rb10_apple/lib/python3.10/site-packages:/home/orientpine/robot_ws/install/interface_rb10_apple/lib/python3.10/site-packages:/home/orientpine/robot_ws/build/pkg_rb10_apple:/home/orientpine/robot_ws/install/pkg_rb10_apple/lib/python3.10/site-packages:/opt/ros/humble/lib/python3.10/site-packages:/opt/ros/humble/local/lib/python3.10/dist-packages /usr/bin/python3 setup.py develop --editable --build-directory /home/orientpine/robot_ws/build/pkg_rb10_apple/build --no-deps install_data
