running develop
running egg_info
creating pkg_rb10_apple.egg-info
writing pkg_rb10_apple.egg-info/PKG-INFO
writing dependency_links to pkg_rb10_apple.egg-info/dependency_links.txt
writing entry points to pkg_rb10_apple.egg-info/entry_points.txt
writing requirements to pkg_rb10_apple.egg-info/requires.txt
writing top-level names to pkg_rb10_apple.egg-info/top_level.txt
writing manifest file 'pkg_rb10_apple.egg-info/SOURCES.txt'
reading manifest file 'pkg_rb10_apple.egg-info/SOURCES.txt'
writing manifest file 'pkg_rb10_apple.egg-info/SOURCES.txt'
running build_ext
Creating /home/orientpine/robot_ws/install/pkg_rb10_apple/lib/python3.10/site-packages/pkg-rb10-apple.egg-link (link to .)
Installing robot_connect_control_server script to /home/orientpine/robot_ws/install/pkg_rb10_apple/lib/pkg_rb10_apple
Installing robot_info_publisher script to /home/orientpine/robot_ws/install/pkg_rb10_apple/lib/pkg_rb10_apple
Installing robot_joint_control_server script to /home/orientpine/robot_ws/install/pkg_rb10_apple/lib/pkg_rb10_apple
Installing robot_mode_control_client script to /home/orientpine/robot_ws/install/pkg_rb10_apple/lib/pkg_rb10_apple
Installing robot_mode_control_server script to /home/orientpine/robot_ws/install/pkg_rb10_apple/lib/pkg_rb10_apple
Installing robot_tcp_control_server script to /home/orientpine/robot_ws/install/pkg_rb10_apple/lib/pkg_rb10_apple
Installing robot_tracking_aruco_server script to /home/orientpine/robot_ws/install/pkg_rb10_apple/lib/pkg_rb10_apple

Installed /home/orientpine/robot_ws/build/pkg_rb10_apple
running symlink_data
creating /home/orientpine/robot_ws/install/pkg_rb10_apple/share/ament_index
creating /home/orientpine/robot_ws/install/pkg_rb10_apple/share/ament_index/resource_index
creating /home/orientpine/robot_ws/install/pkg_rb10_apple/share/ament_index/resource_index/packages
symbolically linking /home/orientpine/robot_ws/build/pkg_rb10_apple/resource/pkg_rb10_apple -> /home/orientpine/robot_ws/install/pkg_rb10_apple/share/ament_index/resource_index/packages
symbolically linking /home/orientpine/robot_ws/build/pkg_rb10_apple/package.xml -> /home/orientpine/robot_ws/install/pkg_rb10_apple/share/pkg_rb10_apple
creating /home/orientpine/robot_ws/install/pkg_rb10_apple/share/pkg_rb10_apple/launch
symbolically linking /home/orientpine/robot_ws/build/pkg_rb10_apple/launch/rb10_roas.launch.py -> /home/orientpine/robot_ws/install/pkg_rb10_apple/share/pkg_rb10_apple/launch
