[1.028s] Invoking command in '/home/orientpine/robot_ws/build/pkg_rb10_apple': AMENT_PREFIX_PATH=/home/orientpine/robot_ws/install/interface_rb10_apple:${AMENT_PREFIX_PATH} CMAKE_PREFIX_PATH=/home/orientpine/robot_ws/install/interface_rb10_apple LD_LIBRARY_PATH=/home/orientpine/robot_ws/install/interface_rb10_apple/lib:${LD_LIBRARY_PATH} PYTHONPATH=/home/orientpine/robot_ws/build/pkg_rb10_apple/prefix_override:/usr/lib/python3/dist-packages/colcon_core/task/python/colcon_distutils_commands:/home/orientpine/robot_ws/install/pkg_rb10_apple/lib/python3.10/site-packages:/home/orientpine/robot_ws/install/interface_rb10_apple/lib/python3.11/site-packages:${PYTHONPATH} /usr/bin/python3 -W ignore:setup.py install is deprecated -W ignore:easy_install command is deprecated setup.py develop --editable --build-directory /home/orientpine/robot_ws/build/pkg_rb10_apple/build --no-deps symlink_data
[1.478s] running develop
[1.758s] running egg_info
[1.758s] creating pkg_rb10_apple.egg-info
[1.758s] writing pkg_rb10_apple.egg-info/PKG-INFO
[1.758s] writing dependency_links to pkg_rb10_apple.egg-info/dependency_links.txt
[1.758s] writing entry points to pkg_rb10_apple.egg-info/entry_points.txt
[1.759s] writing requirements to pkg_rb10_apple.egg-info/requires.txt
[1.759s] writing top-level names to pkg_rb10_apple.egg-info/top_level.txt
[1.759s] writing manifest file 'pkg_rb10_apple.egg-info/SOURCES.txt'
[1.762s] reading manifest file 'pkg_rb10_apple.egg-info/SOURCES.txt'
[1.763s] writing manifest file 'pkg_rb10_apple.egg-info/SOURCES.txt'
[1.764s] running build_ext
[1.765s] Creating /home/orientpine/robot_ws/install/pkg_rb10_apple/lib/python3.10/site-packages/pkg-rb10-apple.egg-link (link to .)
[1.766s] Installing robot_connect_control_server script to /home/orientpine/robot_ws/install/pkg_rb10_apple/lib/pkg_rb10_apple
[1.766s] Installing robot_info_publisher script to /home/orientpine/robot_ws/install/pkg_rb10_apple/lib/pkg_rb10_apple
[1.766s] Installing robot_joint_control_server script to /home/orientpine/robot_ws/install/pkg_rb10_apple/lib/pkg_rb10_apple
[1.766s] Installing robot_mode_control_client script to /home/orientpine/robot_ws/install/pkg_rb10_apple/lib/pkg_rb10_apple
[1.767s] Installing robot_mode_control_server script to /home/orientpine/robot_ws/install/pkg_rb10_apple/lib/pkg_rb10_apple
[1.767s] Installing robot_tcp_control_server script to /home/orientpine/robot_ws/install/pkg_rb10_apple/lib/pkg_rb10_apple
[1.767s] Installing robot_tracking_aruco_server script to /home/orientpine/robot_ws/install/pkg_rb10_apple/lib/pkg_rb10_apple
[1.767s] 
[1.767s] Installed /home/orientpine/robot_ws/build/pkg_rb10_apple
[1.768s] running symlink_data
[1.768s] creating /home/orientpine/robot_ws/install/pkg_rb10_apple/share/ament_index
[1.768s] creating /home/orientpine/robot_ws/install/pkg_rb10_apple/share/ament_index/resource_index
[1.768s] creating /home/orientpine/robot_ws/install/pkg_rb10_apple/share/ament_index/resource_index/packages
[1.768s] symbolically linking /home/orientpine/robot_ws/build/pkg_rb10_apple/resource/pkg_rb10_apple -> /home/orientpine/robot_ws/install/pkg_rb10_apple/share/ament_index/resource_index/packages
[1.768s] symbolically linking /home/orientpine/robot_ws/build/pkg_rb10_apple/package.xml -> /home/orientpine/robot_ws/install/pkg_rb10_apple/share/pkg_rb10_apple
[1.768s] creating /home/orientpine/robot_ws/install/pkg_rb10_apple/share/pkg_rb10_apple/launch
[1.768s] symbolically linking /home/orientpine/robot_ws/build/pkg_rb10_apple/launch/rb10_roas.launch.py -> /home/orientpine/robot_ws/install/pkg_rb10_apple/share/pkg_rb10_apple/launch
[1.807s] Invoked command in '/home/orientpine/robot_ws/build/pkg_rb10_apple' returned '0': AMENT_PREFIX_PATH=/home/orientpine/robot_ws/install/interface_rb10_apple:${AMENT_PREFIX_PATH} CMAKE_PREFIX_PATH=/home/orientpine/robot_ws/install/interface_rb10_apple LD_LIBRARY_PATH=/home/orientpine/robot_ws/install/interface_rb10_apple/lib:${LD_LIBRARY_PATH} PYTHONPATH=/home/orientpine/robot_ws/build/pkg_rb10_apple/prefix_override:/usr/lib/python3/dist-packages/colcon_core/task/python/colcon_distutils_commands:/home/orientpine/robot_ws/install/pkg_rb10_apple/lib/python3.10/site-packages:/home/orientpine/robot_ws/install/interface_rb10_apple/lib/python3.11/site-packages:${PYTHONPATH} /usr/bin/python3 -W ignore:setup.py install is deprecated -W ignore:easy_install command is deprecated setup.py develop --editable --build-directory /home/orientpine/robot_ws/build/pkg_rb10_apple/build --no-deps symlink_data
