[2.390s] Invoking command in '/home/orientpine/robot_ws/src/ros2_aruco/ros2_aruco': CONDA_PROMPT_MODIFIER=(rb) PYTHONPATH=/home/orientpine/robot_ws/build/ros2_aruco/prefix_override:/usr/lib/python3/dist-packages/colcon_core/task/python/colcon_distutils_commands:/home/orientpine/robot_ws/install/ros2_aruco/lib/python3.10/site-packages:${PYTHONPATH} /usr/bin/python3 -W ignore:setup.py install is deprecated -W ignore:easy_install command is deprecated setup.py egg_info --egg-base ../../../build/ros2_aruco build --build-base /home/orientpine/robot_ws/build/ros2_aruco/build install --record /home/orientpine/robot_ws/build/ros2_aruco/install.log --single-version-externally-managed install_data
[3.140s] running egg_info
[3.141s] writing ../../../build/ros2_aruco/ros2_aruco.egg-info/PKG-INFO
[3.141s] writing dependency_links to ../../../build/ros2_aruco/ros2_aruco.egg-info/dependency_links.txt
[3.141s] writing entry points to ../../../build/ros2_aruco/ros2_aruco.egg-info/entry_points.txt
[3.141s] writing requirements to ../../../build/ros2_aruco/ros2_aruco.egg-info/requires.txt
[3.141s] writing top-level names to ../../../build/ros2_aruco/ros2_aruco.egg-info/top_level.txt
[3.146s] reading manifest file '../../../build/ros2_aruco/ros2_aruco.egg-info/SOURCES.txt'
[3.148s] writing manifest file '../../../build/ros2_aruco/ros2_aruco.egg-info/SOURCES.txt'
[3.148s] running build
[3.148s] running build_py
[3.149s] running install
[3.150s] running install_lib
[3.154s] running install_data
[3.154s] running install_egg_info
[3.159s] removing '/home/orientpine/robot_ws/install/ros2_aruco/lib/python3.10/site-packages/ros2_aruco-0.1.0-py3.10.egg-info' (and everything under it)
[3.162s] Copying ../../../build/ros2_aruco/ros2_aruco.egg-info to /home/orientpine/robot_ws/install/ros2_aruco/lib/python3.10/site-packages/ros2_aruco-0.1.0-py3.10.egg-info
[3.164s] running install_scripts
[3.221s] Installing aruco_generate_marker script to /home/orientpine/robot_ws/install/ros2_aruco/lib/ros2_aruco
[3.222s] Installing aruco_node script to /home/orientpine/robot_ws/install/ros2_aruco/lib/ros2_aruco
[3.222s] Installing aruco_node_rs script to /home/orientpine/robot_ws/install/ros2_aruco/lib/ros2_aruco
[3.222s] writing list of installed files to '/home/orientpine/robot_ws/build/ros2_aruco/install.log'
[3.284s] Invoked command in '/home/orientpine/robot_ws/src/ros2_aruco/ros2_aruco' returned '0': CONDA_PROMPT_MODIFIER=(rb) PYTHONPATH=/home/orientpine/robot_ws/build/ros2_aruco/prefix_override:/usr/lib/python3/dist-packages/colcon_core/task/python/colcon_distutils_commands:/home/orientpine/robot_ws/install/ros2_aruco/lib/python3.10/site-packages:${PYTHONPATH} /usr/bin/python3 -W ignore:setup.py install is deprecated -W ignore:easy_install command is deprecated setup.py egg_info --egg-base ../../../build/ros2_aruco build --build-base /home/orientpine/robot_ws/build/ros2_aruco/build install --record /home/orientpine/robot_ws/build/ros2_aruco/install.log --single-version-externally-managed install_data
