[0.166s] DEBUG:colcon:Command line arguments: ['/usr/bin/colcon', 'build', '--symlink-install']
[0.166s] DEBUG:colcon:Parsed command line arguments: Namespace(log_base=None, log_level=None, verb_name='build', build_base='build', install_base='install', merge_install=False, symlink_install=True, test_result_base=None, continue_on_error=False, executor='parallel', parallel_workers=12, event_handlers=None, ignore_user_meta=False, metas=['./colcon.meta'], base_paths=['.'], packages_ignore=None, packages_ignore_regex=None, paths=None, packages_up_to=None, packages_up_to_regex=None, packages_above=None, packages_above_and_dependencies=None, packages_above_depth=None, packages_select_by_dep=None, packages_skip_by_dep=None, packages_skip_up_to=None, packages_select_build_failed=False, packages_skip_build_finished=False, packages_select_test_failures=False, packages_skip_test_passed=False, packages_select=None, packages_skip=None, packages_select_regex=None, packages_skip_regex=None, packages_start=None, packages_end=None, allow_overriding=[], cmake_args=None, cmake_target=None, cmake_target_skip_unavailable=False, cmake_clean_cache=False, cmake_clean_first=False, cmake_force_configure=False, ament_cmake_args=None, catkin_cmake_args=None, catkin_skip_building_tests=False, verb_parser=<colcon_defaults.argument_parser.defaults.DefaultArgumentsDecorator object at 0x7697b1641270>, verb_extension=<colcon_core.verb.build.BuildVerb object at 0x7697b1640d60>, main=<bound method BuildVerb.main of <colcon_core.verb.build.BuildVerb object at 0x7697b1640d60>>)
[0.465s] Level 1:colcon.colcon_core.package_discovery:discover_packages(colcon_meta) check parameters
[0.465s] Level 1:colcon.colcon_core.package_discovery:discover_packages(recursive) check parameters
[0.465s] Level 1:colcon.colcon_core.package_discovery:discover_packages(ignore) check parameters
[0.465s] Level 1:colcon.colcon_core.package_discovery:discover_packages(path) check parameters
[0.465s] Level 1:colcon.colcon_core.package_discovery:discover_packages(colcon_meta) discover
[0.465s] Level 1:colcon.colcon_core.package_discovery:discover_packages(recursive) discover
[0.465s] INFO:colcon.colcon_core.package_discovery:Crawling recursively for packages in '/home/orientpine/robot_ws'
[0.465s] Level 1:colcon.colcon_core.package_identification:_identify(.) by extensions ['ignore', 'ignore_ament_install']
[0.465s] Level 1:colcon.colcon_core.package_identification:_identify(.) by extension 'ignore'
[0.466s] Level 1:colcon.colcon_core.package_identification:_identify(.) by extension 'ignore_ament_install'
[0.466s] Level 1:colcon.colcon_core.package_identification:_identify(.) by extensions ['colcon_pkg']
[0.466s] Level 1:colcon.colcon_core.package_identification:_identify(.) by extension 'colcon_pkg'
[0.466s] Level 1:colcon.colcon_core.package_identification:_identify(.) by extensions ['colcon_meta']
[0.466s] Level 1:colcon.colcon_core.package_identification:_identify(.) by extension 'colcon_meta'
[0.466s] Level 1:colcon.colcon_core.package_identification:_identify(.) by extensions ['ros']
[0.466s] Level 1:colcon.colcon_core.package_identification:_identify(.) by extension 'ros'
[0.483s] Level 1:colcon.colcon_core.package_identification:_identify(.) by extensions ['cmake', 'python']
[0.483s] Level 1:colcon.colcon_core.package_identification:_identify(.) by extension 'cmake'
[0.483s] Level 1:colcon.colcon_core.package_identification:_identify(.) by extension 'python'
[0.483s] Level 1:colcon.colcon_core.package_identification:_identify(.) by extensions ['python_setup_py']
[0.483s] Level 1:colcon.colcon_core.package_identification:_identify(.) by extension 'python_setup_py'
[0.483s] Level 1:colcon.colcon_core.package_identification:_identify(build) by extensions ['ignore', 'ignore_ament_install']
[0.483s] Level 1:colcon.colcon_core.package_identification:_identify(build) by extension 'ignore'
[0.483s] Level 1:colcon.colcon_core.package_identification:_identify(build) ignored
[0.484s] Level 1:colcon.colcon_core.package_identification:_identify(install) by extensions ['ignore', 'ignore_ament_install']
[0.484s] Level 1:colcon.colcon_core.package_identification:_identify(install) by extension 'ignore'
[0.484s] Level 1:colcon.colcon_core.package_identification:_identify(install) ignored
[0.484s] Level 1:colcon.colcon_core.package_identification:_identify(log) by extensions ['ignore', 'ignore_ament_install']
[0.484s] Level 1:colcon.colcon_core.package_identification:_identify(log) by extension 'ignore'
[0.484s] Level 1:colcon.colcon_core.package_identification:_identify(log) ignored
[0.484s] Level 1:colcon.colcon_core.package_identification:_identify(src) by extensions ['ignore', 'ignore_ament_install']
[0.484s] Level 1:colcon.colcon_core.package_identification:_identify(src) by extension 'ignore'
[0.485s] Level 1:colcon.colcon_core.package_identification:_identify(src) by extension 'ignore_ament_install'
[0.485s] Level 1:colcon.colcon_core.package_identification:_identify(src) by extensions ['colcon_pkg']
[0.485s] Level 1:colcon.colcon_core.package_identification:_identify(src) by extension 'colcon_pkg'
[0.485s] Level 1:colcon.colcon_core.package_identification:_identify(src) by extensions ['colcon_meta']
[0.485s] Level 1:colcon.colcon_core.package_identification:_identify(src) by extension 'colcon_meta'
[0.485s] Level 1:colcon.colcon_core.package_identification:_identify(src) by extensions ['ros']
[0.485s] Level 1:colcon.colcon_core.package_identification:_identify(src) by extension 'ros'
[0.485s] Level 1:colcon.colcon_core.package_identification:_identify(src) by extensions ['cmake', 'python']
[0.485s] Level 1:colcon.colcon_core.package_identification:_identify(src) by extension 'cmake'
[0.485s] Level 1:colcon.colcon_core.package_identification:_identify(src) by extension 'python'
[0.485s] Level 1:colcon.colcon_core.package_identification:_identify(src) by extensions ['python_setup_py']
[0.485s] Level 1:colcon.colcon_core.package_identification:_identify(src) by extension 'python_setup_py'
[0.486s] Level 1:colcon.colcon_core.package_identification:_identify(src/interface_rb10_apple) by extensions ['ignore', 'ignore_ament_install']
[0.486s] Level 1:colcon.colcon_core.package_identification:_identify(src/interface_rb10_apple) by extension 'ignore'
[0.486s] Level 1:colcon.colcon_core.package_identification:_identify(src/interface_rb10_apple) by extension 'ignore_ament_install'
[0.486s] Level 1:colcon.colcon_core.package_identification:_identify(src/interface_rb10_apple) by extensions ['colcon_pkg']
[0.486s] Level 1:colcon.colcon_core.package_identification:_identify(src/interface_rb10_apple) by extension 'colcon_pkg'
[0.486s] Level 1:colcon.colcon_core.package_identification:_identify(src/interface_rb10_apple) by extensions ['colcon_meta']
[0.486s] Level 1:colcon.colcon_core.package_identification:_identify(src/interface_rb10_apple) by extension 'colcon_meta'
[0.486s] Level 1:colcon.colcon_core.package_identification:_identify(src/interface_rb10_apple) by extensions ['ros']
[0.486s] Level 1:colcon.colcon_core.package_identification:_identify(src/interface_rb10_apple) by extension 'ros'
[0.490s] DEBUG:colcon.colcon_core.package_identification:Package 'src/interface_rb10_apple' with type 'ros.ament_cmake' and name 'interface_rb10_apple'
[0.490s] Level 1:colcon.colcon_core.package_identification:_identify(src/pkg_rb10_apple) by extensions ['ignore', 'ignore_ament_install']
[0.491s] Level 1:colcon.colcon_core.package_identification:_identify(src/pkg_rb10_apple) by extension 'ignore'
[0.491s] Level 1:colcon.colcon_core.package_identification:_identify(src/pkg_rb10_apple) by extension 'ignore_ament_install'
[0.491s] Level 1:colcon.colcon_core.package_identification:_identify(src/pkg_rb10_apple) by extensions ['colcon_pkg']
[0.491s] Level 1:colcon.colcon_core.package_identification:_identify(src/pkg_rb10_apple) by extension 'colcon_pkg'
[0.491s] Level 1:colcon.colcon_core.package_identification:_identify(src/pkg_rb10_apple) by extensions ['colcon_meta']
[0.491s] Level 1:colcon.colcon_core.package_identification:_identify(src/pkg_rb10_apple) by extension 'colcon_meta'
[0.491s] Level 1:colcon.colcon_core.package_identification:_identify(src/pkg_rb10_apple) by extensions ['ros']
[0.491s] Level 1:colcon.colcon_core.package_identification:_identify(src/pkg_rb10_apple) by extension 'ros'
[0.492s] DEBUG:colcon.colcon_core.package_identification:Package 'src/pkg_rb10_apple' with type 'ros.ament_python' and name 'pkg_rb10_apple'
[0.492s] Level 1:colcon.colcon_core.package_identification:_identify(src/ros2_aruco) by extensions ['ignore', 'ignore_ament_install']
[0.493s] Level 1:colcon.colcon_core.package_identification:_identify(src/ros2_aruco) by extension 'ignore'
[0.493s] Level 1:colcon.colcon_core.package_identification:_identify(src/ros2_aruco) by extension 'ignore_ament_install'
[0.493s] Level 1:colcon.colcon_core.package_identification:_identify(src/ros2_aruco) by extensions ['colcon_pkg']
[0.493s] Level 1:colcon.colcon_core.package_identification:_identify(src/ros2_aruco) by extension 'colcon_pkg'
[0.493s] Level 1:colcon.colcon_core.package_identification:_identify(src/ros2_aruco) by extensions ['colcon_meta']
[0.493s] Level 1:colcon.colcon_core.package_identification:_identify(src/ros2_aruco) by extension 'colcon_meta'
[0.493s] Level 1:colcon.colcon_core.package_identification:_identify(src/ros2_aruco) by extensions ['ros']
[0.493s] Level 1:colcon.colcon_core.package_identification:_identify(src/ros2_aruco) by extension 'ros'
[0.493s] Level 1:colcon.colcon_core.package_identification:_identify(src/ros2_aruco) by extensions ['cmake', 'python']
[0.493s] Level 1:colcon.colcon_core.package_identification:_identify(src/ros2_aruco) by extension 'cmake'
[0.493s] Level 1:colcon.colcon_core.package_identification:_identify(src/ros2_aruco) by extension 'python'
[0.493s] Level 1:colcon.colcon_core.package_identification:_identify(src/ros2_aruco) by extensions ['python_setup_py']
[0.494s] Level 1:colcon.colcon_core.package_identification:_identify(src/ros2_aruco) by extension 'python_setup_py'
[0.494s] Level 1:colcon.colcon_core.package_identification:_identify(src/ros2_aruco/ros2_aruco) by extensions ['ignore', 'ignore_ament_install']
[0.494s] Level 1:colcon.colcon_core.package_identification:_identify(src/ros2_aruco/ros2_aruco) by extension 'ignore'
[0.494s] Level 1:colcon.colcon_core.package_identification:_identify(src/ros2_aruco/ros2_aruco) by extension 'ignore_ament_install'
[0.494s] Level 1:colcon.colcon_core.package_identification:_identify(src/ros2_aruco/ros2_aruco) by extensions ['colcon_pkg']
[0.494s] Level 1:colcon.colcon_core.package_identification:_identify(src/ros2_aruco/ros2_aruco) by extension 'colcon_pkg'
[0.494s] Level 1:colcon.colcon_core.package_identification:_identify(src/ros2_aruco/ros2_aruco) by extensions ['colcon_meta']
[0.494s] Level 1:colcon.colcon_core.package_identification:_identify(src/ros2_aruco/ros2_aruco) by extension 'colcon_meta'
[0.494s] Level 1:colcon.colcon_core.package_identification:_identify(src/ros2_aruco/ros2_aruco) by extensions ['ros']
[0.494s] Level 1:colcon.colcon_core.package_identification:_identify(src/ros2_aruco/ros2_aruco) by extension 'ros'
[0.495s] DEBUG:colcon.colcon_core.package_identification:Package 'src/ros2_aruco/ros2_aruco' with type 'ros.ament_python' and name 'ros2_aruco'
[0.495s] Level 1:colcon.colcon_core.package_identification:_identify(src/ros2_aruco/ros2_aruco_interfaces) by extensions ['ignore', 'ignore_ament_install']
[0.495s] Level 1:colcon.colcon_core.package_identification:_identify(src/ros2_aruco/ros2_aruco_interfaces) by extension 'ignore'
[0.496s] Level 1:colcon.colcon_core.package_identification:_identify(src/ros2_aruco/ros2_aruco_interfaces) by extension 'ignore_ament_install'
[0.496s] Level 1:colcon.colcon_core.package_identification:_identify(src/ros2_aruco/ros2_aruco_interfaces) by extensions ['colcon_pkg']
[0.496s] Level 1:colcon.colcon_core.package_identification:_identify(src/ros2_aruco/ros2_aruco_interfaces) by extension 'colcon_pkg'
[0.496s] Level 1:colcon.colcon_core.package_identification:_identify(src/ros2_aruco/ros2_aruco_interfaces) by extensions ['colcon_meta']
[0.496s] Level 1:colcon.colcon_core.package_identification:_identify(src/ros2_aruco/ros2_aruco_interfaces) by extension 'colcon_meta'
[0.496s] Level 1:colcon.colcon_core.package_identification:_identify(src/ros2_aruco/ros2_aruco_interfaces) by extensions ['ros']
[0.496s] Level 1:colcon.colcon_core.package_identification:_identify(src/ros2_aruco/ros2_aruco_interfaces) by extension 'ros'
[0.497s] DEBUG:colcon.colcon_core.package_identification:Package 'src/ros2_aruco/ros2_aruco_interfaces' with type 'ros.ament_cmake' and name 'ros2_aruco_interfaces'
[0.497s] Level 1:colcon.colcon_core.package_discovery:discover_packages(recursive) using defaults
[0.498s] Level 1:colcon.colcon_core.package_discovery:discover_packages(ignore) discover
[0.498s] Level 1:colcon.colcon_core.package_discovery:discover_packages(ignore) using defaults
[0.498s] Level 1:colcon.colcon_core.package_discovery:discover_packages(path) discover
[0.498s] Level 1:colcon.colcon_core.package_discovery:discover_packages(path) using defaults
[0.539s] Level 1:colcon.colcon_core.package_discovery:discover_packages(prefix_path) check parameters
[0.539s] Level 1:colcon.colcon_core.package_discovery:discover_packages(prefix_path) discover
[0.542s] DEBUG:colcon.colcon_installed_package_information.package_discovery:Found 4 installed packages in /home/orientpine/robot_ws/install
[0.544s] DEBUG:colcon.colcon_installed_package_information.package_discovery:Found 289 installed packages in /opt/ros/humble
[0.546s] Level 1:colcon.colcon_core.package_discovery:discover_packages(prefix_path) using defaults
[0.612s] Level 5:colcon.colcon_core.verb:set package 'interface_rb10_apple' build argument 'cmake_args' from command line to 'None'
[0.612s] Level 5:colcon.colcon_core.verb:set package 'interface_rb10_apple' build argument 'cmake_target' from command line to 'None'
[0.612s] Level 5:colcon.colcon_core.verb:set package 'interface_rb10_apple' build argument 'cmake_target_skip_unavailable' from command line to 'False'
[0.612s] Level 5:colcon.colcon_core.verb:set package 'interface_rb10_apple' build argument 'cmake_clean_cache' from command line to 'False'
[0.613s] Level 5:colcon.colcon_core.verb:set package 'interface_rb10_apple' build argument 'cmake_clean_first' from command line to 'False'
[0.613s] Level 5:colcon.colcon_core.verb:set package 'interface_rb10_apple' build argument 'cmake_force_configure' from command line to 'False'
[0.613s] Level 5:colcon.colcon_core.verb:set package 'interface_rb10_apple' build argument 'ament_cmake_args' from command line to 'None'
[0.613s] Level 5:colcon.colcon_core.verb:set package 'interface_rb10_apple' build argument 'catkin_cmake_args' from command line to 'None'
[0.613s] Level 5:colcon.colcon_core.verb:set package 'interface_rb10_apple' build argument 'catkin_skip_building_tests' from command line to 'False'
[0.613s] DEBUG:colcon.colcon_core.verb:Building package 'interface_rb10_apple' with the following arguments: {'ament_cmake_args': None, 'build_base': '/home/orientpine/robot_ws/build/interface_rb10_apple', 'catkin_cmake_args': None, 'catkin_skip_building_tests': False, 'cmake_args': None, 'cmake_clean_cache': False, 'cmake_clean_first': False, 'cmake_force_configure': False, 'cmake_target': None, 'cmake_target_skip_unavailable': False, 'install_base': '/home/orientpine/robot_ws/install/interface_rb10_apple', 'merge_install': False, 'path': '/home/orientpine/robot_ws/src/interface_rb10_apple', 'symlink_install': True, 'test_result_base': None}
[0.614s] Level 5:colcon.colcon_core.verb:set package 'ros2_aruco' build argument 'cmake_args' from command line to 'None'
[0.615s] Level 5:colcon.colcon_core.verb:set package 'ros2_aruco' build argument 'cmake_target' from command line to 'None'
[0.615s] Level 5:colcon.colcon_core.verb:set package 'ros2_aruco' build argument 'cmake_target_skip_unavailable' from command line to 'False'
[0.615s] Level 5:colcon.colcon_core.verb:set package 'ros2_aruco' build argument 'cmake_clean_cache' from command line to 'False'
[0.615s] Level 5:colcon.colcon_core.verb:set package 'ros2_aruco' build argument 'cmake_clean_first' from command line to 'False'
[0.615s] Level 5:colcon.colcon_core.verb:set package 'ros2_aruco' build argument 'cmake_force_configure' from command line to 'False'
[0.615s] Level 5:colcon.colcon_core.verb:set package 'ros2_aruco' build argument 'ament_cmake_args' from command line to 'None'
[0.615s] Level 5:colcon.colcon_core.verb:set package 'ros2_aruco' build argument 'catkin_cmake_args' from command line to 'None'
[0.615s] Level 5:colcon.colcon_core.verb:set package 'ros2_aruco' build argument 'catkin_skip_building_tests' from command line to 'False'
[0.615s] DEBUG:colcon.colcon_core.verb:Building package 'ros2_aruco' with the following arguments: {'ament_cmake_args': None, 'build_base': '/home/orientpine/robot_ws/build/ros2_aruco', 'catkin_cmake_args': None, 'catkin_skip_building_tests': False, 'cmake_args': None, 'cmake_clean_cache': False, 'cmake_clean_first': False, 'cmake_force_configure': False, 'cmake_target': None, 'cmake_target_skip_unavailable': False, 'install_base': '/home/orientpine/robot_ws/install/ros2_aruco', 'merge_install': False, 'path': '/home/orientpine/robot_ws/src/ros2_aruco/ros2_aruco', 'symlink_install': True, 'test_result_base': None}
[0.617s] Level 5:colcon.colcon_core.verb:set package 'ros2_aruco_interfaces' build argument 'cmake_args' from command line to 'None'
[0.617s] Level 5:colcon.colcon_core.verb:set package 'ros2_aruco_interfaces' build argument 'cmake_target' from command line to 'None'
[0.617s] Level 5:colcon.colcon_core.verb:set package 'ros2_aruco_interfaces' build argument 'cmake_target_skip_unavailable' from command line to 'False'
[0.617s] Level 5:colcon.colcon_core.verb:set package 'ros2_aruco_interfaces' build argument 'cmake_clean_cache' from command line to 'False'
[0.617s] Level 5:colcon.colcon_core.verb:set package 'ros2_aruco_interfaces' build argument 'cmake_clean_first' from command line to 'False'
[0.617s] Level 5:colcon.colcon_core.verb:set package 'ros2_aruco_interfaces' build argument 'cmake_force_configure' from command line to 'False'
[0.617s] Level 5:colcon.colcon_core.verb:set package 'ros2_aruco_interfaces' build argument 'ament_cmake_args' from command line to 'None'
[0.617s] Level 5:colcon.colcon_core.verb:set package 'ros2_aruco_interfaces' build argument 'catkin_cmake_args' from command line to 'None'
[0.617s] Level 5:colcon.colcon_core.verb:set package 'ros2_aruco_interfaces' build argument 'catkin_skip_building_tests' from command line to 'False'
[0.617s] DEBUG:colcon.colcon_core.verb:Building package 'ros2_aruco_interfaces' with the following arguments: {'ament_cmake_args': None, 'build_base': '/home/orientpine/robot_ws/build/ros2_aruco_interfaces', 'catkin_cmake_args': None, 'catkin_skip_building_tests': False, 'cmake_args': None, 'cmake_clean_cache': False, 'cmake_clean_first': False, 'cmake_force_configure': False, 'cmake_target': None, 'cmake_target_skip_unavailable': False, 'install_base': '/home/orientpine/robot_ws/install/ros2_aruco_interfaces', 'merge_install': False, 'path': '/home/orientpine/robot_ws/src/ros2_aruco/ros2_aruco_interfaces', 'symlink_install': True, 'test_result_base': None}
[0.619s] Level 5:colcon.colcon_core.verb:set package 'pkg_rb10_apple' build argument 'cmake_args' from command line to 'None'
[0.619s] Level 5:colcon.colcon_core.verb:set package 'pkg_rb10_apple' build argument 'cmake_target' from command line to 'None'
[0.619s] Level 5:colcon.colcon_core.verb:set package 'pkg_rb10_apple' build argument 'cmake_target_skip_unavailable' from command line to 'False'
[0.619s] Level 5:colcon.colcon_core.verb:set package 'pkg_rb10_apple' build argument 'cmake_clean_cache' from command line to 'False'
[0.619s] Level 5:colcon.colcon_core.verb:set package 'pkg_rb10_apple' build argument 'cmake_clean_first' from command line to 'False'
[0.619s] Level 5:colcon.colcon_core.verb:set package 'pkg_rb10_apple' build argument 'cmake_force_configure' from command line to 'False'
[0.619s] Level 5:colcon.colcon_core.verb:set package 'pkg_rb10_apple' build argument 'ament_cmake_args' from command line to 'None'
[0.619s] Level 5:colcon.colcon_core.verb:set package 'pkg_rb10_apple' build argument 'catkin_cmake_args' from command line to 'None'
[0.619s] Level 5:colcon.colcon_core.verb:set package 'pkg_rb10_apple' build argument 'catkin_skip_building_tests' from command line to 'False'
[0.620s] DEBUG:colcon.colcon_core.verb:Building package 'pkg_rb10_apple' with the following arguments: {'ament_cmake_args': None, 'build_base': '/home/orientpine/robot_ws/build/pkg_rb10_apple', 'catkin_cmake_args': None, 'catkin_skip_building_tests': False, 'cmake_args': None, 'cmake_clean_cache': False, 'cmake_clean_first': False, 'cmake_force_configure': False, 'cmake_target': None, 'cmake_target_skip_unavailable': False, 'install_base': '/home/orientpine/robot_ws/install/pkg_rb10_apple', 'merge_install': False, 'path': '/home/orientpine/robot_ws/src/pkg_rb10_apple', 'symlink_install': True, 'test_result_base': None}
[0.620s] INFO:colcon.colcon_core.executor:Executing jobs using 'parallel' executor
[0.622s] DEBUG:colcon.colcon_parallel_executor.executor.parallel:run_until_complete
[0.623s] INFO:colcon.colcon_ros.task.ament_cmake.build:Building ROS package in '/home/orientpine/robot_ws/src/interface_rb10_apple' with build type 'ament_cmake'
[0.623s] INFO:colcon.colcon_cmake.task.cmake.build:Building CMake package in '/home/orientpine/robot_ws/src/interface_rb10_apple'
[0.626s] INFO:colcon.colcon_core.plugin_system:Skipping extension 'colcon_core.shell.bat': Not used on non-Windows systems
[0.626s] INFO:colcon.colcon_core.shell:Skip shell extension 'powershell' for command environment: Not usable outside of PowerShell
[0.626s] DEBUG:colcon.colcon_core.shell:Skip shell extension 'dsv' for command environment
[0.631s] INFO:colcon.colcon_ros.task.ament_python.build:Building ROS package in '/home/orientpine/robot_ws/src/ros2_aruco/ros2_aruco' with build type 'ament_python'
[0.631s] Level 1:colcon.colcon_core.shell:create_environment_hook('ros2_aruco', 'ament_prefix_path')
[0.632s] INFO:colcon.colcon_core.shell:Creating environment hook '/home/orientpine/robot_ws/install/ros2_aruco/share/ros2_aruco/hook/ament_prefix_path.ps1'
[0.633s] INFO:colcon.colcon_core.shell:Creating environment descriptor '/home/orientpine/robot_ws/install/ros2_aruco/share/ros2_aruco/hook/ament_prefix_path.dsv'
[0.634s] INFO:colcon.colcon_core.shell:Creating environment hook '/home/orientpine/robot_ws/install/ros2_aruco/share/ros2_aruco/hook/ament_prefix_path.sh'
[0.635s] INFO:colcon.colcon_core.shell:Skip shell extension 'powershell' for command environment: Not usable outside of PowerShell
[0.635s] DEBUG:colcon.colcon_core.shell:Skip shell extension 'dsv' for command environment
[0.640s] INFO:colcon.colcon_ros.task.ament_cmake.build:Building ROS package in '/home/orientpine/robot_ws/src/ros2_aruco/ros2_aruco_interfaces' with build type 'ament_cmake'
[0.640s] INFO:colcon.colcon_cmake.task.cmake.build:Building CMake package in '/home/orientpine/robot_ws/src/ros2_aruco/ros2_aruco_interfaces'
[0.640s] INFO:colcon.colcon_core.shell:Skip shell extension 'powershell' for command environment: Not usable outside of PowerShell
[0.641s] DEBUG:colcon.colcon_core.shell:Skip shell extension 'dsv' for command environment
[0.657s] DEBUG:colcon.colcon_core.event_handler.log_command:Invoking command in '/home/orientpine/robot_ws/build/interface_rb10_apple': CMAKE_PREFIX_PATH=/opt/ros/humble /usr/bin/cmake --build /home/orientpine/robot_ws/build/interface_rb10_apple -- -j12 -l12
[1.127s] INFO:colcon.colcon_core.task.python.build:Building Python package in '/home/orientpine/robot_ws/src/ros2_aruco/ros2_aruco'
[1.127s] INFO:colcon.colcon_core.shell:Skip shell extension 'powershell' for command environment: Not usable outside of PowerShell
[1.127s] DEBUG:colcon.colcon_core.shell:Skip shell extension 'dsv' for command environment
[1.152s] DEBUG:colcon.colcon_core.event_handler.log_command:Invoking command in '/home/orientpine/robot_ws/build/ros2_aruco_interfaces': CMAKE_PREFIX_PATH=/opt/ros/humble /usr/bin/cmake --build /home/orientpine/robot_ws/build/ros2_aruco_interfaces -- -j12 -l12
[1.161s] DEBUG:colcon.colcon_core.event_handler.log_command:Invoked command in '/home/orientpine/robot_ws/build/interface_rb10_apple' returned '0': CMAKE_PREFIX_PATH=/opt/ros/humble /usr/bin/cmake --build /home/orientpine/robot_ws/build/interface_rb10_apple -- -j12 -l12
[1.177s] DEBUG:colcon.colcon_core.event_handler.log_command:Invoking command in '/home/orientpine/robot_ws/build/interface_rb10_apple': CMAKE_PREFIX_PATH=/opt/ros/humble /usr/bin/cmake --install /home/orientpine/robot_ws/build/interface_rb10_apple
[1.352s] Level 1:colcon.colcon_core.environment:create_environment_scripts_only(interface_rb10_apple)
[1.353s] DEBUG:colcon.colcon_core.event_handler.log_command:Invoked command in '/home/orientpine/robot_ws/build/interface_rb10_apple' returned '0': CMAKE_PREFIX_PATH=/opt/ros/humble /usr/bin/cmake --install /home/orientpine/robot_ws/build/interface_rb10_apple
[1.358s] Level 1:colcon.colcon_core.environment:checking '/home/orientpine/robot_ws/install/interface_rb10_apple' for CMake module files
[1.360s] Level 1:colcon.colcon_core.environment:checking '/home/orientpine/robot_ws/install/interface_rb10_apple' for CMake config files
[1.361s] Level 1:colcon.colcon_core.shell:create_environment_hook('interface_rb10_apple', 'cmake_prefix_path')
[1.362s] INFO:colcon.colcon_core.shell:Creating environment hook '/home/orientpine/robot_ws/install/interface_rb10_apple/share/interface_rb10_apple/hook/cmake_prefix_path.ps1'
[1.363s] INFO:colcon.colcon_core.shell:Creating environment descriptor '/home/orientpine/robot_ws/install/interface_rb10_apple/share/interface_rb10_apple/hook/cmake_prefix_path.dsv'
[1.363s] INFO:colcon.colcon_core.shell:Creating environment hook '/home/orientpine/robot_ws/install/interface_rb10_apple/share/interface_rb10_apple/hook/cmake_prefix_path.sh'
[1.365s] Level 1:colcon.colcon_core.environment:checking '/home/orientpine/robot_ws/install/interface_rb10_apple/lib'
[1.365s] Level 1:colcon.colcon_core.shell:create_environment_hook('interface_rb10_apple', 'ld_library_path_lib')
[1.366s] INFO:colcon.colcon_core.shell:Creating environment hook '/home/orientpine/robot_ws/install/interface_rb10_apple/share/interface_rb10_apple/hook/ld_library_path_lib.ps1'
[1.367s] INFO:colcon.colcon_core.shell:Creating environment descriptor '/home/orientpine/robot_ws/install/interface_rb10_apple/share/interface_rb10_apple/hook/ld_library_path_lib.dsv'
[1.368s] INFO:colcon.colcon_core.shell:Creating environment hook '/home/orientpine/robot_ws/install/interface_rb10_apple/share/interface_rb10_apple/hook/ld_library_path_lib.sh'
[1.368s] Level 1:colcon.colcon_core.environment:checking '/home/orientpine/robot_ws/install/interface_rb10_apple/bin'
[1.369s] Level 1:colcon.colcon_core.environment:checking '/home/orientpine/robot_ws/install/interface_rb10_apple/lib/pkgconfig/interface_rb10_apple.pc'
[1.369s] Level 1:colcon.colcon_core.environment:checking '/home/orientpine/robot_ws/install/interface_rb10_apple/lib/python3.10/site-packages'
[1.370s] Level 1:colcon.colcon_core.environment:checking '/home/orientpine/robot_ws/install/interface_rb10_apple/bin'
[1.370s] INFO:colcon.colcon_core.shell:Creating package script '/home/orientpine/robot_ws/install/interface_rb10_apple/share/interface_rb10_apple/package.ps1'
[1.373s] INFO:colcon.colcon_core.shell:Creating package descriptor '/home/orientpine/robot_ws/install/interface_rb10_apple/share/interface_rb10_apple/package.dsv'
[1.374s] INFO:colcon.colcon_core.shell:Creating package script '/home/orientpine/robot_ws/install/interface_rb10_apple/share/interface_rb10_apple/package.sh'
[1.376s] INFO:colcon.colcon_core.shell:Creating package script '/home/orientpine/robot_ws/install/interface_rb10_apple/share/interface_rb10_apple/package.bash'
[1.378s] INFO:colcon.colcon_core.shell:Creating package script '/home/orientpine/robot_ws/install/interface_rb10_apple/share/interface_rb10_apple/package.zsh'
[1.380s] Level 1:colcon.colcon_core.environment:create_file_with_runtime_dependencies(/home/orientpine/robot_ws/install/interface_rb10_apple/share/colcon-core/packages/interface_rb10_apple)
[1.381s] Level 1:colcon.colcon_core.environment:create_environment_scripts_only(interface_rb10_apple)
[1.382s] Level 1:colcon.colcon_core.environment:checking '/home/orientpine/robot_ws/install/interface_rb10_apple' for CMake module files
[1.384s] Level 1:colcon.colcon_core.environment:checking '/home/orientpine/robot_ws/install/interface_rb10_apple' for CMake config files
[1.385s] Level 1:colcon.colcon_core.shell:create_environment_hook('interface_rb10_apple', 'cmake_prefix_path')
[1.385s] INFO:colcon.colcon_core.shell:Creating environment hook '/home/orientpine/robot_ws/install/interface_rb10_apple/share/interface_rb10_apple/hook/cmake_prefix_path.ps1'
[1.386s] INFO:colcon.colcon_core.shell:Creating environment descriptor '/home/orientpine/robot_ws/install/interface_rb10_apple/share/interface_rb10_apple/hook/cmake_prefix_path.dsv'
[1.387s] INFO:colcon.colcon_core.shell:Creating environment hook '/home/orientpine/robot_ws/install/interface_rb10_apple/share/interface_rb10_apple/hook/cmake_prefix_path.sh'
[1.388s] Level 1:colcon.colcon_core.environment:checking '/home/orientpine/robot_ws/install/interface_rb10_apple/lib'
[1.388s] Level 1:colcon.colcon_core.shell:create_environment_hook('interface_rb10_apple', 'ld_library_path_lib')
[1.389s] INFO:colcon.colcon_core.shell:Creating environment hook '/home/orientpine/robot_ws/install/interface_rb10_apple/share/interface_rb10_apple/hook/ld_library_path_lib.ps1'
[1.390s] INFO:colcon.colcon_core.shell:Creating environment descriptor '/home/orientpine/robot_ws/install/interface_rb10_apple/share/interface_rb10_apple/hook/ld_library_path_lib.dsv'
[1.390s] INFO:colcon.colcon_core.shell:Creating environment hook '/home/orientpine/robot_ws/install/interface_rb10_apple/share/interface_rb10_apple/hook/ld_library_path_lib.sh'
[1.391s] Level 1:colcon.colcon_core.environment:checking '/home/orientpine/robot_ws/install/interface_rb10_apple/bin'
[1.391s] Level 1:colcon.colcon_core.environment:checking '/home/orientpine/robot_ws/install/interface_rb10_apple/lib/pkgconfig/interface_rb10_apple.pc'
[1.392s] Level 1:colcon.colcon_core.environment:checking '/home/orientpine/robot_ws/install/interface_rb10_apple/lib/python3.10/site-packages'
[1.393s] Level 1:colcon.colcon_core.environment:checking '/home/orientpine/robot_ws/install/interface_rb10_apple/bin'
[1.393s] INFO:colcon.colcon_core.shell:Creating package script '/home/orientpine/robot_ws/install/interface_rb10_apple/share/interface_rb10_apple/package.ps1'
[1.395s] INFO:colcon.colcon_core.shell:Creating package descriptor '/home/orientpine/robot_ws/install/interface_rb10_apple/share/interface_rb10_apple/package.dsv'
[1.397s] INFO:colcon.colcon_core.shell:Creating package script '/home/orientpine/robot_ws/install/interface_rb10_apple/share/interface_rb10_apple/package.sh'
[1.398s] INFO:colcon.colcon_core.shell:Creating package script '/home/orientpine/robot_ws/install/interface_rb10_apple/share/interface_rb10_apple/package.bash'
[1.399s] INFO:colcon.colcon_core.shell:Creating package script '/home/orientpine/robot_ws/install/interface_rb10_apple/share/interface_rb10_apple/package.zsh'
[1.400s] Level 1:colcon.colcon_core.environment:create_file_with_runtime_dependencies(/home/orientpine/robot_ws/install/interface_rb10_apple/share/colcon-core/packages/interface_rb10_apple)
[1.401s] INFO:colcon.colcon_ros.task.ament_python.build:Building ROS package in '/home/orientpine/robot_ws/src/pkg_rb10_apple' with build type 'ament_python'
[1.401s] Level 1:colcon.colcon_core.shell:create_environment_hook('pkg_rb10_apple', 'ament_prefix_path')
[1.402s] INFO:colcon.colcon_core.shell:Creating environment hook '/home/orientpine/robot_ws/install/pkg_rb10_apple/share/pkg_rb10_apple/hook/ament_prefix_path.ps1'
[1.404s] INFO:colcon.colcon_core.shell:Creating environment descriptor '/home/orientpine/robot_ws/install/pkg_rb10_apple/share/pkg_rb10_apple/hook/ament_prefix_path.dsv'
[1.404s] INFO:colcon.colcon_core.shell:Creating environment hook '/home/orientpine/robot_ws/install/pkg_rb10_apple/share/pkg_rb10_apple/hook/ament_prefix_path.sh'
[1.406s] INFO:colcon.colcon_core.shell:Skip shell extension 'powershell' for command environment: Not usable outside of PowerShell
[1.406s] DEBUG:colcon.colcon_core.shell:Skip shell extension 'dsv' for command environment
[1.925s] INFO:colcon.colcon_core.task.python.build:Building Python package in '/home/orientpine/robot_ws/src/pkg_rb10_apple'
[1.925s] INFO:colcon.colcon_core.shell:Skip shell extension 'powershell' for command environment: Not usable outside of PowerShell
[1.926s] DEBUG:colcon.colcon_core.shell:Skip shell extension 'dsv' for command environment
[1.938s] DEBUG:colcon.colcon_core.event_handler.log_command:Invoking command in '/home/orientpine/robot_ws/build/ros2_aruco': PYTHONPATH=/home/orientpine/robot_ws/build/ros2_aruco/prefix_override:/usr/lib/python3/dist-packages/colcon_core/task/python/colcon_distutils_commands:/home/orientpine/robot_ws/install/ros2_aruco/lib/python3.10/site-packages:${PYTHONPATH} /usr/bin/python3 -W ignore:setup.py install is deprecated -W ignore:easy_install command is deprecated setup.py develop --editable --build-directory /home/orientpine/robot_ws/build/ros2_aruco/build --no-deps symlink_data
[1.939s] DEBUG:colcon.colcon_core.event_handler.log_command:Invoked command in '/home/orientpine/robot_ws/build/ros2_aruco_interfaces' returned '0': CMAKE_PREFIX_PATH=/opt/ros/humble /usr/bin/cmake --build /home/orientpine/robot_ws/build/ros2_aruco_interfaces -- -j12 -l12
[1.941s] DEBUG:colcon.colcon_core.event_handler.log_command:Invoking command in '/home/orientpine/robot_ws/build/ros2_aruco_interfaces': CMAKE_PREFIX_PATH=/opt/ros/humble /usr/bin/cmake --install /home/orientpine/robot_ws/build/ros2_aruco_interfaces
[2.077s] Level 1:colcon.colcon_core.environment:create_environment_scripts_only(ros2_aruco_interfaces)
[2.078s] DEBUG:colcon.colcon_core.event_handler.log_command:Invoked command in '/home/orientpine/robot_ws/build/ros2_aruco_interfaces' returned '0': CMAKE_PREFIX_PATH=/opt/ros/humble /usr/bin/cmake --install /home/orientpine/robot_ws/build/ros2_aruco_interfaces
[2.078s] Level 1:colcon.colcon_core.environment:checking '/home/orientpine/robot_ws/install/ros2_aruco_interfaces' for CMake module files
[2.079s] Level 1:colcon.colcon_core.environment:checking '/home/orientpine/robot_ws/install/ros2_aruco_interfaces' for CMake config files
[2.080s] Level 1:colcon.colcon_core.shell:create_environment_hook('ros2_aruco_interfaces', 'cmake_prefix_path')
[2.080s] INFO:colcon.colcon_core.shell:Creating environment hook '/home/orientpine/robot_ws/install/ros2_aruco_interfaces/share/ros2_aruco_interfaces/hook/cmake_prefix_path.ps1'
[2.081s] INFO:colcon.colcon_core.shell:Creating environment descriptor '/home/orientpine/robot_ws/install/ros2_aruco_interfaces/share/ros2_aruco_interfaces/hook/cmake_prefix_path.dsv'
[2.082s] INFO:colcon.colcon_core.shell:Creating environment hook '/home/orientpine/robot_ws/install/ros2_aruco_interfaces/share/ros2_aruco_interfaces/hook/cmake_prefix_path.sh'
[2.083s] Level 1:colcon.colcon_core.environment:checking '/home/orientpine/robot_ws/install/ros2_aruco_interfaces/lib'
[2.083s] Level 1:colcon.colcon_core.shell:create_environment_hook('ros2_aruco_interfaces', 'ld_library_path_lib')
[2.083s] INFO:colcon.colcon_core.shell:Creating environment hook '/home/orientpine/robot_ws/install/ros2_aruco_interfaces/share/ros2_aruco_interfaces/hook/ld_library_path_lib.ps1'
[2.084s] INFO:colcon.colcon_core.shell:Creating environment descriptor '/home/orientpine/robot_ws/install/ros2_aruco_interfaces/share/ros2_aruco_interfaces/hook/ld_library_path_lib.dsv'
[2.085s] INFO:colcon.colcon_core.shell:Creating environment hook '/home/orientpine/robot_ws/install/ros2_aruco_interfaces/share/ros2_aruco_interfaces/hook/ld_library_path_lib.sh'
[2.085s] Level 1:colcon.colcon_core.environment:checking '/home/orientpine/robot_ws/install/ros2_aruco_interfaces/bin'
[2.085s] Level 1:colcon.colcon_core.environment:checking '/home/orientpine/robot_ws/install/ros2_aruco_interfaces/lib/pkgconfig/ros2_aruco_interfaces.pc'
[2.086s] Level 1:colcon.colcon_core.environment:checking '/home/orientpine/robot_ws/install/ros2_aruco_interfaces/lib/python3.10/site-packages'
[2.086s] Level 1:colcon.colcon_core.environment:checking '/home/orientpine/robot_ws/install/ros2_aruco_interfaces/bin'
[2.087s] INFO:colcon.colcon_core.shell:Creating package script '/home/orientpine/robot_ws/install/ros2_aruco_interfaces/share/ros2_aruco_interfaces/package.ps1'
[2.087s] INFO:colcon.colcon_core.shell:Creating package descriptor '/home/orientpine/robot_ws/install/ros2_aruco_interfaces/share/ros2_aruco_interfaces/package.dsv'
[2.088s] INFO:colcon.colcon_core.shell:Creating package script '/home/orientpine/robot_ws/install/ros2_aruco_interfaces/share/ros2_aruco_interfaces/package.sh'
[2.089s] INFO:colcon.colcon_core.shell:Creating package script '/home/orientpine/robot_ws/install/ros2_aruco_interfaces/share/ros2_aruco_interfaces/package.bash'
[2.090s] INFO:colcon.colcon_core.shell:Creating package script '/home/orientpine/robot_ws/install/ros2_aruco_interfaces/share/ros2_aruco_interfaces/package.zsh'
[2.090s] Level 1:colcon.colcon_core.environment:create_file_with_runtime_dependencies(/home/orientpine/robot_ws/install/ros2_aruco_interfaces/share/colcon-core/packages/ros2_aruco_interfaces)
[2.091s] Level 1:colcon.colcon_core.environment:create_environment_scripts_only(ros2_aruco_interfaces)
[2.091s] Level 1:colcon.colcon_core.environment:checking '/home/orientpine/robot_ws/install/ros2_aruco_interfaces' for CMake module files
[2.092s] Level 1:colcon.colcon_core.environment:checking '/home/orientpine/robot_ws/install/ros2_aruco_interfaces' for CMake config files
[2.093s] Level 1:colcon.colcon_core.shell:create_environment_hook('ros2_aruco_interfaces', 'cmake_prefix_path')
[2.093s] INFO:colcon.colcon_core.shell:Creating environment hook '/home/orientpine/robot_ws/install/ros2_aruco_interfaces/share/ros2_aruco_interfaces/hook/cmake_prefix_path.ps1'
[2.094s] INFO:colcon.colcon_core.shell:Creating environment descriptor '/home/orientpine/robot_ws/install/ros2_aruco_interfaces/share/ros2_aruco_interfaces/hook/cmake_prefix_path.dsv'
[2.094s] INFO:colcon.colcon_core.shell:Creating environment hook '/home/orientpine/robot_ws/install/ros2_aruco_interfaces/share/ros2_aruco_interfaces/hook/cmake_prefix_path.sh'
[2.095s] Level 1:colcon.colcon_core.environment:checking '/home/orientpine/robot_ws/install/ros2_aruco_interfaces/lib'
[2.095s] Level 1:colcon.colcon_core.shell:create_environment_hook('ros2_aruco_interfaces', 'ld_library_path_lib')
[2.096s] INFO:colcon.colcon_core.shell:Creating environment hook '/home/orientpine/robot_ws/install/ros2_aruco_interfaces/share/ros2_aruco_interfaces/hook/ld_library_path_lib.ps1'
[2.096s] INFO:colcon.colcon_core.shell:Creating environment descriptor '/home/orientpine/robot_ws/install/ros2_aruco_interfaces/share/ros2_aruco_interfaces/hook/ld_library_path_lib.dsv'
[2.097s] INFO:colcon.colcon_core.shell:Creating environment hook '/home/orientpine/robot_ws/install/ros2_aruco_interfaces/share/ros2_aruco_interfaces/hook/ld_library_path_lib.sh'
[2.098s] Level 1:colcon.colcon_core.environment:checking '/home/orientpine/robot_ws/install/ros2_aruco_interfaces/bin'
[2.098s] Level 1:colcon.colcon_core.environment:checking '/home/orientpine/robot_ws/install/ros2_aruco_interfaces/lib/pkgconfig/ros2_aruco_interfaces.pc'
[2.098s] Level 1:colcon.colcon_core.environment:checking '/home/orientpine/robot_ws/install/ros2_aruco_interfaces/lib/python3.10/site-packages'
[2.098s] Level 1:colcon.colcon_core.environment:checking '/home/orientpine/robot_ws/install/ros2_aruco_interfaces/bin'
[2.099s] INFO:colcon.colcon_core.shell:Creating package script '/home/orientpine/robot_ws/install/ros2_aruco_interfaces/share/ros2_aruco_interfaces/package.ps1'
[2.100s] INFO:colcon.colcon_core.shell:Creating package descriptor '/home/orientpine/robot_ws/install/ros2_aruco_interfaces/share/ros2_aruco_interfaces/package.dsv'
[2.101s] INFO:colcon.colcon_core.shell:Creating package script '/home/orientpine/robot_ws/install/ros2_aruco_interfaces/share/ros2_aruco_interfaces/package.sh'
[2.102s] INFO:colcon.colcon_core.shell:Creating package script '/home/orientpine/robot_ws/install/ros2_aruco_interfaces/share/ros2_aruco_interfaces/package.bash'
[2.102s] INFO:colcon.colcon_core.shell:Creating package script '/home/orientpine/robot_ws/install/ros2_aruco_interfaces/share/ros2_aruco_interfaces/package.zsh'
[2.103s] Level 1:colcon.colcon_core.environment:create_file_with_runtime_dependencies(/home/orientpine/robot_ws/install/ros2_aruco_interfaces/share/colcon-core/packages/ros2_aruco_interfaces)
[2.582s] DEBUG:colcon.colcon_core.event_handler.log_command:Invoking command in '/home/orientpine/robot_ws/build/pkg_rb10_apple': AMENT_PREFIX_PATH=/home/orientpine/robot_ws/install/interface_rb10_apple:${AMENT_PREFIX_PATH} CMAKE_PREFIX_PATH=/home/orientpine/robot_ws/install/interface_rb10_apple LD_LIBRARY_PATH=/home/orientpine/robot_ws/install/interface_rb10_apple/lib:${LD_LIBRARY_PATH} PYTHONPATH=/home/orientpine/robot_ws/build/pkg_rb10_apple/prefix_override:/usr/lib/python3/dist-packages/colcon_core/task/python/colcon_distutils_commands:/home/orientpine/robot_ws/install/pkg_rb10_apple/lib/python3.10/site-packages:/home/orientpine/robot_ws/install/interface_rb10_apple/lib/python3.11/site-packages:${PYTHONPATH} /usr/bin/python3 -W ignore:setup.py install is deprecated -W ignore:easy_install command is deprecated setup.py develop --editable --build-directory /home/orientpine/robot_ws/build/pkg_rb10_apple/build --no-deps symlink_data
[2.823s] Level 1:colcon.colcon_core.shell:create_environment_hook('ros2_aruco', 'pythonpath_develop')
[2.824s] INFO:colcon.colcon_core.shell:Creating environment hook '/home/orientpine/robot_ws/build/ros2_aruco/share/ros2_aruco/hook/pythonpath_develop.ps1'
[2.825s] DEBUG:colcon.colcon_core.event_handler.log_command:Invoked command in '/home/orientpine/robot_ws/build/ros2_aruco' returned '0': PYTHONPATH=/home/orientpine/robot_ws/build/ros2_aruco/prefix_override:/usr/lib/python3/dist-packages/colcon_core/task/python/colcon_distutils_commands:/home/orientpine/robot_ws/install/ros2_aruco/lib/python3.10/site-packages:${PYTHONPATH} /usr/bin/python3 -W ignore:setup.py install is deprecated -W ignore:easy_install command is deprecated setup.py develop --editable --build-directory /home/orientpine/robot_ws/build/ros2_aruco/build --no-deps symlink_data
[2.825s] INFO:colcon.colcon_core.shell:Creating environment descriptor '/home/orientpine/robot_ws/build/ros2_aruco/share/ros2_aruco/hook/pythonpath_develop.dsv'
[2.826s] INFO:colcon.colcon_core.shell:Creating environment hook '/home/orientpine/robot_ws/build/ros2_aruco/share/ros2_aruco/hook/pythonpath_develop.sh'
[2.827s] Level 1:colcon.colcon_core.environment:checking '/home/orientpine/robot_ws/install/ros2_aruco' for CMake module files
[2.827s] Level 1:colcon.colcon_core.environment:checking '/home/orientpine/robot_ws/install/ros2_aruco' for CMake config files
[2.828s] Level 1:colcon.colcon_core.environment:checking '/home/orientpine/robot_ws/install/ros2_aruco/lib'
[2.829s] Level 1:colcon.colcon_core.environment:checking '/home/orientpine/robot_ws/install/ros2_aruco/bin'
[2.829s] Level 1:colcon.colcon_core.environment:checking '/home/orientpine/robot_ws/install/ros2_aruco/lib/pkgconfig/ros2_aruco.pc'
[2.829s] Level 1:colcon.colcon_core.environment:checking '/home/orientpine/robot_ws/install/ros2_aruco/lib/python3.10/site-packages'
[2.829s] Level 1:colcon.colcon_core.shell:create_environment_hook('ros2_aruco', 'pythonpath')
[2.829s] INFO:colcon.colcon_core.shell:Creating environment hook '/home/orientpine/robot_ws/install/ros2_aruco/share/ros2_aruco/hook/pythonpath.ps1'
[2.830s] INFO:colcon.colcon_core.shell:Creating environment descriptor '/home/orientpine/robot_ws/install/ros2_aruco/share/ros2_aruco/hook/pythonpath.dsv'
[2.831s] INFO:colcon.colcon_core.shell:Creating environment hook '/home/orientpine/robot_ws/install/ros2_aruco/share/ros2_aruco/hook/pythonpath.sh'
[2.832s] Level 1:colcon.colcon_core.environment:checking '/home/orientpine/robot_ws/install/ros2_aruco/bin'
[2.832s] Level 1:colcon.colcon_core.environment:create_environment_scripts_only(ros2_aruco)
[2.833s] INFO:colcon.colcon_core.shell:Creating package script '/home/orientpine/robot_ws/install/ros2_aruco/share/ros2_aruco/package.ps1'
[2.834s] INFO:colcon.colcon_core.shell:Creating package descriptor '/home/orientpine/robot_ws/install/ros2_aruco/share/ros2_aruco/package.dsv'
[2.834s] INFO:colcon.colcon_core.shell:Creating package script '/home/orientpine/robot_ws/install/ros2_aruco/share/ros2_aruco/package.sh'
[2.835s] INFO:colcon.colcon_core.shell:Creating package script '/home/orientpine/robot_ws/install/ros2_aruco/share/ros2_aruco/package.bash'
[2.836s] INFO:colcon.colcon_core.shell:Creating package script '/home/orientpine/robot_ws/install/ros2_aruco/share/ros2_aruco/package.zsh'
[2.836s] Level 1:colcon.colcon_core.environment:create_file_with_runtime_dependencies(/home/orientpine/robot_ws/install/ros2_aruco/share/colcon-core/packages/ros2_aruco)
[3.428s] Level 1:colcon.colcon_core.shell:create_environment_hook('pkg_rb10_apple', 'pythonpath_develop')
[3.428s] INFO:colcon.colcon_core.shell:Creating environment hook '/home/orientpine/robot_ws/build/pkg_rb10_apple/share/pkg_rb10_apple/hook/pythonpath_develop.ps1'
[3.429s] DEBUG:colcon.colcon_core.event_handler.log_command:Invoked command in '/home/orientpine/robot_ws/build/pkg_rb10_apple' returned '0': AMENT_PREFIX_PATH=/home/orientpine/robot_ws/install/interface_rb10_apple:${AMENT_PREFIX_PATH} CMAKE_PREFIX_PATH=/home/orientpine/robot_ws/install/interface_rb10_apple LD_LIBRARY_PATH=/home/orientpine/robot_ws/install/interface_rb10_apple/lib:${LD_LIBRARY_PATH} PYTHONPATH=/home/orientpine/robot_ws/build/pkg_rb10_apple/prefix_override:/usr/lib/python3/dist-packages/colcon_core/task/python/colcon_distutils_commands:/home/orientpine/robot_ws/install/pkg_rb10_apple/lib/python3.10/site-packages:/home/orientpine/robot_ws/install/interface_rb10_apple/lib/python3.11/site-packages:${PYTHONPATH} /usr/bin/python3 -W ignore:setup.py install is deprecated -W ignore:easy_install command is deprecated setup.py develop --editable --build-directory /home/orientpine/robot_ws/build/pkg_rb10_apple/build --no-deps symlink_data
[3.430s] INFO:colcon.colcon_core.shell:Creating environment descriptor '/home/orientpine/robot_ws/build/pkg_rb10_apple/share/pkg_rb10_apple/hook/pythonpath_develop.dsv'
[3.430s] INFO:colcon.colcon_core.shell:Creating environment hook '/home/orientpine/robot_ws/build/pkg_rb10_apple/share/pkg_rb10_apple/hook/pythonpath_develop.sh'
[3.431s] Level 1:colcon.colcon_core.environment:checking '/home/orientpine/robot_ws/install/pkg_rb10_apple' for CMake module files
[3.432s] Level 1:colcon.colcon_core.environment:checking '/home/orientpine/robot_ws/install/pkg_rb10_apple' for CMake config files
[3.433s] Level 1:colcon.colcon_core.environment:checking '/home/orientpine/robot_ws/install/pkg_rb10_apple/lib'
[3.433s] Level 1:colcon.colcon_core.environment:checking '/home/orientpine/robot_ws/install/pkg_rb10_apple/bin'
[3.433s] Level 1:colcon.colcon_core.environment:checking '/home/orientpine/robot_ws/install/pkg_rb10_apple/lib/pkgconfig/pkg_rb10_apple.pc'
[3.433s] Level 1:colcon.colcon_core.environment:checking '/home/orientpine/robot_ws/install/pkg_rb10_apple/lib/python3.10/site-packages'
[3.434s] Level 1:colcon.colcon_core.shell:create_environment_hook('pkg_rb10_apple', 'pythonpath')
[3.434s] INFO:colcon.colcon_core.shell:Creating environment hook '/home/orientpine/robot_ws/install/pkg_rb10_apple/share/pkg_rb10_apple/hook/pythonpath.ps1'
[3.435s] INFO:colcon.colcon_core.shell:Creating environment descriptor '/home/orientpine/robot_ws/install/pkg_rb10_apple/share/pkg_rb10_apple/hook/pythonpath.dsv'
[3.435s] INFO:colcon.colcon_core.shell:Creating environment hook '/home/orientpine/robot_ws/install/pkg_rb10_apple/share/pkg_rb10_apple/hook/pythonpath.sh'
[3.436s] Level 1:colcon.colcon_core.environment:checking '/home/orientpine/robot_ws/install/pkg_rb10_apple/bin'
[3.436s] Level 1:colcon.colcon_core.environment:create_environment_scripts_only(pkg_rb10_apple)
[3.437s] INFO:colcon.colcon_core.shell:Creating package script '/home/orientpine/robot_ws/install/pkg_rb10_apple/share/pkg_rb10_apple/package.ps1'
[3.437s] INFO:colcon.colcon_core.shell:Creating package descriptor '/home/orientpine/robot_ws/install/pkg_rb10_apple/share/pkg_rb10_apple/package.dsv'
[3.438s] INFO:colcon.colcon_core.shell:Creating package script '/home/orientpine/robot_ws/install/pkg_rb10_apple/share/pkg_rb10_apple/package.sh'
[3.439s] INFO:colcon.colcon_core.shell:Creating package script '/home/orientpine/robot_ws/install/pkg_rb10_apple/share/pkg_rb10_apple/package.bash'
[3.440s] INFO:colcon.colcon_core.shell:Creating package script '/home/orientpine/robot_ws/install/pkg_rb10_apple/share/pkg_rb10_apple/package.zsh'
[3.440s] Level 1:colcon.colcon_core.environment:create_file_with_runtime_dependencies(/home/orientpine/robot_ws/install/pkg_rb10_apple/share/colcon-core/packages/pkg_rb10_apple)
[3.440s] DEBUG:colcon.colcon_parallel_executor.executor.parallel:closing loop
[3.441s] DEBUG:colcon.colcon_parallel_executor.executor.parallel:loop closed
[3.441s] DEBUG:colcon.colcon_parallel_executor.executor.parallel:run_until_complete finished with '0'
[3.441s] DEBUG:colcon.colcon_core.event_reactor:joining thread
[3.449s] INFO:colcon.colcon_core.plugin_system:Skipping extension 'colcon_notification.desktop_notification.terminal_notifier': Not used on non-Darwin systems
[3.449s] INFO:colcon.colcon_core.plugin_system:Skipping extension 'colcon_notification.desktop_notification.win32': Not used on non-Windows systems
[3.450s] INFO:colcon.colcon_notification.desktop_notification:Sending desktop notification using 'notify2'
[3.467s] DEBUG:colcon.colcon_core.event_reactor:joined thread
[3.467s] INFO:colcon.colcon_core.shell:Creating prefix script '/home/orientpine/robot_ws/install/local_setup.ps1'
[3.469s] INFO:colcon.colcon_core.shell:Creating prefix util module '/home/orientpine/robot_ws/install/_local_setup_util_ps1.py'
[3.471s] INFO:colcon.colcon_core.shell:Creating prefix chain script '/home/orientpine/robot_ws/install/setup.ps1'
[3.473s] INFO:colcon.colcon_core.shell:Creating prefix script '/home/orientpine/robot_ws/install/local_setup.sh'
[3.474s] INFO:colcon.colcon_core.shell:Creating prefix util module '/home/orientpine/robot_ws/install/_local_setup_util_sh.py'
[3.474s] INFO:colcon.colcon_core.shell:Creating prefix chain script '/home/orientpine/robot_ws/install/setup.sh'
[3.476s] INFO:colcon.colcon_core.shell:Creating prefix script '/home/orientpine/robot_ws/install/local_setup.bash'
[3.476s] INFO:colcon.colcon_core.shell:Creating prefix chain script '/home/orientpine/robot_ws/install/setup.bash'
[3.478s] INFO:colcon.colcon_core.shell:Creating prefix script '/home/orientpine/robot_ws/install/local_setup.zsh'
[3.479s] INFO:colcon.colcon_core.shell:Creating prefix chain script '/home/orientpine/robot_ws/install/setup.zsh'
