-- Found ament_cmake: 1.3.11 (/opt/ros/humble/share/ament_cmake/cmake)
-- Override CMake install command with custom implementation using symlinks instead of copying resources
-- Found builtin_interfaces: 1.2.1 (/opt/ros/humble/share/builtin_interfaces/cmake)
-- Found rosidl_generator_c: 3.1.6 (/opt/ros/humble/share/rosidl_generator_c/cmake)
-- Found rosidl_adapter: 3.1.6 (/opt/ros/humble/share/rosidl_adapter/cmake)
-- Found rosidl_generator_cpp: 3.1.6 (/opt/ros/humble/share/rosidl_generator_cpp/cmake)
-- Using all available rosidl_typesupport_c: rosidl_typesupport_fastrtps_c;rosidl_typesupport_introspection_c
-- Using all available rosidl_typesupport_cpp: rosidl_typesupport_fastrtps_cpp;rosidl_typesupport_introspection_cpp
-- Found rosidl_default_generators: 1.2.0 (/opt/ros/humble/share/rosidl_default_generators/cmake)
-- Found ament_cmake_ros: 0.10.0 (/opt/ros/humble/share/ament_cmake_ros/cmake)
-- Using all available rosidl_typesupport_c: rosidl_typesupport_fastrtps_c;rosidl_typesupport_introspection_c
-- Using all available rosidl_typesupport_cpp: rosidl_typesupport_fastrtps_cpp;rosidl_typesupport_introspection_cpp
-- Found PythonInterp: /home/orientpine/miniconda3/bin/python3 (found suitable version "3.11.5", minimum required is "3.6") 
-- Found python_cmake_module: 0.10.0 (/opt/ros/humble/share/python_cmake_module/cmake)
-- Found PythonLibs: /home/orientpine/miniconda3/lib/libpython3.11.so (found suitable version "3.11.5", minimum required is "3.5") 
-- Using PYTHON_EXECUTABLE: /home/orientpine/miniconda3/bin/python3
-- Using PYTHON_INCLUDE_DIRS: /home/orientpine/miniconda3/include/python3.11
-- Using PYTHON_LIBRARIES: /home/orientpine/miniconda3/lib/libpython3.11.so
-- Found PythonExtra: .so  
-- Using numpy include directory: /home/orientpine/miniconda3/lib/python3.11/site-packages/numpy/_core/include
-- Configuring done
-- Generating done
-- Build files have been written to: /home/orientpine/robot_ws/build/interface_rb10_apple
[  1%] [34m[1mGenerating C code for ROS interfaces[0m
[  2%] [34m[1mGenerating C++ code for ROS interfaces[0m
[  2%] Built target ament_cmake_python_symlink_interface_rb10_apple
running egg_info
creating interface_rb10_apple.egg-info
writing interface_rb10_apple.egg-info/PKG-INFO
writing dependency_links to interface_rb10_apple.egg-info/dependency_links.txt
writing top-level names to interface_rb10_apple.egg-info/top_level.txt
writing manifest file 'interface_rb10_apple.egg-info/SOURCES.txt'
reading manifest file 'interface_rb10_apple.egg-info/SOURCES.txt'
writing manifest file 'interface_rb10_apple.egg-info/SOURCES.txt'
[  2%] Built target ament_cmake_python_build_interface_rb10_apple_egg
