[1.852s] Invoking command in '/home/orientpine/robot_ws/src/pkg_rb10_apple': CMAKE_PREFIX_PATH=/home/orientpine/robot_ws/install/interface_rb10_apple:/home/orientpine/Documents/hr35/install/msg_gps_interface:/home/orientpine/Documents/hr35/install/msg_excavator_kine_interface:/home/orientpine/Documents/hr35/install/excavator_msgs:/home/orientpine/robot_ws/install/ros2_aruco_interfaces CONDA_PROMPT_MODIFIER=(rb) LD_LIBRARY_PATH=/home/orientpine/robot_ws/install/interface_rb10_apple/lib:/home/orientpine/Documents/hr35/install/msg_gps_interface/lib:/home/orientpine/Documents/hr35/install/msg_excavator_kine_interface/lib:/home/orientpine/Documents/hr35/install/excavator_msgs/lib:/home/orientpine/robot_ws/install/ros2_aruco_interfaces/lib:/opt/ros/humble/opt/rviz_ogre_vendor/lib:/opt/ros/humble/lib/x86_64-linux-gnu:/opt/ros/humble/lib PYTHONPATH=/home/orientpine/robot_ws/build/pkg_rb10_apple/prefix_override:/usr/lib/python3/dist-packages/colcon_core/task/python/colcon_distutils_commands:/home/orientpine/robot_ws/install/pkg_rb10_apple/lib/python3.10/site-packages:${PYTHONPATH} /usr/bin/python3 -W ignore:setup.py install is deprecated -W ignore:easy_install command is deprecated setup.py egg_info --egg-base ../../build/pkg_rb10_apple build --build-base /home/orientpine/robot_ws/build/pkg_rb10_apple/build install --record /home/orientpine/robot_ws/build/pkg_rb10_apple/install.log --single-version-externally-managed install_data
[2.640s] running egg_info
[2.643s] writing ../../build/pkg_rb10_apple/pkg_rb10_apple.egg-info/PKG-INFO
[2.644s] writing dependency_links to ../../build/pkg_rb10_apple/pkg_rb10_apple.egg-info/dependency_links.txt
[2.644s] writing entry points to ../../build/pkg_rb10_apple/pkg_rb10_apple.egg-info/entry_points.txt
[2.645s] writing requirements to ../../build/pkg_rb10_apple/pkg_rb10_apple.egg-info/requires.txt
[2.645s] writing top-level names to ../../build/pkg_rb10_apple/pkg_rb10_apple.egg-info/top_level.txt
[2.654s] reading manifest file '../../build/pkg_rb10_apple/pkg_rb10_apple.egg-info/SOURCES.txt'
[2.654s] writing manifest file '../../build/pkg_rb10_apple/pkg_rb10_apple.egg-info/SOURCES.txt'
[2.658s] running build
[2.658s] running build_py
[2.658s] copying pkg_rb10_apple/robot_control/robot_joint_control_server.py -> /home/orientpine/robot_ws/build/pkg_rb10_apple/build/lib/pkg_rb10_apple/robot_control
[2.658s] running install
[2.659s] running install_lib
[2.662s] copying /home/orientpine/robot_ws/build/pkg_rb10_apple/build/lib/pkg_rb10_apple/robot_control/robot_joint_control_server.py -> /home/orientpine/robot_ws/install/pkg_rb10_apple/lib/python3.10/site-packages/pkg_rb10_apple/robot_control
[2.664s] byte-compiling /home/orientpine/robot_ws/install/pkg_rb10_apple/lib/python3.10/site-packages/pkg_rb10_apple/robot_control/robot_joint_control_server.py to robot_joint_control_server.cpython-310.pyc
[2.669s] running install_data
[2.669s] running install_egg_info
[2.677s] removing '/home/orientpine/robot_ws/install/pkg_rb10_apple/lib/python3.10/site-packages/pkg_rb10_apple-0.0.0-py3.10.egg-info' (and everything under it)
[2.677s] Copying ../../build/pkg_rb10_apple/pkg_rb10_apple.egg-info to /home/orientpine/robot_ws/install/pkg_rb10_apple/lib/python3.10/site-packages/pkg_rb10_apple-0.0.0-py3.10.egg-info
[2.684s] running install_scripts
[2.735s] Installing robot_connect_control_server script to /home/orientpine/robot_ws/install/pkg_rb10_apple/lib/pkg_rb10_apple
[2.736s] Installing robot_info_publisher script to /home/orientpine/robot_ws/install/pkg_rb10_apple/lib/pkg_rb10_apple
[2.736s] Installing robot_joint_control_server script to /home/orientpine/robot_ws/install/pkg_rb10_apple/lib/pkg_rb10_apple
[2.736s] Installing robot_mode_control_client script to /home/orientpine/robot_ws/install/pkg_rb10_apple/lib/pkg_rb10_apple
[2.736s] Installing robot_mode_control_server script to /home/orientpine/robot_ws/install/pkg_rb10_apple/lib/pkg_rb10_apple
[2.737s] Installing robot_tcp_control_server script to /home/orientpine/robot_ws/install/pkg_rb10_apple/lib/pkg_rb10_apple
[2.737s] Installing robot_tracking_aruco_server script to /home/orientpine/robot_ws/install/pkg_rb10_apple/lib/pkg_rb10_apple
[2.738s] writing list of installed files to '/home/orientpine/robot_ws/build/pkg_rb10_apple/install.log'
[2.792s] Invoked command in '/home/orientpine/robot_ws/src/pkg_rb10_apple' returned '0': CMAKE_PREFIX_PATH=/home/orientpine/robot_ws/install/interface_rb10_apple:/home/orientpine/Documents/hr35/install/msg_gps_interface:/home/orientpine/Documents/hr35/install/msg_excavator_kine_interface:/home/orientpine/Documents/hr35/install/excavator_msgs:/home/orientpine/robot_ws/install/ros2_aruco_interfaces CONDA_PROMPT_MODIFIER=(rb) LD_LIBRARY_PATH=/home/orientpine/robot_ws/install/interface_rb10_apple/lib:/home/orientpine/Documents/hr35/install/msg_gps_interface/lib:/home/orientpine/Documents/hr35/install/msg_excavator_kine_interface/lib:/home/orientpine/Documents/hr35/install/excavator_msgs/lib:/home/orientpine/robot_ws/install/ros2_aruco_interfaces/lib:/opt/ros/humble/opt/rviz_ogre_vendor/lib:/opt/ros/humble/lib/x86_64-linux-gnu:/opt/ros/humble/lib PYTHONPATH=/home/orientpine/robot_ws/build/pkg_rb10_apple/prefix_override:/usr/lib/python3/dist-packages/colcon_core/task/python/colcon_distutils_commands:/home/orientpine/robot_ws/install/pkg_rb10_apple/lib/python3.10/site-packages:${PYTHONPATH} /usr/bin/python3 -W ignore:setup.py install is deprecated -W ignore:easy_install command is deprecated setup.py egg_info --egg-base ../../build/pkg_rb10_apple build --build-base /home/orientpine/robot_ws/build/pkg_rb10_apple/build install --record /home/orientpine/robot_ws/build/pkg_rb10_apple/install.log --single-version-externally-managed install_data
