[0.241s] DEBUG:colcon:Command line arguments: ['/usr/bin/colcon', 'build', '--packages-select', 'ros2_aruco', '--symlink-install']
[0.241s] DEBUG:colcon:Parsed command line arguments: Namespace(log_base=None, log_level=None, verb_name='build', build_base='build', install_base='install', merge_install=False, symlink_install=True, test_result_base=None, continue_on_error=False, executor='parallel', parallel_workers=12, event_handlers=None, ignore_user_meta=False, metas=['./colcon.meta'], base_paths=['.'], packages_ignore=None, packages_ignore_regex=None, paths=None, packages_up_to=None, packages_up_to_regex=None, packages_above=None, packages_above_and_dependencies=None, packages_above_depth=None, packages_select_by_dep=None, packages_skip_by_dep=None, packages_skip_up_to=None, packages_select_build_failed=False, packages_skip_build_finished=False, packages_select_test_failures=False, packages_skip_test_passed=False, packages_select=['ros2_aruco'], packages_skip=None, packages_select_regex=None, packages_skip_regex=None, packages_start=None, packages_end=None, allow_overriding=[], cmake_args=None, cmake_target=None, cmake_target_skip_unavailable=False, cmake_clean_cache=False, cmake_clean_first=False, cmake_force_configure=False, ament_cmake_args=None, catkin_cmake_args=None, catkin_skip_building_tests=False, verb_parser=<colcon_defaults.argument_parser.defaults.DefaultArgumentsDecorator object at 0x7d0755d4b6a0>, verb_extension=<colcon_core.verb.build.BuildVerb object at 0x7d0755d4b190>, main=<bound method BuildVerb.main of <colcon_core.verb.build.BuildVerb object at 0x7d0755d4b190>>)
[0.679s] Level 1:colcon.colcon_core.package_discovery:discover_packages(colcon_meta) check parameters
[0.679s] Level 1:colcon.colcon_core.package_discovery:discover_packages(recursive) check parameters
[0.679s] Level 1:colcon.colcon_core.package_discovery:discover_packages(ignore) check parameters
[0.679s] Level 1:colcon.colcon_core.package_discovery:discover_packages(path) check parameters
[0.679s] Level 1:colcon.colcon_core.package_discovery:discover_packages(colcon_meta) discover
[0.679s] Level 1:colcon.colcon_core.package_discovery:discover_packages(recursive) discover
[0.680s] INFO:colcon.colcon_core.package_discovery:Crawling recursively for packages in '/home/orientpine/robot_ws'
[0.680s] Level 1:colcon.colcon_core.package_identification:_identify(.) by extensions ['ignore', 'ignore_ament_install']
[0.680s] Level 1:colcon.colcon_core.package_identification:_identify(.) by extension 'ignore'
[0.680s] Level 1:colcon.colcon_core.package_identification:_identify(.) by extension 'ignore_ament_install'
[0.680s] Level 1:colcon.colcon_core.package_identification:_identify(.) by extensions ['colcon_pkg']
[0.680s] Level 1:colcon.colcon_core.package_identification:_identify(.) by extension 'colcon_pkg'
[0.680s] Level 1:colcon.colcon_core.package_identification:_identify(.) by extensions ['colcon_meta']
[0.680s] Level 1:colcon.colcon_core.package_identification:_identify(.) by extension 'colcon_meta'
[0.681s] Level 1:colcon.colcon_core.package_identification:_identify(.) by extensions ['ros']
[0.681s] Level 1:colcon.colcon_core.package_identification:_identify(.) by extension 'ros'
[0.705s] Level 1:colcon.colcon_core.package_identification:_identify(.) by extensions ['cmake', 'python']
[0.705s] Level 1:colcon.colcon_core.package_identification:_identify(.) by extension 'cmake'
[0.705s] Level 1:colcon.colcon_core.package_identification:_identify(.) by extension 'python'
[0.705s] Level 1:colcon.colcon_core.package_identification:_identify(.) by extensions ['python_setup_py']
[0.706s] Level 1:colcon.colcon_core.package_identification:_identify(.) by extension 'python_setup_py'
[0.706s] Level 1:colcon.colcon_core.package_identification:_identify(DyCalibResult) by extensions ['ignore', 'ignore_ament_install']
[0.706s] Level 1:colcon.colcon_core.package_identification:_identify(DyCalibResult) by extension 'ignore'
[0.706s] Level 1:colcon.colcon_core.package_identification:_identify(DyCalibResult) by extension 'ignore_ament_install'
[0.706s] Level 1:colcon.colcon_core.package_identification:_identify(DyCalibResult) by extensions ['colcon_pkg']
[0.706s] Level 1:colcon.colcon_core.package_identification:_identify(DyCalibResult) by extension 'colcon_pkg'
[0.706s] Level 1:colcon.colcon_core.package_identification:_identify(DyCalibResult) by extensions ['colcon_meta']
[0.707s] Level 1:colcon.colcon_core.package_identification:_identify(DyCalibResult) by extension 'colcon_meta'
[0.707s] Level 1:colcon.colcon_core.package_identification:_identify(DyCalibResult) by extensions ['ros']
[0.707s] Level 1:colcon.colcon_core.package_identification:_identify(DyCalibResult) by extension 'ros'
[0.707s] Level 1:colcon.colcon_core.package_identification:_identify(DyCalibResult) by extensions ['cmake', 'python']
[0.707s] Level 1:colcon.colcon_core.package_identification:_identify(DyCalibResult) by extension 'cmake'
[0.707s] Level 1:colcon.colcon_core.package_identification:_identify(DyCalibResult) by extension 'python'
[0.707s] Level 1:colcon.colcon_core.package_identification:_identify(DyCalibResult) by extensions ['python_setup_py']
[0.707s] Level 1:colcon.colcon_core.package_identification:_identify(DyCalibResult) by extension 'python_setup_py'
[0.707s] Level 1:colcon.colcon_core.package_identification:_identify(DyCalibResult/313522071822) by extensions ['ignore', 'ignore_ament_install']
[0.708s] Level 1:colcon.colcon_core.package_identification:_identify(DyCalibResult/313522071822) by extension 'ignore'
[0.708s] Level 1:colcon.colcon_core.package_identification:_identify(DyCalibResult/313522071822) by extension 'ignore_ament_install'
[0.708s] Level 1:colcon.colcon_core.package_identification:_identify(DyCalibResult/313522071822) by extensions ['colcon_pkg']
[0.708s] Level 1:colcon.colcon_core.package_identification:_identify(DyCalibResult/313522071822) by extension 'colcon_pkg'
[0.708s] Level 1:colcon.colcon_core.package_identification:_identify(DyCalibResult/313522071822) by extensions ['colcon_meta']
[0.708s] Level 1:colcon.colcon_core.package_identification:_identify(DyCalibResult/313522071822) by extension 'colcon_meta'
[0.708s] Level 1:colcon.colcon_core.package_identification:_identify(DyCalibResult/313522071822) by extensions ['ros']
[0.708s] Level 1:colcon.colcon_core.package_identification:_identify(DyCalibResult/313522071822) by extension 'ros'
[0.708s] Level 1:colcon.colcon_core.package_identification:_identify(DyCalibResult/313522071822) by extensions ['cmake', 'python']
[0.709s] Level 1:colcon.colcon_core.package_identification:_identify(DyCalibResult/313522071822) by extension 'cmake'
[0.709s] Level 1:colcon.colcon_core.package_identification:_identify(DyCalibResult/313522071822) by extension 'python'
[0.709s] Level 1:colcon.colcon_core.package_identification:_identify(DyCalibResult/313522071822) by extensions ['python_setup_py']
[0.709s] Level 1:colcon.colcon_core.package_identification:_identify(DyCalibResult/313522071822) by extension 'python_setup_py'
[0.709s] Level 1:colcon.colcon_core.package_identification:_identify(DyCalibResult/313522071822/DC1) by extensions ['ignore', 'ignore_ament_install']
[0.709s] Level 1:colcon.colcon_core.package_identification:_identify(DyCalibResult/313522071822/DC1) by extension 'ignore'
[0.709s] Level 1:colcon.colcon_core.package_identification:_identify(DyCalibResult/313522071822/DC1) by extension 'ignore_ament_install'
[0.710s] Level 1:colcon.colcon_core.package_identification:_identify(DyCalibResult/313522071822/DC1) by extensions ['colcon_pkg']
[0.710s] Level 1:colcon.colcon_core.package_identification:_identify(DyCalibResult/313522071822/DC1) by extension 'colcon_pkg'
[0.710s] Level 1:colcon.colcon_core.package_identification:_identify(DyCalibResult/313522071822/DC1) by extensions ['colcon_meta']
[0.710s] Level 1:colcon.colcon_core.package_identification:_identify(DyCalibResult/313522071822/DC1) by extension 'colcon_meta'
[0.710s] Level 1:colcon.colcon_core.package_identification:_identify(DyCalibResult/313522071822/DC1) by extensions ['ros']
[0.710s] Level 1:colcon.colcon_core.package_identification:_identify(DyCalibResult/313522071822/DC1) by extension 'ros'
[0.710s] Level 1:colcon.colcon_core.package_identification:_identify(DyCalibResult/313522071822/DC1) by extensions ['cmake', 'python']
[0.710s] Level 1:colcon.colcon_core.package_identification:_identify(DyCalibResult/313522071822/DC1) by extension 'cmake'
[0.710s] Level 1:colcon.colcon_core.package_identification:_identify(DyCalibResult/313522071822/DC1) by extension 'python'
[0.710s] Level 1:colcon.colcon_core.package_identification:_identify(DyCalibResult/313522071822/DC1) by extensions ['python_setup_py']
[0.710s] Level 1:colcon.colcon_core.package_identification:_identify(DyCalibResult/313522071822/DC1) by extension 'python_setup_py'
[0.711s] Level 1:colcon.colcon_core.package_identification:_identify(DyCalibResult/313522071822/DC2) by extensions ['ignore', 'ignore_ament_install']
[0.711s] Level 1:colcon.colcon_core.package_identification:_identify(DyCalibResult/313522071822/DC2) by extension 'ignore'
[0.711s] Level 1:colcon.colcon_core.package_identification:_identify(DyCalibResult/313522071822/DC2) by extension 'ignore_ament_install'
[0.711s] Level 1:colcon.colcon_core.package_identification:_identify(DyCalibResult/313522071822/DC2) by extensions ['colcon_pkg']
[0.711s] Level 1:colcon.colcon_core.package_identification:_identify(DyCalibResult/313522071822/DC2) by extension 'colcon_pkg'
[0.711s] Level 1:colcon.colcon_core.package_identification:_identify(DyCalibResult/313522071822/DC2) by extensions ['colcon_meta']
[0.711s] Level 1:colcon.colcon_core.package_identification:_identify(DyCalibResult/313522071822/DC2) by extension 'colcon_meta'
[0.711s] Level 1:colcon.colcon_core.package_identification:_identify(DyCalibResult/313522071822/DC2) by extensions ['ros']
[0.711s] Level 1:colcon.colcon_core.package_identification:_identify(DyCalibResult/313522071822/DC2) by extension 'ros'
[0.712s] Level 1:colcon.colcon_core.package_identification:_identify(DyCalibResult/313522071822/DC2) by extensions ['cmake', 'python']
[0.712s] Level 1:colcon.colcon_core.package_identification:_identify(DyCalibResult/313522071822/DC2) by extension 'cmake'
[0.712s] Level 1:colcon.colcon_core.package_identification:_identify(DyCalibResult/313522071822/DC2) by extension 'python'
[0.712s] Level 1:colcon.colcon_core.package_identification:_identify(DyCalibResult/313522071822/DC2) by extensions ['python_setup_py']
[0.712s] Level 1:colcon.colcon_core.package_identification:_identify(DyCalibResult/313522071822/DC2) by extension 'python_setup_py'
[0.712s] Level 1:colcon.colcon_core.package_identification:_identify(DyCalibResult/313522071822/DC3) by extensions ['ignore', 'ignore_ament_install']
[0.712s] Level 1:colcon.colcon_core.package_identification:_identify(DyCalibResult/313522071822/DC3) by extension 'ignore'
[0.712s] Level 1:colcon.colcon_core.package_identification:_identify(DyCalibResult/313522071822/DC3) by extension 'ignore_ament_install'
[0.712s] Level 1:colcon.colcon_core.package_identification:_identify(DyCalibResult/313522071822/DC3) by extensions ['colcon_pkg']
[0.713s] Level 1:colcon.colcon_core.package_identification:_identify(DyCalibResult/313522071822/DC3) by extension 'colcon_pkg'
[0.713s] Level 1:colcon.colcon_core.package_identification:_identify(DyCalibResult/313522071822/DC3) by extensions ['colcon_meta']
[0.713s] Level 1:colcon.colcon_core.package_identification:_identify(DyCalibResult/313522071822/DC3) by extension 'colcon_meta'
[0.713s] Level 1:colcon.colcon_core.package_identification:_identify(DyCalibResult/313522071822/DC3) by extensions ['ros']
[0.713s] Level 1:colcon.colcon_core.package_identification:_identify(DyCalibResult/313522071822/DC3) by extension 'ros'
[0.713s] Level 1:colcon.colcon_core.package_identification:_identify(DyCalibResult/313522071822/DC3) by extensions ['cmake', 'python']
[0.713s] Level 1:colcon.colcon_core.package_identification:_identify(DyCalibResult/313522071822/DC3) by extension 'cmake'
[0.713s] Level 1:colcon.colcon_core.package_identification:_identify(DyCalibResult/313522071822/DC3) by extension 'python'
[0.713s] Level 1:colcon.colcon_core.package_identification:_identify(DyCalibResult/313522071822/DC3) by extensions ['python_setup_py']
[0.713s] Level 1:colcon.colcon_core.package_identification:_identify(DyCalibResult/313522071822/DC3) by extension 'python_setup_py'
[0.714s] Level 1:colcon.colcon_core.package_identification:_identify(DyCalibResult/313522071822/DC4) by extensions ['ignore', 'ignore_ament_install']
[0.714s] Level 1:colcon.colcon_core.package_identification:_identify(DyCalibResult/313522071822/DC4) by extension 'ignore'
[0.714s] Level 1:colcon.colcon_core.package_identification:_identify(DyCalibResult/313522071822/DC4) by extension 'ignore_ament_install'
[0.714s] Level 1:colcon.colcon_core.package_identification:_identify(DyCalibResult/313522071822/DC4) by extensions ['colcon_pkg']
[0.714s] Level 1:colcon.colcon_core.package_identification:_identify(DyCalibResult/313522071822/DC4) by extension 'colcon_pkg'
[0.714s] Level 1:colcon.colcon_core.package_identification:_identify(DyCalibResult/313522071822/DC4) by extensions ['colcon_meta']
[0.714s] Level 1:colcon.colcon_core.package_identification:_identify(DyCalibResult/313522071822/DC4) by extension 'colcon_meta'
[0.714s] Level 1:colcon.colcon_core.package_identification:_identify(DyCalibResult/313522071822/DC4) by extensions ['ros']
[0.714s] Level 1:colcon.colcon_core.package_identification:_identify(DyCalibResult/313522071822/DC4) by extension 'ros'
[0.715s] Level 1:colcon.colcon_core.package_identification:_identify(DyCalibResult/313522071822/DC4) by extensions ['cmake', 'python']
[0.715s] Level 1:colcon.colcon_core.package_identification:_identify(DyCalibResult/313522071822/DC4) by extension 'cmake'
[0.715s] Level 1:colcon.colcon_core.package_identification:_identify(DyCalibResult/313522071822/DC4) by extension 'python'
[0.715s] Level 1:colcon.colcon_core.package_identification:_identify(DyCalibResult/313522071822/DC4) by extensions ['python_setup_py']
[0.715s] Level 1:colcon.colcon_core.package_identification:_identify(DyCalibResult/313522071822/DC4) by extension 'python_setup_py'
[0.715s] Level 1:colcon.colcon_core.package_identification:_identify(DyCalibResult/313522071822/DC5) by extensions ['ignore', 'ignore_ament_install']
[0.715s] Level 1:colcon.colcon_core.package_identification:_identify(DyCalibResult/313522071822/DC5) by extension 'ignore'
[0.715s] Level 1:colcon.colcon_core.package_identification:_identify(DyCalibResult/313522071822/DC5) by extension 'ignore_ament_install'
[0.716s] Level 1:colcon.colcon_core.package_identification:_identify(DyCalibResult/313522071822/DC5) by extensions ['colcon_pkg']
[0.716s] Level 1:colcon.colcon_core.package_identification:_identify(DyCalibResult/313522071822/DC5) by extension 'colcon_pkg'
[0.716s] Level 1:colcon.colcon_core.package_identification:_identify(DyCalibResult/313522071822/DC5) by extensions ['colcon_meta']
[0.716s] Level 1:colcon.colcon_core.package_identification:_identify(DyCalibResult/313522071822/DC5) by extension 'colcon_meta'
[0.716s] Level 1:colcon.colcon_core.package_identification:_identify(DyCalibResult/313522071822/DC5) by extensions ['ros']
[0.716s] Level 1:colcon.colcon_core.package_identification:_identify(DyCalibResult/313522071822/DC5) by extension 'ros'
[0.716s] Level 1:colcon.colcon_core.package_identification:_identify(DyCalibResult/313522071822/DC5) by extensions ['cmake', 'python']
[0.716s] Level 1:colcon.colcon_core.package_identification:_identify(DyCalibResult/313522071822/DC5) by extension 'cmake'
[0.716s] Level 1:colcon.colcon_core.package_identification:_identify(DyCalibResult/313522071822/DC5) by extension 'python'
[0.716s] Level 1:colcon.colcon_core.package_identification:_identify(DyCalibResult/313522071822/DC5) by extensions ['python_setup_py']
[0.716s] Level 1:colcon.colcon_core.package_identification:_identify(DyCalibResult/313522071822/DC5) by extension 'python_setup_py'
[0.716s] Level 1:colcon.colcon_core.package_identification:_identify(DyCalibResult/313522071822/DC6) by extensions ['ignore', 'ignore_ament_install']
[0.717s] Level 1:colcon.colcon_core.package_identification:_identify(DyCalibResult/313522071822/DC6) by extension 'ignore'
[0.717s] Level 1:colcon.colcon_core.package_identification:_identify(DyCalibResult/313522071822/DC6) by extension 'ignore_ament_install'
[0.717s] Level 1:colcon.colcon_core.package_identification:_identify(DyCalibResult/313522071822/DC6) by extensions ['colcon_pkg']
[0.717s] Level 1:colcon.colcon_core.package_identification:_identify(DyCalibResult/313522071822/DC6) by extension 'colcon_pkg'
[0.717s] Level 1:colcon.colcon_core.package_identification:_identify(DyCalibResult/313522071822/DC6) by extensions ['colcon_meta']
[0.717s] Level 1:colcon.colcon_core.package_identification:_identify(DyCalibResult/313522071822/DC6) by extension 'colcon_meta'
[0.717s] Level 1:colcon.colcon_core.package_identification:_identify(DyCalibResult/313522071822/DC6) by extensions ['ros']
[0.717s] Level 1:colcon.colcon_core.package_identification:_identify(DyCalibResult/313522071822/DC6) by extension 'ros'
[0.717s] Level 1:colcon.colcon_core.package_identification:_identify(DyCalibResult/313522071822/DC6) by extensions ['cmake', 'python']
[0.717s] Level 1:colcon.colcon_core.package_identification:_identify(DyCalibResult/313522071822/DC6) by extension 'cmake'
[0.717s] Level 1:colcon.colcon_core.package_identification:_identify(DyCalibResult/313522071822/DC6) by extension 'python'
[0.717s] Level 1:colcon.colcon_core.package_identification:_identify(DyCalibResult/313522071822/DC6) by extensions ['python_setup_py']
[0.718s] Level 1:colcon.colcon_core.package_identification:_identify(DyCalibResult/313522071822/DC6) by extension 'python_setup_py'
[0.718s] Level 1:colcon.colcon_core.package_identification:_identify(DyCalibResult/313522071822/DC7) by extensions ['ignore', 'ignore_ament_install']
[0.718s] Level 1:colcon.colcon_core.package_identification:_identify(DyCalibResult/313522071822/DC7) by extension 'ignore'
[0.718s] Level 1:colcon.colcon_core.package_identification:_identify(DyCalibResult/313522071822/DC7) by extension 'ignore_ament_install'
[0.718s] Level 1:colcon.colcon_core.package_identification:_identify(DyCalibResult/313522071822/DC7) by extensions ['colcon_pkg']
[0.718s] Level 1:colcon.colcon_core.package_identification:_identify(DyCalibResult/313522071822/DC7) by extension 'colcon_pkg'
[0.718s] Level 1:colcon.colcon_core.package_identification:_identify(DyCalibResult/313522071822/DC7) by extensions ['colcon_meta']
[0.718s] Level 1:colcon.colcon_core.package_identification:_identify(DyCalibResult/313522071822/DC7) by extension 'colcon_meta'
[0.718s] Level 1:colcon.colcon_core.package_identification:_identify(DyCalibResult/313522071822/DC7) by extensions ['ros']
[0.718s] Level 1:colcon.colcon_core.package_identification:_identify(DyCalibResult/313522071822/DC7) by extension 'ros'
[0.719s] Level 1:colcon.colcon_core.package_identification:_identify(DyCalibResult/313522071822/DC7) by extensions ['cmake', 'python']
[0.719s] Level 1:colcon.colcon_core.package_identification:_identify(DyCalibResult/313522071822/DC7) by extension 'cmake'
[0.719s] Level 1:colcon.colcon_core.package_identification:_identify(DyCalibResult/313522071822/DC7) by extension 'python'
[0.719s] Level 1:colcon.colcon_core.package_identification:_identify(DyCalibResult/313522071822/DC7) by extensions ['python_setup_py']
[0.719s] Level 1:colcon.colcon_core.package_identification:_identify(DyCalibResult/313522071822/DC7) by extension 'python_setup_py'
[0.719s] Level 1:colcon.colcon_core.package_identification:_identify(build) by extensions ['ignore', 'ignore_ament_install']
[0.719s] Level 1:colcon.colcon_core.package_identification:_identify(build) by extension 'ignore'
[0.719s] Level 1:colcon.colcon_core.package_identification:_identify(build) ignored
[0.719s] Level 1:colcon.colcon_core.package_identification:_identify(install) by extensions ['ignore', 'ignore_ament_install']
[0.720s] Level 1:colcon.colcon_core.package_identification:_identify(install) by extension 'ignore'
[0.720s] Level 1:colcon.colcon_core.package_identification:_identify(install) ignored
[0.720s] Level 1:colcon.colcon_core.package_identification:_identify(log) by extensions ['ignore', 'ignore_ament_install']
[0.720s] Level 1:colcon.colcon_core.package_identification:_identify(log) by extension 'ignore'
[0.720s] Level 1:colcon.colcon_core.package_identification:_identify(log) ignored
[0.720s] Level 1:colcon.colcon_core.package_identification:_identify(src) by extensions ['ignore', 'ignore_ament_install']
[0.720s] Level 1:colcon.colcon_core.package_identification:_identify(src) by extension 'ignore'
[0.721s] Level 1:colcon.colcon_core.package_identification:_identify(src) by extension 'ignore_ament_install'
[0.721s] Level 1:colcon.colcon_core.package_identification:_identify(src) by extensions ['colcon_pkg']
[0.721s] Level 1:colcon.colcon_core.package_identification:_identify(src) by extension 'colcon_pkg'
[0.721s] Level 1:colcon.colcon_core.package_identification:_identify(src) by extensions ['colcon_meta']
[0.721s] Level 1:colcon.colcon_core.package_identification:_identify(src) by extension 'colcon_meta'
[0.721s] Level 1:colcon.colcon_core.package_identification:_identify(src) by extensions ['ros']
[0.721s] Level 1:colcon.colcon_core.package_identification:_identify(src) by extension 'ros'
[0.721s] Level 1:colcon.colcon_core.package_identification:_identify(src) by extensions ['cmake', 'python']
[0.721s] Level 1:colcon.colcon_core.package_identification:_identify(src) by extension 'cmake'
[0.721s] Level 1:colcon.colcon_core.package_identification:_identify(src) by extension 'python'
[0.721s] Level 1:colcon.colcon_core.package_identification:_identify(src) by extensions ['python_setup_py']
[0.721s] Level 1:colcon.colcon_core.package_identification:_identify(src) by extension 'python_setup_py'
[0.722s] Level 1:colcon.colcon_core.package_identification:_identify(src/interface_rb10_apple) by extensions ['ignore', 'ignore_ament_install']
[0.722s] Level 1:colcon.colcon_core.package_identification:_identify(src/interface_rb10_apple) by extension 'ignore'
[0.722s] Level 1:colcon.colcon_core.package_identification:_identify(src/interface_rb10_apple) by extension 'ignore_ament_install'
[0.722s] Level 1:colcon.colcon_core.package_identification:_identify(src/interface_rb10_apple) by extensions ['colcon_pkg']
[0.722s] Level 1:colcon.colcon_core.package_identification:_identify(src/interface_rb10_apple) by extension 'colcon_pkg'
[0.722s] Level 1:colcon.colcon_core.package_identification:_identify(src/interface_rb10_apple) by extensions ['colcon_meta']
[0.722s] Level 1:colcon.colcon_core.package_identification:_identify(src/interface_rb10_apple) by extension 'colcon_meta'
[0.722s] Level 1:colcon.colcon_core.package_identification:_identify(src/interface_rb10_apple) by extensions ['ros']
[0.722s] Level 1:colcon.colcon_core.package_identification:_identify(src/interface_rb10_apple) by extension 'ros'
[0.727s] DEBUG:colcon.colcon_core.package_identification:Package 'src/interface_rb10_apple' with type 'ros.ament_cmake' and name 'interface_rb10_apple'
[0.727s] Level 1:colcon.colcon_core.package_identification:_identify(src/pkg_rb10_apple) by extensions ['ignore', 'ignore_ament_install']
[0.728s] Level 1:colcon.colcon_core.package_identification:_identify(src/pkg_rb10_apple) by extension 'ignore'
[0.728s] Level 1:colcon.colcon_core.package_identification:_identify(src/pkg_rb10_apple) by extension 'ignore_ament_install'
[0.728s] Level 1:colcon.colcon_core.package_identification:_identify(src/pkg_rb10_apple) by extensions ['colcon_pkg']
[0.728s] Level 1:colcon.colcon_core.package_identification:_identify(src/pkg_rb10_apple) by extension 'colcon_pkg'
[0.728s] Level 1:colcon.colcon_core.package_identification:_identify(src/pkg_rb10_apple) by extensions ['colcon_meta']
[0.728s] Level 1:colcon.colcon_core.package_identification:_identify(src/pkg_rb10_apple) by extension 'colcon_meta'
[0.728s] Level 1:colcon.colcon_core.package_identification:_identify(src/pkg_rb10_apple) by extensions ['ros']
[0.728s] Level 1:colcon.colcon_core.package_identification:_identify(src/pkg_rb10_apple) by extension 'ros'
[0.748s] DEBUG:colcon.colcon_core.package_identification:Package 'src/pkg_rb10_apple' with type 'ros.ament_python' and name 'pkg_rb10_apple'
[0.748s] Level 1:colcon.colcon_core.package_identification:_identify(src/ros2_aruco) by extensions ['ignore', 'ignore_ament_install']
[0.748s] Level 1:colcon.colcon_core.package_identification:_identify(src/ros2_aruco) by extension 'ignore'
[0.748s] Level 1:colcon.colcon_core.package_identification:_identify(src/ros2_aruco) by extension 'ignore_ament_install'
[0.749s] Level 1:colcon.colcon_core.package_identification:_identify(src/ros2_aruco) by extensions ['colcon_pkg']
[0.749s] Level 1:colcon.colcon_core.package_identification:_identify(src/ros2_aruco) by extension 'colcon_pkg'
[0.749s] Level 1:colcon.colcon_core.package_identification:_identify(src/ros2_aruco) by extensions ['colcon_meta']
[0.749s] Level 1:colcon.colcon_core.package_identification:_identify(src/ros2_aruco) by extension 'colcon_meta'
[0.749s] Level 1:colcon.colcon_core.package_identification:_identify(src/ros2_aruco) by extensions ['ros']
[0.749s] Level 1:colcon.colcon_core.package_identification:_identify(src/ros2_aruco) by extension 'ros'
[0.749s] Level 1:colcon.colcon_core.package_identification:_identify(src/ros2_aruco) by extensions ['cmake', 'python']
[0.749s] Level 1:colcon.colcon_core.package_identification:_identify(src/ros2_aruco) by extension 'cmake'
[0.749s] Level 1:colcon.colcon_core.package_identification:_identify(src/ros2_aruco) by extension 'python'
[0.750s] Level 1:colcon.colcon_core.package_identification:_identify(src/ros2_aruco) by extensions ['python_setup_py']
[0.750s] Level 1:colcon.colcon_core.package_identification:_identify(src/ros2_aruco) by extension 'python_setup_py'
[0.750s] Level 1:colcon.colcon_core.package_identification:_identify(src/ros2_aruco/ros2_aruco) by extensions ['ignore', 'ignore_ament_install']
[0.750s] Level 1:colcon.colcon_core.package_identification:_identify(src/ros2_aruco/ros2_aruco) by extension 'ignore'
[0.750s] Level 1:colcon.colcon_core.package_identification:_identify(src/ros2_aruco/ros2_aruco) by extension 'ignore_ament_install'
[0.750s] Level 1:colcon.colcon_core.package_identification:_identify(src/ros2_aruco/ros2_aruco) by extensions ['colcon_pkg']
[0.750s] Level 1:colcon.colcon_core.package_identification:_identify(src/ros2_aruco/ros2_aruco) by extension 'colcon_pkg'
[0.751s] Level 1:colcon.colcon_core.package_identification:_identify(src/ros2_aruco/ros2_aruco) by extensions ['colcon_meta']
[0.751s] Level 1:colcon.colcon_core.package_identification:_identify(src/ros2_aruco/ros2_aruco) by extension 'colcon_meta'
[0.751s] Level 1:colcon.colcon_core.package_identification:_identify(src/ros2_aruco/ros2_aruco) by extensions ['ros']
[0.751s] Level 1:colcon.colcon_core.package_identification:_identify(src/ros2_aruco/ros2_aruco) by extension 'ros'
[0.752s] DEBUG:colcon.colcon_core.package_identification:Package 'src/ros2_aruco/ros2_aruco' with type 'ros.ament_python' and name 'ros2_aruco'
[0.753s] Level 1:colcon.colcon_core.package_identification:_identify(src/ros2_aruco/ros2_aruco_interfaces) by extensions ['ignore', 'ignore_ament_install']
[0.753s] Level 1:colcon.colcon_core.package_identification:_identify(src/ros2_aruco/ros2_aruco_interfaces) by extension 'ignore'
[0.753s] Level 1:colcon.colcon_core.package_identification:_identify(src/ros2_aruco/ros2_aruco_interfaces) by extension 'ignore_ament_install'
[0.753s] Level 1:colcon.colcon_core.package_identification:_identify(src/ros2_aruco/ros2_aruco_interfaces) by extensions ['colcon_pkg']
[0.753s] Level 1:colcon.colcon_core.package_identification:_identify(src/ros2_aruco/ros2_aruco_interfaces) by extension 'colcon_pkg'
[0.753s] Level 1:colcon.colcon_core.package_identification:_identify(src/ros2_aruco/ros2_aruco_interfaces) by extensions ['colcon_meta']
[0.753s] Level 1:colcon.colcon_core.package_identification:_identify(src/ros2_aruco/ros2_aruco_interfaces) by extension 'colcon_meta'
[0.753s] Level 1:colcon.colcon_core.package_identification:_identify(src/ros2_aruco/ros2_aruco_interfaces) by extensions ['ros']
[0.753s] Level 1:colcon.colcon_core.package_identification:_identify(src/ros2_aruco/ros2_aruco_interfaces) by extension 'ros'
[0.755s] DEBUG:colcon.colcon_core.package_identification:Package 'src/ros2_aruco/ros2_aruco_interfaces' with type 'ros.ament_cmake' and name 'ros2_aruco_interfaces'
[0.755s] Level 1:colcon.colcon_core.package_discovery:discover_packages(recursive) using defaults
[0.755s] Level 1:colcon.colcon_core.package_discovery:discover_packages(ignore) discover
[0.755s] Level 1:colcon.colcon_core.package_discovery:discover_packages(ignore) using defaults
[0.755s] Level 1:colcon.colcon_core.package_discovery:discover_packages(path) discover
[0.755s] Level 1:colcon.colcon_core.package_discovery:discover_packages(path) using defaults
[0.803s] INFO:colcon.colcon_core.package_selection:Skipping not selected package 'interface_rb10_apple' in 'src/interface_rb10_apple'
[0.803s] INFO:colcon.colcon_core.package_selection:Skipping not selected package 'ros2_aruco_interfaces' in 'src/ros2_aruco/ros2_aruco_interfaces'
[0.803s] INFO:colcon.colcon_core.package_selection:Skipping not selected package 'pkg_rb10_apple' in 'src/pkg_rb10_apple'
[0.804s] Level 1:colcon.colcon_core.package_discovery:discover_packages(prefix_path) check parameters
[0.804s] Level 1:colcon.colcon_core.package_discovery:discover_packages(prefix_path) discover
[0.809s] DEBUG:colcon.colcon_installed_package_information.package_discovery:Found 9 installed packages in /home/orientpine/Documents/hr35/install
[0.811s] DEBUG:colcon.colcon_installed_package_information.package_discovery:Found 4 installed packages in /home/orientpine/robot_ws/install
[0.815s] DEBUG:colcon.colcon_installed_package_information.package_discovery:Found 294 installed packages in /opt/ros/humble
[0.819s] Level 1:colcon.colcon_core.package_discovery:discover_packages(prefix_path) using defaults
[0.924s] Level 5:colcon.colcon_core.verb:set package 'ros2_aruco' build argument 'cmake_args' from command line to 'None'
[0.925s] Level 5:colcon.colcon_core.verb:set package 'ros2_aruco' build argument 'cmake_target' from command line to 'None'
[0.925s] Level 5:colcon.colcon_core.verb:set package 'ros2_aruco' build argument 'cmake_target_skip_unavailable' from command line to 'False'
[0.925s] Level 5:colcon.colcon_core.verb:set package 'ros2_aruco' build argument 'cmake_clean_cache' from command line to 'False'
[0.925s] Level 5:colcon.colcon_core.verb:set package 'ros2_aruco' build argument 'cmake_clean_first' from command line to 'False'
[0.925s] Level 5:colcon.colcon_core.verb:set package 'ros2_aruco' build argument 'cmake_force_configure' from command line to 'False'
[0.925s] Level 5:colcon.colcon_core.verb:set package 'ros2_aruco' build argument 'ament_cmake_args' from command line to 'None'
[0.925s] Level 5:colcon.colcon_core.verb:set package 'ros2_aruco' build argument 'catkin_cmake_args' from command line to 'None'
[0.925s] Level 5:colcon.colcon_core.verb:set package 'ros2_aruco' build argument 'catkin_skip_building_tests' from command line to 'False'
[0.925s] DEBUG:colcon.colcon_core.verb:Building package 'ros2_aruco' with the following arguments: {'ament_cmake_args': None, 'build_base': '/home/orientpine/robot_ws/build/ros2_aruco', 'catkin_cmake_args': None, 'catkin_skip_building_tests': False, 'cmake_args': None, 'cmake_clean_cache': False, 'cmake_clean_first': False, 'cmake_force_configure': False, 'cmake_target': None, 'cmake_target_skip_unavailable': False, 'install_base': '/home/orientpine/robot_ws/install/ros2_aruco', 'merge_install': False, 'path': '/home/orientpine/robot_ws/src/ros2_aruco/ros2_aruco', 'symlink_install': True, 'test_result_base': None}
[0.926s] INFO:colcon.colcon_core.executor:Executing jobs using 'parallel' executor
[0.927s] DEBUG:colcon.colcon_parallel_executor.executor.parallel:run_until_complete
[0.928s] INFO:colcon.colcon_ros.task.ament_python.build:Building ROS package in '/home/orientpine/robot_ws/src/ros2_aruco/ros2_aruco' with build type 'ament_python'
[0.928s] Level 1:colcon.colcon_core.shell:create_environment_hook('ros2_aruco', 'ament_prefix_path')
[0.932s] INFO:colcon.colcon_core.plugin_system:Skipping extension 'colcon_core.shell.bat': Not used on non-Windows systems
[0.933s] INFO:colcon.colcon_core.shell:Creating environment hook '/home/orientpine/robot_ws/install/ros2_aruco/share/ros2_aruco/hook/ament_prefix_path.ps1'
[0.934s] INFO:colcon.colcon_core.shell:Creating environment descriptor '/home/orientpine/robot_ws/install/ros2_aruco/share/ros2_aruco/hook/ament_prefix_path.dsv'
[0.935s] INFO:colcon.colcon_core.shell:Creating environment hook '/home/orientpine/robot_ws/install/ros2_aruco/share/ros2_aruco/hook/ament_prefix_path.sh'
[0.937s] INFO:colcon.colcon_core.shell:Skip shell extension 'powershell' for command environment: Not usable outside of PowerShell
[0.937s] DEBUG:colcon.colcon_core.shell:Skip shell extension 'dsv' for command environment
[1.614s] INFO:colcon.colcon_core.task.python.build:Building Python package in '/home/orientpine/robot_ws/src/ros2_aruco/ros2_aruco'
[1.614s] INFO:colcon.colcon_core.shell:Skip shell extension 'powershell' for command environment: Not usable outside of PowerShell
[1.615s] DEBUG:colcon.colcon_core.shell:Skip shell extension 'dsv' for command environment
[2.492s] DEBUG:colcon.colcon_core.event_handler.log_command:Invoking command in '/home/orientpine/robot_ws/build/ros2_aruco': CONDA_PROMPT_MODIFIER=(rb) PYTHONPATH=/home/orientpine/robot_ws/build/ros2_aruco/prefix_override:/usr/lib/python3/dist-packages/colcon_core/task/python/colcon_distutils_commands:/home/orientpine/robot_ws/install/ros2_aruco/lib/python3.10/site-packages:${PYTHONPATH} /usr/bin/python3 -W ignore:setup.py install is deprecated -W ignore:easy_install command is deprecated setup.py develop --editable --build-directory /home/orientpine/robot_ws/build/ros2_aruco/build --no-deps symlink_data
[3.727s] Level 1:colcon.colcon_core.shell:create_environment_hook('ros2_aruco', 'pythonpath_develop')
[3.728s] INFO:colcon.colcon_core.shell:Creating environment hook '/home/orientpine/robot_ws/build/ros2_aruco/share/ros2_aruco/hook/pythonpath_develop.ps1'
[3.728s] DEBUG:colcon.colcon_core.event_handler.log_command:Invoked command in '/home/orientpine/robot_ws/build/ros2_aruco' returned '0': CONDA_PROMPT_MODIFIER=(rb) PYTHONPATH=/home/orientpine/robot_ws/build/ros2_aruco/prefix_override:/usr/lib/python3/dist-packages/colcon_core/task/python/colcon_distutils_commands:/home/orientpine/robot_ws/install/ros2_aruco/lib/python3.10/site-packages:${PYTHONPATH} /usr/bin/python3 -W ignore:setup.py install is deprecated -W ignore:easy_install command is deprecated setup.py develop --editable --build-directory /home/orientpine/robot_ws/build/ros2_aruco/build --no-deps symlink_data
[3.729s] INFO:colcon.colcon_core.shell:Creating environment descriptor '/home/orientpine/robot_ws/build/ros2_aruco/share/ros2_aruco/hook/pythonpath_develop.dsv'
[3.729s] INFO:colcon.colcon_core.shell:Creating environment hook '/home/orientpine/robot_ws/build/ros2_aruco/share/ros2_aruco/hook/pythonpath_develop.sh'
[3.736s] Level 1:colcon.colcon_core.environment:checking '/home/orientpine/robot_ws/install/ros2_aruco' for CMake module files
[3.737s] Level 1:colcon.colcon_core.environment:checking '/home/orientpine/robot_ws/install/ros2_aruco' for CMake config files
[3.738s] Level 1:colcon.colcon_core.environment:checking '/home/orientpine/robot_ws/install/ros2_aruco/lib'
[3.738s] Level 1:colcon.colcon_core.environment:checking '/home/orientpine/robot_ws/install/ros2_aruco/bin'
[3.739s] Level 1:colcon.colcon_core.environment:checking '/home/orientpine/robot_ws/install/ros2_aruco/lib/pkgconfig/ros2_aruco.pc'
[3.739s] Level 1:colcon.colcon_core.environment:checking '/home/orientpine/robot_ws/install/ros2_aruco/lib/python3.10/site-packages'
[3.739s] Level 1:colcon.colcon_core.shell:create_environment_hook('ros2_aruco', 'pythonpath')
[3.740s] INFO:colcon.colcon_core.shell:Creating environment hook '/home/orientpine/robot_ws/install/ros2_aruco/share/ros2_aruco/hook/pythonpath.ps1'
[3.741s] INFO:colcon.colcon_core.shell:Creating environment descriptor '/home/orientpine/robot_ws/install/ros2_aruco/share/ros2_aruco/hook/pythonpath.dsv'
[3.741s] INFO:colcon.colcon_core.shell:Creating environment hook '/home/orientpine/robot_ws/install/ros2_aruco/share/ros2_aruco/hook/pythonpath.sh'
[3.743s] Level 1:colcon.colcon_core.environment:checking '/home/orientpine/robot_ws/install/ros2_aruco/bin'
[3.743s] Level 1:colcon.colcon_core.environment:create_environment_scripts_only(ros2_aruco)
[3.744s] INFO:colcon.colcon_core.shell:Creating package script '/home/orientpine/robot_ws/install/ros2_aruco/share/ros2_aruco/package.ps1'
[3.745s] INFO:colcon.colcon_core.shell:Creating package descriptor '/home/orientpine/robot_ws/install/ros2_aruco/share/ros2_aruco/package.dsv'
[3.747s] INFO:colcon.colcon_core.shell:Creating package script '/home/orientpine/robot_ws/install/ros2_aruco/share/ros2_aruco/package.sh'
[3.749s] INFO:colcon.colcon_core.shell:Creating package script '/home/orientpine/robot_ws/install/ros2_aruco/share/ros2_aruco/package.bash'
[3.750s] INFO:colcon.colcon_core.shell:Creating package script '/home/orientpine/robot_ws/install/ros2_aruco/share/ros2_aruco/package.zsh'
[3.752s] Level 1:colcon.colcon_core.environment:create_file_with_runtime_dependencies(/home/orientpine/robot_ws/install/ros2_aruco/share/colcon-core/packages/ros2_aruco)
[3.753s] DEBUG:colcon.colcon_parallel_executor.executor.parallel:closing loop
[3.753s] DEBUG:colcon.colcon_parallel_executor.executor.parallel:loop closed
[3.753s] DEBUG:colcon.colcon_parallel_executor.executor.parallel:run_until_complete finished with '0'
[3.753s] DEBUG:colcon.colcon_core.event_reactor:joining thread
[3.764s] INFO:colcon.colcon_core.plugin_system:Skipping extension 'colcon_notification.desktop_notification.terminal_notifier': Not used on non-Darwin systems
[3.764s] INFO:colcon.colcon_core.plugin_system:Skipping extension 'colcon_notification.desktop_notification.win32': Not used on non-Windows systems
[3.764s] INFO:colcon.colcon_notification.desktop_notification:Sending desktop notification using 'notify2'
[3.789s] DEBUG:colcon.colcon_core.event_reactor:joined thread
[3.789s] INFO:colcon.colcon_core.shell:Creating prefix script '/home/orientpine/robot_ws/install/local_setup.ps1'
[3.792s] INFO:colcon.colcon_core.shell:Creating prefix util module '/home/orientpine/robot_ws/install/_local_setup_util_ps1.py'
[3.796s] INFO:colcon.colcon_core.shell:Creating prefix chain script '/home/orientpine/robot_ws/install/setup.ps1'
[3.799s] INFO:colcon.colcon_core.shell:Creating prefix script '/home/orientpine/robot_ws/install/local_setup.sh'
[3.800s] INFO:colcon.colcon_core.shell:Creating prefix util module '/home/orientpine/robot_ws/install/_local_setup_util_sh.py'
[3.802s] INFO:colcon.colcon_core.shell:Creating prefix chain script '/home/orientpine/robot_ws/install/setup.sh'
[3.806s] INFO:colcon.colcon_core.shell:Creating prefix script '/home/orientpine/robot_ws/install/local_setup.bash'
[3.807s] INFO:colcon.colcon_core.shell:Creating prefix chain script '/home/orientpine/robot_ws/install/setup.bash'
[3.810s] INFO:colcon.colcon_core.shell:Creating prefix script '/home/orientpine/robot_ws/install/local_setup.zsh'
[3.812s] INFO:colcon.colcon_core.shell:Creating prefix chain script '/home/orientpine/robot_ws/install/setup.zsh'
