running develop
Removing /home/orientpine/robot_ws/install/pkg_rb10_apple/lib/python3.10/site-packages/pkg-rb10-apple.egg-link (link to .)
running egg_info
writing ../../build/pkg_rb10_apple/pkg_rb10_apple.egg-info/PKG-INFO
writing dependency_links to ../../build/pkg_rb10_apple/pkg_rb10_apple.egg-info/dependency_links.txt
writing entry points to ../../build/pkg_rb10_apple/pkg_rb10_apple.egg-info/entry_points.txt
writing requirements to ../../build/pkg_rb10_apple/pkg_rb10_apple.egg-info/requires.txt
writing top-level names to ../../build/pkg_rb10_apple/pkg_rb10_apple.egg-info/top_level.txt
reading manifest file '../../build/pkg_rb10_apple/pkg_rb10_apple.egg-info/SOURCES.txt'
writing manifest file '../../build/pkg_rb10_apple/pkg_rb10_apple.egg-info/SOURCES.txt'
running build
running build_py
creating /home/orientpine/robot_ws/build/pkg_rb10_apple/build
creating /home/orientpine/robot_ws/build/pkg_rb10_apple/build/lib
creating /home/orientpine/robot_ws/build/pkg_rb10_apple/build/lib/pkg_rb10_apple
copying pkg_rb10_apple/__init__.py -> /home/orientpine/robot_ws/build/pkg_rb10_apple/build/lib/pkg_rb10_apple
creating /home/orientpine/robot_ws/build/pkg_rb10_apple/build/lib/pkg_rb10_apple/robot_control
copying pkg_rb10_apple/robot_control/robot_mode_control_server.py -> /home/orientpine/robot_ws/build/pkg_rb10_apple/build/lib/pkg_rb10_apple/robot_control
copying pkg_rb10_apple/robot_control/__init__.py -> /home/orientpine/robot_ws/build/pkg_rb10_apple/build/lib/pkg_rb10_apple/robot_control
copying pkg_rb10_apple/robot_control/robot_info_publisher.py -> /home/orientpine/robot_ws/build/pkg_rb10_apple/build/lib/pkg_rb10_apple/robot_control
copying pkg_rb10_apple/robot_control/robot_tcp_control_server.py -> /home/orientpine/robot_ws/build/pkg_rb10_apple/build/lib/pkg_rb10_apple/robot_control
copying pkg_rb10_apple/robot_control/robot_mode_control_client.py -> /home/orientpine/robot_ws/build/pkg_rb10_apple/build/lib/pkg_rb10_apple/robot_control
copying pkg_rb10_apple/robot_control/cobot.py -> /home/orientpine/robot_ws/build/pkg_rb10_apple/build/lib/pkg_rb10_apple/robot_control
copying pkg_rb10_apple/robot_control/robot_connect_control_server.py -> /home/orientpine/robot_ws/build/pkg_rb10_apple/build/lib/pkg_rb10_apple/robot_control
copying pkg_rb10_apple/robot_control/robot_joint_control_server.py -> /home/orientpine/robot_ws/build/pkg_rb10_apple/build/lib/pkg_rb10_apple/robot_control
copying pkg_rb10_apple/robot_control/robot_tracking_aruco_server.py -> /home/orientpine/robot_ws/build/pkg_rb10_apple/build/lib/pkg_rb10_apple/robot_control
running install
running install_lib
creating /home/orientpine/robot_ws/install/pkg_rb10_apple/lib/python3.10/site-packages/pkg_rb10_apple
copying /home/orientpine/robot_ws/build/pkg_rb10_apple/build/lib/pkg_rb10_apple/__init__.py -> /home/orientpine/robot_ws/install/pkg_rb10_apple/lib/python3.10/site-packages/pkg_rb10_apple
creating /home/orientpine/robot_ws/install/pkg_rb10_apple/lib/python3.10/site-packages/pkg_rb10_apple/robot_control
copying /home/orientpine/robot_ws/build/pkg_rb10_apple/build/lib/pkg_rb10_apple/robot_control/robot_mode_control_server.py -> /home/orientpine/robot_ws/install/pkg_rb10_apple/lib/python3.10/site-packages/pkg_rb10_apple/robot_control
copying /home/orientpine/robot_ws/build/pkg_rb10_apple/build/lib/pkg_rb10_apple/robot_control/__init__.py -> /home/orientpine/robot_ws/install/pkg_rb10_apple/lib/python3.10/site-packages/pkg_rb10_apple/robot_control
copying /home/orientpine/robot_ws/build/pkg_rb10_apple/build/lib/pkg_rb10_apple/robot_control/robot_info_publisher.py -> /home/orientpine/robot_ws/install/pkg_rb10_apple/lib/python3.10/site-packages/pkg_rb10_apple/robot_control
copying /home/orientpine/robot_ws/build/pkg_rb10_apple/build/lib/pkg_rb10_apple/robot_control/robot_tcp_control_server.py -> /home/orientpine/robot_ws/install/pkg_rb10_apple/lib/python3.10/site-packages/pkg_rb10_apple/robot_control
copying /home/orientpine/robot_ws/build/pkg_rb10_apple/build/lib/pkg_rb10_apple/robot_control/robot_mode_control_client.py -> /home/orientpine/robot_ws/install/pkg_rb10_apple/lib/python3.10/site-packages/pkg_rb10_apple/robot_control
copying /home/orientpine/robot_ws/build/pkg_rb10_apple/build/lib/pkg_rb10_apple/robot_control/cobot.py -> /home/orientpine/robot_ws/install/pkg_rb10_apple/lib/python3.10/site-packages/pkg_rb10_apple/robot_control
copying /home/orientpine/robot_ws/build/pkg_rb10_apple/build/lib/pkg_rb10_apple/robot_control/robot_connect_control_server.py -> /home/orientpine/robot_ws/install/pkg_rb10_apple/lib/python3.10/site-packages/pkg_rb10_apple/robot_control
copying /home/orientpine/robot_ws/build/pkg_rb10_apple/build/lib/pkg_rb10_apple/robot_control/robot_joint_control_server.py -> /home/orientpine/robot_ws/install/pkg_rb10_apple/lib/python3.10/site-packages/pkg_rb10_apple/robot_control
copying /home/orientpine/robot_ws/build/pkg_rb10_apple/build/lib/pkg_rb10_apple/robot_control/robot_tracking_aruco_server.py -> /home/orientpine/robot_ws/install/pkg_rb10_apple/lib/python3.10/site-packages/pkg_rb10_apple/robot_control
byte-compiling /home/orientpine/robot_ws/install/pkg_rb10_apple/lib/python3.10/site-packages/pkg_rb10_apple/__init__.py to __init__.cpython-310.pyc
byte-compiling /home/orientpine/robot_ws/install/pkg_rb10_apple/lib/python3.10/site-packages/pkg_rb10_apple/robot_control/robot_mode_control_server.py to robot_mode_control_server.cpython-310.pyc
byte-compiling /home/orientpine/robot_ws/install/pkg_rb10_apple/lib/python3.10/site-packages/pkg_rb10_apple/robot_control/__init__.py to __init__.cpython-310.pyc
byte-compiling /home/orientpine/robot_ws/install/pkg_rb10_apple/lib/python3.10/site-packages/pkg_rb10_apple/robot_control/robot_info_publisher.py to robot_info_publisher.cpython-310.pyc
byte-compiling /home/orientpine/robot_ws/install/pkg_rb10_apple/lib/python3.10/site-packages/pkg_rb10_apple/robot_control/robot_tcp_control_server.py to robot_tcp_control_server.cpython-310.pyc
byte-compiling /home/orientpine/robot_ws/install/pkg_rb10_apple/lib/python3.10/site-packages/pkg_rb10_apple/robot_control/robot_mode_control_client.py to robot_mode_control_client.cpython-310.pyc
byte-compiling /home/orientpine/robot_ws/install/pkg_rb10_apple/lib/python3.10/site-packages/pkg_rb10_apple/robot_control/cobot.py to cobot.cpython-310.pyc
byte-compiling /home/orientpine/robot_ws/install/pkg_rb10_apple/lib/python3.10/site-packages/pkg_rb10_apple/robot_control/robot_connect_control_server.py to robot_connect_control_server.cpython-310.pyc
byte-compiling /home/orientpine/robot_ws/install/pkg_rb10_apple/lib/python3.10/site-packages/pkg_rb10_apple/robot_control/robot_joint_control_server.py to robot_joint_control_server.cpython-310.pyc
byte-compiling /home/orientpine/robot_ws/install/pkg_rb10_apple/lib/python3.10/site-packages/pkg_rb10_apple/robot_control/robot_tracking_aruco_server.py to robot_tracking_aruco_server.cpython-310.pyc
running install_data
copying resource/pkg_rb10_apple -> /home/orientpine/robot_ws/install/pkg_rb10_apple/share/ament_index/resource_index/packages
copying package.xml -> /home/orientpine/robot_ws/install/pkg_rb10_apple/share/pkg_rb10_apple
copying launch/rb10_roas.launch.py -> /home/orientpine/robot_ws/install/pkg_rb10_apple/share/pkg_rb10_apple/launch
running install_egg_info
Copying ../../build/pkg_rb10_apple/pkg_rb10_apple.egg-info to /home/orientpine/robot_ws/install/pkg_rb10_apple/lib/python3.10/site-packages/pkg_rb10_apple-0.0.0-py3.10.egg-info
running install_scripts
Installing robot_connect_control_server script to /home/orientpine/robot_ws/install/pkg_rb10_apple/lib/pkg_rb10_apple
Installing robot_info_publisher script to /home/orientpine/robot_ws/install/pkg_rb10_apple/lib/pkg_rb10_apple
Installing robot_joint_control_server script to /home/orientpine/robot_ws/install/pkg_rb10_apple/lib/pkg_rb10_apple
Installing robot_mode_control_client script to /home/orientpine/robot_ws/install/pkg_rb10_apple/lib/pkg_rb10_apple
Installing robot_mode_control_server script to /home/orientpine/robot_ws/install/pkg_rb10_apple/lib/pkg_rb10_apple
Installing robot_tcp_control_server script to /home/orientpine/robot_ws/install/pkg_rb10_apple/lib/pkg_rb10_apple
Installing robot_tracking_aruco_server script to /home/orientpine/robot_ws/install/pkg_rb10_apple/lib/pkg_rb10_apple
writing list of installed files to '/home/orientpine/robot_ws/build/pkg_rb10_apple/install.log'
