[1.371s] Invoking command in '/home/orientpine/robot_ws/build/pkg_rb10_apple': CONDA_PROMPT_MODIFIER=(rb) PYTHONPATH=/home/orientpine/robot_ws/build/pkg_rb10_apple/prefix_override:/home/orientpine/robot_ws/install/pkg_rb10_apple/lib/python3.10/site-packages:/home/orientpine/robot_ws/install/interface_rb10_apple/lib/python3.10/site-packages:/home/orientpine/robot_ws/build/pkg_rb10_apple:/home/orientpine/robot_ws/install/pkg_rb10_apple/lib/python3.10/site-packages:/opt/ros/humble/lib/python3.10/site-packages:/opt/ros/humble/local/lib/python3.10/dist-packages /usr/bin/python3 setup.py develop --editable --build-directory /home/orientpine/robot_ws/build/pkg_rb10_apple/build --no-deps install_data
[1.842s] running develop
[2.153s] running egg_info
[2.153s] creating pkg_rb10_apple.egg-info
[2.153s] writing pkg_rb10_apple.egg-info/PKG-INFO
[2.154s] writing dependency_links to pkg_rb10_apple.egg-info/dependency_links.txt
[2.154s] writing entry points to pkg_rb10_apple.egg-info/entry_points.txt
[2.154s] writing requirements to pkg_rb10_apple.egg-info/requires.txt
[2.154s] writing top-level names to pkg_rb10_apple.egg-info/top_level.txt
[2.154s] writing manifest file 'pkg_rb10_apple.egg-info/SOURCES.txt'
[2.157s] reading manifest file 'pkg_rb10_apple.egg-info/SOURCES.txt'
[2.158s] writing manifest file 'pkg_rb10_apple.egg-info/SOURCES.txt'
[2.160s] running build_ext
[2.160s] Creating /home/orientpine/robot_ws/install/pkg_rb10_apple/lib/python3.10/site-packages/pkg-rb10-apple.egg-link (link to .)
[2.161s] Installing robot_connect_control_server script to /home/orientpine/robot_ws/install/pkg_rb10_apple/lib/pkg_rb10_apple
[2.162s] Installing robot_info_publisher script to /home/orientpine/robot_ws/install/pkg_rb10_apple/lib/pkg_rb10_apple
[2.162s] Installing robot_joint_control_server script to /home/orientpine/robot_ws/install/pkg_rb10_apple/lib/pkg_rb10_apple
[2.162s] Installing robot_mode_control_client script to /home/orientpine/robot_ws/install/pkg_rb10_apple/lib/pkg_rb10_apple
[2.162s] Installing robot_mode_control_server script to /home/orientpine/robot_ws/install/pkg_rb10_apple/lib/pkg_rb10_apple
[2.163s] Installing robot_tcp_control_server script to /home/orientpine/robot_ws/install/pkg_rb10_apple/lib/pkg_rb10_apple
[2.163s] Installing robot_tracking_aruco_server script to /home/orientpine/robot_ws/install/pkg_rb10_apple/lib/pkg_rb10_apple
[2.163s] 
[2.163s] Installed /home/orientpine/robot_ws/build/pkg_rb10_apple
[2.163s] running install_data
[2.163s] creating /home/orientpine/robot_ws/install/pkg_rb10_apple/share/ament_index
[2.163s] creating /home/orientpine/robot_ws/install/pkg_rb10_apple/share/ament_index/resource_index
[2.163s] creating /home/orientpine/robot_ws/install/pkg_rb10_apple/share/ament_index/resource_index/packages
[2.164s] copying resource/pkg_rb10_apple -> /home/orientpine/robot_ws/install/pkg_rb10_apple/share/ament_index/resource_index/packages
[2.164s] copying package.xml -> /home/orientpine/robot_ws/install/pkg_rb10_apple/share/pkg_rb10_apple
[2.164s] creating /home/orientpine/robot_ws/install/pkg_rb10_apple/share/pkg_rb10_apple/launch
[2.164s] copying launch/rb10_roas.launch.py -> /home/orientpine/robot_ws/install/pkg_rb10_apple/share/pkg_rb10_apple/launch
[2.210s] Invoked command in '/home/orientpine/robot_ws/build/pkg_rb10_apple' returned '0': CONDA_PROMPT_MODIFIER=(rb) PYTHONPATH=/home/orientpine/robot_ws/build/pkg_rb10_apple/prefix_override:/home/orientpine/robot_ws/install/pkg_rb10_apple/lib/python3.10/site-packages:/home/orientpine/robot_ws/install/interface_rb10_apple/lib/python3.10/site-packages:/home/orientpine/robot_ws/build/pkg_rb10_apple:/home/orientpine/robot_ws/install/pkg_rb10_apple/lib/python3.10/site-packages:/opt/ros/humble/lib/python3.10/site-packages:/opt/ros/humble/local/lib/python3.10/dist-packages /usr/bin/python3 setup.py develop --editable --build-directory /home/orientpine/robot_ws/build/pkg_rb10_apple/build --no-deps install_data
